Started GET "/1" for ::1 at 2021-04-15 12:42:29 -0700
  [1m[35m (1.0ms)[0m  [1m[34mSELECT "schema_migrations"."version" FROM "schema_migrations" ORDER BY "schema_migrations"."version" ASC[0m
  ↳ /Users/Eyal/.rbenv/versions/2.5.1/lib/ruby/gems/2.5.0/gems/activerecord-5.2.4.2/lib/active_record/log_subscriber.rb:98
Processing by StaticPagesController#root as HTML
  Parameters: {"friendId"=>"1"}
  Rendering static_pages/root.html.erb within layouts/application
  Rendered static_pages/root.html.erb within layouts/application (0.9ms)
  [1m[36mUser Load (6.8ms)[0m  [1m[34mSELECT  "users".* FROM "users" WHERE "users"."session_token" = $1 LIMIT $2[0m  [["session_token", "aEBuvtiMSH5RIzRQCB7nsg"], ["LIMIT", 1]]
  ↳ app/controllers/application_controller.rb:11
  Rendered api/users/_user.json.jbuilder (1.2ms)
Completed 200 OK in 1350ms (Views: 1330.6ms | ActiveRecord: 19.0ms)


Started GET "/api/rooms" for ::1 at 2021-04-15 12:42:31 -0700
Processing by Api::RoomsController#index as JSON
Started GET "/api/roommemberships" for ::1 at 2021-04-15 12:42:31 -0700
Started GET "/api/friendships" for ::1 at 2021-04-15 12:42:31 -0700
Started GET "/api/users" for ::1 at 2021-04-15 12:42:31 -0700
  Rendering api/rooms/index.json.jbuilder
Started GET "/api/friendrequests" for ::1 at 2021-04-15 12:42:31 -0700
  [1m[36mRooms Load (10.9ms)[0m  [1m[34mSELECT "rooms".* FROM "rooms"[0m
  ↳ app/views/api/rooms/index.json.jbuilder:1
  Rendered api/rooms/index.json.jbuilder (34.1ms)
Completed 200 OK in 74ms (Views: 30.6ms | ActiveRecord: 21.7ms)


Processing by Api::RoommembershipsController#index as JSON
  Rendering api/roommemberships/index.json.jbuilder
  [1m[36mRoomMembership Load (3.3ms)[0m  [1m[34mSELECT "room_memberships".* FROM "room_memberships"[0m
  ↳ app/views/api/roommemberships/index.json.jbuilder:1
Processing by Api::FriendshipsController#index as JSON
Processing by Api::UsersController#index as JSON
  Rendering api/friendships/index.json.jbuilder
  Rendering api/users/index.json.jbuilder
  [1m[36mFriendship Load (10.5ms)[0m  [1m[34mSELECT "friendships".* FROM "friendships"[0m
  ↳ app/views/api/friendships/index.json.jbuilder:1
  [1m[36mUser Load (2.4ms)[0m  [1m[34mSELECT "users".* FROM "users"[0m
  ↳ app/views/api/users/index.json.jbuilder:1
  Rendered api/friendships/index.json.jbuilder (49.6ms)
Completed 200 OK in 71ms (Views: 25.1ms | ActiveRecord: 41.8ms)


Processing by Api::FriendrequestsController#index as JSON
  Rendering api/friendrequests/index.json.jbuilder
  Rendered api/roommemberships/index.json.jbuilder (134.5ms)
Completed 200 OK in 158ms (Views: 30.8ms | ActiveRecord: 119.9ms)


  [1m[36mFriendRequest Load (9.8ms)[0m  [1m[34mSELECT "friend_requests".* FROM "friend_requests"[0m
  ↳ app/views/api/friendrequests/index.json.jbuilder:1
  [1m[36mActiveStorage::Attachment Load (1.3ms)[0m  [1m[34mSELECT  "active_storage_attachments".* FROM "active_storage_attachments" WHERE "active_storage_attachments"."record_id" = $1 AND "active_storage_attachments"."record_type" = $2 AND "active_storage_attachments"."name" = $3 LIMIT $4[0m  [["record_id", 18], ["record_type", "User"], ["name", "profile_picture"], ["LIMIT", 1]]
  ↳ app/views/api/users/index.json.jbuilder:4
  Rendered api/friendrequests/index.json.jbuilder (112.6ms)
Completed 200 OK in 136ms (Views: 35.7ms | ActiveRecord: 95.3ms)


  [1m[36mActiveStorage::Blob Load (14.3ms)[0m  [1m[34mSELECT  "active_storage_blobs".* FROM "active_storage_blobs" WHERE "active_storage_blobs"."id" = $1 LIMIT $2[0m  [["id", 14], ["LIMIT", 1]]
  ↳ app/views/api/users/index.json.jbuilder:4
  [1m[36mActiveStorage::Attachment Load (14.3ms)[0m  [1m[34mSELECT  "active_storage_attachments".* FROM "active_storage_attachments" WHERE "active_storage_attachments"."record_id" = $1 AND "active_storage_attachments"."record_type" = $2 AND "active_storage_attachments"."name" = $3 LIMIT $4[0m  [["record_id", 1], ["record_type", "User"], ["name", "profile_picture"], ["LIMIT", 1]]
  ↳ app/views/api/users/index.json.jbuilder:4
  [1m[36mActiveStorage::Blob Load (1.1ms)[0m  [1m[34mSELECT  "active_storage_blobs".* FROM "active_storage_blobs" WHERE "active_storage_blobs"."id" = $1 LIMIT $2[0m  [["id", 1], ["LIMIT", 1]]
  ↳ app/views/api/users/index.json.jbuilder:4
  [1m[36mActiveStorage::Attachment Load (0.8ms)[0m  [1m[34mSELECT  "active_storage_attachments".* FROM "active_storage_attachments" WHERE "active_storage_attachments"."record_id" = $1 AND "active_storage_attachments"."record_type" = $2 AND "active_storage_attachments"."name" = $3 LIMIT $4[0m  [["record_id", 3], ["record_type", "User"], ["name", "profile_picture"], ["LIMIT", 1]]
  ↳ app/views/api/users/index.json.jbuilder:4
  [1m[36mActiveStorage::Attachment Load (0.4ms)[0m  [1m[34mSELECT  "active_storage_attachments".* FROM "active_storage_attachments" WHERE "active_storage_attachments"."record_id" = $1 AND "active_storage_attachments"."record_type" = $2 AND "active_storage_attachments"."name" = $3 LIMIT $4[0m  [["record_id", 4], ["record_type", "User"], ["name", "profile_picture"], ["LIMIT", 1]]
  ↳ app/views/api/users/index.json.jbuilder:4
  [1m[36mActiveStorage::Attachment Load (0.7ms)[0m  [1m[34mSELECT  "active_storage_attachments".* FROM "active_storage_attachments" WHERE "active_storage_attachments"."record_id" = $1 AND "active_storage_attachments"."record_type" = $2 AND "active_storage_attachments"."name" = $3 LIMIT $4[0m  [["record_id", 5], ["record_type", "User"], ["name", "profile_picture"], ["LIMIT", 1]]
  ↳ app/views/api/users/index.json.jbuilder:4
  [1m[36mActiveStorage::Attachment Load (0.6ms)[0m  [1m[34mSELECT  "active_storage_attachments".* FROM "active_storage_attachments" WHERE "active_storage_attachments"."record_id" = $1 AND "active_storage_attachments"."record_type" = $2 AND "active_storage_attachments"."name" = $3 LIMIT $4[0m  [["record_id", 20], ["record_type", "User"], ["name", "profile_picture"], ["LIMIT", 1]]
  ↳ app/views/api/users/index.json.jbuilder:4
  [1m[36mActiveStorage::Blob Load (0.6ms)[0m  [1m[34mSELECT  "active_storage_blobs".* FROM "active_storage_blobs" WHERE "active_storage_blobs"."id" = $1 LIMIT $2[0m  [["id", 17], ["LIMIT", 1]]
  ↳ app/views/api/users/index.json.jbuilder:4
  [1m[36mActiveStorage::Attachment Load (0.4ms)[0m  [1m[34mSELECT  "active_storage_attachments".* FROM "active_storage_attachments" WHERE "active_storage_attachments"."record_id" = $1 AND "active_storage_attachments"."record_type" = $2 AND "active_storage_attachments"."name" = $3 LIMIT $4[0m  [["record_id", 6], ["record_type", "User"], ["name", "profile_picture"], ["LIMIT", 1]]
  ↳ app/views/api/users/index.json.jbuilder:4
  [1m[36mActiveStorage::Attachment Load (0.3ms)[0m  [1m[34mSELECT  "active_storage_attachments".* FROM "active_storage_attachments" WHERE "active_storage_attachments"."record_id" = $1 AND "active_storage_attachments"."record_type" = $2 AND "active_storage_attachments"."name" = $3 LIMIT $4[0m  [["record_id", 7], ["record_type", "User"], ["name", "profile_picture"], ["LIMIT", 1]]
  ↳ app/views/api/users/index.json.jbuilder:4
  [1m[36mActiveStorage::Attachment Load (0.4ms)[0m  [1m[34mSELECT  "active_storage_attachments".* FROM "active_storage_attachments" WHERE "active_storage_attachments"."record_id" = $1 AND "active_storage_attachments"."record_type" = $2 AND "active_storage_attachments"."name" = $3 LIMIT $4[0m  [["record_id", 21], ["record_type", "User"], ["name", "profile_picture"], ["LIMIT", 1]]
  ↳ app/views/api/users/index.json.jbuilder:4
  [1m[36mActiveStorage::Blob Load (1.0ms)[0m  [1m[34mSELECT  "active_storage_blobs".* FROM "active_storage_blobs" WHERE "active_storage_blobs"."id" = $1 LIMIT $2[0m  [["id", 18], ["LIMIT", 1]]
  ↳ app/views/api/users/index.json.jbuilder:4
  [1m[36mActiveStorage::Attachment Load (0.4ms)[0m  [1m[34mSELECT  "active_storage_attachments".* FROM "active_storage_attachments" WHERE "active_storage_attachments"."record_id" = $1 AND "active_storage_attachments"."record_type" = $2 AND "active_storage_attachments"."name" = $3 LIMIT $4[0m  [["record_id", 22], ["record_type", "User"], ["name", "profile_picture"], ["LIMIT", 1]]
  ↳ app/views/api/users/index.json.jbuilder:4
  [1m[36mActiveStorage::Blob Load (0.5ms)[0m  [1m[34mSELECT  "active_storage_blobs".* FROM "active_storage_blobs" WHERE "active_storage_blobs"."id" = $1 LIMIT $2[0m  [["id", 19], ["LIMIT", 1]]
  ↳ app/views/api/users/index.json.jbuilder:4
  [1m[36mActiveStorage::Attachment Load (17.5ms)[0m  [1m[34mSELECT  "active_storage_attachments".* FROM "active_storage_attachments" WHERE "active_storage_attachments"."record_id" = $1 AND "active_storage_attachments"."record_type" = $2 AND "active_storage_attachments"."name" = $3 LIMIT $4[0m  [["record_id", 26], ["record_type", "User"], ["name", "profile_picture"], ["LIMIT", 1]]
  ↳ app/views/api/users/index.json.jbuilder:4
  [1m[36mActiveStorage::Blob Load (0.7ms)[0m  [1m[34mSELECT  "active_storage_blobs".* FROM "active_storage_blobs" WHERE "active_storage_blobs"."id" = $1 LIMIT $2[0m  [["id", 25], ["LIMIT", 1]]
  ↳ app/views/api/users/index.json.jbuilder:4
  [1m[36mActiveStorage::Attachment Load (0.4ms)[0m  [1m[34mSELECT  "active_storage_attachments".* FROM "active_storage_attachments" WHERE "active_storage_attachments"."record_id" = $1 AND "active_storage_attachments"."record_type" = $2 AND "active_storage_attachments"."name" = $3 LIMIT $4[0m  [["record_id", 25], ["record_type", "User"], ["name", "profile_picture"], ["LIMIT", 1]]
  ↳ app/views/api/users/index.json.jbuilder:4
  [1m[36mActiveStorage::Blob Load (0.4ms)[0m  [1m[34mSELECT  "active_storage_blobs".* FROM "active_storage_blobs" WHERE "active_storage_blobs"."id" = $1 LIMIT $2[0m  [["id", 23], ["LIMIT", 1]]
  ↳ app/views/api/users/index.json.jbuilder:4
  [1m[36mActiveStorage::Attachment Load (0.4ms)[0m  [1m[34mSELECT  "active_storage_attachments".* FROM "active_storage_attachments" WHERE "active_storage_attachments"."record_id" = $1 AND "active_storage_attachments"."record_type" = $2 AND "active_storage_attachments"."name" = $3 LIMIT $4[0m  [["record_id", 14], ["record_type", "User"], ["name", "profile_picture"], ["LIMIT", 1]]
  ↳ app/views/api/users/index.json.jbuilder:4
  [1m[36mActiveStorage::Blob Load (0.2ms)[0m  [1m[34mSELECT  "active_storage_blobs".* FROM "active_storage_blobs" WHERE "active_storage_blobs"."id" = $1 LIMIT $2[0m  [["id", 6], ["LIMIT", 1]]
  ↳ app/views/api/users/index.json.jbuilder:4
  [1m[36mActiveStorage::Attachment Load (0.4ms)[0m  [1m[34mSELECT  "active_storage_attachments".* FROM "active_storage_attachments" WHERE "active_storage_attachments"."record_id" = $1 AND "active_storage_attachments"."record_type" = $2 AND "active_storage_attachments"."name" = $3 LIMIT $4[0m  [["record_id", 15], ["record_type", "User"], ["name", "profile_picture"], ["LIMIT", 1]]
  ↳ app/views/api/users/index.json.jbuilder:4
  [1m[36mActiveStorage::Blob Load (0.3ms)[0m  [1m[34mSELECT  "active_storage_blobs".* FROM "active_storage_blobs" WHERE "active_storage_blobs"."id" = $1 LIMIT $2[0m  [["id", 7], ["LIMIT", 1]]
  ↳ app/views/api/users/index.json.jbuilder:4
  [1m[36mActiveStorage::Attachment Load (2.7ms)[0m  [1m[34mSELECT  "active_storage_attachments".* FROM "active_storage_attachments" WHERE "active_storage_attachments"."record_id" = $1 AND "active_storage_attachments"."record_type" = $2 AND "active_storage_attachments"."name" = $3 LIMIT $4[0m  [["record_id", 17], ["record_type", "User"], ["name", "profile_picture"], ["LIMIT", 1]]
  ↳ app/views/api/users/index.json.jbuilder:4
  [1m[36mActiveStorage::Blob Load (0.4ms)[0m  [1m[34mSELECT  "active_storage_blobs".* FROM "active_storage_blobs" WHERE "active_storage_blobs"."id" = $1 LIMIT $2[0m  [["id", 13], ["LIMIT", 1]]
  ↳ app/views/api/users/index.json.jbuilder:4
  [1m[36mActiveStorage::Attachment Load (0.4ms)[0m  [1m[34mSELECT  "active_storage_attachments".* FROM "active_storage_attachments" WHERE "active_storage_attachments"."record_id" = $1 AND "active_storage_attachments"."record_type" = $2 AND "active_storage_attachments"."name" = $3 LIMIT $4[0m  [["record_id", 16], ["record_type", "User"], ["name", "profile_picture"], ["LIMIT", 1]]
  ↳ app/views/api/users/index.json.jbuilder:4
  [1m[36mActiveStorage::Blob Load (0.3ms)[0m  [1m[34mSELECT  "active_storage_blobs".* FROM "active_storage_blobs" WHERE "active_storage_blobs"."id" = $1 LIMIT $2[0m  [["id", 8], ["LIMIT", 1]]
  ↳ app/views/api/users/index.json.jbuilder:4
  [1m[36mActiveStorage::Attachment Load (3.6ms)[0m  [1m[34mSELECT  "active_storage_attachments".* FROM "active_storage_attachments" WHERE "active_storage_attachments"."record_id" = $1 AND "active_storage_attachments"."record_type" = $2 AND "active_storage_attachments"."name" = $3 LIMIT $4[0m  [["record_id", 19], ["record_type", "User"], ["name", "profile_picture"], ["LIMIT", 1]]
  ↳ app/views/api/users/index.json.jbuilder:4
  [1m[36mActiveStorage::Blob Load (8.7ms)[0m  [1m[34mSELECT  "active_storage_blobs".* FROM "active_storage_blobs" WHERE "active_storage_blobs"."id" = $1 LIMIT $2[0m  [["id", 16], ["LIMIT", 1]]
  ↳ app/views/api/users/index.json.jbuilder:4
  [1m[36mActiveStorage::Attachment Load (0.4ms)[0m  [1m[34mSELECT  "active_storage_attachments".* FROM "active_storage_attachments" WHERE "active_storage_attachments"."record_id" = $1 AND "active_storage_attachments"."record_type" = $2 AND "active_storage_attachments"."name" = $3 LIMIT $4[0m  [["record_id", 24], ["record_type", "User"], ["name", "profile_picture"], ["LIMIT", 1]]
  ↳ app/views/api/users/index.json.jbuilder:4
  [1m[36mActiveStorage::Blob Load (0.5ms)[0m  [1m[34mSELECT  "active_storage_blobs".* FROM "active_storage_blobs" WHERE "active_storage_blobs"."id" = $1 LIMIT $2[0m  [["id", 21], ["LIMIT", 1]]
  ↳ app/views/api/users/index.json.jbuilder:4
  [1m[36mActiveStorage::Attachment Load (0.4ms)[0m  [1m[34mSELECT  "active_storage_attachments".* FROM "active_storage_attachments" WHERE "active_storage_attachments"."record_id" = $1 AND "active_storage_attachments"."record_type" = $2 AND "active_storage_attachments"."name" = $3 LIMIT $4[0m  [["record_id", 23], ["record_type", "User"], ["name", "profile_picture"], ["LIMIT", 1]]
  ↳ app/views/api/users/index.json.jbuilder:4
  [1m[36mActiveStorage::Blob Load (0.3ms)[0m  [1m[34mSELECT  "active_storage_blobs".* FROM "active_storage_blobs" WHERE "active_storage_blobs"."id" = $1 LIMIT $2[0m  [["id", 20], ["LIMIT", 1]]
  ↳ app/views/api/users/index.json.jbuilder:4
  [1m[36mActiveStorage::Attachment Load (0.5ms)[0m  [1m[34mSELECT  "active_storage_attachments".* FROM "active_storage_attachments" WHERE "active_storage_attachments"."record_id" = $1 AND "active_storage_attachments"."record_type" = $2 AND "active_storage_attachments"."name" = $3 LIMIT $4[0m  [["record_id", 9], ["record_type", "User"], ["name", "profile_picture"], ["LIMIT", 1]]
  ↳ app/views/api/users/index.json.jbuilder:4
  [1m[36mActiveStorage::Attachment Load (0.3ms)[0m  [1m[34mSELECT  "active_storage_attachments".* FROM "active_storage_attachments" WHERE "active_storage_attachments"."record_id" = $1 AND "active_storage_attachments"."record_type" = $2 AND "active_storage_attachments"."name" = $3 LIMIT $4[0m  [["record_id", 8], ["record_type", "User"], ["name", "profile_picture"], ["LIMIT", 1]]
  ↳ app/views/api/users/index.json.jbuilder:4
  [1m[36mActiveStorage::Blob Load (0.3ms)[0m  [1m[34mSELECT  "active_storage_blobs".* FROM "active_storage_blobs" WHERE "active_storage_blobs"."id" = $1 LIMIT $2[0m  [["id", 2], ["LIMIT", 1]]
  ↳ app/views/api/users/index.json.jbuilder:4
  [1m[36mActiveStorage::Attachment Load (0.6ms)[0m  [1m[34mSELECT  "active_storage_attachments".* FROM "active_storage_attachments" WHERE "active_storage_attachments"."record_id" = $1 AND "active_storage_attachments"."record_type" = $2 AND "active_storage_attachments"."name" = $3 LIMIT $4[0m  [["record_id", 2], ["record_type", "User"], ["name", "profile_picture"], ["LIMIT", 1]]
  ↳ app/views/api/users/index.json.jbuilder:4
  [1m[36mActiveStorage::Blob Load (0.3ms)[0m  [1m[34mSELECT  "active_storage_blobs".* FROM "active_storage_blobs" WHERE "active_storage_blobs"."id" = $1 LIMIT $2[0m  [["id", 3], ["LIMIT", 1]]
  ↳ app/views/api/users/index.json.jbuilder:4
  [1m[36mActiveStorage::Attachment Load (0.4ms)[0m  [1m[34mSELECT  "active_storage_attachments".* FROM "active_storage_attachments" WHERE "active_storage_attachments"."record_id" = $1 AND "active_storage_attachments"."record_type" = $2 AND "active_storage_attachments"."name" = $3 LIMIT $4[0m  [["record_id", 13], ["record_type", "User"], ["name", "profile_picture"], ["LIMIT", 1]]
  ↳ app/views/api/users/index.json.jbuilder:4
  [1m[36mActiveStorage::Blob Load (0.3ms)[0m  [1m[34mSELECT  "active_storage_blobs".* FROM "active_storage_blobs" WHERE "active_storage_blobs"."id" = $1 LIMIT $2[0m  [["id", 5], ["LIMIT", 1]]
  ↳ app/views/api/users/index.json.jbuilder:4
  [1m[36mActiveStorage::Attachment Load (0.3ms)[0m  [1m[34mSELECT  "active_storage_attachments".* FROM "active_storage_attachments" WHERE "active_storage_attachments"."record_id" = $1 AND "active_storage_attachments"."record_type" = $2 AND "active_storage_attachments"."name" = $3 LIMIT $4[0m  [["record_id", 11], ["record_type", "User"], ["name", "profile_picture"], ["LIMIT", 1]]
  ↳ app/views/api/users/index.json.jbuilder:4
  [1m[36mActiveStorage::Attachment Load (0.3ms)[0m  [1m[34mSELECT  "active_storage_attachments".* FROM "active_storage_attachments" WHERE "active_storage_attachments"."record_id" = $1 AND "active_storage_attachments"."record_type" = $2 AND "active_storage_attachments"."name" = $3 LIMIT $4[0m  [["record_id", 12], ["record_type", "User"], ["name", "profile_picture"], ["LIMIT", 1]]
  ↳ app/views/api/users/index.json.jbuilder:4
  [1m[36mActiveStorage::Attachment Load (0.3ms)[0m  [1m[34mSELECT  "active_storage_attachments".* FROM "active_storage_attachments" WHERE "active_storage_attachments"."record_id" = $1 AND "active_storage_attachments"."record_type" = $2 AND "active_storage_attachments"."name" = $3 LIMIT $4[0m  [["record_id", 10], ["record_type", "User"], ["name", "profile_picture"], ["LIMIT", 1]]
  ↳ app/views/api/users/index.json.jbuilder:4
  Rendered api/users/index.json.jbuilder (506.3ms)
Completed 200 OK in 529ms (Views: 343.9ms | ActiveRecord: 184.5ms)


Started GET "/api/roommemberships" for ::1 at 2021-04-15 12:42:40 -0700
Started POST "/api/rooms" for ::1 at 2021-04-15 12:42:40 -0700
Processing by Api::RoommembershipsController#index as JSON
  Rendering api/roommemberships/index.json.jbuilder
Processing by Api::RoomsController#create as JSON
  Parameters: {"room"=>{"title"=>"FOUR!"}}
  [1m[35m (0.3ms)[0m  [1m[35mBEGIN[0m
  ↳ app/controllers/api/rooms_controller.rb:10
  [1m[36mRoomMembership Load (3.9ms)[0m  [1m[34mSELECT "room_memberships".* FROM "room_memberships"[0m
  ↳ app/views/api/roommemberships/index.json.jbuilder:1
  Rendered api/roommemberships/index.json.jbuilder (9.2ms)
Completed 200 OK in 25ms (Views: 20.5ms | ActiveRecord: 3.9ms)


  [1m[36mRooms Create (4.7ms)[0m  [1m[32mINSERT INTO "rooms" ("title", "created_at", "updated_at") VALUES ($1, $2, $3) RETURNING "id"[0m  [["title", "FOUR!"], ["created_at", "2021-04-15 19:42:40.899657"], ["updated_at", "2021-04-15 19:42:40.899657"]]
  ↳ app/controllers/api/rooms_controller.rb:10
  [1m[35m (12.0ms)[0m  [1m[35mCOMMIT[0m
  ↳ app/controllers/api/rooms_controller.rb:10
  [1m[36mUser Load (1.3ms)[0m  [1m[34mSELECT  "users".* FROM "users" WHERE "users"."session_token" = $1 LIMIT $2[0m  [["session_token", "aEBuvtiMSH5RIzRQCB7nsg"], ["LIMIT", 1]]
  ↳ app/controllers/application_controller.rb:11
  [1m[35m (0.3ms)[0m  [1m[35mBEGIN[0m
  ↳ app/controllers/api/rooms_controller.rb:16
  [1m[36mUser Load (0.6ms)[0m  [1m[34mSELECT  "users".* FROM "users" WHERE "users"."id" = $1 LIMIT $2[0m  [["id", 13], ["LIMIT", 1]]
  ↳ app/controllers/api/rooms_controller.rb:16
  [1m[36mRooms Load (0.7ms)[0m  [1m[34mSELECT  "rooms".* FROM "rooms" WHERE "rooms"."id" = $1 LIMIT $2[0m  [["id", 47], ["LIMIT", 1]]
  ↳ app/controllers/api/rooms_controller.rb:16
  [1m[36mRoomMembership Create (1.1ms)[0m  [1m[32mINSERT INTO "room_memberships" ("user_id", "room_id") VALUES ($1, $2) RETURNING "id"[0m  [["user_id", 13], ["room_id", 47]]
  ↳ app/controllers/api/rooms_controller.rb:16
  [1m[35m (0.9ms)[0m  [1m[35mCOMMIT[0m
  ↳ app/controllers/api/rooms_controller.rb:16
  Rendering api/rooms/everything.json.jbuilder
  [1m[36mRooms Load (0.5ms)[0m  [1m[34mSELECT "rooms".* FROM "rooms"[0m
  ↳ app/views/api/rooms/everything.json.jbuilder:2
  [1m[36mRoomMembership Load (3.3ms)[0m  [1m[34mSELECT "room_memberships".* FROM "room_memberships"[0m
  ↳ app/views/api/rooms/everything.json.jbuilder:10
  Rendered api/rooms/everything.json.jbuilder (18.4ms)
Completed 200 OK in 88ms (Views: 23.3ms | ActiveRecord: 30.3ms)


Started GET "/1" for ::1 at 2021-04-15 13:05:18 -0700
Processing by StaticPagesController#root as HTML
  Parameters: {"friendId"=>"1"}
  Rendering static_pages/root.html.erb within layouts/application
  Rendered static_pages/root.html.erb within layouts/application (0.7ms)
  [1m[36mUser Load (1.9ms)[0m  [1m[34mSELECT  "users".* FROM "users" WHERE "users"."session_token" = $1 LIMIT $2[0m  [["session_token", "aEBuvtiMSH5RIzRQCB7nsg"], ["LIMIT", 1]]
  ↳ app/controllers/application_controller.rb:11
  Rendered api/users/_user.json.jbuilder (0.5ms)
Completed 200 OK in 719ms (Views: 716.3ms | ActiveRecord: 2.3ms)


Started GET "/api/rooms" for ::1 at 2021-04-15 13:05:20 -0700
Started GET "/api/roommemberships" for ::1 at 2021-04-15 13:05:20 -0700
Processing by Api::RoomsController#index as JSON
Started GET "/api/friendrequests" for ::1 at 2021-04-15 13:05:20 -0700
Started GET "/api/friendships" for ::1 at 2021-04-15 13:05:20 -0700
  Rendering api/rooms/index.json.jbuilder
Started GET "/api/users" for ::1 at 2021-04-15 13:05:20 -0700
  [1m[36mRooms Load (27.3ms)[0m  [1m[34mSELECT "rooms".* FROM "rooms"[0m
  ↳ app/views/api/rooms/index.json.jbuilder:1
  Rendered api/rooms/index.json.jbuilder (33.2ms)
Completed 200 OK in 55ms (Views: 26.3ms | ActiveRecord: 27.3ms)


Processing by Api::FriendrequestsController#index as JSON
Processing by Api::FriendshipsController#index as JSON
  Rendering api/friendships/index.json.jbuilder
  Rendering api/friendrequests/index.json.jbuilder
Processing by Api::UsersController#index as JSON
Processing by Api::RoommembershipsController#index as JSON
  [1m[36mFriendship Load (15.4ms)[0m  [1m[34mSELECT "friendships".* FROM "friendships"[0m
  ↳ app/views/api/friendships/index.json.jbuilder:1
  Rendered api/friendships/index.json.jbuilder (22.9ms)
Completed 200 OK in 42ms (Views: 26.4ms | ActiveRecord: 15.4ms)


  Rendering api/users/index.json.jbuilder
  [1m[36mFriendRequest Load (13.4ms)[0m  [1m[34mSELECT "friend_requests".* FROM "friend_requests"[0m
  ↳ app/views/api/friendrequests/index.json.jbuilder:1
  Rendered api/friendrequests/index.json.jbuilder (40.4ms)
Completed 200 OK in 83ms (Views: 69.3ms | ActiveRecord: 13.4ms)


  [1m[36mUser Load (9.8ms)[0m  [1m[34mSELECT "users".* FROM "users"[0m
  ↳ app/views/api/users/index.json.jbuilder:1
  Rendering api/roommemberships/index.json.jbuilder
  [1m[36mRoomMembership Load (1.5ms)[0m  [1m[34mSELECT "room_memberships".* FROM "room_memberships"[0m
  ↳ app/views/api/roommemberships/index.json.jbuilder:1
  Rendered api/roommemberships/index.json.jbuilder (7.8ms)
Completed 200 OK in 47ms (Views: 45.3ms | ActiveRecord: 1.5ms)


  [1m[36mActiveStorage::Attachment Load (4.7ms)[0m  [1m[34mSELECT  "active_storage_attachments".* FROM "active_storage_attachments" WHERE "active_storage_attachments"."record_id" = $1 AND "active_storage_attachments"."record_type" = $2 AND "active_storage_attachments"."name" = $3 LIMIT $4[0m  [["record_id", 18], ["record_type", "User"], ["name", "profile_picture"], ["LIMIT", 1]]
  ↳ app/views/api/users/index.json.jbuilder:4
  [1m[36mActiveStorage::Blob Load (0.9ms)[0m  [1m[34mSELECT  "active_storage_blobs".* FROM "active_storage_blobs" WHERE "active_storage_blobs"."id" = $1 LIMIT $2[0m  [["id", 14], ["LIMIT", 1]]
  ↳ app/views/api/users/index.json.jbuilder:4
  [1m[36mActiveStorage::Attachment Load (0.9ms)[0m  [1m[34mSELECT  "active_storage_attachments".* FROM "active_storage_attachments" WHERE "active_storage_attachments"."record_id" = $1 AND "active_storage_attachments"."record_type" = $2 AND "active_storage_attachments"."name" = $3 LIMIT $4[0m  [["record_id", 1], ["record_type", "User"], ["name", "profile_picture"], ["LIMIT", 1]]
  ↳ app/views/api/users/index.json.jbuilder:4
  [1m[36mActiveStorage::Blob Load (2.3ms)[0m  [1m[34mSELECT  "active_storage_blobs".* FROM "active_storage_blobs" WHERE "active_storage_blobs"."id" = $1 LIMIT $2[0m  [["id", 1], ["LIMIT", 1]]
  ↳ app/views/api/users/index.json.jbuilder:4
  [1m[36mActiveStorage::Attachment Load (0.7ms)[0m  [1m[34mSELECT  "active_storage_attachments".* FROM "active_storage_attachments" WHERE "active_storage_attachments"."record_id" = $1 AND "active_storage_attachments"."record_type" = $2 AND "active_storage_attachments"."name" = $3 LIMIT $4[0m  [["record_id", 3], ["record_type", "User"], ["name", "profile_picture"], ["LIMIT", 1]]
  ↳ app/views/api/users/index.json.jbuilder:4
  [1m[36mActiveStorage::Attachment Load (0.5ms)[0m  [1m[34mSELECT  "active_storage_attachments".* FROM "active_storage_attachments" WHERE "active_storage_attachments"."record_id" = $1 AND "active_storage_attachments"."record_type" = $2 AND "active_storage_attachments"."name" = $3 LIMIT $4[0m  [["record_id", 4], ["record_type", "User"], ["name", "profile_picture"], ["LIMIT", 1]]
  ↳ app/views/api/users/index.json.jbuilder:4
  [1m[36mActiveStorage::Attachment Load (0.8ms)[0m  [1m[34mSELECT  "active_storage_attachments".* FROM "active_storage_attachments" WHERE "active_storage_attachments"."record_id" = $1 AND "active_storage_attachments"."record_type" = $2 AND "active_storage_attachments"."name" = $3 LIMIT $4[0m  [["record_id", 5], ["record_type", "User"], ["name", "profile_picture"], ["LIMIT", 1]]
  ↳ app/views/api/users/index.json.jbuilder:4
  [1m[36mActiveStorage::Attachment Load (0.6ms)[0m  [1m[34mSELECT  "active_storage_attachments".* FROM "active_storage_attachments" WHERE "active_storage_attachments"."record_id" = $1 AND "active_storage_attachments"."record_type" = $2 AND "active_storage_attachments"."name" = $3 LIMIT $4[0m  [["record_id", 20], ["record_type", "User"], ["name", "profile_picture"], ["LIMIT", 1]]
  ↳ app/views/api/users/index.json.jbuilder:4
  [1m[36mActiveStorage::Blob Load (0.6ms)[0m  [1m[34mSELECT  "active_storage_blobs".* FROM "active_storage_blobs" WHERE "active_storage_blobs"."id" = $1 LIMIT $2[0m  [["id", 17], ["LIMIT", 1]]
  ↳ app/views/api/users/index.json.jbuilder:4
  [1m[36mActiveStorage::Attachment Load (0.6ms)[0m  [1m[34mSELECT  "active_storage_attachments".* FROM "active_storage_attachments" WHERE "active_storage_attachments"."record_id" = $1 AND "active_storage_attachments"."record_type" = $2 AND "active_storage_attachments"."name" = $3 LIMIT $4[0m  [["record_id", 6], ["record_type", "User"], ["name", "profile_picture"], ["LIMIT", 1]]
  ↳ app/views/api/users/index.json.jbuilder:4
  [1m[36mActiveStorage::Attachment Load (0.6ms)[0m  [1m[34mSELECT  "active_storage_attachments".* FROM "active_storage_attachments" WHERE "active_storage_attachments"."record_id" = $1 AND "active_storage_attachments"."record_type" = $2 AND "active_storage_attachments"."name" = $3 LIMIT $4[0m  [["record_id", 7], ["record_type", "User"], ["name", "profile_picture"], ["LIMIT", 1]]
  ↳ app/views/api/users/index.json.jbuilder:4
  [1m[36mActiveStorage::Attachment Load (0.4ms)[0m  [1m[34mSELECT  "active_storage_attachments".* FROM "active_storage_attachments" WHERE "active_storage_attachments"."record_id" = $1 AND "active_storage_attachments"."record_type" = $2 AND "active_storage_attachments"."name" = $3 LIMIT $4[0m  [["record_id", 21], ["record_type", "User"], ["name", "profile_picture"], ["LIMIT", 1]]
  ↳ app/views/api/users/index.json.jbuilder:4
  [1m[36mActiveStorage::Blob Load (0.5ms)[0m  [1m[34mSELECT  "active_storage_blobs".* FROM "active_storage_blobs" WHERE "active_storage_blobs"."id" = $1 LIMIT $2[0m  [["id", 18], ["LIMIT", 1]]
  ↳ app/views/api/users/index.json.jbuilder:4
  [1m[36mActiveStorage::Attachment Load (0.6ms)[0m  [1m[34mSELECT  "active_storage_attachments".* FROM "active_storage_attachments" WHERE "active_storage_attachments"."record_id" = $1 AND "active_storage_attachments"."record_type" = $2 AND "active_storage_attachments"."name" = $3 LIMIT $4[0m  [["record_id", 22], ["record_type", "User"], ["name", "profile_picture"], ["LIMIT", 1]]
  ↳ app/views/api/users/index.json.jbuilder:4
  [1m[36mActiveStorage::Blob Load (0.6ms)[0m  [1m[34mSELECT  "active_storage_blobs".* FROM "active_storage_blobs" WHERE "active_storage_blobs"."id" = $1 LIMIT $2[0m  [["id", 19], ["LIMIT", 1]]
  ↳ app/views/api/users/index.json.jbuilder:4
  [1m[36mActiveStorage::Attachment Load (0.4ms)[0m  [1m[34mSELECT  "active_storage_attachments".* FROM "active_storage_attachments" WHERE "active_storage_attachments"."record_id" = $1 AND "active_storage_attachments"."record_type" = $2 AND "active_storage_attachments"."name" = $3 LIMIT $4[0m  [["record_id", 26], ["record_type", "User"], ["name", "profile_picture"], ["LIMIT", 1]]
  ↳ app/views/api/users/index.json.jbuilder:4
  [1m[36mActiveStorage::Blob Load (0.5ms)[0m  [1m[34mSELECT  "active_storage_blobs".* FROM "active_storage_blobs" WHERE "active_storage_blobs"."id" = $1 LIMIT $2[0m  [["id", 25], ["LIMIT", 1]]
  ↳ app/views/api/users/index.json.jbuilder:4
  [1m[36mActiveStorage::Attachment Load (0.4ms)[0m  [1m[34mSELECT  "active_storage_attachments".* FROM "active_storage_attachments" WHERE "active_storage_attachments"."record_id" = $1 AND "active_storage_attachments"."record_type" = $2 AND "active_storage_attachments"."name" = $3 LIMIT $4[0m  [["record_id", 25], ["record_type", "User"], ["name", "profile_picture"], ["LIMIT", 1]]
  ↳ app/views/api/users/index.json.jbuilder:4
  [1m[36mActiveStorage::Blob Load (0.4ms)[0m  [1m[34mSELECT  "active_storage_blobs".* FROM "active_storage_blobs" WHERE "active_storage_blobs"."id" = $1 LIMIT $2[0m  [["id", 23], ["LIMIT", 1]]
  ↳ app/views/api/users/index.json.jbuilder:4
  [1m[36mActiveStorage::Attachment Load (3.3ms)[0m  [1m[34mSELECT  "active_storage_attachments".* FROM "active_storage_attachments" WHERE "active_storage_attachments"."record_id" = $1 AND "active_storage_attachments"."record_type" = $2 AND "active_storage_attachments"."name" = $3 LIMIT $4[0m  [["record_id", 14], ["record_type", "User"], ["name", "profile_picture"], ["LIMIT", 1]]
  ↳ app/views/api/users/index.json.jbuilder:4
  [1m[36mActiveStorage::Blob Load (1.4ms)[0m  [1m[34mSELECT  "active_storage_blobs".* FROM "active_storage_blobs" WHERE "active_storage_blobs"."id" = $1 LIMIT $2[0m  [["id", 6], ["LIMIT", 1]]
  ↳ app/views/api/users/index.json.jbuilder:4
  [1m[36mActiveStorage::Attachment Load (0.4ms)[0m  [1m[34mSELECT  "active_storage_attachments".* FROM "active_storage_attachments" WHERE "active_storage_attachments"."record_id" = $1 AND "active_storage_attachments"."record_type" = $2 AND "active_storage_attachments"."name" = $3 LIMIT $4[0m  [["record_id", 15], ["record_type", "User"], ["name", "profile_picture"], ["LIMIT", 1]]
  ↳ app/views/api/users/index.json.jbuilder:4
  [1m[36mActiveStorage::Blob Load (0.9ms)[0m  [1m[34mSELECT  "active_storage_blobs".* FROM "active_storage_blobs" WHERE "active_storage_blobs"."id" = $1 LIMIT $2[0m  [["id", 7], ["LIMIT", 1]]
  ↳ app/views/api/users/index.json.jbuilder:4
  [1m[36mActiveStorage::Attachment Load (0.4ms)[0m  [1m[34mSELECT  "active_storage_attachments".* FROM "active_storage_attachments" WHERE "active_storage_attachments"."record_id" = $1 AND "active_storage_attachments"."record_type" = $2 AND "active_storage_attachments"."name" = $3 LIMIT $4[0m  [["record_id", 17], ["record_type", "User"], ["name", "profile_picture"], ["LIMIT", 1]]
  ↳ app/views/api/users/index.json.jbuilder:4
  [1m[36mActiveStorage::Blob Load (0.7ms)[0m  [1m[34mSELECT  "active_storage_blobs".* FROM "active_storage_blobs" WHERE "active_storage_blobs"."id" = $1 LIMIT $2[0m  [["id", 13], ["LIMIT", 1]]
  ↳ app/views/api/users/index.json.jbuilder:4
  [1m[36mActiveStorage::Attachment Load (0.3ms)[0m  [1m[34mSELECT  "active_storage_attachments".* FROM "active_storage_attachments" WHERE "active_storage_attachments"."record_id" = $1 AND "active_storage_attachments"."record_type" = $2 AND "active_storage_attachments"."name" = $3 LIMIT $4[0m  [["record_id", 16], ["record_type", "User"], ["name", "profile_picture"], ["LIMIT", 1]]
  ↳ app/views/api/users/index.json.jbuilder:4
  [1m[36mActiveStorage::Blob Load (0.4ms)[0m  [1m[34mSELECT  "active_storage_blobs".* FROM "active_storage_blobs" WHERE "active_storage_blobs"."id" = $1 LIMIT $2[0m  [["id", 8], ["LIMIT", 1]]
  ↳ app/views/api/users/index.json.jbuilder:4
  [1m[36mActiveStorage::Attachment Load (0.4ms)[0m  [1m[34mSELECT  "active_storage_attachments".* FROM "active_storage_attachments" WHERE "active_storage_attachments"."record_id" = $1 AND "active_storage_attachments"."record_type" = $2 AND "active_storage_attachments"."name" = $3 LIMIT $4[0m  [["record_id", 19], ["record_type", "User"], ["name", "profile_picture"], ["LIMIT", 1]]
  ↳ app/views/api/users/index.json.jbuilder:4
  [1m[36mActiveStorage::Blob Load (0.5ms)[0m  [1m[34mSELECT  "active_storage_blobs".* FROM "active_storage_blobs" WHERE "active_storage_blobs"."id" = $1 LIMIT $2[0m  [["id", 16], ["LIMIT", 1]]
  ↳ app/views/api/users/index.json.jbuilder:4
  [1m[36mActiveStorage::Attachment Load (2.0ms)[0m  [1m[34mSELECT  "active_storage_attachments".* FROM "active_storage_attachments" WHERE "active_storage_attachments"."record_id" = $1 AND "active_storage_attachments"."record_type" = $2 AND "active_storage_attachments"."name" = $3 LIMIT $4[0m  [["record_id", 24], ["record_type", "User"], ["name", "profile_picture"], ["LIMIT", 1]]
  ↳ app/views/api/users/index.json.jbuilder:4
  [1m[36mActiveStorage::Blob Load (0.4ms)[0m  [1m[34mSELECT  "active_storage_blobs".* FROM "active_storage_blobs" WHERE "active_storage_blobs"."id" = $1 LIMIT $2[0m  [["id", 21], ["LIMIT", 1]]
  ↳ app/views/api/users/index.json.jbuilder:4
  [1m[36mActiveStorage::Attachment Load (1.1ms)[0m  [1m[34mSELECT  "active_storage_attachments".* FROM "active_storage_attachments" WHERE "active_storage_attachments"."record_id" = $1 AND "active_storage_attachments"."record_type" = $2 AND "active_storage_attachments"."name" = $3 LIMIT $4[0m  [["record_id", 23], ["record_type", "User"], ["name", "profile_picture"], ["LIMIT", 1]]
  ↳ app/views/api/users/index.json.jbuilder:4
  [1m[36mActiveStorage::Blob Load (0.8ms)[0m  [1m[34mSELECT  "active_storage_blobs".* FROM "active_storage_blobs" WHERE "active_storage_blobs"."id" = $1 LIMIT $2[0m  [["id", 20], ["LIMIT", 1]]
  ↳ app/views/api/users/index.json.jbuilder:4
  [1m[36mActiveStorage::Attachment Load (0.4ms)[0m  [1m[34mSELECT  "active_storage_attachments".* FROM "active_storage_attachments" WHERE "active_storage_attachments"."record_id" = $1 AND "active_storage_attachments"."record_type" = $2 AND "active_storage_attachments"."name" = $3 LIMIT $4[0m  [["record_id", 9], ["record_type", "User"], ["name", "profile_picture"], ["LIMIT", 1]]
  ↳ app/views/api/users/index.json.jbuilder:4
  [1m[36mActiveStorage::Attachment Load (4.7ms)[0m  [1m[34mSELECT  "active_storage_attachments".* FROM "active_storage_attachments" WHERE "active_storage_attachments"."record_id" = $1 AND "active_storage_attachments"."record_type" = $2 AND "active_storage_attachments"."name" = $3 LIMIT $4[0m  [["record_id", 8], ["record_type", "User"], ["name", "profile_picture"], ["LIMIT", 1]]
  ↳ app/views/api/users/index.json.jbuilder:4
  [1m[36mActiveStorage::Blob Load (0.4ms)[0m  [1m[34mSELECT  "active_storage_blobs".* FROM "active_storage_blobs" WHERE "active_storage_blobs"."id" = $1 LIMIT $2[0m  [["id", 2], ["LIMIT", 1]]
  ↳ app/views/api/users/index.json.jbuilder:4
  [1m[36mActiveStorage::Attachment Load (0.4ms)[0m  [1m[34mSELECT  "active_storage_attachments".* FROM "active_storage_attachments" WHERE "active_storage_attachments"."record_id" = $1 AND "active_storage_attachments"."record_type" = $2 AND "active_storage_attachments"."name" = $3 LIMIT $4[0m  [["record_id", 2], ["record_type", "User"], ["name", "profile_picture"], ["LIMIT", 1]]
  ↳ app/views/api/users/index.json.jbuilder:4
  [1m[36mActiveStorage::Blob Load (0.4ms)[0m  [1m[34mSELECT  "active_storage_blobs".* FROM "active_storage_blobs" WHERE "active_storage_blobs"."id" = $1 LIMIT $2[0m  [["id", 3], ["LIMIT", 1]]
  ↳ app/views/api/users/index.json.jbuilder:4
  [1m[36mActiveStorage::Attachment Load (0.4ms)[0m  [1m[34mSELECT  "active_storage_attachments".* FROM "active_storage_attachments" WHERE "active_storage_attachments"."record_id" = $1 AND "active_storage_attachments"."record_type" = $2 AND "active_storage_attachments"."name" = $3 LIMIT $4[0m  [["record_id", 13], ["record_type", "User"], ["name", "profile_picture"], ["LIMIT", 1]]
  ↳ app/views/api/users/index.json.jbuilder:4
  [1m[36mActiveStorage::Blob Load (0.4ms)[0m  [1m[34mSELECT  "active_storage_blobs".* FROM "active_storage_blobs" WHERE "active_storage_blobs"."id" = $1 LIMIT $2[0m  [["id", 5], ["LIMIT", 1]]
  ↳ app/views/api/users/index.json.jbuilder:4
  [1m[36mActiveStorage::Attachment Load (0.4ms)[0m  [1m[34mSELECT  "active_storage_attachments".* FROM "active_storage_attachments" WHERE "active_storage_attachments"."record_id" = $1 AND "active_storage_attachments"."record_type" = $2 AND "active_storage_attachments"."name" = $3 LIMIT $4[0m  [["record_id", 11], ["record_type", "User"], ["name", "profile_picture"], ["LIMIT", 1]]
  ↳ app/views/api/users/index.json.jbuilder:4
  [1m[36mActiveStorage::Attachment Load (0.6ms)[0m  [1m[34mSELECT  "active_storage_attachments".* FROM "active_storage_attachments" WHERE "active_storage_attachments"."record_id" = $1 AND "active_storage_attachments"."record_type" = $2 AND "active_storage_attachments"."name" = $3 LIMIT $4[0m  [["record_id", 12], ["record_type", "User"], ["name", "profile_picture"], ["LIMIT", 1]]
  ↳ app/views/api/users/index.json.jbuilder:4
  [1m[36mActiveStorage::Attachment Load (0.4ms)[0m  [1m[34mSELECT  "active_storage_attachments".* FROM "active_storage_attachments" WHERE "active_storage_attachments"."record_id" = $1 AND "active_storage_attachments"."record_type" = $2 AND "active_storage_attachments"."name" = $3 LIMIT $4[0m  [["record_id", 10], ["record_type", "User"], ["name", "profile_picture"], ["LIMIT", 1]]
  ↳ app/views/api/users/index.json.jbuilder:4
  Rendered api/users/index.json.jbuilder (225.2ms)
Completed 200 OK in 255ms (Views: 204.8ms | ActiveRecord: 49.6ms)


