Started GET "/" for ::1 at 2021-05-21 13:38:31 -0700
  [1m[35m (1.5ms)[0m  [1m[34mSELECT "schema_migrations"."version" FROM "schema_migrations" ORDER BY "schema_migrations"."version" ASC[0m
  ↳ /Users/Eyal/.rbenv/versions/2.5.1/lib/ruby/gems/2.5.0/gems/activerecord-5.2.4.2/lib/active_record/log_subscriber.rb:98
Processing by StaticPagesController#root as HTML
  Rendering static_pages/root.html.erb within layouts/application
  Rendered static_pages/root.html.erb within layouts/application (1.4ms)
  [1m[36mUser Load (0.7ms)[0m  [1m[34mSELECT  "users".* FROM "users" WHERE "users"."session_token" = $1 LIMIT $2[0m  [["session_token", "KfzP52LWQu2ZcCgbI_BCLA"], ["LIMIT", 1]]
  ↳ app/controllers/application_controller.rb:11
  Rendered api/users/_user.json.jbuilder (0.7ms)
Completed 200 OK in 2054ms (Views: 2030.0ms | ActiveRecord: 23.6ms)


Started GET "/api/profilebio" for ::1 at 2021-05-21 13:38:33 -0700
Processing by Api::ProfilebioController#index as JSON
Started GET "/api/friendrequests" for ::1 at 2021-05-21 13:38:34 -0700
  Rendering api/profilebio/index.json.jbuilder
Started GET "/api/friendships" for ::1 at 2021-05-21 13:38:34 -0700
  [1m[36mProfileBio Load (2.1ms)[0m  [1m[34mSELECT "profile_bios".* FROM "profile_bios"[0m
  ↳ app/views/api/profilebio/index.json.jbuilder:1
Started GET "/api/users" for ::1 at 2021-05-21 13:38:34 -0700
  Rendered api/profilebio/index.json.jbuilder (32.7ms)
Completed 200 OK in 54ms (Views: 26.1ms | ActiveRecord: 20.2ms)


Processing by Api::UsersController#index as JSON
  Rendering api/users/index.json.jbuilder
Processing by Api::FriendrequestsController#index as JSON
  [1m[36mUser Load (14.6ms)[0m  [1m[34mSELECT "users".* FROM "users"[0m
  ↳ app/views/api/users/index.json.jbuilder:1
  Rendering api/friendrequests/index.json.jbuilder
  [1m[36mFriendRequest Load (3.7ms)[0m  [1m[34mSELECT "friend_requests".* FROM "friend_requests"[0m
  ↳ app/views/api/friendrequests/index.json.jbuilder:1
Processing by Api::FriendshipsController#index as JSON
  Rendering api/friendships/index.json.jbuilder
  [1m[36mFriendship Load (1.8ms)[0m  [1m[34mSELECT "friendships".* FROM "friendships"[0m
  ↳ app/views/api/friendships/index.json.jbuilder:1
  [1m[36mActiveStorage::Attachment Load (1.6ms)[0m  [1m[34mSELECT  "active_storage_attachments".* FROM "active_storage_attachments" WHERE "active_storage_attachments"."record_id" = $1 AND "active_storage_attachments"."record_type" = $2 AND "active_storage_attachments"."name" = $3 LIMIT $4[0m  [["record_id", 18], ["record_type", "User"], ["name", "profile_picture"], ["LIMIT", 1]]
  ↳ app/views/api/users/index.json.jbuilder:4
  Rendered api/friendrequests/index.json.jbuilder (82.0ms)
Completed 200 OK in 104ms (Views: 32.6ms | ActiveRecord: 64.9ms)


  Rendered api/friendships/index.json.jbuilder (45.2ms)
Completed 200 OK in 69ms (Views: 26.9ms | ActiveRecord: 33.7ms)


  [1m[36mActiveStorage::Blob Load (1.2ms)[0m  [1m[34mSELECT  "active_storage_blobs".* FROM "active_storage_blobs" WHERE "active_storage_blobs"."id" = $1 LIMIT $2[0m  [["id", 14], ["LIMIT", 1]]
  ↳ app/views/api/users/index.json.jbuilder:4
  [1m[36mActiveStorage::Attachment Load (0.6ms)[0m  [1m[34mSELECT  "active_storage_attachments".* FROM "active_storage_attachments" WHERE "active_storage_attachments"."record_id" = $1 AND "active_storage_attachments"."record_type" = $2 AND "active_storage_attachments"."name" = $3 LIMIT $4[0m  [["record_id", 1], ["record_type", "User"], ["name", "profile_picture"], ["LIMIT", 1]]
  ↳ app/views/api/users/index.json.jbuilder:4
  [1m[36mActiveStorage::Blob Load (4.0ms)[0m  [1m[34mSELECT  "active_storage_blobs".* FROM "active_storage_blobs" WHERE "active_storage_blobs"."id" = $1 LIMIT $2[0m  [["id", 1], ["LIMIT", 1]]
  ↳ app/views/api/users/index.json.jbuilder:4
  [1m[36mActiveStorage::Attachment Load (1.4ms)[0m  [1m[34mSELECT  "active_storage_attachments".* FROM "active_storage_attachments" WHERE "active_storage_attachments"."record_id" = $1 AND "active_storage_attachments"."record_type" = $2 AND "active_storage_attachments"."name" = $3 LIMIT $4[0m  [["record_id", 3], ["record_type", "User"], ["name", "profile_picture"], ["LIMIT", 1]]
  ↳ app/views/api/users/index.json.jbuilder:4
  [1m[36mActiveStorage::Attachment Load (0.6ms)[0m  [1m[34mSELECT  "active_storage_attachments".* FROM "active_storage_attachments" WHERE "active_storage_attachments"."record_id" = $1 AND "active_storage_attachments"."record_type" = $2 AND "active_storage_attachments"."name" = $3 LIMIT $4[0m  [["record_id", 4], ["record_type", "User"], ["name", "profile_picture"], ["LIMIT", 1]]
  ↳ app/views/api/users/index.json.jbuilder:4
  [1m[36mActiveStorage::Attachment Load (2.4ms)[0m  [1m[34mSELECT  "active_storage_attachments".* FROM "active_storage_attachments" WHERE "active_storage_attachments"."record_id" = $1 AND "active_storage_attachments"."record_type" = $2 AND "active_storage_attachments"."name" = $3 LIMIT $4[0m  [["record_id", 2], ["record_type", "User"], ["name", "profile_picture"], ["LIMIT", 1]]
  ↳ app/views/api/users/index.json.jbuilder:4
  [1m[36mActiveStorage::Blob Load (0.6ms)[0m  [1m[34mSELECT  "active_storage_blobs".* FROM "active_storage_blobs" WHERE "active_storage_blobs"."id" = $1 LIMIT $2[0m  [["id", 3], ["LIMIT", 1]]
  ↳ app/views/api/users/index.json.jbuilder:4
  [1m[36mActiveStorage::Attachment Load (0.8ms)[0m  [1m[34mSELECT  "active_storage_attachments".* FROM "active_storage_attachments" WHERE "active_storage_attachments"."record_id" = $1 AND "active_storage_attachments"."record_type" = $2 AND "active_storage_attachments"."name" = $3 LIMIT $4[0m  [["record_id", 5], ["record_type", "User"], ["name", "profile_picture"], ["LIMIT", 1]]
  ↳ app/views/api/users/index.json.jbuilder:4
  [1m[36mActiveStorage::Attachment Load (0.4ms)[0m  [1m[34mSELECT  "active_storage_attachments".* FROM "active_storage_attachments" WHERE "active_storage_attachments"."record_id" = $1 AND "active_storage_attachments"."record_type" = $2 AND "active_storage_attachments"."name" = $3 LIMIT $4[0m  [["record_id", 20], ["record_type", "User"], ["name", "profile_picture"], ["LIMIT", 1]]
  ↳ app/views/api/users/index.json.jbuilder:4
  [1m[36mActiveStorage::Blob Load (1.4ms)[0m  [1m[34mSELECT  "active_storage_blobs".* FROM "active_storage_blobs" WHERE "active_storage_blobs"."id" = $1 LIMIT $2[0m  [["id", 17], ["LIMIT", 1]]
  ↳ app/views/api/users/index.json.jbuilder:4
  [1m[36mActiveStorage::Attachment Load (0.5ms)[0m  [1m[34mSELECT  "active_storage_attachments".* FROM "active_storage_attachments" WHERE "active_storage_attachments"."record_id" = $1 AND "active_storage_attachments"."record_type" = $2 AND "active_storage_attachments"."name" = $3 LIMIT $4[0m  [["record_id", 6], ["record_type", "User"], ["name", "profile_picture"], ["LIMIT", 1]]
  ↳ app/views/api/users/index.json.jbuilder:4
  [1m[36mActiveStorage::Attachment Load (0.4ms)[0m  [1m[34mSELECT  "active_storage_attachments".* FROM "active_storage_attachments" WHERE "active_storage_attachments"."record_id" = $1 AND "active_storage_attachments"."record_type" = $2 AND "active_storage_attachments"."name" = $3 LIMIT $4[0m  [["record_id", 8], ["record_type", "User"], ["name", "profile_picture"], ["LIMIT", 1]]
  ↳ app/views/api/users/index.json.jbuilder:4
  [1m[36mActiveStorage::Blob Load (0.6ms)[0m  [1m[34mSELECT  "active_storage_blobs".* FROM "active_storage_blobs" WHERE "active_storage_blobs"."id" = $1 LIMIT $2[0m  [["id", 2], ["LIMIT", 1]]
  ↳ app/views/api/users/index.json.jbuilder:4
  [1m[36mActiveStorage::Attachment Load (0.5ms)[0m  [1m[34mSELECT  "active_storage_attachments".* FROM "active_storage_attachments" WHERE "active_storage_attachments"."record_id" = $1 AND "active_storage_attachments"."record_type" = $2 AND "active_storage_attachments"."name" = $3 LIMIT $4[0m  [["record_id", 7], ["record_type", "User"], ["name", "profile_picture"], ["LIMIT", 1]]
  ↳ app/views/api/users/index.json.jbuilder:4
  [1m[36mActiveStorage::Attachment Load (0.8ms)[0m  [1m[34mSELECT  "active_storage_attachments".* FROM "active_storage_attachments" WHERE "active_storage_attachments"."record_id" = $1 AND "active_storage_attachments"."record_type" = $2 AND "active_storage_attachments"."name" = $3 LIMIT $4[0m  [["record_id", 21], ["record_type", "User"], ["name", "profile_picture"], ["LIMIT", 1]]
  ↳ app/views/api/users/index.json.jbuilder:4
  [1m[36mActiveStorage::Blob Load (0.7ms)[0m  [1m[34mSELECT  "active_storage_blobs".* FROM "active_storage_blobs" WHERE "active_storage_blobs"."id" = $1 LIMIT $2[0m  [["id", 18], ["LIMIT", 1]]
  ↳ app/views/api/users/index.json.jbuilder:4
  [1m[36mActiveStorage::Attachment Load (4.3ms)[0m  [1m[34mSELECT  "active_storage_attachments".* FROM "active_storage_attachments" WHERE "active_storage_attachments"."record_id" = $1 AND "active_storage_attachments"."record_type" = $2 AND "active_storage_attachments"."name" = $3 LIMIT $4[0m  [["record_id", 22], ["record_type", "User"], ["name", "profile_picture"], ["LIMIT", 1]]
  ↳ app/views/api/users/index.json.jbuilder:4
  [1m[36mActiveStorage::Blob Load (2.4ms)[0m  [1m[34mSELECT  "active_storage_blobs".* FROM "active_storage_blobs" WHERE "active_storage_blobs"."id" = $1 LIMIT $2[0m  [["id", 19], ["LIMIT", 1]]
  ↳ app/views/api/users/index.json.jbuilder:4
  [1m[36mActiveStorage::Attachment Load (19.9ms)[0m  [1m[34mSELECT  "active_storage_attachments".* FROM "active_storage_attachments" WHERE "active_storage_attachments"."record_id" = $1 AND "active_storage_attachments"."record_type" = $2 AND "active_storage_attachments"."name" = $3 LIMIT $4[0m  [["record_id", 26], ["record_type", "User"], ["name", "profile_picture"], ["LIMIT", 1]]
  ↳ app/views/api/users/index.json.jbuilder:4
  [1m[36mActiveStorage::Blob Load (0.4ms)[0m  [1m[34mSELECT  "active_storage_blobs".* FROM "active_storage_blobs" WHERE "active_storage_blobs"."id" = $1 LIMIT $2[0m  [["id", 25], ["LIMIT", 1]]
  ↳ app/views/api/users/index.json.jbuilder:4
  [1m[36mActiveStorage::Attachment Load (0.3ms)[0m  [1m[34mSELECT  "active_storage_attachments".* FROM "active_storage_attachments" WHERE "active_storage_attachments"."record_id" = $1 AND "active_storage_attachments"."record_type" = $2 AND "active_storage_attachments"."name" = $3 LIMIT $4[0m  [["record_id", 25], ["record_type", "User"], ["name", "profile_picture"], ["LIMIT", 1]]
  ↳ app/views/api/users/index.json.jbuilder:4
  [1m[36mActiveStorage::Blob Load (0.3ms)[0m  [1m[34mSELECT  "active_storage_blobs".* FROM "active_storage_blobs" WHERE "active_storage_blobs"."id" = $1 LIMIT $2[0m  [["id", 23], ["LIMIT", 1]]
  ↳ app/views/api/users/index.json.jbuilder:4
  [1m[36mActiveStorage::Attachment Load (0.3ms)[0m  [1m[34mSELECT  "active_storage_attachments".* FROM "active_storage_attachments" WHERE "active_storage_attachments"."record_id" = $1 AND "active_storage_attachments"."record_type" = $2 AND "active_storage_attachments"."name" = $3 LIMIT $4[0m  [["record_id", 14], ["record_type", "User"], ["name", "profile_picture"], ["LIMIT", 1]]
  ↳ app/views/api/users/index.json.jbuilder:4
  [1m[36mActiveStorage::Blob Load (4.8ms)[0m  [1m[34mSELECT  "active_storage_blobs".* FROM "active_storage_blobs" WHERE "active_storage_blobs"."id" = $1 LIMIT $2[0m  [["id", 6], ["LIMIT", 1]]
  ↳ app/views/api/users/index.json.jbuilder:4
  [1m[36mActiveStorage::Attachment Load (0.4ms)[0m  [1m[34mSELECT  "active_storage_attachments".* FROM "active_storage_attachments" WHERE "active_storage_attachments"."record_id" = $1 AND "active_storage_attachments"."record_type" = $2 AND "active_storage_attachments"."name" = $3 LIMIT $4[0m  [["record_id", 15], ["record_type", "User"], ["name", "profile_picture"], ["LIMIT", 1]]
  ↳ app/views/api/users/index.json.jbuilder:4
  [1m[36mActiveStorage::Blob Load (0.4ms)[0m  [1m[34mSELECT  "active_storage_blobs".* FROM "active_storage_blobs" WHERE "active_storage_blobs"."id" = $1 LIMIT $2[0m  [["id", 7], ["LIMIT", 1]]
  ↳ app/views/api/users/index.json.jbuilder:4
  [1m[36mActiveStorage::Attachment Load (30.8ms)[0m  [1m[34mSELECT  "active_storage_attachments".* FROM "active_storage_attachments" WHERE "active_storage_attachments"."record_id" = $1 AND "active_storage_attachments"."record_type" = $2 AND "active_storage_attachments"."name" = $3 LIMIT $4[0m  [["record_id", 17], ["record_type", "User"], ["name", "profile_picture"], ["LIMIT", 1]]
  ↳ app/views/api/users/index.json.jbuilder:4
  [1m[36mActiveStorage::Blob Load (0.5ms)[0m  [1m[34mSELECT  "active_storage_blobs".* FROM "active_storage_blobs" WHERE "active_storage_blobs"."id" = $1 LIMIT $2[0m  [["id", 13], ["LIMIT", 1]]
  ↳ app/views/api/users/index.json.jbuilder:4
  [1m[36mActiveStorage::Attachment Load (0.5ms)[0m  [1m[34mSELECT  "active_storage_attachments".* FROM "active_storage_attachments" WHERE "active_storage_attachments"."record_id" = $1 AND "active_storage_attachments"."record_type" = $2 AND "active_storage_attachments"."name" = $3 LIMIT $4[0m  [["record_id", 16], ["record_type", "User"], ["name", "profile_picture"], ["LIMIT", 1]]
  ↳ app/views/api/users/index.json.jbuilder:4
  [1m[36mActiveStorage::Blob Load (0.4ms)[0m  [1m[34mSELECT  "active_storage_blobs".* FROM "active_storage_blobs" WHERE "active_storage_blobs"."id" = $1 LIMIT $2[0m  [["id", 8], ["LIMIT", 1]]
  ↳ app/views/api/users/index.json.jbuilder:4
  [1m[36mActiveStorage::Attachment Load (1.2ms)[0m  [1m[34mSELECT  "active_storage_attachments".* FROM "active_storage_attachments" WHERE "active_storage_attachments"."record_id" = $1 AND "active_storage_attachments"."record_type" = $2 AND "active_storage_attachments"."name" = $3 LIMIT $4[0m  [["record_id", 19], ["record_type", "User"], ["name", "profile_picture"], ["LIMIT", 1]]
  ↳ app/views/api/users/index.json.jbuilder:4
  [1m[36mActiveStorage::Blob Load (2.3ms)[0m  [1m[34mSELECT  "active_storage_blobs".* FROM "active_storage_blobs" WHERE "active_storage_blobs"."id" = $1 LIMIT $2[0m  [["id", 16], ["LIMIT", 1]]
  ↳ app/views/api/users/index.json.jbuilder:4
  [1m[36mActiveStorage::Attachment Load (1.0ms)[0m  [1m[34mSELECT  "active_storage_attachments".* FROM "active_storage_attachments" WHERE "active_storage_attachments"."record_id" = $1 AND "active_storage_attachments"."record_type" = $2 AND "active_storage_attachments"."name" = $3 LIMIT $4[0m  [["record_id", 24], ["record_type", "User"], ["name", "profile_picture"], ["LIMIT", 1]]
  ↳ app/views/api/users/index.json.jbuilder:4
  [1m[36mActiveStorage::Blob Load (0.5ms)[0m  [1m[34mSELECT  "active_storage_blobs".* FROM "active_storage_blobs" WHERE "active_storage_blobs"."id" = $1 LIMIT $2[0m  [["id", 21], ["LIMIT", 1]]
  ↳ app/views/api/users/index.json.jbuilder:4
  [1m[36mActiveStorage::Attachment Load (0.6ms)[0m  [1m[34mSELECT  "active_storage_attachments".* FROM "active_storage_attachments" WHERE "active_storage_attachments"."record_id" = $1 AND "active_storage_attachments"."record_type" = $2 AND "active_storage_attachments"."name" = $3 LIMIT $4[0m  [["record_id", 23], ["record_type", "User"], ["name", "profile_picture"], ["LIMIT", 1]]
  ↳ app/views/api/users/index.json.jbuilder:4
  [1m[36mActiveStorage::Blob Load (0.4ms)[0m  [1m[34mSELECT  "active_storage_blobs".* FROM "active_storage_blobs" WHERE "active_storage_blobs"."id" = $1 LIMIT $2[0m  [["id", 20], ["LIMIT", 1]]
  ↳ app/views/api/users/index.json.jbuilder:4
  [1m[36mActiveStorage::Attachment Load (0.3ms)[0m  [1m[34mSELECT  "active_storage_attachments".* FROM "active_storage_attachments" WHERE "active_storage_attachments"."record_id" = $1 AND "active_storage_attachments"."record_type" = $2 AND "active_storage_attachments"."name" = $3 LIMIT $4[0m  [["record_id", 9], ["record_type", "User"], ["name", "profile_picture"], ["LIMIT", 1]]
  ↳ app/views/api/users/index.json.jbuilder:4
  [1m[36mActiveStorage::Attachment Load (0.4ms)[0m  [1m[34mSELECT  "active_storage_attachments".* FROM "active_storage_attachments" WHERE "active_storage_attachments"."record_id" = $1 AND "active_storage_attachments"."record_type" = $2 AND "active_storage_attachments"."name" = $3 LIMIT $4[0m  [["record_id", 13], ["record_type", "User"], ["name", "profile_picture"], ["LIMIT", 1]]
  ↳ app/views/api/users/index.json.jbuilder:4
  [1m[36mActiveStorage::Blob Load (0.4ms)[0m  [1m[34mSELECT  "active_storage_blobs".* FROM "active_storage_blobs" WHERE "active_storage_blobs"."id" = $1 LIMIT $2[0m  [["id", 5], ["LIMIT", 1]]
  ↳ app/views/api/users/index.json.jbuilder:4
  [1m[36mActiveStorage::Attachment Load (0.7ms)[0m  [1m[34mSELECT  "active_storage_attachments".* FROM "active_storage_attachments" WHERE "active_storage_attachments"."record_id" = $1 AND "active_storage_attachments"."record_type" = $2 AND "active_storage_attachments"."name" = $3 LIMIT $4[0m  [["record_id", 11], ["record_type", "User"], ["name", "profile_picture"], ["LIMIT", 1]]
  ↳ app/views/api/users/index.json.jbuilder:4
  [1m[36mActiveStorage::Attachment Load (0.5ms)[0m  [1m[34mSELECT  "active_storage_attachments".* FROM "active_storage_attachments" WHERE "active_storage_attachments"."record_id" = $1 AND "active_storage_attachments"."record_type" = $2 AND "active_storage_attachments"."name" = $3 LIMIT $4[0m  [["record_id", 12], ["record_type", "User"], ["name", "profile_picture"], ["LIMIT", 1]]
  ↳ app/views/api/users/index.json.jbuilder:4
  [1m[36mActiveStorage::Attachment Load (0.7ms)[0m  [1m[34mSELECT  "active_storage_attachments".* FROM "active_storage_attachments" WHERE "active_storage_attachments"."record_id" = $1 AND "active_storage_attachments"."record_type" = $2 AND "active_storage_attachments"."name" = $3 LIMIT $4[0m  [["record_id", 10], ["record_type", "User"], ["name", "profile_picture"], ["LIMIT", 1]]
  ↳ app/views/api/users/index.json.jbuilder:4
  Rendered api/users/index.json.jbuilder (582.4ms)
Completed 200 OK in 596ms (Views: 407.9ms | ActiveRecord: 188.1ms)


Started GET "/" for ::1 at 2021-05-21 13:40:51 -0700
Processing by StaticPagesController#root as HTML
  Rendering static_pages/root.html.erb within layouts/application
  Rendered static_pages/root.html.erb within layouts/application (0.5ms)
  [1m[36mUser Load (0.6ms)[0m  [1m[34mSELECT  "users".* FROM "users" WHERE "users"."session_token" = $1 LIMIT $2[0m  [["session_token", "KfzP52LWQu2ZcCgbI_BCLA"], ["LIMIT", 1]]
  ↳ app/controllers/application_controller.rb:11
  Rendered api/users/_user.json.jbuilder (0.7ms)
Completed 200 OK in 782ms (Views: 781.4ms | ActiveRecord: 0.6ms)


Started GET "/api/profilebio" for ::1 at 2021-05-21 13:40:53 -0700
Processing by Api::ProfilebioController#index as JSON
  Rendering api/profilebio/index.json.jbuilder
Started GET "/api/friendrequests" for ::1 at 2021-05-21 13:40:53 -0700
Started GET "/api/friendships" for ::1 at 2021-05-21 13:40:53 -0700
  [1m[36mProfileBio Load (13.6ms)[0m  [1m[34mSELECT "profile_bios".* FROM "profile_bios"[0m
  ↳ app/views/api/profilebio/index.json.jbuilder:1
Processing by Api::FriendshipsController#index as JSON
  Rendered api/profilebio/index.json.jbuilder (18.3ms)
Processing by Api::FriendrequestsController#index as JSON
  Rendering api/friendships/index.json.jbuilder
Completed 200 OK in 49ms (Views: 34.6ms | ActiveRecord: 13.6ms)


Started GET "/api/users" for ::1 at 2021-05-21 13:40:53 -0700
  Rendering api/friendrequests/index.json.jbuilder
  [1m[36mFriendship Load (12.8ms)[0m  [1m[34mSELECT "friendships".* FROM "friendships"[0m
  ↳ app/views/api/friendships/index.json.jbuilder:1
  Rendered api/friendships/index.json.jbuilder (14.7ms)
Processing by Api::UsersController#index as JSON
Completed 200 OK in 35ms (Views: 22.2ms | ActiveRecord: 12.8ms)


  [1m[36mFriendRequest Load (7.2ms)[0m  [1m[34mSELECT "friend_requests".* FROM "friend_requests"[0m
  ↳ app/views/api/friendrequests/index.json.jbuilder:1
  Rendering api/users/index.json.jbuilder
  Rendered api/friendrequests/index.json.jbuilder (23.5ms)
Completed 200 OK in 42ms (Views: 34.0ms | ActiveRecord: 7.2ms)


  [1m[36mUser Load (1.6ms)[0m  [1m[34mSELECT "users".* FROM "users"[0m
  ↳ app/views/api/users/index.json.jbuilder:1
  [1m[36mActiveStorage::Attachment Load (5.5ms)[0m  [1m[34mSELECT  "active_storage_attachments".* FROM "active_storage_attachments" WHERE "active_storage_attachments"."record_id" = $1 AND "active_storage_attachments"."record_type" = $2 AND "active_storage_attachments"."name" = $3 LIMIT $4[0m  [["record_id", 18], ["record_type", "User"], ["name", "profile_picture"], ["LIMIT", 1]]
  ↳ app/views/api/users/index.json.jbuilder:4
  [1m[36mActiveStorage::Blob Load (8.2ms)[0m  [1m[34mSELECT  "active_storage_blobs".* FROM "active_storage_blobs" WHERE "active_storage_blobs"."id" = $1 LIMIT $2[0m  [["id", 14], ["LIMIT", 1]]
  ↳ app/views/api/users/index.json.jbuilder:4
  [1m[36mActiveStorage::Attachment Load (1.6ms)[0m  [1m[34mSELECT  "active_storage_attachments".* FROM "active_storage_attachments" WHERE "active_storage_attachments"."record_id" = $1 AND "active_storage_attachments"."record_type" = $2 AND "active_storage_attachments"."name" = $3 LIMIT $4[0m  [["record_id", 1], ["record_type", "User"], ["name", "profile_picture"], ["LIMIT", 1]]
  ↳ app/views/api/users/index.json.jbuilder:4
  [1m[36mActiveStorage::Blob Load (5.4ms)[0m  [1m[34mSELECT  "active_storage_blobs".* FROM "active_storage_blobs" WHERE "active_storage_blobs"."id" = $1 LIMIT $2[0m  [["id", 1], ["LIMIT", 1]]
  ↳ app/views/api/users/index.json.jbuilder:4
  [1m[36mActiveStorage::Attachment Load (0.9ms)[0m  [1m[34mSELECT  "active_storage_attachments".* FROM "active_storage_attachments" WHERE "active_storage_attachments"."record_id" = $1 AND "active_storage_attachments"."record_type" = $2 AND "active_storage_attachments"."name" = $3 LIMIT $4[0m  [["record_id", 3], ["record_type", "User"], ["name", "profile_picture"], ["LIMIT", 1]]
  ↳ app/views/api/users/index.json.jbuilder:4
  [1m[36mActiveStorage::Attachment Load (3.4ms)[0m  [1m[34mSELECT  "active_storage_attachments".* FROM "active_storage_attachments" WHERE "active_storage_attachments"."record_id" = $1 AND "active_storage_attachments"."record_type" = $2 AND "active_storage_attachments"."name" = $3 LIMIT $4[0m  [["record_id", 4], ["record_type", "User"], ["name", "profile_picture"], ["LIMIT", 1]]
  ↳ app/views/api/users/index.json.jbuilder:4
  [1m[36mActiveStorage::Attachment Load (0.5ms)[0m  [1m[34mSELECT  "active_storage_attachments".* FROM "active_storage_attachments" WHERE "active_storage_attachments"."record_id" = $1 AND "active_storage_attachments"."record_type" = $2 AND "active_storage_attachments"."name" = $3 LIMIT $4[0m  [["record_id", 2], ["record_type", "User"], ["name", "profile_picture"], ["LIMIT", 1]]
  ↳ app/views/api/users/index.json.jbuilder:4
  [1m[36mActiveStorage::Blob Load (0.3ms)[0m  [1m[34mSELECT  "active_storage_blobs".* FROM "active_storage_blobs" WHERE "active_storage_blobs"."id" = $1 LIMIT $2[0m  [["id", 3], ["LIMIT", 1]]
  ↳ app/views/api/users/index.json.jbuilder:4
  [1m[36mActiveStorage::Attachment Load (0.5ms)[0m  [1m[34mSELECT  "active_storage_attachments".* FROM "active_storage_attachments" WHERE "active_storage_attachments"."record_id" = $1 AND "active_storage_attachments"."record_type" = $2 AND "active_storage_attachments"."name" = $3 LIMIT $4[0m  [["record_id", 5], ["record_type", "User"], ["name", "profile_picture"], ["LIMIT", 1]]
  ↳ app/views/api/users/index.json.jbuilder:4
  [1m[36mActiveStorage::Attachment Load (0.6ms)[0m  [1m[34mSELECT  "active_storage_attachments".* FROM "active_storage_attachments" WHERE "active_storage_attachments"."record_id" = $1 AND "active_storage_attachments"."record_type" = $2 AND "active_storage_attachments"."name" = $3 LIMIT $4[0m  [["record_id", 20], ["record_type", "User"], ["name", "profile_picture"], ["LIMIT", 1]]
  ↳ app/views/api/users/index.json.jbuilder:4
  [1m[36mActiveStorage::Blob Load (0.6ms)[0m  [1m[34mSELECT  "active_storage_blobs".* FROM "active_storage_blobs" WHERE "active_storage_blobs"."id" = $1 LIMIT $2[0m  [["id", 17], ["LIMIT", 1]]
  ↳ app/views/api/users/index.json.jbuilder:4
  [1m[36mActiveStorage::Attachment Load (0.5ms)[0m  [1m[34mSELECT  "active_storage_attachments".* FROM "active_storage_attachments" WHERE "active_storage_attachments"."record_id" = $1 AND "active_storage_attachments"."record_type" = $2 AND "active_storage_attachments"."name" = $3 LIMIT $4[0m  [["record_id", 6], ["record_type", "User"], ["name", "profile_picture"], ["LIMIT", 1]]
  ↳ app/views/api/users/index.json.jbuilder:4
  [1m[36mActiveStorage::Attachment Load (0.4ms)[0m  [1m[34mSELECT  "active_storage_attachments".* FROM "active_storage_attachments" WHERE "active_storage_attachments"."record_id" = $1 AND "active_storage_attachments"."record_type" = $2 AND "active_storage_attachments"."name" = $3 LIMIT $4[0m  [["record_id", 8], ["record_type", "User"], ["name", "profile_picture"], ["LIMIT", 1]]
  ↳ app/views/api/users/index.json.jbuilder:4
  [1m[36mActiveStorage::Blob Load (0.4ms)[0m  [1m[34mSELECT  "active_storage_blobs".* FROM "active_storage_blobs" WHERE "active_storage_blobs"."id" = $1 LIMIT $2[0m  [["id", 2], ["LIMIT", 1]]
  ↳ app/views/api/users/index.json.jbuilder:4
  [1m[36mActiveStorage::Attachment Load (5.4ms)[0m  [1m[34mSELECT  "active_storage_attachments".* FROM "active_storage_attachments" WHERE "active_storage_attachments"."record_id" = $1 AND "active_storage_attachments"."record_type" = $2 AND "active_storage_attachments"."name" = $3 LIMIT $4[0m  [["record_id", 7], ["record_type", "User"], ["name", "profile_picture"], ["LIMIT", 1]]
  ↳ app/views/api/users/index.json.jbuilder:4
  [1m[36mActiveStorage::Attachment Load (0.8ms)[0m  [1m[34mSELECT  "active_storage_attachments".* FROM "active_storage_attachments" WHERE "active_storage_attachments"."record_id" = $1 AND "active_storage_attachments"."record_type" = $2 AND "active_storage_attachments"."name" = $3 LIMIT $4[0m  [["record_id", 21], ["record_type", "User"], ["name", "profile_picture"], ["LIMIT", 1]]
  ↳ app/views/api/users/index.json.jbuilder:4
  [1m[36mActiveStorage::Blob Load (0.7ms)[0m  [1m[34mSELECT  "active_storage_blobs".* FROM "active_storage_blobs" WHERE "active_storage_blobs"."id" = $1 LIMIT $2[0m  [["id", 18], ["LIMIT", 1]]
  ↳ app/views/api/users/index.json.jbuilder:4
  [1m[36mActiveStorage::Attachment Load (7.0ms)[0m  [1m[34mSELECT  "active_storage_attachments".* FROM "active_storage_attachments" WHERE "active_storage_attachments"."record_id" = $1 AND "active_storage_attachments"."record_type" = $2 AND "active_storage_attachments"."name" = $3 LIMIT $4[0m  [["record_id", 22], ["record_type", "User"], ["name", "profile_picture"], ["LIMIT", 1]]
  ↳ app/views/api/users/index.json.jbuilder:4
  [1m[36mActiveStorage::Blob Load (1.5ms)[0m  [1m[34mSELECT  "active_storage_blobs".* FROM "active_storage_blobs" WHERE "active_storage_blobs"."id" = $1 LIMIT $2[0m  [["id", 19], ["LIMIT", 1]]
  ↳ app/views/api/users/index.json.jbuilder:4
  [1m[36mActiveStorage::Attachment Load (1.1ms)[0m  [1m[34mSELECT  "active_storage_attachments".* FROM "active_storage_attachments" WHERE "active_storage_attachments"."record_id" = $1 AND "active_storage_attachments"."record_type" = $2 AND "active_storage_attachments"."name" = $3 LIMIT $4[0m  [["record_id", 26], ["record_type", "User"], ["name", "profile_picture"], ["LIMIT", 1]]
  ↳ app/views/api/users/index.json.jbuilder:4
  [1m[36mActiveStorage::Blob Load (6.5ms)[0m  [1m[34mSELECT  "active_storage_blobs".* FROM "active_storage_blobs" WHERE "active_storage_blobs"."id" = $1 LIMIT $2[0m  [["id", 25], ["LIMIT", 1]]
  ↳ app/views/api/users/index.json.jbuilder:4
  [1m[36mActiveStorage::Attachment Load (0.4ms)[0m  [1m[34mSELECT  "active_storage_attachments".* FROM "active_storage_attachments" WHERE "active_storage_attachments"."record_id" = $1 AND "active_storage_attachments"."record_type" = $2 AND "active_storage_attachments"."name" = $3 LIMIT $4[0m  [["record_id", 25], ["record_type", "User"], ["name", "profile_picture"], ["LIMIT", 1]]
  ↳ app/views/api/users/index.json.jbuilder:4
  [1m[36mActiveStorage::Blob Load (0.3ms)[0m  [1m[34mSELECT  "active_storage_blobs".* FROM "active_storage_blobs" WHERE "active_storage_blobs"."id" = $1 LIMIT $2[0m  [["id", 23], ["LIMIT", 1]]
  ↳ app/views/api/users/index.json.jbuilder:4
  [1m[36mActiveStorage::Attachment Load (0.4ms)[0m  [1m[34mSELECT  "active_storage_attachments".* FROM "active_storage_attachments" WHERE "active_storage_attachments"."record_id" = $1 AND "active_storage_attachments"."record_type" = $2 AND "active_storage_attachments"."name" = $3 LIMIT $4[0m  [["record_id", 14], ["record_type", "User"], ["name", "profile_picture"], ["LIMIT", 1]]
  ↳ app/views/api/users/index.json.jbuilder:4
  [1m[36mActiveStorage::Blob Load (0.5ms)[0m  [1m[34mSELECT  "active_storage_blobs".* FROM "active_storage_blobs" WHERE "active_storage_blobs"."id" = $1 LIMIT $2[0m  [["id", 6], ["LIMIT", 1]]
  ↳ app/views/api/users/index.json.jbuilder:4
  [1m[36mActiveStorage::Attachment Load (0.6ms)[0m  [1m[34mSELECT  "active_storage_attachments".* FROM "active_storage_attachments" WHERE "active_storage_attachments"."record_id" = $1 AND "active_storage_attachments"."record_type" = $2 AND "active_storage_attachments"."name" = $3 LIMIT $4[0m  [["record_id", 15], ["record_type", "User"], ["name", "profile_picture"], ["LIMIT", 1]]
  ↳ app/views/api/users/index.json.jbuilder:4
  [1m[36mActiveStorage::Blob Load (0.3ms)[0m  [1m[34mSELECT  "active_storage_blobs".* FROM "active_storage_blobs" WHERE "active_storage_blobs"."id" = $1 LIMIT $2[0m  [["id", 7], ["LIMIT", 1]]
  ↳ app/views/api/users/index.json.jbuilder:4
  [1m[36mActiveStorage::Attachment Load (0.4ms)[0m  [1m[34mSELECT  "active_storage_attachments".* FROM "active_storage_attachments" WHERE "active_storage_attachments"."record_id" = $1 AND "active_storage_attachments"."record_type" = $2 AND "active_storage_attachments"."name" = $3 LIMIT $4[0m  [["record_id", 17], ["record_type", "User"], ["name", "profile_picture"], ["LIMIT", 1]]
  ↳ app/views/api/users/index.json.jbuilder:4
  [1m[36mActiveStorage::Blob Load (0.4ms)[0m  [1m[34mSELECT  "active_storage_blobs".* FROM "active_storage_blobs" WHERE "active_storage_blobs"."id" = $1 LIMIT $2[0m  [["id", 13], ["LIMIT", 1]]
  ↳ app/views/api/users/index.json.jbuilder:4
  [1m[36mActiveStorage::Attachment Load (1.6ms)[0m  [1m[34mSELECT  "active_storage_attachments".* FROM "active_storage_attachments" WHERE "active_storage_attachments"."record_id" = $1 AND "active_storage_attachments"."record_type" = $2 AND "active_storage_attachments"."name" = $3 LIMIT $4[0m  [["record_id", 16], ["record_type", "User"], ["name", "profile_picture"], ["LIMIT", 1]]
  ↳ app/views/api/users/index.json.jbuilder:4
  [1m[36mActiveStorage::Blob Load (0.6ms)[0m  [1m[34mSELECT  "active_storage_blobs".* FROM "active_storage_blobs" WHERE "active_storage_blobs"."id" = $1 LIMIT $2[0m  [["id", 8], ["LIMIT", 1]]
  ↳ app/views/api/users/index.json.jbuilder:4
  [1m[36mActiveStorage::Attachment Load (0.4ms)[0m  [1m[34mSELECT  "active_storage_attachments".* FROM "active_storage_attachments" WHERE "active_storage_attachments"."record_id" = $1 AND "active_storage_attachments"."record_type" = $2 AND "active_storage_attachments"."name" = $3 LIMIT $4[0m  [["record_id", 19], ["record_type", "User"], ["name", "profile_picture"], ["LIMIT", 1]]
  ↳ app/views/api/users/index.json.jbuilder:4
  [1m[36mActiveStorage::Blob Load (0.4ms)[0m  [1m[34mSELECT  "active_storage_blobs".* FROM "active_storage_blobs" WHERE "active_storage_blobs"."id" = $1 LIMIT $2[0m  [["id", 16], ["LIMIT", 1]]
  ↳ app/views/api/users/index.json.jbuilder:4
  [1m[36mActiveStorage::Attachment Load (0.5ms)[0m  [1m[34mSELECT  "active_storage_attachments".* FROM "active_storage_attachments" WHERE "active_storage_attachments"."record_id" = $1 AND "active_storage_attachments"."record_type" = $2 AND "active_storage_attachments"."name" = $3 LIMIT $4[0m  [["record_id", 24], ["record_type", "User"], ["name", "profile_picture"], ["LIMIT", 1]]
  ↳ app/views/api/users/index.json.jbuilder:4
  [1m[36mActiveStorage::Blob Load (0.4ms)[0m  [1m[34mSELECT  "active_storage_blobs".* FROM "active_storage_blobs" WHERE "active_storage_blobs"."id" = $1 LIMIT $2[0m  [["id", 21], ["LIMIT", 1]]
  ↳ app/views/api/users/index.json.jbuilder:4
  [1m[36mActiveStorage::Attachment Load (0.4ms)[0m  [1m[34mSELECT  "active_storage_attachments".* FROM "active_storage_attachments" WHERE "active_storage_attachments"."record_id" = $1 AND "active_storage_attachments"."record_type" = $2 AND "active_storage_attachments"."name" = $3 LIMIT $4[0m  [["record_id", 23], ["record_type", "User"], ["name", "profile_picture"], ["LIMIT", 1]]
  ↳ app/views/api/users/index.json.jbuilder:4
  [1m[36mActiveStorage::Blob Load (0.4ms)[0m  [1m[34mSELECT  "active_storage_blobs".* FROM "active_storage_blobs" WHERE "active_storage_blobs"."id" = $1 LIMIT $2[0m  [["id", 20], ["LIMIT", 1]]
  ↳ app/views/api/users/index.json.jbuilder:4
  [1m[36mActiveStorage::Attachment Load (0.4ms)[0m  [1m[34mSELECT  "active_storage_attachments".* FROM "active_storage_attachments" WHERE "active_storage_attachments"."record_id" = $1 AND "active_storage_attachments"."record_type" = $2 AND "active_storage_attachments"."name" = $3 LIMIT $4[0m  [["record_id", 9], ["record_type", "User"], ["name", "profile_picture"], ["LIMIT", 1]]
  ↳ app/views/api/users/index.json.jbuilder:4
  [1m[36mActiveStorage::Attachment Load (5.6ms)[0m  [1m[34mSELECT  "active_storage_attachments".* FROM "active_storage_attachments" WHERE "active_storage_attachments"."record_id" = $1 AND "active_storage_attachments"."record_type" = $2 AND "active_storage_attachments"."name" = $3 LIMIT $4[0m  [["record_id", 13], ["record_type", "User"], ["name", "profile_picture"], ["LIMIT", 1]]
  ↳ app/views/api/users/index.json.jbuilder:4
  [1m[36mActiveStorage::Blob Load (54.8ms)[0m  [1m[34mSELECT  "active_storage_blobs".* FROM "active_storage_blobs" WHERE "active_storage_blobs"."id" = $1 LIMIT $2[0m  [["id", 5], ["LIMIT", 1]]
  ↳ app/views/api/users/index.json.jbuilder:4
  [1m[36mActiveStorage::Attachment Load (3.9ms)[0m  [1m[34mSELECT  "active_storage_attachments".* FROM "active_storage_attachments" WHERE "active_storage_attachments"."record_id" = $1 AND "active_storage_attachments"."record_type" = $2 AND "active_storage_attachments"."name" = $3 LIMIT $4[0m  [["record_id", 11], ["record_type", "User"], ["name", "profile_picture"], ["LIMIT", 1]]
  ↳ app/views/api/users/index.json.jbuilder:4
  [1m[36mActiveStorage::Attachment Load (2.7ms)[0m  [1m[34mSELECT  "active_storage_attachments".* FROM "active_storage_attachments" WHERE "active_storage_attachments"."record_id" = $1 AND "active_storage_attachments"."record_type" = $2 AND "active_storage_attachments"."name" = $3 LIMIT $4[0m  [["record_id", 12], ["record_type", "User"], ["name", "profile_picture"], ["LIMIT", 1]]
  ↳ app/views/api/users/index.json.jbuilder:4
  [1m[36mActiveStorage::Attachment Load (2.9ms)[0m  [1m[34mSELECT  "active_storage_attachments".* FROM "active_storage_attachments" WHERE "active_storage_attachments"."record_id" = $1 AND "active_storage_attachments"."record_type" = $2 AND "active_storage_attachments"."name" = $3 LIMIT $4[0m  [["record_id", 10], ["record_type", "User"], ["name", "profile_picture"], ["LIMIT", 1]]
  ↳ app/views/api/users/index.json.jbuilder:4
  Rendered api/users/index.json.jbuilder (581.2ms)
Completed 200 OK in 602ms (Views: 469.9ms | ActiveRecord: 131.4ms)


Started GET "/rails/active_storage/blobs/eyJfcmFpbHMiOnsibWVzc2FnZSI6IkJBaHBCdz09IiwiZXhwIjpudWxsLCJwdXIiOiJibG9iX2lkIn19--07291faff38798668d306c8bd004f59da2888bdb/image0.jpg" for ::1 at 2021-05-21 13:40:54 -0700
Processing by ActiveStorage::BlobsController#show as JPEG
Started GET "/rails/active_storage/blobs/eyJfcmFpbHMiOnsibWVzc2FnZSI6IkJBaHBDdz09IiwiZXhwIjpudWxsLCJwdXIiOiJibG9iX2lkIn19--0273dc55521e56d398aef7c3aee2932301a2f7a9/default_user.jpg" for ::1 at 2021-05-21 13:40:54 -0700
Started GET "/rails/active_storage/blobs/eyJfcmFpbHMiOnsibWVzc2FnZSI6IkJBaHBEUT09IiwiZXhwIjpudWxsLCJwdXIiOiJibG9iX2lkIn19--fca081367be7a01e27f2c53d61eed514690ebb36/default_user.jpg" for ::1 at 2021-05-21 13:40:54 -0700
Started GET "/rails/active_storage/blobs/eyJfcmFpbHMiOnsibWVzc2FnZSI6IkJBaHBFdz09IiwiZXhwIjpudWxsLCJwdXIiOiJibG9iX2lkIn19--ef98d351fb0e4d62be2f481a587456543e45cc96/default_user.jpg" for ::1 at 2021-05-21 13:40:54 -0700
Started GET "/rails/active_storage/blobs/eyJfcmFpbHMiOnsibWVzc2FnZSI6IkJBaHBGdz09IiwiZXhwIjpudWxsLCJwdXIiOiJibG9iX2lkIn19--e5de393ca8824e6b30ea11a35c89c7ec3799e2fb/default_user.jpg" for ::1 at 2021-05-21 13:40:54 -0700
  Parameters: {"signed_id"=>"eyJfcmFpbHMiOnsibWVzc2FnZSI6IkJBaHBCdz09IiwiZXhwIjpudWxsLCJwdXIiOiJibG9iX2lkIn19--07291faff38798668d306c8bd004f59da2888bdb", "filename"=>"image0"}
Processing by ActiveStorage::BlobsController#show as JPEG
  Parameters: {"signed_id"=>"eyJfcmFpbHMiOnsibWVzc2FnZSI6IkJBaHBEUT09IiwiZXhwIjpudWxsLCJwdXIiOiJibG9iX2lkIn19--fca081367be7a01e27f2c53d61eed514690ebb36", "filename"=>"default_user"}
Processing by ActiveStorage::BlobsController#show as JPEG
Processing by ActiveStorage::BlobsController#show as JPEG
  Parameters: {"signed_id"=>"eyJfcmFpbHMiOnsibWVzc2FnZSI6IkJBaHBDdz09IiwiZXhwIjpudWxsLCJwdXIiOiJibG9iX2lkIn19--0273dc55521e56d398aef7c3aee2932301a2f7a9", "filename"=>"default_user"}
  Parameters: {"signed_id"=>"eyJfcmFpbHMiOnsibWVzc2FnZSI6IkJBaHBFdz09IiwiZXhwIjpudWxsLCJwdXIiOiJibG9iX2lkIn19--ef98d351fb0e4d62be2f481a587456543e45cc96", "filename"=>"default_user"}
  [1m[36mActiveStorage::Blob Load (3.7ms)[0m  [1m[34mSELECT  "active_storage_blobs".* FROM "active_storage_blobs" WHERE "active_storage_blobs"."id" = $1 LIMIT $2[0m  [["id", 2], ["LIMIT", 1]]
  ↳ /Users/Eyal/.rbenv/versions/2.5.1/lib/ruby/gems/2.5.0/gems/activerecord-5.2.4.2/lib/active_record/log_subscriber.rb:98
[36m  S3 Storage (7.2ms) [0m[34mGenerated URL for file at key: rCoptZFYKQfd8s1Ycrdvqose (https://sofaboarding-dev.s3.us-west-1.amazonaws.com/rCoptZFYKQfd8s1Ycrdvqose?response-content-disposition=inline%3B%20filename%3D%22image0.jpg%22%3B%20filename%2A%3DUTF-8%27%27image0.jpg&response-content-type=image%2Fjpeg&X-Amz-Algorithm=AWS4-HMAC-SHA256&X-Amz-Credential=AKIATR56K5PO3QXEEEGI%2F20210521%2Fus-west-1%2Fs3%2Faws4_request&X-Amz-Date=20210521T204055Z&X-Amz-Expires=300&X-Amz-SignedHeaders=host&X-Amz-Signature=5a0397403bdddf12bbf6a5835ab82201371b5b58200282e186b26de2095d46c3)[0m
  [1m[36mActiveStorage::Blob Load (2.1ms)[0m  [1m[34mSELECT  "active_storage_blobs".* FROM "active_storage_blobs" WHERE "active_storage_blobs"."id" = $1 LIMIT $2[0m  [["id", 6], ["LIMIT", 1]]
  ↳ /Users/Eyal/.rbenv/versions/2.5.1/lib/ruby/gems/2.5.0/gems/activerecord-5.2.4.2/lib/active_record/log_subscriber.rb:98
  [1m[36mActiveStorage::Blob Load (1.8ms)[0m  [1m[34mSELECT  "active_storage_blobs".* FROM "active_storage_blobs" WHERE "active_storage_blobs"."id" = $1 LIMIT $2[0m  [["id", 8], ["LIMIT", 1]]
  [1m[36mActiveStorage::Blob Load (27.6ms)[0m  [1m[34mSELECT  "active_storage_blobs".* FROM "active_storage_blobs" WHERE "active_storage_blobs"."id" = $1 LIMIT $2[0m  [["id", 14], ["LIMIT", 1]]
  ↳ /Users/Eyal/.rbenv/versions/2.5.1/lib/ruby/gems/2.5.0/gems/activerecord-5.2.4.2/lib/active_record/log_subscriber.rb:98
Redirected to https://sofaboarding-dev.s3.us-west-1.amazonaws.com/rCoptZFYKQfd8s1Ycrdvqose?response-content-disposition=inline%3B%20filename%3D%22image0.jpg%22%3B%20filename%2A%3DUTF-8%27%27image0.jpg&response-content-type=image%2Fjpeg&X-Amz-Algorithm=AWS4-HMAC-SHA256&X-Amz-Credential=AKIATR56K5PO3QXEEEGI%2F20210521%2Fus-west-1%2Fs3%2Faws4_request&X-Amz-Date=20210521T204055Z&X-Amz-Expires=300&X-Amz-SignedHeaders=host&X-Amz-Signature=5a0397403bdddf12bbf6a5835ab82201371b5b58200282e186b26de2095d46c3
[36m  S3 Storage (1.7ms) [0m[34mGenerated URL for file at key: PLzAu6KD8x9odhELZ7TamRkg (https://sofaboarding-dev.s3.us-west-1.amazonaws.com/PLzAu6KD8x9odhELZ7TamRkg?response-content-disposition=inline%3B%20filename%3D%22default_user.jpg%22%3B%20filename%2A%3DUTF-8%27%27default_user.jpg&response-content-type=image%2Fjpeg&X-Amz-Algorithm=AWS4-HMAC-SHA256&X-Amz-Credential=AKIATR56K5PO3QXEEEGI%2F20210521%2Fus-west-1%2Fs3%2Faws4_request&X-Amz-Date=20210521T204055Z&X-Amz-Expires=300&X-Amz-SignedHeaders=host&X-Amz-Signature=161fa436f0e02e358222879bf7d6c1ed597eb1b6f9a9aae726db122d0401f33b)[0m
  ↳ /Users/Eyal/.rbenv/versions/2.5.1/lib/ruby/gems/2.5.0/gems/activerecord-5.2.4.2/lib/active_record/log_subscriber.rb:98
[36m  S3 Storage (2.0ms) [0m[34mGenerated URL for file at key: Ecp8yKB2Nne87okfpvUbPDL7 (https://sofaboarding-dev.s3.us-west-1.amazonaws.com/Ecp8yKB2Nne87okfpvUbPDL7?response-content-disposition=inline%3B%20filename%3D%22default_user.jpg%22%3B%20filename%2A%3DUTF-8%27%27default_user.jpg&response-content-type=image%2Fjpeg&X-Amz-Algorithm=AWS4-HMAC-SHA256&X-Amz-Credential=AKIATR56K5PO3QXEEEGI%2F20210521%2Fus-west-1%2Fs3%2Faws4_request&X-Amz-Date=20210521T204055Z&X-Amz-Expires=300&X-Amz-SignedHeaders=host&X-Amz-Signature=645700293ad1bd4c7a9882617bf3f6febedb823e0b90a91367cdf0d31496ea02)[0m
Redirected to https://sofaboarding-dev.s3.us-west-1.amazonaws.com/Ecp8yKB2Nne87okfpvUbPDL7?response-content-disposition=inline%3B%20filename%3D%22default_user.jpg%22%3B%20filename%2A%3DUTF-8%27%27default_user.jpg&response-content-type=image%2Fjpeg&X-Amz-Algorithm=AWS4-HMAC-SHA256&X-Amz-Credential=AKIATR56K5PO3QXEEEGI%2F20210521%2Fus-west-1%2Fs3%2Faws4_request&X-Amz-Date=20210521T204055Z&X-Amz-Expires=300&X-Amz-SignedHeaders=host&X-Amz-Signature=645700293ad1bd4c7a9882617bf3f6febedb823e0b90a91367cdf0d31496ea02
Redirected to https://sofaboarding-dev.s3.us-west-1.amazonaws.com/PLzAu6KD8x9odhELZ7TamRkg?response-content-disposition=inline%3B%20filename%3D%22default_user.jpg%22%3B%20filename%2A%3DUTF-8%27%27default_user.jpg&response-content-type=image%2Fjpeg&X-Amz-Algorithm=AWS4-HMAC-SHA256&X-Amz-Credential=AKIATR56K5PO3QXEEEGI%2F20210521%2Fus-west-1%2Fs3%2Faws4_request&X-Amz-Date=20210521T204055Z&X-Amz-Expires=300&X-Amz-SignedHeaders=host&X-Amz-Signature=161fa436f0e02e358222879bf7d6c1ed597eb1b6f9a9aae726db122d0401f33b
Completed 302 Found in 611ms (ActiveRecord: 14.1ms)


Processing by ActiveStorage::BlobsController#show as JPEG
[36m  S3 Storage (1.8ms) [0m[34mGenerated URL for file at key: 4LztbWd5A43LsfWQ5jJEdMZi (https://sofaboarding-dev.s3.us-west-1.amazonaws.com/4LztbWd5A43LsfWQ5jJEdMZi?response-content-disposition=inline%3B%20filename%3D%22default_user.jpg%22%3B%20filename%2A%3DUTF-8%27%27default_user.jpg&response-content-type=image%2Fjpeg&X-Amz-Algorithm=AWS4-HMAC-SHA256&X-Amz-Credential=AKIATR56K5PO3QXEEEGI%2F20210521%2Fus-west-1%2Fs3%2Faws4_request&X-Amz-Date=20210521T204055Z&X-Amz-Expires=300&X-Amz-SignedHeaders=host&X-Amz-Signature=c089bd2093bb48a924b78b8e89828aa7e05616b19fff9e3e63a708846f7e39ba)[0m
  Parameters: {"signed_id"=>"eyJfcmFpbHMiOnsibWVzc2FnZSI6IkJBaHBGdz09IiwiZXhwIjpudWxsLCJwdXIiOiJibG9iX2lkIn19--e5de393ca8824e6b30ea11a35c89c7ec3799e2fb", "filename"=>"default_user"}
Completed 302 Found in 534ms (ActiveRecord: 3.7ms)


Redirected to https://sofaboarding-dev.s3.us-west-1.amazonaws.com/4LztbWd5A43LsfWQ5jJEdMZi?response-content-disposition=inline%3B%20filename%3D%22default_user.jpg%22%3B%20filename%2A%3DUTF-8%27%27default_user.jpg&response-content-type=image%2Fjpeg&X-Amz-Algorithm=AWS4-HMAC-SHA256&X-Amz-Credential=AKIATR56K5PO3QXEEEGI%2F20210521%2Fus-west-1%2Fs3%2Faws4_request&X-Amz-Date=20210521T204055Z&X-Amz-Expires=300&X-Amz-SignedHeaders=host&X-Amz-Signature=c089bd2093bb48a924b78b8e89828aa7e05616b19fff9e3e63a708846f7e39ba
Completed 302 Found in 642ms (ActiveRecord: 27.6ms)


Completed 302 Found in 598ms (ActiveRecord: 15.9ms)


  [1m[36mActiveStorage::Blob Load (1.6ms)[0m  [1m[34mSELECT  "active_storage_blobs".* FROM "active_storage_blobs" WHERE "active_storage_blobs"."id" = $1 LIMIT $2[0m  [["id", 18], ["LIMIT", 1]]
  ↳ /Users/Eyal/.rbenv/versions/2.5.1/lib/ruby/gems/2.5.0/gems/activerecord-5.2.4.2/lib/active_record/log_subscriber.rb:98
[36m  S3 Storage (1.9ms) [0m[34mGenerated URL for file at key: ZoKaZUDA8Bva9S6kNKqDJNH8 (https://sofaboarding-dev.s3.us-west-1.amazonaws.com/ZoKaZUDA8Bva9S6kNKqDJNH8?response-content-disposition=inline%3B%20filename%3D%22default_user.jpg%22%3B%20filename%2A%3DUTF-8%27%27default_user.jpg&response-content-type=image%2Fjpeg&X-Amz-Algorithm=AWS4-HMAC-SHA256&X-Amz-Credential=AKIATR56K5PO3QXEEEGI%2F20210521%2Fus-west-1%2Fs3%2Faws4_request&X-Amz-Date=20210521T204055Z&X-Amz-Expires=300&X-Amz-SignedHeaders=host&X-Amz-Signature=8ef7c70c53a3c8b93e8967d18b7e0b849f3d9d3db2b34b23f573d7da56e4b842)[0m
Redirected to https://sofaboarding-dev.s3.us-west-1.amazonaws.com/ZoKaZUDA8Bva9S6kNKqDJNH8?response-content-disposition=inline%3B%20filename%3D%22default_user.jpg%22%3B%20filename%2A%3DUTF-8%27%27default_user.jpg&response-content-type=image%2Fjpeg&X-Amz-Algorithm=AWS4-HMAC-SHA256&X-Amz-Credential=AKIATR56K5PO3QXEEEGI%2F20210521%2Fus-west-1%2Fs3%2Faws4_request&X-Amz-Date=20210521T204055Z&X-Amz-Expires=300&X-Amz-SignedHeaders=host&X-Amz-Signature=8ef7c70c53a3c8b93e8967d18b7e0b849f3d9d3db2b34b23f573d7da56e4b842
Completed 302 Found in 47ms (ActiveRecord: 2.7ms)


Started GET "/rails/active_storage/blobs/eyJfcmFpbHMiOnsibWVzc2FnZSI6IkJBaHBHQT09IiwiZXhwIjpudWxsLCJwdXIiOiJibG9iX2lkIn19--b8731c142d28f58b06b315226fbaea794e341003/default_user.jpg" for ::1 at 2021-05-21 13:40:55 -0700
Processing by ActiveStorage::BlobsController#show as JPEG
  Parameters: {"signed_id"=>"eyJfcmFpbHMiOnsibWVzc2FnZSI6IkJBaHBHQT09IiwiZXhwIjpudWxsLCJwdXIiOiJibG9iX2lkIn19--b8731c142d28f58b06b315226fbaea794e341003", "filename"=>"default_user"}
  [1m[36mActiveStorage::Blob Load (0.5ms)[0m  [1m[34mSELECT  "active_storage_blobs".* FROM "active_storage_blobs" WHERE "active_storage_blobs"."id" = $1 LIMIT $2[0m  [["id", 19], ["LIMIT", 1]]
  ↳ /Users/Eyal/.rbenv/versions/2.5.1/lib/ruby/gems/2.5.0/gems/activerecord-5.2.4.2/lib/active_record/log_subscriber.rb:98
[36m  S3 Storage (1.6ms) [0m[34mGenerated URL for file at key: Uv91UZyoQ9ZSJpGkrH8dnTDv (https://sofaboarding-dev.s3.us-west-1.amazonaws.com/Uv91UZyoQ9ZSJpGkrH8dnTDv?response-content-disposition=inline%3B%20filename%3D%22default_user.jpg%22%3B%20filename%2A%3DUTF-8%27%27default_user.jpg&response-content-type=image%2Fjpeg&X-Amz-Algorithm=AWS4-HMAC-SHA256&X-Amz-Credential=AKIATR56K5PO3QXEEEGI%2F20210521%2Fus-west-1%2Fs3%2Faws4_request&X-Amz-Date=20210521T204055Z&X-Amz-Expires=300&X-Amz-SignedHeaders=host&X-Amz-Signature=d6a2f0ccf27cba60950c3ab6d3cf35d907ac2e9de583b3ce1ea6e58d7855e0b2)[0m
Redirected to https://sofaboarding-dev.s3.us-west-1.amazonaws.com/Uv91UZyoQ9ZSJpGkrH8dnTDv?response-content-disposition=inline%3B%20filename%3D%22default_user.jpg%22%3B%20filename%2A%3DUTF-8%27%27default_user.jpg&response-content-type=image%2Fjpeg&X-Amz-Algorithm=AWS4-HMAC-SHA256&X-Amz-Credential=AKIATR56K5PO3QXEEEGI%2F20210521%2Fus-west-1%2Fs3%2Faws4_request&X-Amz-Date=20210521T204055Z&X-Amz-Expires=300&X-Amz-SignedHeaders=host&X-Amz-Signature=d6a2f0ccf27cba60950c3ab6d3cf35d907ac2e9de583b3ce1ea6e58d7855e0b2
Completed 302 Found in 4ms (ActiveRecord: 0.5ms)


Started GET "/rails/active_storage/blobs/eyJfcmFpbHMiOnsibWVzc2FnZSI6IkJBaHBHUT09IiwiZXhwIjpudWxsLCJwdXIiOiJibG9iX2lkIn19--a0c41fffb5e5c8b3bbce908d9460056f425d90ba/default_user.jpg" for ::1 at 2021-05-21 13:40:55 -0700
Started GET "/rails/active_storage/blobs/eyJfcmFpbHMiOnsibWVzc2FnZSI6IkJBaHBIQT09IiwiZXhwIjpudWxsLCJwdXIiOiJibG9iX2lkIn19--9ff8e5559ddffeaa24ed725dd8beb15946ce5806/PHOTO-2019-01-20-09-15-18.jpg" for ::1 at 2021-05-21 13:40:55 -0700
Started GET "/rails/active_storage/blobs/eyJfcmFpbHMiOnsibWVzc2FnZSI6IkJBaHBHZz09IiwiZXhwIjpudWxsLCJwdXIiOiJibG9iX2lkIn19--c8a1cce05fd7ad21d187a31f1eb2babbe88bc3d2/default_user.jpg" for ::1 at 2021-05-21 13:40:55 -0700
Started GET "/rails/active_storage/blobs/eyJfcmFpbHMiOnsibWVzc2FnZSI6IkJBaHBIZz09IiwiZXhwIjpudWxsLCJwdXIiOiJibG9iX2lkIn19--79f34e26637d6a7486b4b79c4f4f71bac2aaa849/default_user.jpg" for ::1 at 2021-05-21 13:40:55 -0700
Processing by ActiveStorage::BlobsController#show as JPEG
  Parameters: {"signed_id"=>"eyJfcmFpbHMiOnsibWVzc2FnZSI6IkJBaHBHUT09IiwiZXhwIjpudWxsLCJwdXIiOiJibG9iX2lkIn19--a0c41fffb5e5c8b3bbce908d9460056f425d90ba", "filename"=>"default_user"}
Processing by ActiveStorage::BlobsController#show as JPEG
  Parameters: {"signed_id"=>"eyJfcmFpbHMiOnsibWVzc2FnZSI6IkJBaHBHZz09IiwiZXhwIjpudWxsLCJwdXIiOiJibG9iX2lkIn19--c8a1cce05fd7ad21d187a31f1eb2babbe88bc3d2", "filename"=>"default_user"}
Processing by ActiveStorage::BlobsController#show as JPEG
  Parameters: {"signed_id"=>"eyJfcmFpbHMiOnsibWVzc2FnZSI6IkJBaHBIZz09IiwiZXhwIjpudWxsLCJwdXIiOiJibG9iX2lkIn19--79f34e26637d6a7486b4b79c4f4f71bac2aaa849", "filename"=>"default_user"}
Processing by ActiveStorage::BlobsController#show as JPEG
  Parameters: {"signed_id"=>"eyJfcmFpbHMiOnsibWVzc2FnZSI6IkJBaHBIQT09IiwiZXhwIjpudWxsLCJwdXIiOiJibG9iX2lkIn19--9ff8e5559ddffeaa24ed725dd8beb15946ce5806", "filename"=>"PHOTO-2019-01-20-09-15-18"}
  [1m[36mActiveStorage::Blob Load (1.6ms)[0m  [1m[34mSELECT  "active_storage_blobs".* FROM "active_storage_blobs" WHERE "active_storage_blobs"."id" = $1 LIMIT $2[0m  [["id", 25], ["LIMIT", 1]]
  [1m[36mActiveStorage::Blob Load (1.3ms)[0m  [1m[34mSELECT  "active_storage_blobs".* FROM "active_storage_blobs" WHERE "active_storage_blobs"."id" = $1 LIMIT $2[0m  [["id", 21], ["LIMIT", 1]]
  [1m[36mActiveStorage::Blob Load (4.5ms)[0m  [1m[34mSELECT  "active_storage_blobs".* FROM "active_storage_blobs" WHERE "active_storage_blobs"."id" = $1 LIMIT $2[0m  [["id", 20], ["LIMIT", 1]]
  ↳ /Users/Eyal/.rbenv/versions/2.5.1/lib/ruby/gems/2.5.0/gems/activerecord-5.2.4.2/lib/active_record/log_subscriber.rb:98
  ↳ /Users/Eyal/.rbenv/versions/2.5.1/lib/ruby/gems/2.5.0/gems/activerecord-5.2.4.2/lib/active_record/log_subscriber.rb:98
  ↳ /Users/Eyal/.rbenv/versions/2.5.1/lib/ruby/gems/2.5.0/gems/activerecord-5.2.4.2/lib/active_record/log_subscriber.rb:98
[36m  S3 Storage (1.6ms) [0m[34mGenerated URL for file at key: bdsLEvNw2x8Nomg75ZjJZyA2 (https://sofaboarding-dev.s3.us-west-1.amazonaws.com/bdsLEvNw2x8Nomg75ZjJZyA2?response-content-disposition=inline%3B%20filename%3D%22default_user.jpg%22%3B%20filename%2A%3DUTF-8%27%27default_user.jpg&response-content-type=image%2Fjpeg&X-Amz-Algorithm=AWS4-HMAC-SHA256&X-Amz-Credential=AKIATR56K5PO3QXEEEGI%2F20210521%2Fus-west-1%2Fs3%2Faws4_request&X-Amz-Date=20210521T204055Z&X-Amz-Expires=300&X-Amz-SignedHeaders=host&X-Amz-Signature=ba37da08617c5af8a1b2dde4aa47b5ef9fa8786270c8f3626a23cb9cdb65ce4f)[0m
  [1m[36mActiveStorage::Blob Load (5.8ms)[0m  [1m[34mSELECT  "active_storage_blobs".* FROM "active_storage_blobs" WHERE "active_storage_blobs"."id" = $1 LIMIT $2[0m  [["id", 23], ["LIMIT", 1]]
[36m  S3 Storage (2.9ms) [0m[34mGenerated URL for file at key: QyQdK23usq2UxbFhZn7hXS8X (https://sofaboarding-dev.s3.us-west-1.amazonaws.com/QyQdK23usq2UxbFhZn7hXS8X?response-content-disposition=inline%3B%20filename%3D%22default_user.jpg%22%3B%20filename%2A%3DUTF-8%27%27default_user.jpg&response-content-type=image%2Fjpeg&X-Amz-Algorithm=AWS4-HMAC-SHA256&X-Amz-Credential=AKIATR56K5PO3QXEEEGI%2F20210521%2Fus-west-1%2Fs3%2Faws4_request&X-Amz-Date=20210521T204055Z&X-Amz-Expires=300&X-Amz-SignedHeaders=host&X-Amz-Signature=bbf2e5fa9a7a6fc913c1dc60889b17a2c2935ee75bb5e7394c8c8a375714d55d)[0m
[36m  S3 Storage (1.6ms) [0m[34mGenerated URL for file at key: vtgT5BxA1FLG4bkxHirZeaLf (https://sofaboarding-dev.s3.us-west-1.amazonaws.com/vtgT5BxA1FLG4bkxHirZeaLf?response-content-disposition=inline%3B%20filename%3D%22default_user.jpg%22%3B%20filename%2A%3DUTF-8%27%27default_user.jpg&response-content-type=image%2Fjpeg&X-Amz-Algorithm=AWS4-HMAC-SHA256&X-Amz-Credential=AKIATR56K5PO3QXEEEGI%2F20210521%2Fus-west-1%2Fs3%2Faws4_request&X-Amz-Date=20210521T204055Z&X-Amz-Expires=300&X-Amz-SignedHeaders=host&X-Amz-Signature=c0ac8c54deea68884ee7ba959a52b9466713b5532a49ce9d954a021c3aecd72a)[0m
Redirected to https://sofaboarding-dev.s3.us-west-1.amazonaws.com/vtgT5BxA1FLG4bkxHirZeaLf?response-content-disposition=inline%3B%20filename%3D%22default_user.jpg%22%3B%20filename%2A%3DUTF-8%27%27default_user.jpg&response-content-type=image%2Fjpeg&X-Amz-Algorithm=AWS4-HMAC-SHA256&X-Amz-Credential=AKIATR56K5PO3QXEEEGI%2F20210521%2Fus-west-1%2Fs3%2Faws4_request&X-Amz-Date=20210521T204055Z&X-Amz-Expires=300&X-Amz-SignedHeaders=host&X-Amz-Signature=c0ac8c54deea68884ee7ba959a52b9466713b5532a49ce9d954a021c3aecd72a
Completed 302 Found in 31ms (ActiveRecord: 1.3ms)


  ↳ /Users/Eyal/.rbenv/versions/2.5.1/lib/ruby/gems/2.5.0/gems/activerecord-5.2.4.2/lib/active_record/log_subscriber.rb:98
Redirected to https://sofaboarding-dev.s3.us-west-1.amazonaws.com/QyQdK23usq2UxbFhZn7hXS8X?response-content-disposition=inline%3B%20filename%3D%22default_user.jpg%22%3B%20filename%2A%3DUTF-8%27%27default_user.jpg&response-content-type=image%2Fjpeg&X-Amz-Algorithm=AWS4-HMAC-SHA256&X-Amz-Credential=AKIATR56K5PO3QXEEEGI%2F20210521%2Fus-west-1%2Fs3%2Faws4_request&X-Amz-Date=20210521T204055Z&X-Amz-Expires=300&X-Amz-SignedHeaders=host&X-Amz-Signature=bbf2e5fa9a7a6fc913c1dc60889b17a2c2935ee75bb5e7394c8c8a375714d55d
Redirected to https://sofaboarding-dev.s3.us-west-1.amazonaws.com/bdsLEvNw2x8Nomg75ZjJZyA2?response-content-disposition=inline%3B%20filename%3D%22default_user.jpg%22%3B%20filename%2A%3DUTF-8%27%27default_user.jpg&response-content-type=image%2Fjpeg&X-Amz-Algorithm=AWS4-HMAC-SHA256&X-Amz-Credential=AKIATR56K5PO3QXEEEGI%2F20210521%2Fus-west-1%2Fs3%2Faws4_request&X-Amz-Date=20210521T204055Z&X-Amz-Expires=300&X-Amz-SignedHeaders=host&X-Amz-Signature=ba37da08617c5af8a1b2dde4aa47b5ef9fa8786270c8f3626a23cb9cdb65ce4f
Completed 302 Found in 38ms (ActiveRecord: 4.5ms)


[36m  S3 Storage (1.8ms) [0m[34mGenerated URL for file at key: hCT6v5nPJbETjjy2So41V6sM (https://sofaboarding-dev.s3.us-west-1.amazonaws.com/hCT6v5nPJbETjjy2So41V6sM?response-content-disposition=inline%3B%20filename%3D%22PHOTO-2019-01-20-09-15-18.jpg%22%3B%20filename%2A%3DUTF-8%27%27PHOTO-2019-01-20-09-15-18.jpg&response-content-type=image%2Fjpeg&X-Amz-Algorithm=AWS4-HMAC-SHA256&X-Amz-Credential=AKIATR56K5PO3QXEEEGI%2F20210521%2Fus-west-1%2Fs3%2Faws4_request&X-Amz-Date=20210521T204055Z&X-Amz-Expires=300&X-Amz-SignedHeaders=host&X-Amz-Signature=43f2273e4e6b76f38f83a2b6394338d6110b8ad80a5bc5fcd96d08e32987f79f)[0m
Completed 302 Found in 34ms (ActiveRecord: 1.6ms)


Started GET "/rails/active_storage/blobs/eyJfcmFpbHMiOnsibWVzc2FnZSI6IkJBaHBCZz09IiwiZXhwIjpudWxsLCJwdXIiOiJibG9iX2lkIn19--50c94a5f5d1a40bd838deb96165aca3eca0c1da4/image0.jpg" for ::1 at 2021-05-21 13:40:55 -0700
Redirected to https://sofaboarding-dev.s3.us-west-1.amazonaws.com/hCT6v5nPJbETjjy2So41V6sM?response-content-disposition=inline%3B%20filename%3D%22PHOTO-2019-01-20-09-15-18.jpg%22%3B%20filename%2A%3DUTF-8%27%27PHOTO-2019-01-20-09-15-18.jpg&response-content-type=image%2Fjpeg&X-Amz-Algorithm=AWS4-HMAC-SHA256&X-Amz-Credential=AKIATR56K5PO3QXEEEGI%2F20210521%2Fus-west-1%2Fs3%2Faws4_request&X-Amz-Date=20210521T204055Z&X-Amz-Expires=300&X-Amz-SignedHeaders=host&X-Amz-Signature=43f2273e4e6b76f38f83a2b6394338d6110b8ad80a5bc5fcd96d08e32987f79f
Completed 302 Found in 46ms (ActiveRecord: 5.8ms)


Processing by ActiveStorage::BlobsController#show as JPEG
  Parameters: {"signed_id"=>"eyJfcmFpbHMiOnsibWVzc2FnZSI6IkJBaHBCZz09IiwiZXhwIjpudWxsLCJwdXIiOiJibG9iX2lkIn19--50c94a5f5d1a40bd838deb96165aca3eca0c1da4", "filename"=>"image0"}
  [1m[36mActiveStorage::Blob Load (0.7ms)[0m  [1m[34mSELECT  "active_storage_blobs".* FROM "active_storage_blobs" WHERE "active_storage_blobs"."id" = $1 LIMIT $2[0m  [["id", 1], ["LIMIT", 1]]
  ↳ /Users/Eyal/.rbenv/versions/2.5.1/lib/ruby/gems/2.5.0/gems/activerecord-5.2.4.2/lib/active_record/log_subscriber.rb:98
[36m  S3 Storage (1.8ms) [0m[34mGenerated URL for file at key: 7Gqh5vrqi7EFo2zF1wHiLjLv (https://sofaboarding-dev.s3.us-west-1.amazonaws.com/7Gqh5vrqi7EFo2zF1wHiLjLv?response-content-disposition=inline%3B%20filename%3D%22image0.jpg%22%3B%20filename%2A%3DUTF-8%27%27image0.jpg&response-content-type=image%2Fjpeg&X-Amz-Algorithm=AWS4-HMAC-SHA256&X-Amz-Credential=AKIATR56K5PO3QXEEEGI%2F20210521%2Fus-west-1%2Fs3%2Faws4_request&X-Amz-Date=20210521T204055Z&X-Amz-Expires=300&X-Amz-SignedHeaders=host&X-Amz-Signature=b3c2bcfcf4d6a9e34cc75d716754c1affd6d41a5ccef4f8c2ec9618330ced03d)[0m
Redirected to https://sofaboarding-dev.s3.us-west-1.amazonaws.com/7Gqh5vrqi7EFo2zF1wHiLjLv?response-content-disposition=inline%3B%20filename%3D%22image0.jpg%22%3B%20filename%2A%3DUTF-8%27%27image0.jpg&response-content-type=image%2Fjpeg&X-Amz-Algorithm=AWS4-HMAC-SHA256&X-Amz-Credential=AKIATR56K5PO3QXEEEGI%2F20210521%2Fus-west-1%2Fs3%2Faws4_request&X-Amz-Date=20210521T204055Z&X-Amz-Expires=300&X-Amz-SignedHeaders=host&X-Amz-Signature=b3c2bcfcf4d6a9e34cc75d716754c1affd6d41a5ccef4f8c2ec9618330ced03d
Completed 302 Found in 12ms (ActiveRecord: 0.7ms)


Started GET "/rails/active_storage/blobs/eyJfcmFpbHMiOnsibWVzc2FnZSI6IkJBaHBFZz09IiwiZXhwIjpudWxsLCJwdXIiOiJibG9iX2lkIn19--1f26e195c6d638e4af2df5aae500716bc3ef8022/default_user.jpg" for ::1 at 2021-05-21 13:40:56 -0700
Processing by ActiveStorage::BlobsController#show as JPEG
  Parameters: {"signed_id"=>"eyJfcmFpbHMiOnsibWVzc2FnZSI6IkJBaHBFZz09IiwiZXhwIjpudWxsLCJwdXIiOiJibG9iX2lkIn19--1f26e195c6d638e4af2df5aae500716bc3ef8022", "filename"=>"default_user"}
  [1m[36mActiveStorage::Blob Load (0.8ms)[0m  [1m[34mSELECT  "active_storage_blobs".* FROM "active_storage_blobs" WHERE "active_storage_blobs"."id" = $1 LIMIT $2[0m  [["id", 13], ["LIMIT", 1]]
  ↳ /Users/Eyal/.rbenv/versions/2.5.1/lib/ruby/gems/2.5.0/gems/activerecord-5.2.4.2/lib/active_record/log_subscriber.rb:98
[36m  S3 Storage (2.1ms) [0m[34mGenerated URL for file at key: 9iJjAdL4oB5nVEGVzzogZ8pH (https://sofaboarding-dev.s3.us-west-1.amazonaws.com/9iJjAdL4oB5nVEGVzzogZ8pH?response-content-disposition=inline%3B%20filename%3D%22default_user.jpg%22%3B%20filename%2A%3DUTF-8%27%27default_user.jpg&response-content-type=image%2Fjpeg&X-Amz-Algorithm=AWS4-HMAC-SHA256&X-Amz-Credential=AKIATR56K5PO3QXEEEGI%2F20210521%2Fus-west-1%2Fs3%2Faws4_request&X-Amz-Date=20210521T204056Z&X-Amz-Expires=300&X-Amz-SignedHeaders=host&X-Amz-Signature=a03d34a741dd9c6ec61f7e7d8dec3686c60f0d89a0add75fdbadd43426adf01f)[0m
Redirected to https://sofaboarding-dev.s3.us-west-1.amazonaws.com/9iJjAdL4oB5nVEGVzzogZ8pH?response-content-disposition=inline%3B%20filename%3D%22default_user.jpg%22%3B%20filename%2A%3DUTF-8%27%27default_user.jpg&response-content-type=image%2Fjpeg&X-Amz-Algorithm=AWS4-HMAC-SHA256&X-Amz-Credential=AKIATR56K5PO3QXEEEGI%2F20210521%2Fus-west-1%2Fs3%2Faws4_request&X-Amz-Date=20210521T204056Z&X-Amz-Expires=300&X-Amz-SignedHeaders=host&X-Amz-Signature=a03d34a741dd9c6ec61f7e7d8dec3686c60f0d89a0add75fdbadd43426adf01f
Completed 302 Found in 7ms (ActiveRecord: 0.8ms)


Started GET "/rails/active_storage/blobs/eyJfcmFpbHMiOnsibWVzc2FnZSI6IkJBaHBEQT09IiwiZXhwIjpudWxsLCJwdXIiOiJibG9iX2lkIn19--9256198b641ee2dcfcad5cf86884acb451e02640/default_user.jpg" for ::1 at 2021-05-21 13:40:56 -0700
Processing by ActiveStorage::BlobsController#show as JPEG
  Parameters: {"signed_id"=>"eyJfcmFpbHMiOnsibWVzc2FnZSI6IkJBaHBEQT09IiwiZXhwIjpudWxsLCJwdXIiOiJibG9iX2lkIn19--9256198b641ee2dcfcad5cf86884acb451e02640", "filename"=>"default_user"}
  [1m[36mActiveStorage::Blob Load (3.2ms)[0m  [1m[34mSELECT  "active_storage_blobs".* FROM "active_storage_blobs" WHERE "active_storage_blobs"."id" = $1 LIMIT $2[0m  [["id", 7], ["LIMIT", 1]]
  ↳ /Users/Eyal/.rbenv/versions/2.5.1/lib/ruby/gems/2.5.0/gems/activerecord-5.2.4.2/lib/active_record/log_subscriber.rb:98
[36m  S3 Storage (1.9ms) [0m[34mGenerated URL for file at key: tou4iki5nhEChhSboi7dPMDW (https://sofaboarding-dev.s3.us-west-1.amazonaws.com/tou4iki5nhEChhSboi7dPMDW?response-content-disposition=inline%3B%20filename%3D%22default_user.jpg%22%3B%20filename%2A%3DUTF-8%27%27default_user.jpg&response-content-type=image%2Fjpeg&X-Amz-Algorithm=AWS4-HMAC-SHA256&X-Amz-Credential=AKIATR56K5PO3QXEEEGI%2F20210521%2Fus-west-1%2Fs3%2Faws4_request&X-Amz-Date=20210521T204056Z&X-Amz-Expires=300&X-Amz-SignedHeaders=host&X-Amz-Signature=878cb7036fb4c50d5d0691fcbce1bfcde7b73708b857cceb942ce1bd5a0548ef)[0m
Redirected to https://sofaboarding-dev.s3.us-west-1.amazonaws.com/tou4iki5nhEChhSboi7dPMDW?response-content-disposition=inline%3B%20filename%3D%22default_user.jpg%22%3B%20filename%2A%3DUTF-8%27%27default_user.jpg&response-content-type=image%2Fjpeg&X-Amz-Algorithm=AWS4-HMAC-SHA256&X-Amz-Credential=AKIATR56K5PO3QXEEEGI%2F20210521%2Fus-west-1%2Fs3%2Faws4_request&X-Amz-Date=20210521T204056Z&X-Amz-Expires=300&X-Amz-SignedHeaders=host&X-Amz-Signature=878cb7036fb4c50d5d0691fcbce1bfcde7b73708b857cceb942ce1bd5a0548ef
Completed 302 Found in 15ms (ActiveRecord: 3.2ms)


Started GET "/rails/active_storage/blobs/eyJfcmFpbHMiOnsibWVzc2FnZSI6IkJBaHBGUT09IiwiZXhwIjpudWxsLCJwdXIiOiJibG9iX2lkIn19--bd28fecceae74c20677939e1f8559868452495b3/image0.jpg" for ::1 at 2021-05-21 13:40:56 -0700
Processing by ActiveStorage::BlobsController#show as JPEG
  Parameters: {"signed_id"=>"eyJfcmFpbHMiOnsibWVzc2FnZSI6IkJBaHBGUT09IiwiZXhwIjpudWxsLCJwdXIiOiJibG9iX2lkIn19--bd28fecceae74c20677939e1f8559868452495b3", "filename"=>"image0"}
  [1m[36mActiveStorage::Blob Load (0.6ms)[0m  [1m[34mSELECT  "active_storage_blobs".* FROM "active_storage_blobs" WHERE "active_storage_blobs"."id" = $1 LIMIT $2[0m  [["id", 16], ["LIMIT", 1]]
  ↳ /Users/Eyal/.rbenv/versions/2.5.1/lib/ruby/gems/2.5.0/gems/activerecord-5.2.4.2/lib/active_record/log_subscriber.rb:98
[36m  S3 Storage (2.0ms) [0m[34mGenerated URL for file at key: iHBkPDhCSx3koTvw5j2amoMJ (https://sofaboarding-dev.s3.us-west-1.amazonaws.com/iHBkPDhCSx3koTvw5j2amoMJ?response-content-disposition=inline%3B%20filename%3D%22image0.jpg%22%3B%20filename%2A%3DUTF-8%27%27image0.jpg&response-content-type=image%2Fjpeg&X-Amz-Algorithm=AWS4-HMAC-SHA256&X-Amz-Credential=AKIATR56K5PO3QXEEEGI%2F20210521%2Fus-west-1%2Fs3%2Faws4_request&X-Amz-Date=20210521T204056Z&X-Amz-Expires=300&X-Amz-SignedHeaders=host&X-Amz-Signature=17551a2261ac311358c691d8e6fedd74f44f91beb668957836b774e7efdfa28c)[0m
Redirected to https://sofaboarding-dev.s3.us-west-1.amazonaws.com/iHBkPDhCSx3koTvw5j2amoMJ?response-content-disposition=inline%3B%20filename%3D%22image0.jpg%22%3B%20filename%2A%3DUTF-8%27%27image0.jpg&response-content-type=image%2Fjpeg&X-Amz-Algorithm=AWS4-HMAC-SHA256&X-Amz-Credential=AKIATR56K5PO3QXEEEGI%2F20210521%2Fus-west-1%2Fs3%2Faws4_request&X-Amz-Date=20210521T204056Z&X-Amz-Expires=300&X-Amz-SignedHeaders=host&X-Amz-Signature=17551a2261ac311358c691d8e6fedd74f44f91beb668957836b774e7efdfa28c
Completed 302 Found in 21ms (ActiveRecord: 0.6ms)


Started GET "/rails/active_storage/blobs/eyJfcmFpbHMiOnsibWVzc2FnZSI6IkJBaHBGZz09IiwiZXhwIjpudWxsLCJwdXIiOiJibG9iX2lkIn19--e58dc80e9f46050f66e4bf75616431ad2941b979/default_user.jpg" for ::1 at 2021-05-21 13:40:56 -0700
Started GET "/rails/active_storage/blobs/eyJfcmFpbHMiOnsibWVzc2FnZSI6IkJBaHBDZz09IiwiZXhwIjpudWxsLCJwdXIiOiJibG9iX2lkIn19--34926795c3babba12ca9d659be0d5ae4f75ee101/image0.jpg" for ::1 at 2021-05-21 13:40:56 -0700
Started GET "/rails/active_storage/blobs/eyJfcmFpbHMiOnsibWVzc2FnZSI6IkJBaHBDQT09IiwiZXhwIjpudWxsLCJwdXIiOiJibG9iX2lkIn19--92b42a27a152c4ca81e104dd8c590a1e30d1f884/PHOTO-2019-01-20-09-13-22%204.jpg" for ::1 at 2021-05-21 13:40:56 -0700
Processing by ActiveStorage::BlobsController#show as JPEG
  Parameters: {"signed_id"=>"eyJfcmFpbHMiOnsibWVzc2FnZSI6IkJBaHBGZz09IiwiZXhwIjpudWxsLCJwdXIiOiJibG9iX2lkIn19--e58dc80e9f46050f66e4bf75616431ad2941b979", "filename"=>"default_user"}
  [1m[36mActiveStorage::Blob Load (2.2ms)[0m  [1m[34mSELECT  "active_storage_blobs".* FROM "active_storage_blobs" WHERE "active_storage_blobs"."id" = $1 LIMIT $2[0m  [["id", 17], ["LIMIT", 1]]
Processing by ActiveStorage::BlobsController#show as JPEG
  Parameters: {"signed_id"=>"eyJfcmFpbHMiOnsibWVzc2FnZSI6IkJBaHBDZz09IiwiZXhwIjpudWxsLCJwdXIiOiJibG9iX2lkIn19--34926795c3babba12ca9d659be0d5ae4f75ee101", "filename"=>"image0"}
Processing by ActiveStorage::BlobsController#show as JPEG
  ↳ /Users/Eyal/.rbenv/versions/2.5.1/lib/ruby/gems/2.5.0/gems/activerecord-5.2.4.2/lib/active_record/log_subscriber.rb:98
[36m  S3 Storage (2.3ms) [0m[34mGenerated URL for file at key: MbjYVsbtDunEYKZYcxXveUyJ (https://sofaboarding-dev.s3.us-west-1.amazonaws.com/MbjYVsbtDunEYKZYcxXveUyJ?response-content-disposition=inline%3B%20filename%3D%22default_user.jpg%22%3B%20filename%2A%3DUTF-8%27%27default_user.jpg&response-content-type=image%2Fjpeg&X-Amz-Algorithm=AWS4-HMAC-SHA256&X-Amz-Credential=AKIATR56K5PO3QXEEEGI%2F20210521%2Fus-west-1%2Fs3%2Faws4_request&X-Amz-Date=20210521T204056Z&X-Amz-Expires=300&X-Amz-SignedHeaders=host&X-Amz-Signature=a3cf1368677a779481ae53bca2bd0a893a14556c90f5e42447070f1002843312)[0m
  Parameters: {"signed_id"=>"eyJfcmFpbHMiOnsibWVzc2FnZSI6IkJBaHBDQT09IiwiZXhwIjpudWxsLCJwdXIiOiJibG9iX2lkIn19--92b42a27a152c4ca81e104dd8c590a1e30d1f884", "filename"=>"PHOTO-2019-01-20-09-13-22 4"}
Redirected to https://sofaboarding-dev.s3.us-west-1.amazonaws.com/MbjYVsbtDunEYKZYcxXveUyJ?response-content-disposition=inline%3B%20filename%3D%22default_user.jpg%22%3B%20filename%2A%3DUTF-8%27%27default_user.jpg&response-content-type=image%2Fjpeg&X-Amz-Algorithm=AWS4-HMAC-SHA256&X-Amz-Credential=AKIATR56K5PO3QXEEEGI%2F20210521%2Fus-west-1%2Fs3%2Faws4_request&X-Amz-Date=20210521T204056Z&X-Amz-Expires=300&X-Amz-SignedHeaders=host&X-Amz-Signature=a3cf1368677a779481ae53bca2bd0a893a14556c90f5e42447070f1002843312
Completed 302 Found in 28ms (ActiveRecord: 2.2ms)


  [1m[36mActiveStorage::Blob Load (18.8ms)[0m  [1m[34mSELECT  "active_storage_blobs".* FROM "active_storage_blobs" WHERE "active_storage_blobs"."id" = $1 LIMIT $2[0m  [["id", 5], ["LIMIT", 1]]
  ↳ /Users/Eyal/.rbenv/versions/2.5.1/lib/ruby/gems/2.5.0/gems/activerecord-5.2.4.2/lib/active_record/log_subscriber.rb:98
  [1m[36mActiveStorage::Blob Load (13.3ms)[0m  [1m[34mSELECT  "active_storage_blobs".* FROM "active_storage_blobs" WHERE "active_storage_blobs"."id" = $1 LIMIT $2[0m  [["id", 3], ["LIMIT", 1]]
[36m  S3 Storage (1.9ms) [0m[34mGenerated URL for file at key: 6GBdY3BWA9Gi9nNnuzBWVbcL (https://sofaboarding-dev.s3.us-west-1.amazonaws.com/6GBdY3BWA9Gi9nNnuzBWVbcL?response-content-disposition=inline%3B%20filename%3D%22image0.jpg%22%3B%20filename%2A%3DUTF-8%27%27image0.jpg&response-content-type=image%2Fjpeg&X-Amz-Algorithm=AWS4-HMAC-SHA256&X-Amz-Credential=AKIATR56K5PO3QXEEEGI%2F20210521%2Fus-west-1%2Fs3%2Faws4_request&X-Amz-Date=20210521T204056Z&X-Amz-Expires=300&X-Amz-SignedHeaders=host&X-Amz-Signature=b5127fd65346719b744581a790c57ef834b5de564b97e05f3c7bd90ca24d0cea)[0m
Redirected to https://sofaboarding-dev.s3.us-west-1.amazonaws.com/6GBdY3BWA9Gi9nNnuzBWVbcL?response-content-disposition=inline%3B%20filename%3D%22image0.jpg%22%3B%20filename%2A%3DUTF-8%27%27image0.jpg&response-content-type=image%2Fjpeg&X-Amz-Algorithm=AWS4-HMAC-SHA256&X-Amz-Credential=AKIATR56K5PO3QXEEEGI%2F20210521%2Fus-west-1%2Fs3%2Faws4_request&X-Amz-Date=20210521T204056Z&X-Amz-Expires=300&X-Amz-SignedHeaders=host&X-Amz-Signature=b5127fd65346719b744581a790c57ef834b5de564b97e05f3c7bd90ca24d0cea
Completed 302 Found in 28ms (ActiveRecord: 18.8ms)


  ↳ /Users/Eyal/.rbenv/versions/2.5.1/lib/ruby/gems/2.5.0/gems/activerecord-5.2.4.2/lib/active_record/log_subscriber.rb:98
[36m  S3 Storage (2.0ms) [0m[34mGenerated URL for file at key: UerYxeppzqCv6oV1EgQh3crB (https://sofaboarding-dev.s3.us-west-1.amazonaws.com/UerYxeppzqCv6oV1EgQh3crB?response-content-disposition=inline%3B%20filename%3D%22PHOTO-2019-01-20-09-13-22%204.jpg%22%3B%20filename%2A%3DUTF-8%27%27PHOTO-2019-01-20-09-13-22%25204.jpg&response-content-type=image%2Fjpeg&X-Amz-Algorithm=AWS4-HMAC-SHA256&X-Amz-Credential=AKIATR56K5PO3QXEEEGI%2F20210521%2Fus-west-1%2Fs3%2Faws4_request&X-Amz-Date=20210521T204056Z&X-Amz-Expires=300&X-Amz-SignedHeaders=host&X-Amz-Signature=e8613c575e7a2337fed5533e876ca1a24b980fb554948d906003e8fb799c8059)[0m
Redirected to https://sofaboarding-dev.s3.us-west-1.amazonaws.com/UerYxeppzqCv6oV1EgQh3crB?response-content-disposition=inline%3B%20filename%3D%22PHOTO-2019-01-20-09-13-22%204.jpg%22%3B%20filename%2A%3DUTF-8%27%27PHOTO-2019-01-20-09-13-22%25204.jpg&response-content-type=image%2Fjpeg&X-Amz-Algorithm=AWS4-HMAC-SHA256&X-Amz-Credential=AKIATR56K5PO3QXEEEGI%2F20210521%2Fus-west-1%2Fs3%2Faws4_request&X-Amz-Date=20210521T204056Z&X-Amz-Expires=300&X-Amz-SignedHeaders=host&X-Amz-Signature=e8613c575e7a2337fed5533e876ca1a24b980fb554948d906003e8fb799c8059
Completed 302 Found in 27ms (ActiveRecord: 13.3ms)


Started GET "/" for ::1 at 2021-05-21 13:41:59 -0700
Processing by StaticPagesController#root as HTML
  Rendering static_pages/root.html.erb within layouts/application
  Rendered static_pages/root.html.erb within layouts/application (0.4ms)
  [1m[36mUser Load (1.3ms)[0m  [1m[34mSELECT  "users".* FROM "users" WHERE "users"."session_token" = $1 LIMIT $2[0m  [["session_token", "KfzP52LWQu2ZcCgbI_BCLA"], ["LIMIT", 1]]
  ↳ app/controllers/application_controller.rb:11
  Rendered api/users/_user.json.jbuilder (1.8ms)
Completed 200 OK in 631ms (Views: 628.9ms | ActiveRecord: 1.3ms)


Started GET "/api/profilebio" for ::1 at 2021-05-21 13:42:01 -0700
Started GET "/api/users" for ::1 at 2021-05-21 13:42:01 -0700
Started GET "/api/friendrequests" for ::1 at 2021-05-21 13:42:01 -0700
Started GET "/api/friendships" for ::1 at 2021-05-21 13:42:01 -0700
Processing by Api::ProfilebioController#index as JSON
  Rendering api/profilebio/index.json.jbuilder
Processing by Api::UsersController#index as JSON
Processing by Api::FriendshipsController#index as JSON
  Rendering api/users/index.json.jbuilder
  Rendering api/friendships/index.json.jbuilder
  [1m[36mProfileBio Load (25.4ms)[0m  [1m[34mSELECT "profile_bios".* FROM "profile_bios"[0m
  ↳ app/views/api/profilebio/index.json.jbuilder:1
  Rendered api/profilebio/index.json.jbuilder (37.4ms)
Completed 200 OK in 49ms (Views: 23.2ms | ActiveRecord: 25.4ms)


Processing by Api::FriendrequestsController#index as JSON
  [1m[36mUser Load (7.8ms)[0m  [1m[34mSELECT "users".* FROM "users"[0m
  [1m[36mFriendship Load (7.2ms)[0m  [1m[34mSELECT "friendships".* FROM "friendships"[0m
  ↳ app/views/api/friendships/index.json.jbuilder:1
  Rendered api/friendships/index.json.jbuilder (16.6ms)
Completed 200 OK in 38ms (Views: 30.1ms | ActiveRecord: 7.2ms)


  ↳ app/views/api/users/index.json.jbuilder:1
  Rendering api/friendrequests/index.json.jbuilder
  [1m[36mFriendRequest Load (3.1ms)[0m  [1m[34mSELECT "friend_requests".* FROM "friend_requests"[0m
  ↳ app/views/api/friendrequests/index.json.jbuilder:1
  Rendered api/friendrequests/index.json.jbuilder (9.4ms)
Completed 200 OK in 29ms (Views: 25.3ms | ActiveRecord: 3.1ms)


  [1m[36mActiveStorage::Attachment Load (24.2ms)[0m  [1m[34mSELECT  "active_storage_attachments".* FROM "active_storage_attachments" WHERE "active_storage_attachments"."record_id" = $1 AND "active_storage_attachments"."record_type" = $2 AND "active_storage_attachments"."name" = $3 LIMIT $4[0m  [["record_id", 18], ["record_type", "User"], ["name", "profile_picture"], ["LIMIT", 1]]
  ↳ app/views/api/users/index.json.jbuilder:4
  [1m[36mActiveStorage::Blob Load (0.9ms)[0m  [1m[34mSELECT  "active_storage_blobs".* FROM "active_storage_blobs" WHERE "active_storage_blobs"."id" = $1 LIMIT $2[0m  [["id", 14], ["LIMIT", 1]]
  ↳ app/views/api/users/index.json.jbuilder:4
  [1m[36mActiveStorage::Attachment Load (0.9ms)[0m  [1m[34mSELECT  "active_storage_attachments".* FROM "active_storage_attachments" WHERE "active_storage_attachments"."record_id" = $1 AND "active_storage_attachments"."record_type" = $2 AND "active_storage_attachments"."name" = $3 LIMIT $4[0m  [["record_id", 1], ["record_type", "User"], ["name", "profile_picture"], ["LIMIT", 1]]
  ↳ app/views/api/users/index.json.jbuilder:4
  [1m[36mActiveStorage::Blob Load (3.2ms)[0m  [1m[34mSELECT  "active_storage_blobs".* FROM "active_storage_blobs" WHERE "active_storage_blobs"."id" = $1 LIMIT $2[0m  [["id", 1], ["LIMIT", 1]]
  ↳ app/views/api/users/index.json.jbuilder:4
  [1m[36mActiveStorage::Attachment Load (0.7ms)[0m  [1m[34mSELECT  "active_storage_attachments".* FROM "active_storage_attachments" WHERE "active_storage_attachments"."record_id" = $1 AND "active_storage_attachments"."record_type" = $2 AND "active_storage_attachments"."name" = $3 LIMIT $4[0m  [["record_id", 3], ["record_type", "User"], ["name", "profile_picture"], ["LIMIT", 1]]
  ↳ app/views/api/users/index.json.jbuilder:4
  [1m[36mActiveStorage::Attachment Load (0.6ms)[0m  [1m[34mSELECT  "active_storage_attachments".* FROM "active_storage_attachments" WHERE "active_storage_attachments"."record_id" = $1 AND "active_storage_attachments"."record_type" = $2 AND "active_storage_attachments"."name" = $3 LIMIT $4[0m  [["record_id", 4], ["record_type", "User"], ["name", "profile_picture"], ["LIMIT", 1]]
  ↳ app/views/api/users/index.json.jbuilder:4
  [1m[36mActiveStorage::Attachment Load (0.6ms)[0m  [1m[34mSELECT  "active_storage_attachments".* FROM "active_storage_attachments" WHERE "active_storage_attachments"."record_id" = $1 AND "active_storage_attachments"."record_type" = $2 AND "active_storage_attachments"."name" = $3 LIMIT $4[0m  [["record_id", 2], ["record_type", "User"], ["name", "profile_picture"], ["LIMIT", 1]]
  ↳ app/views/api/users/index.json.jbuilder:4
  [1m[36mActiveStorage::Blob Load (0.5ms)[0m  [1m[34mSELECT  "active_storage_blobs".* FROM "active_storage_blobs" WHERE "active_storage_blobs"."id" = $1 LIMIT $2[0m  [["id", 3], ["LIMIT", 1]]
  ↳ app/views/api/users/index.json.jbuilder:4
  [1m[36mActiveStorage::Attachment Load (0.6ms)[0m  [1m[34mSELECT  "active_storage_attachments".* FROM "active_storage_attachments" WHERE "active_storage_attachments"."record_id" = $1 AND "active_storage_attachments"."record_type" = $2 AND "active_storage_attachments"."name" = $3 LIMIT $4[0m  [["record_id", 5], ["record_type", "User"], ["name", "profile_picture"], ["LIMIT", 1]]
  ↳ app/views/api/users/index.json.jbuilder:4
  [1m[36mActiveStorage::Attachment Load (0.4ms)[0m  [1m[34mSELECT  "active_storage_attachments".* FROM "active_storage_attachments" WHERE "active_storage_attachments"."record_id" = $1 AND "active_storage_attachments"."record_type" = $2 AND "active_storage_attachments"."name" = $3 LIMIT $4[0m  [["record_id", 20], ["record_type", "User"], ["name", "profile_picture"], ["LIMIT", 1]]
  ↳ app/views/api/users/index.json.jbuilder:4
  [1m[36mActiveStorage::Blob Load (0.4ms)[0m  [1m[34mSELECT  "active_storage_blobs".* FROM "active_storage_blobs" WHERE "active_storage_blobs"."id" = $1 LIMIT $2[0m  [["id", 17], ["LIMIT", 1]]
  ↳ app/views/api/users/index.json.jbuilder:4
  [1m[36mActiveStorage::Attachment Load (0.6ms)[0m  [1m[34mSELECT  "active_storage_attachments".* FROM "active_storage_attachments" WHERE "active_storage_attachments"."record_id" = $1 AND "active_storage_attachments"."record_type" = $2 AND "active_storage_attachments"."name" = $3 LIMIT $4[0m  [["record_id", 6], ["record_type", "User"], ["name", "profile_picture"], ["LIMIT", 1]]
  ↳ app/views/api/users/index.json.jbuilder:4
  [1m[36mActiveStorage::Attachment Load (0.4ms)[0m  [1m[34mSELECT  "active_storage_attachments".* FROM "active_storage_attachments" WHERE "active_storage_attachments"."record_id" = $1 AND "active_storage_attachments"."record_type" = $2 AND "active_storage_attachments"."name" = $3 LIMIT $4[0m  [["record_id", 8], ["record_type", "User"], ["name", "profile_picture"], ["LIMIT", 1]]
  ↳ app/views/api/users/index.json.jbuilder:4
  [1m[36mActiveStorage::Blob Load (4.2ms)[0m  [1m[34mSELECT  "active_storage_blobs".* FROM "active_storage_blobs" WHERE "active_storage_blobs"."id" = $1 LIMIT $2[0m  [["id", 2], ["LIMIT", 1]]
  ↳ app/views/api/users/index.json.jbuilder:4
  [1m[36mActiveStorage::Attachment Load (1.5ms)[0m  [1m[34mSELECT  "active_storage_attachments".* FROM "active_storage_attachments" WHERE "active_storage_attachments"."record_id" = $1 AND "active_storage_attachments"."record_type" = $2 AND "active_storage_attachments"."name" = $3 LIMIT $4[0m  [["record_id", 7], ["record_type", "User"], ["name", "profile_picture"], ["LIMIT", 1]]
  ↳ app/views/api/users/index.json.jbuilder:4
  [1m[36mActiveStorage::Attachment Load (0.6ms)[0m  [1m[34mSELECT  "active_storage_attachments".* FROM "active_storage_attachments" WHERE "active_storage_attachments"."record_id" = $1 AND "active_storage_attachments"."record_type" = $2 AND "active_storage_attachments"."name" = $3 LIMIT $4[0m  [["record_id", 21], ["record_type", "User"], ["name", "profile_picture"], ["LIMIT", 1]]
  ↳ app/views/api/users/index.json.jbuilder:4
  [1m[36mActiveStorage::Blob Load (0.4ms)[0m  [1m[34mSELECT  "active_storage_blobs".* FROM "active_storage_blobs" WHERE "active_storage_blobs"."id" = $1 LIMIT $2[0m  [["id", 18], ["LIMIT", 1]]
  ↳ app/views/api/users/index.json.jbuilder:4
  [1m[36mActiveStorage::Attachment Load (0.4ms)[0m  [1m[34mSELECT  "active_storage_attachments".* FROM "active_storage_attachments" WHERE "active_storage_attachments"."record_id" = $1 AND "active_storage_attachments"."record_type" = $2 AND "active_storage_attachments"."name" = $3 LIMIT $4[0m  [["record_id", 22], ["record_type", "User"], ["name", "profile_picture"], ["LIMIT", 1]]
  ↳ app/views/api/users/index.json.jbuilder:4
  [1m[36mActiveStorage::Blob Load (0.4ms)[0m  [1m[34mSELECT  "active_storage_blobs".* FROM "active_storage_blobs" WHERE "active_storage_blobs"."id" = $1 LIMIT $2[0m  [["id", 19], ["LIMIT", 1]]
  ↳ app/views/api/users/index.json.jbuilder:4
  [1m[36mActiveStorage::Attachment Load (0.5ms)[0m  [1m[34mSELECT  "active_storage_attachments".* FROM "active_storage_attachments" WHERE "active_storage_attachments"."record_id" = $1 AND "active_storage_attachments"."record_type" = $2 AND "active_storage_attachments"."name" = $3 LIMIT $4[0m  [["record_id", 26], ["record_type", "User"], ["name", "profile_picture"], ["LIMIT", 1]]
  ↳ app/views/api/users/index.json.jbuilder:4
  [1m[36mActiveStorage::Blob Load (0.3ms)[0m  [1m[34mSELECT  "active_storage_blobs".* FROM "active_storage_blobs" WHERE "active_storage_blobs"."id" = $1 LIMIT $2[0m  [["id", 25], ["LIMIT", 1]]
  ↳ app/views/api/users/index.json.jbuilder:4
  [1m[36mActiveStorage::Attachment Load (0.4ms)[0m  [1m[34mSELECT  "active_storage_attachments".* FROM "active_storage_attachments" WHERE "active_storage_attachments"."record_id" = $1 AND "active_storage_attachments"."record_type" = $2 AND "active_storage_attachments"."name" = $3 LIMIT $4[0m  [["record_id", 25], ["record_type", "User"], ["name", "profile_picture"], ["LIMIT", 1]]
  ↳ app/views/api/users/index.json.jbuilder:4
  [1m[36mActiveStorage::Blob Load (0.4ms)[0m  [1m[34mSELECT  "active_storage_blobs".* FROM "active_storage_blobs" WHERE "active_storage_blobs"."id" = $1 LIMIT $2[0m  [["id", 23], ["LIMIT", 1]]
  ↳ app/views/api/users/index.json.jbuilder:4
  [1m[36mActiveStorage::Attachment Load (0.4ms)[0m  [1m[34mSELECT  "active_storage_attachments".* FROM "active_storage_attachments" WHERE "active_storage_attachments"."record_id" = $1 AND "active_storage_attachments"."record_type" = $2 AND "active_storage_attachments"."name" = $3 LIMIT $4[0m  [["record_id", 14], ["record_type", "User"], ["name", "profile_picture"], ["LIMIT", 1]]
  ↳ app/views/api/users/index.json.jbuilder:4
  [1m[36mActiveStorage::Blob Load (0.3ms)[0m  [1m[34mSELECT  "active_storage_blobs".* FROM "active_storage_blobs" WHERE "active_storage_blobs"."id" = $1 LIMIT $2[0m  [["id", 6], ["LIMIT", 1]]
  ↳ app/views/api/users/index.json.jbuilder:4
  [1m[36mActiveStorage::Attachment Load (0.4ms)[0m  [1m[34mSELECT  "active_storage_attachments".* FROM "active_storage_attachments" WHERE "active_storage_attachments"."record_id" = $1 AND "active_storage_attachments"."record_type" = $2 AND "active_storage_attachments"."name" = $3 LIMIT $4[0m  [["record_id", 15], ["record_type", "User"], ["name", "profile_picture"], ["LIMIT", 1]]
  ↳ app/views/api/users/index.json.jbuilder:4
  [1m[36mActiveStorage::Blob Load (0.4ms)[0m  [1m[34mSELECT  "active_storage_blobs".* FROM "active_storage_blobs" WHERE "active_storage_blobs"."id" = $1 LIMIT $2[0m  [["id", 7], ["LIMIT", 1]]
  ↳ app/views/api/users/index.json.jbuilder:4
  [1m[36mActiveStorage::Attachment Load (0.6ms)[0m  [1m[34mSELECT  "active_storage_attachments".* FROM "active_storage_attachments" WHERE "active_storage_attachments"."record_id" = $1 AND "active_storage_attachments"."record_type" = $2 AND "active_storage_attachments"."name" = $3 LIMIT $4[0m  [["record_id", 17], ["record_type", "User"], ["name", "profile_picture"], ["LIMIT", 1]]
  ↳ app/views/api/users/index.json.jbuilder:4
  [1m[36mActiveStorage::Blob Load (0.9ms)[0m  [1m[34mSELECT  "active_storage_blobs".* FROM "active_storage_blobs" WHERE "active_storage_blobs"."id" = $1 LIMIT $2[0m  [["id", 13], ["LIMIT", 1]]
  ↳ app/views/api/users/index.json.jbuilder:4
  [1m[36mActiveStorage::Attachment Load (0.3ms)[0m  [1m[34mSELECT  "active_storage_attachments".* FROM "active_storage_attachments" WHERE "active_storage_attachments"."record_id" = $1 AND "active_storage_attachments"."record_type" = $2 AND "active_storage_attachments"."name" = $3 LIMIT $4[0m  [["record_id", 16], ["record_type", "User"], ["name", "profile_picture"], ["LIMIT", 1]]
  ↳ app/views/api/users/index.json.jbuilder:4
  [1m[36mActiveStorage::Blob Load (0.4ms)[0m  [1m[34mSELECT  "active_storage_blobs".* FROM "active_storage_blobs" WHERE "active_storage_blobs"."id" = $1 LIMIT $2[0m  [["id", 8], ["LIMIT", 1]]
  ↳ app/views/api/users/index.json.jbuilder:4
  [1m[36mActiveStorage::Attachment Load (0.7ms)[0m  [1m[34mSELECT  "active_storage_attachments".* FROM "active_storage_attachments" WHERE "active_storage_attachments"."record_id" = $1 AND "active_storage_attachments"."record_type" = $2 AND "active_storage_attachments"."name" = $3 LIMIT $4[0m  [["record_id", 19], ["record_type", "User"], ["name", "profile_picture"], ["LIMIT", 1]]
  ↳ app/views/api/users/index.json.jbuilder:4
  [1m[36mActiveStorage::Blob Load (0.5ms)[0m  [1m[34mSELECT  "active_storage_blobs".* FROM "active_storage_blobs" WHERE "active_storage_blobs"."id" = $1 LIMIT $2[0m  [["id", 16], ["LIMIT", 1]]
  ↳ app/views/api/users/index.json.jbuilder:4
  [1m[36mActiveStorage::Attachment Load (0.4ms)[0m  [1m[34mSELECT  "active_storage_attachments".* FROM "active_storage_attachments" WHERE "active_storage_attachments"."record_id" = $1 AND "active_storage_attachments"."record_type" = $2 AND "active_storage_attachments"."name" = $3 LIMIT $4[0m  [["record_id", 24], ["record_type", "User"], ["name", "profile_picture"], ["LIMIT", 1]]
  ↳ app/views/api/users/index.json.jbuilder:4
  [1m[36mActiveStorage::Blob Load (0.4ms)[0m  [1m[34mSELECT  "active_storage_blobs".* FROM "active_storage_blobs" WHERE "active_storage_blobs"."id" = $1 LIMIT $2[0m  [["id", 21], ["LIMIT", 1]]
  ↳ app/views/api/users/index.json.jbuilder:4
  [1m[36mActiveStorage::Attachment Load (0.3ms)[0m  [1m[34mSELECT  "active_storage_attachments".* FROM "active_storage_attachments" WHERE "active_storage_attachments"."record_id" = $1 AND "active_storage_attachments"."record_type" = $2 AND "active_storage_attachments"."name" = $3 LIMIT $4[0m  [["record_id", 23], ["record_type", "User"], ["name", "profile_picture"], ["LIMIT", 1]]
  ↳ app/views/api/users/index.json.jbuilder:4
  [1m[36mActiveStorage::Blob Load (0.4ms)[0m  [1m[34mSELECT  "active_storage_blobs".* FROM "active_storage_blobs" WHERE "active_storage_blobs"."id" = $1 LIMIT $2[0m  [["id", 20], ["LIMIT", 1]]
  ↳ app/views/api/users/index.json.jbuilder:4
  [1m[36mActiveStorage::Attachment Load (0.3ms)[0m  [1m[34mSELECT  "active_storage_attachments".* FROM "active_storage_attachments" WHERE "active_storage_attachments"."record_id" = $1 AND "active_storage_attachments"."record_type" = $2 AND "active_storage_attachments"."name" = $3 LIMIT $4[0m  [["record_id", 9], ["record_type", "User"], ["name", "profile_picture"], ["LIMIT", 1]]
  ↳ app/views/api/users/index.json.jbuilder:4
  [1m[36mActiveStorage::Attachment Load (0.4ms)[0m  [1m[34mSELECT  "active_storage_attachments".* FROM "active_storage_attachments" WHERE "active_storage_attachments"."record_id" = $1 AND "active_storage_attachments"."record_type" = $2 AND "active_storage_attachments"."name" = $3 LIMIT $4[0m  [["record_id", 13], ["record_type", "User"], ["name", "profile_picture"], ["LIMIT", 1]]
  ↳ app/views/api/users/index.json.jbuilder:4
  [1m[36mActiveStorage::Blob Load (0.4ms)[0m  [1m[34mSELECT  "active_storage_blobs".* FROM "active_storage_blobs" WHERE "active_storage_blobs"."id" = $1 LIMIT $2[0m  [["id", 5], ["LIMIT", 1]]
  ↳ app/views/api/users/index.json.jbuilder:4
  [1m[36mActiveStorage::Attachment Load (0.4ms)[0m  [1m[34mSELECT  "active_storage_attachments".* FROM "active_storage_attachments" WHERE "active_storage_attachments"."record_id" = $1 AND "active_storage_attachments"."record_type" = $2 AND "active_storage_attachments"."name" = $3 LIMIT $4[0m  [["record_id", 11], ["record_type", "User"], ["name", "profile_picture"], ["LIMIT", 1]]
  ↳ app/views/api/users/index.json.jbuilder:4
  [1m[36mActiveStorage::Attachment Load (0.7ms)[0m  [1m[34mSELECT  "active_storage_attachments".* FROM "active_storage_attachments" WHERE "active_storage_attachments"."record_id" = $1 AND "active_storage_attachments"."record_type" = $2 AND "active_storage_attachments"."name" = $3 LIMIT $4[0m  [["record_id", 12], ["record_type", "User"], ["name", "profile_picture"], ["LIMIT", 1]]
  ↳ app/views/api/users/index.json.jbuilder:4
  [1m[36mActiveStorage::Attachment Load (0.8ms)[0m  [1m[34mSELECT  "active_storage_attachments".* FROM "active_storage_attachments" WHERE "active_storage_attachments"."record_id" = $1 AND "active_storage_attachments"."record_type" = $2 AND "active_storage_attachments"."name" = $3 LIMIT $4[0m  [["record_id", 10], ["record_type", "User"], ["name", "profile_picture"], ["LIMIT", 1]]
  ↳ app/views/api/users/index.json.jbuilder:4
  Rendered api/users/index.json.jbuilder (237.1ms)
Completed 200 OK in 266ms (Views: 205.5ms | ActiveRecord: 60.1ms)


Started PATCH "/api/profilebio/1" for ::1 at 2021-05-21 13:42:05 -0700
Started GET "/api/profilebio" for ::1 at 2021-05-21 13:42:05 -0700
Processing by Api::ProfilebioController#index as JSON
  Rendering api/profilebio/index.json.jbuilder
  [1m[36mProfileBio Load (0.8ms)[0m  [1m[34mSELECT "profile_bios".* FROM "profile_bios"[0m
  ↳ app/views/api/profilebio/index.json.jbuilder:1
  Rendered api/profilebio/index.json.jbuilder (2.4ms)
Completed 200 OK in 15ms (Views: 13.7ms | ActiveRecord: 0.8ms)


Processing by Api::ProfilebioController#update as JSON
  Parameters: {"data"=>{"user_id"=>"8", "user_bio"=>"again!", "id"=>"1"}, "id"=>"1"}
Started POST "/api/profilebio" for ::1 at 2021-05-21 13:42:06 -0700
Processing by Api::ProfilebioController#create as JSON
  Parameters: {"profilebio"=>{"user_id"=>"8", "user_bio"=>"again!", "id"=>"1"}}
Unpermitted parameter: :id
  [1m[35m (0.4ms)[0m  [1m[35mBEGIN[0m
  ↳ app/controllers/api/profilebio_controller.rb:4
  [1m[36mProfileBio Load (10.8ms)[0m  [1m[34mSELECT  "profile_bios".* FROM "profile_bios" WHERE "profile_bios"."id" = $1 LIMIT $2[0m  [["id", 1], ["LIMIT", 1]]
  ↳ app/controllers/api/profilebio_controller.rb:12
Completed 400 Bad Request in 25ms (ActiveRecord: 10.8ms)


  
ActionController::ParameterMissing (param is missing or the value is empty: profilebio):
  
app/controllers/api/profilebio_controller.rb:36:in `bio_params'
app/controllers/api/profilebio_controller.rb:14:in `update'
  [1m[36mUser Load (82.7ms)[0m  [1m[34mSELECT  "users".* FROM "users" WHERE "users"."id" = $1 LIMIT $2[0m  [["id", 8], ["LIMIT", 1]]
  ↳ app/controllers/api/profilebio_controller.rb:4
  [1m[36mProfileBio Create (35.1ms)[0m  [1m[32mINSERT INTO "profile_bios" ("user_bio", "user_id", "created_at", "updated_at") VALUES ($1, $2, $3, $4) RETURNING "id"[0m  [["user_bio", "again!"], ["user_id", 8], ["created_at", "2021-05-21 20:42:06.113183"], ["updated_at", "2021-05-21 20:42:06.113183"]]
  ↳ app/controllers/api/profilebio_controller.rb:4
  [1m[35m (31.7ms)[0m  [1m[35mCOMMIT[0m
  ↳ app/controllers/api/profilebio_controller.rb:4
  Rendering api/profilebio/show.json.jbuilder
  Rendered api/profilebio/show.json.jbuilder (2.1ms)
Completed 200 OK in 180ms (Views: 16.0ms | ActiveRecord: 149.9ms)


