Started GET "/1" for ::1 at 2021-04-15 11:38:07 -0700
  [1m[35m (0.9ms)[0m  [1m[34mSELECT "schema_migrations"."version" FROM "schema_migrations" ORDER BY "schema_migrations"."version" ASC[0m
  ↳ /Users/Eyal/.rbenv/versions/2.5.1/lib/ruby/gems/2.5.0/gems/activerecord-5.2.4.2/lib/active_record/log_subscriber.rb:98
Processing by StaticPagesController#root as HTML
  Parameters: {"friendId"=>"1"}
  Rendering static_pages/root.html.erb within layouts/application
  Rendered static_pages/root.html.erb within layouts/application (1.2ms)
  [1m[36mUser Load (0.7ms)[0m  [1m[34mSELECT  "users".* FROM "users" WHERE "users"."session_token" = $1 LIMIT $2[0m  [["session_token", "aEBuvtiMSH5RIzRQCB7nsg"], ["LIMIT", 1]]
  ↳ app/controllers/application_controller.rb:11
  Rendered api/users/_user.json.jbuilder (0.6ms)
Completed 200 OK in 2356ms (Views: 2300.8ms | ActiveRecord: 55.1ms)


Started GET "/api/rooms" for ::1 at 2021-04-15 11:38:10 -0700
Processing by Api::RoomsController#index as JSON
Started GET "/api/roommemberships" for ::1 at 2021-04-15 11:38:10 -0700
Started GET "/api/friendships" for ::1 at 2021-04-15 11:38:10 -0700
Started GET "/api/friendrequests" for ::1 at 2021-04-15 11:38:10 -0700
Started GET "/api/users" for ::1 at 2021-04-15 11:38:10 -0700
  Rendering api/rooms/index.json.jbuilder
  [1m[36mRooms Load (3.1ms)[0m  [1m[34mSELECT "rooms".* FROM "rooms"[0m
  ↳ app/views/api/rooms/index.json.jbuilder:1
Processing by Api::RoommembershipsController#index as JSON
  Rendered api/rooms/index.json.jbuilder (46.6ms)
Completed 200 OK in 102ms (Views: 48.8ms | ActiveRecord: 33.9ms)


  Rendering api/roommemberships/index.json.jbuilder
  [1m[36mRoomMembership Load (5.8ms)[0m  [1m[34mSELECT "room_memberships".* FROM "room_memberships"[0m
  ↳ app/views/api/roommemberships/index.json.jbuilder:1
Processing by Api::FriendshipsController#index as JSON
Processing by Api::FriendrequestsController#index as JSON
  Rendering api/friendships/index.json.jbuilder
Processing by Api::UsersController#index as JSON
  Rendering api/friendrequests/index.json.jbuilder
  Rendering api/users/index.json.jbuilder
  [1m[36mFriendRequest Load (15.4ms)[0m  [1m[34mSELECT "friend_requests".* FROM "friend_requests"[0m
  ↳ app/views/api/friendrequests/index.json.jbuilder:1
  [1m[36mFriendship Load (46.5ms)[0m  [1m[34mSELECT "friendships".* FROM "friendships"[0m
  ↳ app/views/api/friendships/index.json.jbuilder:1
  [1m[36mUser Load (14.1ms)[0m  [1m[34mSELECT "users".* FROM "users"[0m
  ↳ app/views/api/users/index.json.jbuilder:1
  Rendered api/roommemberships/index.json.jbuilder (124.1ms)
Completed 200 OK in 162ms (Views: 49.6ms | ActiveRecord: 105.0ms)


  Rendered api/friendships/index.json.jbuilder (109.9ms)
Completed 200 OK in 131ms (Views: 30.1ms | ActiveRecord: 96.2ms)


  Rendered api/friendrequests/index.json.jbuilder (97.9ms)
Completed 200 OK in 140ms (Views: 46.3ms | ActiveRecord: 74.6ms)


  [1m[36mActiveStorage::Attachment Load (1.7ms)[0m  [1m[34mSELECT  "active_storage_attachments".* FROM "active_storage_attachments" WHERE "active_storage_attachments"."record_id" = $1 AND "active_storage_attachments"."record_type" = $2 AND "active_storage_attachments"."name" = $3 LIMIT $4[0m  [["record_id", 18], ["record_type", "User"], ["name", "profile_picture"], ["LIMIT", 1]]
  ↳ app/views/api/users/index.json.jbuilder:4
  [1m[36mActiveStorage::Blob Load (1.0ms)[0m  [1m[34mSELECT  "active_storage_blobs".* FROM "active_storage_blobs" WHERE "active_storage_blobs"."id" = $1 LIMIT $2[0m  [["id", 14], ["LIMIT", 1]]
  ↳ app/views/api/users/index.json.jbuilder:4
  [1m[36mActiveStorage::Attachment Load (9.5ms)[0m  [1m[34mSELECT  "active_storage_attachments".* FROM "active_storage_attachments" WHERE "active_storage_attachments"."record_id" = $1 AND "active_storage_attachments"."record_type" = $2 AND "active_storage_attachments"."name" = $3 LIMIT $4[0m  [["record_id", 1], ["record_type", "User"], ["name", "profile_picture"], ["LIMIT", 1]]
  ↳ app/views/api/users/index.json.jbuilder:4
  [1m[36mActiveStorage::Blob Load (0.8ms)[0m  [1m[34mSELECT  "active_storage_blobs".* FROM "active_storage_blobs" WHERE "active_storage_blobs"."id" = $1 LIMIT $2[0m  [["id", 1], ["LIMIT", 1]]
  ↳ app/views/api/users/index.json.jbuilder:4
  [1m[36mActiveStorage::Attachment Load (0.9ms)[0m  [1m[34mSELECT  "active_storage_attachments".* FROM "active_storage_attachments" WHERE "active_storage_attachments"."record_id" = $1 AND "active_storage_attachments"."record_type" = $2 AND "active_storage_attachments"."name" = $3 LIMIT $4[0m  [["record_id", 3], ["record_type", "User"], ["name", "profile_picture"], ["LIMIT", 1]]
  ↳ app/views/api/users/index.json.jbuilder:4
  [1m[36mActiveStorage::Attachment Load (0.4ms)[0m  [1m[34mSELECT  "active_storage_attachments".* FROM "active_storage_attachments" WHERE "active_storage_attachments"."record_id" = $1 AND "active_storage_attachments"."record_type" = $2 AND "active_storage_attachments"."name" = $3 LIMIT $4[0m  [["record_id", 4], ["record_type", "User"], ["name", "profile_picture"], ["LIMIT", 1]]
  ↳ app/views/api/users/index.json.jbuilder:4
  [1m[36mActiveStorage::Attachment Load (0.4ms)[0m  [1m[34mSELECT  "active_storage_attachments".* FROM "active_storage_attachments" WHERE "active_storage_attachments"."record_id" = $1 AND "active_storage_attachments"."record_type" = $2 AND "active_storage_attachments"."name" = $3 LIMIT $4[0m  [["record_id", 5], ["record_type", "User"], ["name", "profile_picture"], ["LIMIT", 1]]
  ↳ app/views/api/users/index.json.jbuilder:4
  [1m[36mActiveStorage::Attachment Load (0.4ms)[0m  [1m[34mSELECT  "active_storage_attachments".* FROM "active_storage_attachments" WHERE "active_storage_attachments"."record_id" = $1 AND "active_storage_attachments"."record_type" = $2 AND "active_storage_attachments"."name" = $3 LIMIT $4[0m  [["record_id", 20], ["record_type", "User"], ["name", "profile_picture"], ["LIMIT", 1]]
  ↳ app/views/api/users/index.json.jbuilder:4
  [1m[36mActiveStorage::Blob Load (0.5ms)[0m  [1m[34mSELECT  "active_storage_blobs".* FROM "active_storage_blobs" WHERE "active_storage_blobs"."id" = $1 LIMIT $2[0m  [["id", 17], ["LIMIT", 1]]
  ↳ app/views/api/users/index.json.jbuilder:4
  [1m[36mActiveStorage::Attachment Load (0.4ms)[0m  [1m[34mSELECT  "active_storage_attachments".* FROM "active_storage_attachments" WHERE "active_storage_attachments"."record_id" = $1 AND "active_storage_attachments"."record_type" = $2 AND "active_storage_attachments"."name" = $3 LIMIT $4[0m  [["record_id", 6], ["record_type", "User"], ["name", "profile_picture"], ["LIMIT", 1]]
  ↳ app/views/api/users/index.json.jbuilder:4
  [1m[36mActiveStorage::Attachment Load (0.5ms)[0m  [1m[34mSELECT  "active_storage_attachments".* FROM "active_storage_attachments" WHERE "active_storage_attachments"."record_id" = $1 AND "active_storage_attachments"."record_type" = $2 AND "active_storage_attachments"."name" = $3 LIMIT $4[0m  [["record_id", 7], ["record_type", "User"], ["name", "profile_picture"], ["LIMIT", 1]]
  ↳ app/views/api/users/index.json.jbuilder:4
  [1m[36mActiveStorage::Attachment Load (1.1ms)[0m  [1m[34mSELECT  "active_storage_attachments".* FROM "active_storage_attachments" WHERE "active_storage_attachments"."record_id" = $1 AND "active_storage_attachments"."record_type" = $2 AND "active_storage_attachments"."name" = $3 LIMIT $4[0m  [["record_id", 21], ["record_type", "User"], ["name", "profile_picture"], ["LIMIT", 1]]
  ↳ app/views/api/users/index.json.jbuilder:4
  [1m[36mActiveStorage::Blob Load (0.5ms)[0m  [1m[34mSELECT  "active_storage_blobs".* FROM "active_storage_blobs" WHERE "active_storage_blobs"."id" = $1 LIMIT $2[0m  [["id", 18], ["LIMIT", 1]]
  ↳ app/views/api/users/index.json.jbuilder:4
  [1m[36mActiveStorage::Attachment Load (2.2ms)[0m  [1m[34mSELECT  "active_storage_attachments".* FROM "active_storage_attachments" WHERE "active_storage_attachments"."record_id" = $1 AND "active_storage_attachments"."record_type" = $2 AND "active_storage_attachments"."name" = $3 LIMIT $4[0m  [["record_id", 22], ["record_type", "User"], ["name", "profile_picture"], ["LIMIT", 1]]
  ↳ app/views/api/users/index.json.jbuilder:4
  [1m[36mActiveStorage::Blob Load (3.6ms)[0m  [1m[34mSELECT  "active_storage_blobs".* FROM "active_storage_blobs" WHERE "active_storage_blobs"."id" = $1 LIMIT $2[0m  [["id", 19], ["LIMIT", 1]]
  ↳ app/views/api/users/index.json.jbuilder:4
  [1m[36mActiveStorage::Attachment Load (1.3ms)[0m  [1m[34mSELECT  "active_storage_attachments".* FROM "active_storage_attachments" WHERE "active_storage_attachments"."record_id" = $1 AND "active_storage_attachments"."record_type" = $2 AND "active_storage_attachments"."name" = $3 LIMIT $4[0m  [["record_id", 26], ["record_type", "User"], ["name", "profile_picture"], ["LIMIT", 1]]
  ↳ app/views/api/users/index.json.jbuilder:4
  [1m[36mActiveStorage::Blob Load (0.6ms)[0m  [1m[34mSELECT  "active_storage_blobs".* FROM "active_storage_blobs" WHERE "active_storage_blobs"."id" = $1 LIMIT $2[0m  [["id", 25], ["LIMIT", 1]]
  ↳ app/views/api/users/index.json.jbuilder:4
  [1m[36mActiveStorage::Attachment Load (0.5ms)[0m  [1m[34mSELECT  "active_storage_attachments".* FROM "active_storage_attachments" WHERE "active_storage_attachments"."record_id" = $1 AND "active_storage_attachments"."record_type" = $2 AND "active_storage_attachments"."name" = $3 LIMIT $4[0m  [["record_id", 25], ["record_type", "User"], ["name", "profile_picture"], ["LIMIT", 1]]
  ↳ app/views/api/users/index.json.jbuilder:4
  [1m[36mActiveStorage::Blob Load (0.3ms)[0m  [1m[34mSELECT  "active_storage_blobs".* FROM "active_storage_blobs" WHERE "active_storage_blobs"."id" = $1 LIMIT $2[0m  [["id", 23], ["LIMIT", 1]]
  ↳ app/views/api/users/index.json.jbuilder:4
  [1m[36mActiveStorage::Attachment Load (0.3ms)[0m  [1m[34mSELECT  "active_storage_attachments".* FROM "active_storage_attachments" WHERE "active_storage_attachments"."record_id" = $1 AND "active_storage_attachments"."record_type" = $2 AND "active_storage_attachments"."name" = $3 LIMIT $4[0m  [["record_id", 14], ["record_type", "User"], ["name", "profile_picture"], ["LIMIT", 1]]
  ↳ app/views/api/users/index.json.jbuilder:4
  [1m[36mActiveStorage::Blob Load (0.5ms)[0m  [1m[34mSELECT  "active_storage_blobs".* FROM "active_storage_blobs" WHERE "active_storage_blobs"."id" = $1 LIMIT $2[0m  [["id", 6], ["LIMIT", 1]]
  ↳ app/views/api/users/index.json.jbuilder:4
  [1m[36mActiveStorage::Attachment Load (0.3ms)[0m  [1m[34mSELECT  "active_storage_attachments".* FROM "active_storage_attachments" WHERE "active_storage_attachments"."record_id" = $1 AND "active_storage_attachments"."record_type" = $2 AND "active_storage_attachments"."name" = $3 LIMIT $4[0m  [["record_id", 15], ["record_type", "User"], ["name", "profile_picture"], ["LIMIT", 1]]
  ↳ app/views/api/users/index.json.jbuilder:4
  [1m[36mActiveStorage::Blob Load (0.3ms)[0m  [1m[34mSELECT  "active_storage_blobs".* FROM "active_storage_blobs" WHERE "active_storage_blobs"."id" = $1 LIMIT $2[0m  [["id", 7], ["LIMIT", 1]]
  ↳ app/views/api/users/index.json.jbuilder:4
  [1m[36mActiveStorage::Attachment Load (0.4ms)[0m  [1m[34mSELECT  "active_storage_attachments".* FROM "active_storage_attachments" WHERE "active_storage_attachments"."record_id" = $1 AND "active_storage_attachments"."record_type" = $2 AND "active_storage_attachments"."name" = $3 LIMIT $4[0m  [["record_id", 17], ["record_type", "User"], ["name", "profile_picture"], ["LIMIT", 1]]
  ↳ app/views/api/users/index.json.jbuilder:4
  [1m[36mActiveStorage::Blob Load (0.3ms)[0m  [1m[34mSELECT  "active_storage_blobs".* FROM "active_storage_blobs" WHERE "active_storage_blobs"."id" = $1 LIMIT $2[0m  [["id", 13], ["LIMIT", 1]]
  ↳ app/views/api/users/index.json.jbuilder:4
  [1m[36mActiveStorage::Attachment Load (0.8ms)[0m  [1m[34mSELECT  "active_storage_attachments".* FROM "active_storage_attachments" WHERE "active_storage_attachments"."record_id" = $1 AND "active_storage_attachments"."record_type" = $2 AND "active_storage_attachments"."name" = $3 LIMIT $4[0m  [["record_id", 16], ["record_type", "User"], ["name", "profile_picture"], ["LIMIT", 1]]
  ↳ app/views/api/users/index.json.jbuilder:4
  [1m[36mActiveStorage::Blob Load (0.3ms)[0m  [1m[34mSELECT  "active_storage_blobs".* FROM "active_storage_blobs" WHERE "active_storage_blobs"."id" = $1 LIMIT $2[0m  [["id", 8], ["LIMIT", 1]]
  ↳ app/views/api/users/index.json.jbuilder:4
  [1m[36mActiveStorage::Attachment Load (0.4ms)[0m  [1m[34mSELECT  "active_storage_attachments".* FROM "active_storage_attachments" WHERE "active_storage_attachments"."record_id" = $1 AND "active_storage_attachments"."record_type" = $2 AND "active_storage_attachments"."name" = $3 LIMIT $4[0m  [["record_id", 19], ["record_type", "User"], ["name", "profile_picture"], ["LIMIT", 1]]
  ↳ app/views/api/users/index.json.jbuilder:4
  [1m[36mActiveStorage::Blob Load (0.9ms)[0m  [1m[34mSELECT  "active_storage_blobs".* FROM "active_storage_blobs" WHERE "active_storage_blobs"."id" = $1 LIMIT $2[0m  [["id", 16], ["LIMIT", 1]]
  ↳ app/views/api/users/index.json.jbuilder:4
  [1m[36mActiveStorage::Attachment Load (0.3ms)[0m  [1m[34mSELECT  "active_storage_attachments".* FROM "active_storage_attachments" WHERE "active_storage_attachments"."record_id" = $1 AND "active_storage_attachments"."record_type" = $2 AND "active_storage_attachments"."name" = $3 LIMIT $4[0m  [["record_id", 24], ["record_type", "User"], ["name", "profile_picture"], ["LIMIT", 1]]
  ↳ app/views/api/users/index.json.jbuilder:4
  [1m[36mActiveStorage::Blob Load (0.2ms)[0m  [1m[34mSELECT  "active_storage_blobs".* FROM "active_storage_blobs" WHERE "active_storage_blobs"."id" = $1 LIMIT $2[0m  [["id", 21], ["LIMIT", 1]]
  ↳ app/views/api/users/index.json.jbuilder:4
  [1m[36mActiveStorage::Attachment Load (0.6ms)[0m  [1m[34mSELECT  "active_storage_attachments".* FROM "active_storage_attachments" WHERE "active_storage_attachments"."record_id" = $1 AND "active_storage_attachments"."record_type" = $2 AND "active_storage_attachments"."name" = $3 LIMIT $4[0m  [["record_id", 23], ["record_type", "User"], ["name", "profile_picture"], ["LIMIT", 1]]
  ↳ app/views/api/users/index.json.jbuilder:4
  [1m[36mActiveStorage::Blob Load (0.2ms)[0m  [1m[34mSELECT  "active_storage_blobs".* FROM "active_storage_blobs" WHERE "active_storage_blobs"."id" = $1 LIMIT $2[0m  [["id", 20], ["LIMIT", 1]]
  ↳ app/views/api/users/index.json.jbuilder:4
  [1m[36mActiveStorage::Attachment Load (0.2ms)[0m  [1m[34mSELECT  "active_storage_attachments".* FROM "active_storage_attachments" WHERE "active_storage_attachments"."record_id" = $1 AND "active_storage_attachments"."record_type" = $2 AND "active_storage_attachments"."name" = $3 LIMIT $4[0m  [["record_id", 9], ["record_type", "User"], ["name", "profile_picture"], ["LIMIT", 1]]
  ↳ app/views/api/users/index.json.jbuilder:4
  [1m[36mActiveStorage::Attachment Load (0.3ms)[0m  [1m[34mSELECT  "active_storage_attachments".* FROM "active_storage_attachments" WHERE "active_storage_attachments"."record_id" = $1 AND "active_storage_attachments"."record_type" = $2 AND "active_storage_attachments"."name" = $3 LIMIT $4[0m  [["record_id", 8], ["record_type", "User"], ["name", "profile_picture"], ["LIMIT", 1]]
  ↳ app/views/api/users/index.json.jbuilder:4
  [1m[36mActiveStorage::Blob Load (0.2ms)[0m  [1m[34mSELECT  "active_storage_blobs".* FROM "active_storage_blobs" WHERE "active_storage_blobs"."id" = $1 LIMIT $2[0m  [["id", 2], ["LIMIT", 1]]
  ↳ app/views/api/users/index.json.jbuilder:4
  [1m[36mActiveStorage::Attachment Load (0.3ms)[0m  [1m[34mSELECT  "active_storage_attachments".* FROM "active_storage_attachments" WHERE "active_storage_attachments"."record_id" = $1 AND "active_storage_attachments"."record_type" = $2 AND "active_storage_attachments"."name" = $3 LIMIT $4[0m  [["record_id", 2], ["record_type", "User"], ["name", "profile_picture"], ["LIMIT", 1]]
  ↳ app/views/api/users/index.json.jbuilder:4
  [1m[36mActiveStorage::Blob Load (0.6ms)[0m  [1m[34mSELECT  "active_storage_blobs".* FROM "active_storage_blobs" WHERE "active_storage_blobs"."id" = $1 LIMIT $2[0m  [["id", 3], ["LIMIT", 1]]
  ↳ app/views/api/users/index.json.jbuilder:4
  [1m[36mActiveStorage::Attachment Load (0.5ms)[0m  [1m[34mSELECT  "active_storage_attachments".* FROM "active_storage_attachments" WHERE "active_storage_attachments"."record_id" = $1 AND "active_storage_attachments"."record_type" = $2 AND "active_storage_attachments"."name" = $3 LIMIT $4[0m  [["record_id", 13], ["record_type", "User"], ["name", "profile_picture"], ["LIMIT", 1]]
  ↳ app/views/api/users/index.json.jbuilder:4
  [1m[36mActiveStorage::Blob Load (0.3ms)[0m  [1m[34mSELECT  "active_storage_blobs".* FROM "active_storage_blobs" WHERE "active_storage_blobs"."id" = $1 LIMIT $2[0m  [["id", 5], ["LIMIT", 1]]
  ↳ app/views/api/users/index.json.jbuilder:4
  [1m[36mActiveStorage::Attachment Load (0.3ms)[0m  [1m[34mSELECT  "active_storage_attachments".* FROM "active_storage_attachments" WHERE "active_storage_attachments"."record_id" = $1 AND "active_storage_attachments"."record_type" = $2 AND "active_storage_attachments"."name" = $3 LIMIT $4[0m  [["record_id", 11], ["record_type", "User"], ["name", "profile_picture"], ["LIMIT", 1]]
  ↳ app/views/api/users/index.json.jbuilder:4
  [1m[36mActiveStorage::Attachment Load (0.3ms)[0m  [1m[34mSELECT  "active_storage_attachments".* FROM "active_storage_attachments" WHERE "active_storage_attachments"."record_id" = $1 AND "active_storage_attachments"."record_type" = $2 AND "active_storage_attachments"."name" = $3 LIMIT $4[0m  [["record_id", 12], ["record_type", "User"], ["name", "profile_picture"], ["LIMIT", 1]]
  ↳ app/views/api/users/index.json.jbuilder:4
  [1m[36mActiveStorage::Attachment Load (0.4ms)[0m  [1m[34mSELECT  "active_storage_attachments".* FROM "active_storage_attachments" WHERE "active_storage_attachments"."record_id" = $1 AND "active_storage_attachments"."record_type" = $2 AND "active_storage_attachments"."name" = $3 LIMIT $4[0m  [["record_id", 10], ["record_type", "User"], ["name", "profile_picture"], ["LIMIT", 1]]
  ↳ app/views/api/users/index.json.jbuilder:4
  Rendered api/users/index.json.jbuilder (518.4ms)
Completed 200 OK in 542ms (Views: 440.3ms | ActiveRecord: 101.9ms)


Started POST "/api/rooms" for ::1 at 2021-04-15 11:38:17 -0700
Processing by Api::RoomsController#create as JSON
  Parameters: {"room"=>"Test Again"}
  [1m[35m (0.3ms)[0m  [1m[35mBEGIN[0m
  ↳ app/controllers/api/rooms_controller.rb:10
  [1m[35m (12.5ms)[0m  [1m[31mROLLBACK[0m
  ↳ app/controllers/api/rooms_controller.rb:10
Completed 422 Unprocessable Entity in 19ms (ActiveRecord: 12.8ms)


  
ActiveRecord::RecordInvalid (Validation failed: Title can't be blank):
  
app/controllers/api/rooms_controller.rb:10:in `create'
