Started GET "/" for ::1 at 2021-06-01 13:15:26 -0700
  [1m[35m (23.2ms)[0m  [1m[34mSELECT "schema_migrations"."version" FROM "schema_migrations" ORDER BY "schema_migrations"."version" ASC[0m
  ↳ /Users/Eyal/.rbenv/versions/2.5.1/lib/ruby/gems/2.5.0/gems/activerecord-5.2.4.2/lib/active_record/log_subscriber.rb:98
Processing by StaticPagesController#root as HTML
  Rendering static_pages/root.html.erb within layouts/application
  Rendered static_pages/root.html.erb within layouts/application (2.0ms)
  [1m[36mUser Load (25.1ms)[0m  [1m[34mSELECT  "users".* FROM "users" WHERE "users"."session_token" = $1 LIMIT $2[0m  [["session_token", "qbSnFAWwi4e6WsFCg8VzbQ"], ["LIMIT", 1]]
  ↳ app/controllers/application_controller.rb:11
  Rendered api/users/_user.json.jbuilder (1.3ms)
Completed 200 OK in 2016ms (Views: 1960.9ms | ActiveRecord: 54.9ms)


Started GET "/api/friendrequests" for ::1 at 2021-06-01 13:15:28 -0700
Started GET "/api/profilebio" for ::1 at 2021-06-01 13:15:28 -0700
Started GET "/api/friendships" for ::1 at 2021-06-01 13:15:28 -0700
Started GET "/api/users" for ::1 at 2021-06-01 13:15:28 -0700
Processing by Api::FriendrequestsController#index as JSON
  Rendering api/friendrequests/index.json.jbuilder
Processing by Api::ProfilebioController#index as JSON
  Rendering api/profilebio/index.json.jbuilder
Processing by Api::FriendshipsController#index as JSON
  [1m[36mFriendRequest Load (77.4ms)[0m  [1m[34mSELECT "friend_requests".* FROM "friend_requests"[0m
  ↳ app/views/api/friendrequests/index.json.jbuilder:1
  [1m[36mProfileBio Load (37.0ms)[0m  [1m[34mSELECT "profile_bios".* FROM "profile_bios"[0m
  ↳ app/views/api/profilebio/index.json.jbuilder:1
Processing by Api::UsersController#index as JSON
  Rendering api/friendships/index.json.jbuilder
  [1m[36mFriendship Load (2.2ms)[0m  [1m[34mSELECT "friendships".* FROM "friendships"[0m
  ↳ app/views/api/friendships/index.json.jbuilder:1
  Rendering api/users/index.json.jbuilder
  Rendered api/friendrequests/index.json.jbuilder (147.3ms)
Completed 200 OK in 165ms (Views: 26.7ms | ActiveRecord: 133.5ms)


  [1m[36mUser Load (11.3ms)[0m  [1m[34mSELECT "users".* FROM "users"[0m
  ↳ app/views/api/users/index.json.jbuilder:1
  Rendered api/profilebio/index.json.jbuilder (124.7ms)
Completed 200 OK in 151ms (Views: 37.2ms | ActiveRecord: 109.2ms)


  Rendered api/friendships/index.json.jbuilder (58.3ms)
Completed 200 OK in 96ms (Views: 27.3ms | ActiveRecord: 51.5ms)


  [1m[36mActiveStorage::Attachment Load (0.7ms)[0m  [1m[34mSELECT  "active_storage_attachments".* FROM "active_storage_attachments" WHERE "active_storage_attachments"."record_id" = $1 AND "active_storage_attachments"."record_type" = $2 AND "active_storage_attachments"."name" = $3 LIMIT $4[0m  [["record_id", 18], ["record_type", "User"], ["name", "profile_picture"], ["LIMIT", 1]]
  ↳ app/views/api/users/index.json.jbuilder:4
  [1m[36mActiveStorage::Blob Load (0.8ms)[0m  [1m[34mSELECT  "active_storage_blobs".* FROM "active_storage_blobs" WHERE "active_storage_blobs"."id" = $1 LIMIT $2[0m  [["id", 14], ["LIMIT", 1]]
  ↳ app/views/api/users/index.json.jbuilder:4
  [1m[36mActiveStorage::Attachment Load (0.4ms)[0m  [1m[34mSELECT  "active_storage_attachments".* FROM "active_storage_attachments" WHERE "active_storage_attachments"."record_id" = $1 AND "active_storage_attachments"."record_type" = $2 AND "active_storage_attachments"."name" = $3 LIMIT $4[0m  [["record_id", 1], ["record_type", "User"], ["name", "profile_picture"], ["LIMIT", 1]]
  ↳ app/views/api/users/index.json.jbuilder:4
  [1m[36mActiveStorage::Blob Load (0.4ms)[0m  [1m[34mSELECT  "active_storage_blobs".* FROM "active_storage_blobs" WHERE "active_storage_blobs"."id" = $1 LIMIT $2[0m  [["id", 1], ["LIMIT", 1]]
  ↳ app/views/api/users/index.json.jbuilder:4
  [1m[36mActiveStorage::Attachment Load (0.4ms)[0m  [1m[34mSELECT  "active_storage_attachments".* FROM "active_storage_attachments" WHERE "active_storage_attachments"."record_id" = $1 AND "active_storage_attachments"."record_type" = $2 AND "active_storage_attachments"."name" = $3 LIMIT $4[0m  [["record_id", 3], ["record_type", "User"], ["name", "profile_picture"], ["LIMIT", 1]]
  ↳ app/views/api/users/index.json.jbuilder:4
  [1m[36mActiveStorage::Attachment Load (0.4ms)[0m  [1m[34mSELECT  "active_storage_attachments".* FROM "active_storage_attachments" WHERE "active_storage_attachments"."record_id" = $1 AND "active_storage_attachments"."record_type" = $2 AND "active_storage_attachments"."name" = $3 LIMIT $4[0m  [["record_id", 4], ["record_type", "User"], ["name", "profile_picture"], ["LIMIT", 1]]
  ↳ app/views/api/users/index.json.jbuilder:4
  [1m[36mActiveStorage::Attachment Load (0.5ms)[0m  [1m[34mSELECT  "active_storage_attachments".* FROM "active_storage_attachments" WHERE "active_storage_attachments"."record_id" = $1 AND "active_storage_attachments"."record_type" = $2 AND "active_storage_attachments"."name" = $3 LIMIT $4[0m  [["record_id", 5], ["record_type", "User"], ["name", "profile_picture"], ["LIMIT", 1]]
  ↳ app/views/api/users/index.json.jbuilder:4
  [1m[36mActiveStorage::Attachment Load (0.4ms)[0m  [1m[34mSELECT  "active_storage_attachments".* FROM "active_storage_attachments" WHERE "active_storage_attachments"."record_id" = $1 AND "active_storage_attachments"."record_type" = $2 AND "active_storage_attachments"."name" = $3 LIMIT $4[0m  [["record_id", 20], ["record_type", "User"], ["name", "profile_picture"], ["LIMIT", 1]]
  ↳ app/views/api/users/index.json.jbuilder:4
  [1m[36mActiveStorage::Blob Load (0.4ms)[0m  [1m[34mSELECT  "active_storage_blobs".* FROM "active_storage_blobs" WHERE "active_storage_blobs"."id" = $1 LIMIT $2[0m  [["id", 17], ["LIMIT", 1]]
  ↳ app/views/api/users/index.json.jbuilder:4
  [1m[36mActiveStorage::Attachment Load (0.3ms)[0m  [1m[34mSELECT  "active_storage_attachments".* FROM "active_storage_attachments" WHERE "active_storage_attachments"."record_id" = $1 AND "active_storage_attachments"."record_type" = $2 AND "active_storage_attachments"."name" = $3 LIMIT $4[0m  [["record_id", 6], ["record_type", "User"], ["name", "profile_picture"], ["LIMIT", 1]]
  ↳ app/views/api/users/index.json.jbuilder:4
  [1m[36mActiveStorage::Attachment Load (0.2ms)[0m  [1m[34mSELECT  "active_storage_attachments".* FROM "active_storage_attachments" WHERE "active_storage_attachments"."record_id" = $1 AND "active_storage_attachments"."record_type" = $2 AND "active_storage_attachments"."name" = $3 LIMIT $4[0m  [["record_id", 7], ["record_type", "User"], ["name", "profile_picture"], ["LIMIT", 1]]
  ↳ app/views/api/users/index.json.jbuilder:4
  [1m[36mActiveStorage::Attachment Load (0.3ms)[0m  [1m[34mSELECT  "active_storage_attachments".* FROM "active_storage_attachments" WHERE "active_storage_attachments"."record_id" = $1 AND "active_storage_attachments"."record_type" = $2 AND "active_storage_attachments"."name" = $3 LIMIT $4[0m  [["record_id", 21], ["record_type", "User"], ["name", "profile_picture"], ["LIMIT", 1]]
  ↳ app/views/api/users/index.json.jbuilder:4
  [1m[36mActiveStorage::Blob Load (0.6ms)[0m  [1m[34mSELECT  "active_storage_blobs".* FROM "active_storage_blobs" WHERE "active_storage_blobs"."id" = $1 LIMIT $2[0m  [["id", 18], ["LIMIT", 1]]
  ↳ app/views/api/users/index.json.jbuilder:4
  [1m[36mActiveStorage::Attachment Load (0.4ms)[0m  [1m[34mSELECT  "active_storage_attachments".* FROM "active_storage_attachments" WHERE "active_storage_attachments"."record_id" = $1 AND "active_storage_attachments"."record_type" = $2 AND "active_storage_attachments"."name" = $3 LIMIT $4[0m  [["record_id", 2], ["record_type", "User"], ["name", "profile_picture"], ["LIMIT", 1]]
  ↳ app/views/api/users/index.json.jbuilder:4
  [1m[36mActiveStorage::Blob Load (0.5ms)[0m  [1m[34mSELECT  "active_storage_blobs".* FROM "active_storage_blobs" WHERE "active_storage_blobs"."id" = $1 LIMIT $2[0m  [["id", 3], ["LIMIT", 1]]
  ↳ app/views/api/users/index.json.jbuilder:4
  [1m[36mActiveStorage::Attachment Load (0.3ms)[0m  [1m[34mSELECT  "active_storage_attachments".* FROM "active_storage_attachments" WHERE "active_storage_attachments"."record_id" = $1 AND "active_storage_attachments"."record_type" = $2 AND "active_storage_attachments"."name" = $3 LIMIT $4[0m  [["record_id", 22], ["record_type", "User"], ["name", "profile_picture"], ["LIMIT", 1]]
  ↳ app/views/api/users/index.json.jbuilder:4
  [1m[36mActiveStorage::Blob Load (0.4ms)[0m  [1m[34mSELECT  "active_storage_blobs".* FROM "active_storage_blobs" WHERE "active_storage_blobs"."id" = $1 LIMIT $2[0m  [["id", 19], ["LIMIT", 1]]
  ↳ app/views/api/users/index.json.jbuilder:4
  [1m[36mActiveStorage::Attachment Load (1.5ms)[0m  [1m[34mSELECT  "active_storage_attachments".* FROM "active_storage_attachments" WHERE "active_storage_attachments"."record_id" = $1 AND "active_storage_attachments"."record_type" = $2 AND "active_storage_attachments"."name" = $3 LIMIT $4[0m  [["record_id", 8], ["record_type", "User"], ["name", "profile_picture"], ["LIMIT", 1]]
  ↳ app/views/api/users/index.json.jbuilder:4
  [1m[36mActiveStorage::Blob Load (0.3ms)[0m  [1m[34mSELECT  "active_storage_blobs".* FROM "active_storage_blobs" WHERE "active_storage_blobs"."id" = $1 LIMIT $2[0m  [["id", 27], ["LIMIT", 1]]
  ↳ app/views/api/users/index.json.jbuilder:4
  [1m[36mActiveStorage::Attachment Load (0.3ms)[0m  [1m[34mSELECT  "active_storage_attachments".* FROM "active_storage_attachments" WHERE "active_storage_attachments"."record_id" = $1 AND "active_storage_attachments"."record_type" = $2 AND "active_storage_attachments"."name" = $3 LIMIT $4[0m  [["record_id", 26], ["record_type", "User"], ["name", "profile_picture"], ["LIMIT", 1]]
  ↳ app/views/api/users/index.json.jbuilder:4
  [1m[36mActiveStorage::Blob Load (0.3ms)[0m  [1m[34mSELECT  "active_storage_blobs".* FROM "active_storage_blobs" WHERE "active_storage_blobs"."id" = $1 LIMIT $2[0m  [["id", 25], ["LIMIT", 1]]
  ↳ app/views/api/users/index.json.jbuilder:4
  [1m[36mActiveStorage::Attachment Load (0.9ms)[0m  [1m[34mSELECT  "active_storage_attachments".* FROM "active_storage_attachments" WHERE "active_storage_attachments"."record_id" = $1 AND "active_storage_attachments"."record_type" = $2 AND "active_storage_attachments"."name" = $3 LIMIT $4[0m  [["record_id", 25], ["record_type", "User"], ["name", "profile_picture"], ["LIMIT", 1]]
  ↳ app/views/api/users/index.json.jbuilder:4
  [1m[36mActiveStorage::Blob Load (0.4ms)[0m  [1m[34mSELECT  "active_storage_blobs".* FROM "active_storage_blobs" WHERE "active_storage_blobs"."id" = $1 LIMIT $2[0m  [["id", 23], ["LIMIT", 1]]
  ↳ app/views/api/users/index.json.jbuilder:4
  [1m[36mActiveStorage::Attachment Load (0.3ms)[0m  [1m[34mSELECT  "active_storage_attachments".* FROM "active_storage_attachments" WHERE "active_storage_attachments"."record_id" = $1 AND "active_storage_attachments"."record_type" = $2 AND "active_storage_attachments"."name" = $3 LIMIT $4[0m  [["record_id", 14], ["record_type", "User"], ["name", "profile_picture"], ["LIMIT", 1]]
  ↳ app/views/api/users/index.json.jbuilder:4
  [1m[36mActiveStorage::Blob Load (0.2ms)[0m  [1m[34mSELECT  "active_storage_blobs".* FROM "active_storage_blobs" WHERE "active_storage_blobs"."id" = $1 LIMIT $2[0m  [["id", 6], ["LIMIT", 1]]
  ↳ app/views/api/users/index.json.jbuilder:4
  [1m[36mActiveStorage::Attachment Load (4.2ms)[0m  [1m[34mSELECT  "active_storage_attachments".* FROM "active_storage_attachments" WHERE "active_storage_attachments"."record_id" = $1 AND "active_storage_attachments"."record_type" = $2 AND "active_storage_attachments"."name" = $3 LIMIT $4[0m  [["record_id", 15], ["record_type", "User"], ["name", "profile_picture"], ["LIMIT", 1]]
  ↳ app/views/api/users/index.json.jbuilder:4
  [1m[36mActiveStorage::Blob Load (0.5ms)[0m  [1m[34mSELECT  "active_storage_blobs".* FROM "active_storage_blobs" WHERE "active_storage_blobs"."id" = $1 LIMIT $2[0m  [["id", 7], ["LIMIT", 1]]
  ↳ app/views/api/users/index.json.jbuilder:4
  [1m[36mActiveStorage::Attachment Load (0.5ms)[0m  [1m[34mSELECT  "active_storage_attachments".* FROM "active_storage_attachments" WHERE "active_storage_attachments"."record_id" = $1 AND "active_storage_attachments"."record_type" = $2 AND "active_storage_attachments"."name" = $3 LIMIT $4[0m  [["record_id", 17], ["record_type", "User"], ["name", "profile_picture"], ["LIMIT", 1]]
  ↳ app/views/api/users/index.json.jbuilder:4
  [1m[36mActiveStorage::Blob Load (2.1ms)[0m  [1m[34mSELECT  "active_storage_blobs".* FROM "active_storage_blobs" WHERE "active_storage_blobs"."id" = $1 LIMIT $2[0m  [["id", 13], ["LIMIT", 1]]
  ↳ app/views/api/users/index.json.jbuilder:4
  [1m[36mActiveStorage::Attachment Load (0.3ms)[0m  [1m[34mSELECT  "active_storage_attachments".* FROM "active_storage_attachments" WHERE "active_storage_attachments"."record_id" = $1 AND "active_storage_attachments"."record_type" = $2 AND "active_storage_attachments"."name" = $3 LIMIT $4[0m  [["record_id", 16], ["record_type", "User"], ["name", "profile_picture"], ["LIMIT", 1]]
  ↳ app/views/api/users/index.json.jbuilder:4
  [1m[36mActiveStorage::Blob Load (0.3ms)[0m  [1m[34mSELECT  "active_storage_blobs".* FROM "active_storage_blobs" WHERE "active_storage_blobs"."id" = $1 LIMIT $2[0m  [["id", 8], ["LIMIT", 1]]
  ↳ app/views/api/users/index.json.jbuilder:4
  [1m[36mActiveStorage::Attachment Load (0.2ms)[0m  [1m[34mSELECT  "active_storage_attachments".* FROM "active_storage_attachments" WHERE "active_storage_attachments"."record_id" = $1 AND "active_storage_attachments"."record_type" = $2 AND "active_storage_attachments"."name" = $3 LIMIT $4[0m  [["record_id", 19], ["record_type", "User"], ["name", "profile_picture"], ["LIMIT", 1]]
  ↳ app/views/api/users/index.json.jbuilder:4
  [1m[36mActiveStorage::Blob Load (0.3ms)[0m  [1m[34mSELECT  "active_storage_blobs".* FROM "active_storage_blobs" WHERE "active_storage_blobs"."id" = $1 LIMIT $2[0m  [["id", 16], ["LIMIT", 1]]
  ↳ app/views/api/users/index.json.jbuilder:4
  [1m[36mActiveStorage::Attachment Load (0.3ms)[0m  [1m[34mSELECT  "active_storage_attachments".* FROM "active_storage_attachments" WHERE "active_storage_attachments"."record_id" = $1 AND "active_storage_attachments"."record_type" = $2 AND "active_storage_attachments"."name" = $3 LIMIT $4[0m  [["record_id", 24], ["record_type", "User"], ["name", "profile_picture"], ["LIMIT", 1]]
  ↳ app/views/api/users/index.json.jbuilder:4
  [1m[36mActiveStorage::Blob Load (0.3ms)[0m  [1m[34mSELECT  "active_storage_blobs".* FROM "active_storage_blobs" WHERE "active_storage_blobs"."id" = $1 LIMIT $2[0m  [["id", 21], ["LIMIT", 1]]
  ↳ app/views/api/users/index.json.jbuilder:4
  [1m[36mActiveStorage::Attachment Load (1.0ms)[0m  [1m[34mSELECT  "active_storage_attachments".* FROM "active_storage_attachments" WHERE "active_storage_attachments"."record_id" = $1 AND "active_storage_attachments"."record_type" = $2 AND "active_storage_attachments"."name" = $3 LIMIT $4[0m  [["record_id", 23], ["record_type", "User"], ["name", "profile_picture"], ["LIMIT", 1]]
  ↳ app/views/api/users/index.json.jbuilder:4
  [1m[36mActiveStorage::Blob Load (0.3ms)[0m  [1m[34mSELECT  "active_storage_blobs".* FROM "active_storage_blobs" WHERE "active_storage_blobs"."id" = $1 LIMIT $2[0m  [["id", 20], ["LIMIT", 1]]
  ↳ app/views/api/users/index.json.jbuilder:4
  [1m[36mActiveStorage::Attachment Load (0.4ms)[0m  [1m[34mSELECT  "active_storage_attachments".* FROM "active_storage_attachments" WHERE "active_storage_attachments"."record_id" = $1 AND "active_storage_attachments"."record_type" = $2 AND "active_storage_attachments"."name" = $3 LIMIT $4[0m  [["record_id", 9], ["record_type", "User"], ["name", "profile_picture"], ["LIMIT", 1]]
  ↳ app/views/api/users/index.json.jbuilder:4
  [1m[36mActiveStorage::Attachment Load (0.5ms)[0m  [1m[34mSELECT  "active_storage_attachments".* FROM "active_storage_attachments" WHERE "active_storage_attachments"."record_id" = $1 AND "active_storage_attachments"."record_type" = $2 AND "active_storage_attachments"."name" = $3 LIMIT $4[0m  [["record_id", 13], ["record_type", "User"], ["name", "profile_picture"], ["LIMIT", 1]]
  ↳ app/views/api/users/index.json.jbuilder:4
  [1m[36mActiveStorage::Blob Load (0.3ms)[0m  [1m[34mSELECT  "active_storage_blobs".* FROM "active_storage_blobs" WHERE "active_storage_blobs"."id" = $1 LIMIT $2[0m  [["id", 5], ["LIMIT", 1]]
  ↳ app/views/api/users/index.json.jbuilder:4
  [1m[36mActiveStorage::Attachment Load (0.4ms)[0m  [1m[34mSELECT  "active_storage_attachments".* FROM "active_storage_attachments" WHERE "active_storage_attachments"."record_id" = $1 AND "active_storage_attachments"."record_type" = $2 AND "active_storage_attachments"."name" = $3 LIMIT $4[0m  [["record_id", 11], ["record_type", "User"], ["name", "profile_picture"], ["LIMIT", 1]]
  ↳ app/views/api/users/index.json.jbuilder:4
  [1m[36mActiveStorage::Attachment Load (0.3ms)[0m  [1m[34mSELECT  "active_storage_attachments".* FROM "active_storage_attachments" WHERE "active_storage_attachments"."record_id" = $1 AND "active_storage_attachments"."record_type" = $2 AND "active_storage_attachments"."name" = $3 LIMIT $4[0m  [["record_id", 12], ["record_type", "User"], ["name", "profile_picture"], ["LIMIT", 1]]
  ↳ app/views/api/users/index.json.jbuilder:4
  [1m[36mActiveStorage::Attachment Load (0.3ms)[0m  [1m[34mSELECT  "active_storage_attachments".* FROM "active_storage_attachments" WHERE "active_storage_attachments"."record_id" = $1 AND "active_storage_attachments"."record_type" = $2 AND "active_storage_attachments"."name" = $3 LIMIT $4[0m  [["record_id", 10], ["record_type", "User"], ["name", "profile_picture"], ["LIMIT", 1]]
  ↳ app/views/api/users/index.json.jbuilder:4
  Rendered api/users/index.json.jbuilder (244.8ms)
Completed 200 OK in 281ms (Views: 220.7ms | ActiveRecord: 59.8ms)


Started GET "/rails/active_storage/blobs/eyJfcmFpbHMiOnsibWVzc2FnZSI6IkJBaHBJQT09IiwiZXhwIjpudWxsLCJwdXIiOiJibG9iX2lkIn19--f5e92841bea1835b58048c9a64a94b77ea27865d/image0.jpg" for ::1 at 2021-06-01 13:15:29 -0700
Started GET "/rails/active_storage/blobs/eyJfcmFpbHMiOnsibWVzc2FnZSI6IkJBaHBDdz09IiwiZXhwIjpudWxsLCJwdXIiOiJibG9iX2lkIn19--0273dc55521e56d398aef7c3aee2932301a2f7a9/default_user.jpg" for ::1 at 2021-06-01 13:15:29 -0700
Started GET "/rails/active_storage/blobs/eyJfcmFpbHMiOnsibWVzc2FnZSI6IkJBaHBFdz09IiwiZXhwIjpudWxsLCJwdXIiOiJibG9iX2lkIn19--ef98d351fb0e4d62be2f481a587456543e45cc96/default_user.jpg" for ::1 at 2021-06-01 13:15:29 -0700
Started GET "/rails/active_storage/blobs/eyJfcmFpbHMiOnsibWVzc2FnZSI6IkJBaHBEUT09IiwiZXhwIjpudWxsLCJwdXIiOiJibG9iX2lkIn19--fca081367be7a01e27f2c53d61eed514690ebb36/default_user.jpg" for ::1 at 2021-06-01 13:15:29 -0700
Started GET "/rails/active_storage/blobs/eyJfcmFpbHMiOnsibWVzc2FnZSI6IkJBaHBGdz09IiwiZXhwIjpudWxsLCJwdXIiOiJibG9iX2lkIn19--e5de393ca8824e6b30ea11a35c89c7ec3799e2fb/default_user.jpg" for ::1 at 2021-06-01 13:15:29 -0700
Processing by ActiveStorage::BlobsController#show as JPEG
Processing by ActiveStorage::BlobsController#show as JPEG
Processing by ActiveStorage::BlobsController#show as JPEG
  Parameters: {"signed_id"=>"eyJfcmFpbHMiOnsibWVzc2FnZSI6IkJBaHBDdz09IiwiZXhwIjpudWxsLCJwdXIiOiJibG9iX2lkIn19--0273dc55521e56d398aef7c3aee2932301a2f7a9", "filename"=>"default_user"}
  Parameters: {"signed_id"=>"eyJfcmFpbHMiOnsibWVzc2FnZSI6IkJBaHBJQT09IiwiZXhwIjpudWxsLCJwdXIiOiJibG9iX2lkIn19--f5e92841bea1835b58048c9a64a94b77ea27865d", "filename"=>"image0"}
Processing by ActiveStorage::BlobsController#show as JPEG
  Parameters: {"signed_id"=>"eyJfcmFpbHMiOnsibWVzc2FnZSI6IkJBaHBFdz09IiwiZXhwIjpudWxsLCJwdXIiOiJibG9iX2lkIn19--ef98d351fb0e4d62be2f481a587456543e45cc96", "filename"=>"default_user"}
  Parameters: {"signed_id"=>"eyJfcmFpbHMiOnsibWVzc2FnZSI6IkJBaHBEUT09IiwiZXhwIjpudWxsLCJwdXIiOiJibG9iX2lkIn19--fca081367be7a01e27f2c53d61eed514690ebb36", "filename"=>"default_user"}
  [1m[36mActiveStorage::Blob Load (2.4ms)[0m  [1m[34mSELECT  "active_storage_blobs".* FROM "active_storage_blobs" WHERE "active_storage_blobs"."id" = $1 LIMIT $2[0m  [["id", 6], ["LIMIT", 1]]
  ↳ /Users/Eyal/.rbenv/versions/2.5.1/lib/ruby/gems/2.5.0/gems/activerecord-5.2.4.2/lib/active_record/log_subscriber.rb:98
[36m  S3 Storage (10.9ms) [0m[34mGenerated URL for file at key: Ecp8yKB2Nne87okfpvUbPDL7 (https://sofaboarding-dev.s3.us-west-1.amazonaws.com/Ecp8yKB2Nne87okfpvUbPDL7?response-content-disposition=inline%3B%20filename%3D%22default_user.jpg%22%3B%20filename%2A%3DUTF-8%27%27default_user.jpg&response-content-type=image%2Fjpeg&X-Amz-Algorithm=AWS4-HMAC-SHA256&X-Amz-Credential=AKIATR56K5PO3QXEEEGI%2F20210601%2Fus-west-1%2Fs3%2Faws4_request&X-Amz-Date=20210601T201529Z&X-Amz-Expires=300&X-Amz-SignedHeaders=host&X-Amz-Signature=dc4899c7cd3c2288df1fd54bfcc20526c87085cc660e4e2ecaaabc067f8b2ca1)[0m
Redirected to https://sofaboarding-dev.s3.us-west-1.amazonaws.com/Ecp8yKB2Nne87okfpvUbPDL7?response-content-disposition=inline%3B%20filename%3D%22default_user.jpg%22%3B%20filename%2A%3DUTF-8%27%27default_user.jpg&response-content-type=image%2Fjpeg&X-Amz-Algorithm=AWS4-HMAC-SHA256&X-Amz-Credential=AKIATR56K5PO3QXEEEGI%2F20210601%2Fus-west-1%2Fs3%2Faws4_request&X-Amz-Date=20210601T201529Z&X-Amz-Expires=300&X-Amz-SignedHeaders=host&X-Amz-Signature=dc4899c7cd3c2288df1fd54bfcc20526c87085cc660e4e2ecaaabc067f8b2ca1
Completed 302 Found in 25ms (ActiveRecord: 2.4ms)


  [1m[36mActiveStorage::Blob Load (14.3ms)[0m  [1m[34mSELECT  "active_storage_blobs".* FROM "active_storage_blobs" WHERE "active_storage_blobs"."id" = $1 LIMIT $2[0m  [["id", 27], ["LIMIT", 1]]
  ↳ /Users/Eyal/.rbenv/versions/2.5.1/lib/ruby/gems/2.5.0/gems/activerecord-5.2.4.2/lib/active_record/log_subscriber.rb:98
[36m  S3 Storage (4.4ms) [0m[34mGenerated URL for file at key: H8Zof7W3D6x952e9FfUt7sLY (https://sofaboarding-dev.s3.us-west-1.amazonaws.com/H8Zof7W3D6x952e9FfUt7sLY?response-content-disposition=inline%3B%20filename%3D%22image0.jpg%22%3B%20filename%2A%3DUTF-8%27%27image0.jpg&response-content-type=image%2Fjpeg&X-Amz-Algorithm=AWS4-HMAC-SHA256&X-Amz-Credential=AKIATR56K5PO3QXEEEGI%2F20210601%2Fus-west-1%2Fs3%2Faws4_request&X-Amz-Date=20210601T201529Z&X-Amz-Expires=300&X-Amz-SignedHeaders=host&X-Amz-Signature=0334769a05090d0941895df307abe656a29f1b8200bf10c930bb49da37829659)[0m
Redirected to https://sofaboarding-dev.s3.us-west-1.amazonaws.com/H8Zof7W3D6x952e9FfUt7sLY?response-content-disposition=inline%3B%20filename%3D%22image0.jpg%22%3B%20filename%2A%3DUTF-8%27%27image0.jpg&response-content-type=image%2Fjpeg&X-Amz-Algorithm=AWS4-HMAC-SHA256&X-Amz-Credential=AKIATR56K5PO3QXEEEGI%2F20210601%2Fus-west-1%2Fs3%2Faws4_request&X-Amz-Date=20210601T201529Z&X-Amz-Expires=300&X-Amz-SignedHeaders=host&X-Amz-Signature=0334769a05090d0941895df307abe656a29f1b8200bf10c930bb49da37829659
Completed 302 Found in 32ms (ActiveRecord: 15.4ms)


Started GET "/rails/active_storage/blobs/eyJfcmFpbHMiOnsibWVzc2FnZSI6IkJBaHBHUT09IiwiZXhwIjpudWxsLCJwdXIiOiJibG9iX2lkIn19--a0c41fffb5e5c8b3bbce908d9460056f425d90ba/default_user.jpg" for ::1 at 2021-06-01 13:15:29 -0700
  [1m[36mActiveStorage::Blob Load (39.3ms)[0m  [1m[34mSELECT  "active_storage_blobs".* FROM "active_storage_blobs" WHERE "active_storage_blobs"."id" = $1 LIMIT $2[0m  [["id", 8], ["LIMIT", 1]]
  ↳ /Users/Eyal/.rbenv/versions/2.5.1/lib/ruby/gems/2.5.0/gems/activerecord-5.2.4.2/lib/active_record/log_subscriber.rb:98
[36m  S3 Storage (2.6ms) [0m[34mGenerated URL for file at key: PLzAu6KD8x9odhELZ7TamRkg (https://sofaboarding-dev.s3.us-west-1.amazonaws.com/PLzAu6KD8x9odhELZ7TamRkg?response-content-disposition=inline%3B%20filename%3D%22default_user.jpg%22%3B%20filename%2A%3DUTF-8%27%27default_user.jpg&response-content-type=image%2Fjpeg&X-Amz-Algorithm=AWS4-HMAC-SHA256&X-Amz-Credential=AKIATR56K5PO3QXEEEGI%2F20210601%2Fus-west-1%2Fs3%2Faws4_request&X-Amz-Date=20210601T201529Z&X-Amz-Expires=300&X-Amz-SignedHeaders=host&X-Amz-Signature=3f6336065adbc171e39207ef66b34f42bef3dfa67bdeb6e169b820869f8d8979)[0m
Started GET "/rails/active_storage/blobs/eyJfcmFpbHMiOnsibWVzc2FnZSI6IkJBaHBHZz09IiwiZXhwIjpudWxsLCJwdXIiOiJibG9iX2lkIn19--c8a1cce05fd7ad21d187a31f1eb2babbe88bc3d2/default_user.jpg" for ::1 at 2021-06-01 13:15:29 -0700
  [1m[36mActiveStorage::Blob Load (27.9ms)[0m  [1m[34mSELECT  "active_storage_blobs".* FROM "active_storage_blobs" WHERE "active_storage_blobs"."id" = $1 LIMIT $2[0m  [["id", 14], ["LIMIT", 1]]
  ↳ /Users/Eyal/.rbenv/versions/2.5.1/lib/ruby/gems/2.5.0/gems/activerecord-5.2.4.2/lib/active_record/log_subscriber.rb:98
Redirected to https://sofaboarding-dev.s3.us-west-1.amazonaws.com/PLzAu6KD8x9odhELZ7TamRkg?response-content-disposition=inline%3B%20filename%3D%22default_user.jpg%22%3B%20filename%2A%3DUTF-8%27%27default_user.jpg&response-content-type=image%2Fjpeg&X-Amz-Algorithm=AWS4-HMAC-SHA256&X-Amz-Credential=AKIATR56K5PO3QXEEEGI%2F20210601%2Fus-west-1%2Fs3%2Faws4_request&X-Amz-Date=20210601T201529Z&X-Amz-Expires=300&X-Amz-SignedHeaders=host&X-Amz-Signature=3f6336065adbc171e39207ef66b34f42bef3dfa67bdeb6e169b820869f8d8979
Processing by ActiveStorage::BlobsController#show as JPEG
Completed 302 Found in 68ms (ActiveRecord: 39.3ms)


Processing by ActiveStorage::BlobsController#show as JPEG
  Parameters: {"signed_id"=>"eyJfcmFpbHMiOnsibWVzc2FnZSI6IkJBaHBHZz09IiwiZXhwIjpudWxsLCJwdXIiOiJibG9iX2lkIn19--c8a1cce05fd7ad21d187a31f1eb2babbe88bc3d2", "filename"=>"default_user"}
  Parameters: {"signed_id"=>"eyJfcmFpbHMiOnsibWVzc2FnZSI6IkJBaHBGdz09IiwiZXhwIjpudWxsLCJwdXIiOiJibG9iX2lkIn19--e5de393ca8824e6b30ea11a35c89c7ec3799e2fb", "filename"=>"default_user"}
[36m  S3 Storage (2.2ms) [0m[34mGenerated URL for file at key: 4LztbWd5A43LsfWQ5jJEdMZi (https://sofaboarding-dev.s3.us-west-1.amazonaws.com/4LztbWd5A43LsfWQ5jJEdMZi?response-content-disposition=inline%3B%20filename%3D%22default_user.jpg%22%3B%20filename%2A%3DUTF-8%27%27default_user.jpg&response-content-type=image%2Fjpeg&X-Amz-Algorithm=AWS4-HMAC-SHA256&X-Amz-Credential=AKIATR56K5PO3QXEEEGI%2F20210601%2Fus-west-1%2Fs3%2Faws4_request&X-Amz-Date=20210601T201529Z&X-Amz-Expires=300&X-Amz-SignedHeaders=host&X-Amz-Signature=61fd166b76fd816e51bd72febe2ce7a7ffbae4589afd8ab620198e01b2749937)[0m
Processing by ActiveStorage::BlobsController#show as JPEG
  Parameters: {"signed_id"=>"eyJfcmFpbHMiOnsibWVzc2FnZSI6IkJBaHBHUT09IiwiZXhwIjpudWxsLCJwdXIiOiJibG9iX2lkIn19--a0c41fffb5e5c8b3bbce908d9460056f425d90ba", "filename"=>"default_user"}
  [1m[36mActiveStorage::Blob Load (1.4ms)[0m  [1m[34mSELECT  "active_storage_blobs".* FROM "active_storage_blobs" WHERE "active_storage_blobs"."id" = $1 LIMIT $2[0m  [["id", 21], ["LIMIT", 1]]
  ↳ /Users/Eyal/.rbenv/versions/2.5.1/lib/ruby/gems/2.5.0/gems/activerecord-5.2.4.2/lib/active_record/log_subscriber.rb:98
[36m  S3 Storage (2.3ms) [0m[34mGenerated URL for file at key: vtgT5BxA1FLG4bkxHirZeaLf (https://sofaboarding-dev.s3.us-west-1.amazonaws.com/vtgT5BxA1FLG4bkxHirZeaLf?response-content-disposition=inline%3B%20filename%3D%22default_user.jpg%22%3B%20filename%2A%3DUTF-8%27%27default_user.jpg&response-content-type=image%2Fjpeg&X-Amz-Algorithm=AWS4-HMAC-SHA256&X-Amz-Credential=AKIATR56K5PO3QXEEEGI%2F20210601%2Fus-west-1%2Fs3%2Faws4_request&X-Amz-Date=20210601T201529Z&X-Amz-Expires=300&X-Amz-SignedHeaders=host&X-Amz-Signature=a6db2dee4bf4d1a72292398cf1273f27e9e5603d73a6adb19ce0f03dec95d520)[0m
Redirected to https://sofaboarding-dev.s3.us-west-1.amazonaws.com/vtgT5BxA1FLG4bkxHirZeaLf?response-content-disposition=inline%3B%20filename%3D%22default_user.jpg%22%3B%20filename%2A%3DUTF-8%27%27default_user.jpg&response-content-type=image%2Fjpeg&X-Amz-Algorithm=AWS4-HMAC-SHA256&X-Amz-Credential=AKIATR56K5PO3QXEEEGI%2F20210601%2Fus-west-1%2Fs3%2Faws4_request&X-Amz-Date=20210601T201529Z&X-Amz-Expires=300&X-Amz-SignedHeaders=host&X-Amz-Signature=a6db2dee4bf4d1a72292398cf1273f27e9e5603d73a6adb19ce0f03dec95d520
Completed 302 Found in 10ms (ActiveRecord: 1.4ms)


Redirected to https://sofaboarding-dev.s3.us-west-1.amazonaws.com/4LztbWd5A43LsfWQ5jJEdMZi?response-content-disposition=inline%3B%20filename%3D%22default_user.jpg%22%3B%20filename%2A%3DUTF-8%27%27default_user.jpg&response-content-type=image%2Fjpeg&X-Amz-Algorithm=AWS4-HMAC-SHA256&X-Amz-Credential=AKIATR56K5PO3QXEEEGI%2F20210601%2Fus-west-1%2Fs3%2Faws4_request&X-Amz-Date=20210601T201529Z&X-Amz-Expires=300&X-Amz-SignedHeaders=host&X-Amz-Signature=61fd166b76fd816e51bd72febe2ce7a7ffbae4589afd8ab620198e01b2749937
Completed 302 Found in 82ms (ActiveRecord: 30.6ms)


  [1m[36mActiveStorage::Blob Load (7.7ms)[0m  [1m[34mSELECT  "active_storage_blobs".* FROM "active_storage_blobs" WHERE "active_storage_blobs"."id" = $1 LIMIT $2[0m  [["id", 20], ["LIMIT", 1]]
  ↳ /Users/Eyal/.rbenv/versions/2.5.1/lib/ruby/gems/2.5.0/gems/activerecord-5.2.4.2/lib/active_record/log_subscriber.rb:98
[36m  S3 Storage (2.6ms) [0m[34mGenerated URL for file at key: bdsLEvNw2x8Nomg75ZjJZyA2 (https://sofaboarding-dev.s3.us-west-1.amazonaws.com/bdsLEvNw2x8Nomg75ZjJZyA2?response-content-disposition=inline%3B%20filename%3D%22default_user.jpg%22%3B%20filename%2A%3DUTF-8%27%27default_user.jpg&response-content-type=image%2Fjpeg&X-Amz-Algorithm=AWS4-HMAC-SHA256&X-Amz-Credential=AKIATR56K5PO3QXEEEGI%2F20210601%2Fus-west-1%2Fs3%2Faws4_request&X-Amz-Date=20210601T201529Z&X-Amz-Expires=300&X-Amz-SignedHeaders=host&X-Amz-Signature=7040d6ccbc5899775cc0269867e448c7ff6882588724ca0a4aaac8d2ac7a9a95)[0m
  [1m[36mActiveStorage::Blob Load (18.5ms)[0m  [1m[34mSELECT  "active_storage_blobs".* FROM "active_storage_blobs" WHERE "active_storage_blobs"."id" = $1 LIMIT $2[0m  [["id", 18], ["LIMIT", 1]]
Redirected to https://sofaboarding-dev.s3.us-west-1.amazonaws.com/bdsLEvNw2x8Nomg75ZjJZyA2?response-content-disposition=inline%3B%20filename%3D%22default_user.jpg%22%3B%20filename%2A%3DUTF-8%27%27default_user.jpg&response-content-type=image%2Fjpeg&X-Amz-Algorithm=AWS4-HMAC-SHA256&X-Amz-Credential=AKIATR56K5PO3QXEEEGI%2F20210601%2Fus-west-1%2Fs3%2Faws4_request&X-Amz-Date=20210601T201529Z&X-Amz-Expires=300&X-Amz-SignedHeaders=host&X-Amz-Signature=7040d6ccbc5899775cc0269867e448c7ff6882588724ca0a4aaac8d2ac7a9a95
Completed 302 Found in 30ms (ActiveRecord: 7.7ms)


  ↳ /Users/Eyal/.rbenv/versions/2.5.1/lib/ruby/gems/2.5.0/gems/activerecord-5.2.4.2/lib/active_record/log_subscriber.rb:98
[36m  S3 Storage (2.3ms) [0m[34mGenerated URL for file at key: ZoKaZUDA8Bva9S6kNKqDJNH8 (https://sofaboarding-dev.s3.us-west-1.amazonaws.com/ZoKaZUDA8Bva9S6kNKqDJNH8?response-content-disposition=inline%3B%20filename%3D%22default_user.jpg%22%3B%20filename%2A%3DUTF-8%27%27default_user.jpg&response-content-type=image%2Fjpeg&X-Amz-Algorithm=AWS4-HMAC-SHA256&X-Amz-Credential=AKIATR56K5PO3QXEEEGI%2F20210601%2Fus-west-1%2Fs3%2Faws4_request&X-Amz-Date=20210601T201529Z&X-Amz-Expires=300&X-Amz-SignedHeaders=host&X-Amz-Signature=e1fdac3deef7ed59eef830f66e64fb7b9abf65be880e065dc9233f07fb772c66)[0m
Redirected to https://sofaboarding-dev.s3.us-west-1.amazonaws.com/ZoKaZUDA8Bva9S6kNKqDJNH8?response-content-disposition=inline%3B%20filename%3D%22default_user.jpg%22%3B%20filename%2A%3DUTF-8%27%27default_user.jpg&response-content-type=image%2Fjpeg&X-Amz-Algorithm=AWS4-HMAC-SHA256&X-Amz-Credential=AKIATR56K5PO3QXEEEGI%2F20210601%2Fus-west-1%2Fs3%2Faws4_request&X-Amz-Date=20210601T201529Z&X-Amz-Expires=300&X-Amz-SignedHeaders=host&X-Amz-Signature=e1fdac3deef7ed59eef830f66e64fb7b9abf65be880e065dc9233f07fb772c66
Completed 302 Found in 37ms (ActiveRecord: 19.6ms)


Started GET "/rails/active_storage/blobs/eyJfcmFpbHMiOnsibWVzc2FnZSI6IkJBaHBHQT09IiwiZXhwIjpudWxsLCJwdXIiOiJibG9iX2lkIn19--b8731c142d28f58b06b315226fbaea794e341003/default_user.jpg" for ::1 at 2021-06-01 13:15:30 -0700
Processing by ActiveStorage::BlobsController#show as JPEG
  Parameters: {"signed_id"=>"eyJfcmFpbHMiOnsibWVzc2FnZSI6IkJBaHBHQT09IiwiZXhwIjpudWxsLCJwdXIiOiJibG9iX2lkIn19--b8731c142d28f58b06b315226fbaea794e341003", "filename"=>"default_user"}
  [1m[36mActiveStorage::Blob Load (0.4ms)[0m  [1m[34mSELECT  "active_storage_blobs".* FROM "active_storage_blobs" WHERE "active_storage_blobs"."id" = $1 LIMIT $2[0m  [["id", 19], ["LIMIT", 1]]
  ↳ /Users/Eyal/.rbenv/versions/2.5.1/lib/ruby/gems/2.5.0/gems/activerecord-5.2.4.2/lib/active_record/log_subscriber.rb:98
[36m  S3 Storage (1.5ms) [0m[34mGenerated URL for file at key: Uv91UZyoQ9ZSJpGkrH8dnTDv (https://sofaboarding-dev.s3.us-west-1.amazonaws.com/Uv91UZyoQ9ZSJpGkrH8dnTDv?response-content-disposition=inline%3B%20filename%3D%22default_user.jpg%22%3B%20filename%2A%3DUTF-8%27%27default_user.jpg&response-content-type=image%2Fjpeg&X-Amz-Algorithm=AWS4-HMAC-SHA256&X-Amz-Credential=AKIATR56K5PO3QXEEEGI%2F20210601%2Fus-west-1%2Fs3%2Faws4_request&X-Amz-Date=20210601T201530Z&X-Amz-Expires=300&X-Amz-SignedHeaders=host&X-Amz-Signature=f4c38a0406afba9727eca812ce628f6abb55280d14ecc1833c99bbac35d6e790)[0m
Redirected to https://sofaboarding-dev.s3.us-west-1.amazonaws.com/Uv91UZyoQ9ZSJpGkrH8dnTDv?response-content-disposition=inline%3B%20filename%3D%22default_user.jpg%22%3B%20filename%2A%3DUTF-8%27%27default_user.jpg&response-content-type=image%2Fjpeg&X-Amz-Algorithm=AWS4-HMAC-SHA256&X-Amz-Credential=AKIATR56K5PO3QXEEEGI%2F20210601%2Fus-west-1%2Fs3%2Faws4_request&X-Amz-Date=20210601T201530Z&X-Amz-Expires=300&X-Amz-SignedHeaders=host&X-Amz-Signature=f4c38a0406afba9727eca812ce628f6abb55280d14ecc1833c99bbac35d6e790
Completed 302 Found in 4ms (ActiveRecord: 0.4ms)


Started GET "/rails/active_storage/blobs/eyJfcmFpbHMiOnsibWVzc2FnZSI6IkJBaHBIQT09IiwiZXhwIjpudWxsLCJwdXIiOiJibG9iX2lkIn19--9ff8e5559ddffeaa24ed725dd8beb15946ce5806/PHOTO-2019-01-20-09-15-18.jpg" for ::1 at 2021-06-01 13:15:30 -0700
Processing by ActiveStorage::BlobsController#show as JPEG
Started GET "/rails/active_storage/blobs/eyJfcmFpbHMiOnsibWVzc2FnZSI6IkJBaHBIZz09IiwiZXhwIjpudWxsLCJwdXIiOiJibG9iX2lkIn19--79f34e26637d6a7486b4b79c4f4f71bac2aaa849/default_user.jpg" for ::1 at 2021-06-01 13:15:30 -0700
  Parameters: {"signed_id"=>"eyJfcmFpbHMiOnsibWVzc2FnZSI6IkJBaHBIQT09IiwiZXhwIjpudWxsLCJwdXIiOiJibG9iX2lkIn19--9ff8e5559ddffeaa24ed725dd8beb15946ce5806", "filename"=>"PHOTO-2019-01-20-09-15-18"}
  [1m[36mActiveStorage::Blob Load (0.5ms)[0m  [1m[34mSELECT  "active_storage_blobs".* FROM "active_storage_blobs" WHERE "active_storage_blobs"."id" = $1 LIMIT $2[0m  [["id", 23], ["LIMIT", 1]]
  ↳ /Users/Eyal/.rbenv/versions/2.5.1/lib/ruby/gems/2.5.0/gems/activerecord-5.2.4.2/lib/active_record/log_subscriber.rb:98
Processing by ActiveStorage::BlobsController#show as JPEG
[36m  S3 Storage (1.8ms) [0m[34mGenerated URL for file at key: hCT6v5nPJbETjjy2So41V6sM (https://sofaboarding-dev.s3.us-west-1.amazonaws.com/hCT6v5nPJbETjjy2So41V6sM?response-content-disposition=inline%3B%20filename%3D%22PHOTO-2019-01-20-09-15-18.jpg%22%3B%20filename%2A%3DUTF-8%27%27PHOTO-2019-01-20-09-15-18.jpg&response-content-type=image%2Fjpeg&X-Amz-Algorithm=AWS4-HMAC-SHA256&X-Amz-Credential=AKIATR56K5PO3QXEEEGI%2F20210601%2Fus-west-1%2Fs3%2Faws4_request&X-Amz-Date=20210601T201530Z&X-Amz-Expires=300&X-Amz-SignedHeaders=host&X-Amz-Signature=cf366f5401a2dbf53ec38e92b035c6b2ada74ac7f5987a1848ef478ef18e7706)[0m
Redirected to https://sofaboarding-dev.s3.us-west-1.amazonaws.com/hCT6v5nPJbETjjy2So41V6sM?response-content-disposition=inline%3B%20filename%3D%22PHOTO-2019-01-20-09-15-18.jpg%22%3B%20filename%2A%3DUTF-8%27%27PHOTO-2019-01-20-09-15-18.jpg&response-content-type=image%2Fjpeg&X-Amz-Algorithm=AWS4-HMAC-SHA256&X-Amz-Credential=AKIATR56K5PO3QXEEEGI%2F20210601%2Fus-west-1%2Fs3%2Faws4_request&X-Amz-Date=20210601T201530Z&X-Amz-Expires=300&X-Amz-SignedHeaders=host&X-Amz-Signature=cf366f5401a2dbf53ec38e92b035c6b2ada74ac7f5987a1848ef478ef18e7706
Completed 302 Found in 6ms (ActiveRecord: 0.5ms)


  Parameters: {"signed_id"=>"eyJfcmFpbHMiOnsibWVzc2FnZSI6IkJBaHBIZz09IiwiZXhwIjpudWxsLCJwdXIiOiJibG9iX2lkIn19--79f34e26637d6a7486b4b79c4f4f71bac2aaa849", "filename"=>"default_user"}
  [1m[36mActiveStorage::Blob Load (1.3ms)[0m  [1m[34mSELECT  "active_storage_blobs".* FROM "active_storage_blobs" WHERE "active_storage_blobs"."id" = $1 LIMIT $2[0m  [["id", 25], ["LIMIT", 1]]
  ↳ /Users/Eyal/.rbenv/versions/2.5.1/lib/ruby/gems/2.5.0/gems/activerecord-5.2.4.2/lib/active_record/log_subscriber.rb:98
[36m  S3 Storage (2.3ms) [0m[34mGenerated URL for file at key: QyQdK23usq2UxbFhZn7hXS8X (https://sofaboarding-dev.s3.us-west-1.amazonaws.com/QyQdK23usq2UxbFhZn7hXS8X?response-content-disposition=inline%3B%20filename%3D%22default_user.jpg%22%3B%20filename%2A%3DUTF-8%27%27default_user.jpg&response-content-type=image%2Fjpeg&X-Amz-Algorithm=AWS4-HMAC-SHA256&X-Amz-Credential=AKIATR56K5PO3QXEEEGI%2F20210601%2Fus-west-1%2Fs3%2Faws4_request&X-Amz-Date=20210601T201530Z&X-Amz-Expires=300&X-Amz-SignedHeaders=host&X-Amz-Signature=7cd56654835c1be167d231783a9398d1aeb2ee1f33b4d768388efe5b09a3dca6)[0m
Redirected to https://sofaboarding-dev.s3.us-west-1.amazonaws.com/QyQdK23usq2UxbFhZn7hXS8X?response-content-disposition=inline%3B%20filename%3D%22default_user.jpg%22%3B%20filename%2A%3DUTF-8%27%27default_user.jpg&response-content-type=image%2Fjpeg&X-Amz-Algorithm=AWS4-HMAC-SHA256&X-Amz-Credential=AKIATR56K5PO3QXEEEGI%2F20210601%2Fus-west-1%2Fs3%2Faws4_request&X-Amz-Date=20210601T201530Z&X-Amz-Expires=300&X-Amz-SignedHeaders=host&X-Amz-Signature=7cd56654835c1be167d231783a9398d1aeb2ee1f33b4d768388efe5b09a3dca6
Completed 302 Found in 7ms (ActiveRecord: 1.3ms)


Started GET "/rails/active_storage/blobs/eyJfcmFpbHMiOnsibWVzc2FnZSI6IkJBaHBCZz09IiwiZXhwIjpudWxsLCJwdXIiOiJibG9iX2lkIn19--50c94a5f5d1a40bd838deb96165aca3eca0c1da4/image0.jpg" for ::1 at 2021-06-01 13:15:30 -0700
Processing by ActiveStorage::BlobsController#show as JPEG
  Parameters: {"signed_id"=>"eyJfcmFpbHMiOnsibWVzc2FnZSI6IkJBaHBCZz09IiwiZXhwIjpudWxsLCJwdXIiOiJibG9iX2lkIn19--50c94a5f5d1a40bd838deb96165aca3eca0c1da4", "filename"=>"image0"}
  [1m[36mActiveStorage::Blob Load (1.8ms)[0m  [1m[34mSELECT  "active_storage_blobs".* FROM "active_storage_blobs" WHERE "active_storage_blobs"."id" = $1 LIMIT $2[0m  [["id", 1], ["LIMIT", 1]]
  ↳ /Users/Eyal/.rbenv/versions/2.5.1/lib/ruby/gems/2.5.0/gems/activerecord-5.2.4.2/lib/active_record/log_subscriber.rb:98
[36m  S3 Storage (1.8ms) [0m[34mGenerated URL for file at key: 7Gqh5vrqi7EFo2zF1wHiLjLv (https://sofaboarding-dev.s3.us-west-1.amazonaws.com/7Gqh5vrqi7EFo2zF1wHiLjLv?response-content-disposition=inline%3B%20filename%3D%22image0.jpg%22%3B%20filename%2A%3DUTF-8%27%27image0.jpg&response-content-type=image%2Fjpeg&X-Amz-Algorithm=AWS4-HMAC-SHA256&X-Amz-Credential=AKIATR56K5PO3QXEEEGI%2F20210601%2Fus-west-1%2Fs3%2Faws4_request&X-Amz-Date=20210601T201530Z&X-Amz-Expires=300&X-Amz-SignedHeaders=host&X-Amz-Signature=52cb94a364c4ee08c30aa6ccd454024e22cf17b400c946c30581f30eb908b41a)[0m
Redirected to https://sofaboarding-dev.s3.us-west-1.amazonaws.com/7Gqh5vrqi7EFo2zF1wHiLjLv?response-content-disposition=inline%3B%20filename%3D%22image0.jpg%22%3B%20filename%2A%3DUTF-8%27%27image0.jpg&response-content-type=image%2Fjpeg&X-Amz-Algorithm=AWS4-HMAC-SHA256&X-Amz-Credential=AKIATR56K5PO3QXEEEGI%2F20210601%2Fus-west-1%2Fs3%2Faws4_request&X-Amz-Date=20210601T201530Z&X-Amz-Expires=300&X-Amz-SignedHeaders=host&X-Amz-Signature=52cb94a364c4ee08c30aa6ccd454024e22cf17b400c946c30581f30eb908b41a
Completed 302 Found in 6ms (ActiveRecord: 1.8ms)


Started GET "/rails/active_storage/blobs/eyJfcmFpbHMiOnsibWVzc2FnZSI6IkJBaHBEQT09IiwiZXhwIjpudWxsLCJwdXIiOiJibG9iX2lkIn19--9256198b641ee2dcfcad5cf86884acb451e02640/default_user.jpg" for ::1 at 2021-06-01 13:15:30 -0700
Processing by ActiveStorage::BlobsController#show as JPEG
  Parameters: {"signed_id"=>"eyJfcmFpbHMiOnsibWVzc2FnZSI6IkJBaHBEQT09IiwiZXhwIjpudWxsLCJwdXIiOiJibG9iX2lkIn19--9256198b641ee2dcfcad5cf86884acb451e02640", "filename"=>"default_user"}
  [1m[36mActiveStorage::Blob Load (1.6ms)[0m  [1m[34mSELECT  "active_storage_blobs".* FROM "active_storage_blobs" WHERE "active_storage_blobs"."id" = $1 LIMIT $2[0m  [["id", 7], ["LIMIT", 1]]
  ↳ /Users/Eyal/.rbenv/versions/2.5.1/lib/ruby/gems/2.5.0/gems/activerecord-5.2.4.2/lib/active_record/log_subscriber.rb:98
[36m  S3 Storage (2.3ms) [0m[34mGenerated URL for file at key: tou4iki5nhEChhSboi7dPMDW (https://sofaboarding-dev.s3.us-west-1.amazonaws.com/tou4iki5nhEChhSboi7dPMDW?response-content-disposition=inline%3B%20filename%3D%22default_user.jpg%22%3B%20filename%2A%3DUTF-8%27%27default_user.jpg&response-content-type=image%2Fjpeg&X-Amz-Algorithm=AWS4-HMAC-SHA256&X-Amz-Credential=AKIATR56K5PO3QXEEEGI%2F20210601%2Fus-west-1%2Fs3%2Faws4_request&X-Amz-Date=20210601T201530Z&X-Amz-Expires=300&X-Amz-SignedHeaders=host&X-Amz-Signature=2adb1b678e4d366435cb131b433a845f7b3a768d892c1de0b670e8673473dba6)[0m
Redirected to https://sofaboarding-dev.s3.us-west-1.amazonaws.com/tou4iki5nhEChhSboi7dPMDW?response-content-disposition=inline%3B%20filename%3D%22default_user.jpg%22%3B%20filename%2A%3DUTF-8%27%27default_user.jpg&response-content-type=image%2Fjpeg&X-Amz-Algorithm=AWS4-HMAC-SHA256&X-Amz-Credential=AKIATR56K5PO3QXEEEGI%2F20210601%2Fus-west-1%2Fs3%2Faws4_request&X-Amz-Date=20210601T201530Z&X-Amz-Expires=300&X-Amz-SignedHeaders=host&X-Amz-Signature=2adb1b678e4d366435cb131b433a845f7b3a768d892c1de0b670e8673473dba6
Completed 302 Found in 8ms (ActiveRecord: 1.6ms)


Started GET "/rails/active_storage/blobs/eyJfcmFpbHMiOnsibWVzc2FnZSI6IkJBaHBFZz09IiwiZXhwIjpudWxsLCJwdXIiOiJibG9iX2lkIn19--1f26e195c6d638e4af2df5aae500716bc3ef8022/default_user.jpg" for ::1 at 2021-06-01 13:15:30 -0700
Processing by ActiveStorage::BlobsController#show as JPEG
  Parameters: {"signed_id"=>"eyJfcmFpbHMiOnsibWVzc2FnZSI6IkJBaHBFZz09IiwiZXhwIjpudWxsLCJwdXIiOiJibG9iX2lkIn19--1f26e195c6d638e4af2df5aae500716bc3ef8022", "filename"=>"default_user"}
  [1m[36mActiveStorage::Blob Load (0.5ms)[0m  [1m[34mSELECT  "active_storage_blobs".* FROM "active_storage_blobs" WHERE "active_storage_blobs"."id" = $1 LIMIT $2[0m  [["id", 13], ["LIMIT", 1]]
  ↳ /Users/Eyal/.rbenv/versions/2.5.1/lib/ruby/gems/2.5.0/gems/activerecord-5.2.4.2/lib/active_record/log_subscriber.rb:98
[36m  S3 Storage (3.7ms) [0m[34mGenerated URL for file at key: 9iJjAdL4oB5nVEGVzzogZ8pH (https://sofaboarding-dev.s3.us-west-1.amazonaws.com/9iJjAdL4oB5nVEGVzzogZ8pH?response-content-disposition=inline%3B%20filename%3D%22default_user.jpg%22%3B%20filename%2A%3DUTF-8%27%27default_user.jpg&response-content-type=image%2Fjpeg&X-Amz-Algorithm=AWS4-HMAC-SHA256&X-Amz-Credential=AKIATR56K5PO3QXEEEGI%2F20210601%2Fus-west-1%2Fs3%2Faws4_request&X-Amz-Date=20210601T201530Z&X-Amz-Expires=300&X-Amz-SignedHeaders=host&X-Amz-Signature=13a101486a777432f5f4f4c2257d81da0c9847a59870c93b835857b9a9b7e505)[0m
Redirected to https://sofaboarding-dev.s3.us-west-1.amazonaws.com/9iJjAdL4oB5nVEGVzzogZ8pH?response-content-disposition=inline%3B%20filename%3D%22default_user.jpg%22%3B%20filename%2A%3DUTF-8%27%27default_user.jpg&response-content-type=image%2Fjpeg&X-Amz-Algorithm=AWS4-HMAC-SHA256&X-Amz-Credential=AKIATR56K5PO3QXEEEGI%2F20210601%2Fus-west-1%2Fs3%2Faws4_request&X-Amz-Date=20210601T201530Z&X-Amz-Expires=300&X-Amz-SignedHeaders=host&X-Amz-Signature=13a101486a777432f5f4f4c2257d81da0c9847a59870c93b835857b9a9b7e505
Completed 302 Found in 17ms (ActiveRecord: 0.5ms)


Started GET "/rails/active_storage/blobs/eyJfcmFpbHMiOnsibWVzc2FnZSI6IkJBaHBGUT09IiwiZXhwIjpudWxsLCJwdXIiOiJibG9iX2lkIn19--bd28fecceae74c20677939e1f8559868452495b3/image0.jpg" for ::1 at 2021-06-01 13:15:30 -0700
Processing by ActiveStorage::BlobsController#show as JPEG
  Parameters: {"signed_id"=>"eyJfcmFpbHMiOnsibWVzc2FnZSI6IkJBaHBGUT09IiwiZXhwIjpudWxsLCJwdXIiOiJibG9iX2lkIn19--bd28fecceae74c20677939e1f8559868452495b3", "filename"=>"image0"}
  [1m[36mActiveStorage::Blob Load (0.7ms)[0m  [1m[34mSELECT  "active_storage_blobs".* FROM "active_storage_blobs" WHERE "active_storage_blobs"."id" = $1 LIMIT $2[0m  [["id", 16], ["LIMIT", 1]]
  ↳ /Users/Eyal/.rbenv/versions/2.5.1/lib/ruby/gems/2.5.0/gems/activerecord-5.2.4.2/lib/active_record/log_subscriber.rb:98
[36m  S3 Storage (2.3ms) [0m[34mGenerated URL for file at key: iHBkPDhCSx3koTvw5j2amoMJ (https://sofaboarding-dev.s3.us-west-1.amazonaws.com/iHBkPDhCSx3koTvw5j2amoMJ?response-content-disposition=inline%3B%20filename%3D%22image0.jpg%22%3B%20filename%2A%3DUTF-8%27%27image0.jpg&response-content-type=image%2Fjpeg&X-Amz-Algorithm=AWS4-HMAC-SHA256&X-Amz-Credential=AKIATR56K5PO3QXEEEGI%2F20210601%2Fus-west-1%2Fs3%2Faws4_request&X-Amz-Date=20210601T201530Z&X-Amz-Expires=300&X-Amz-SignedHeaders=host&X-Amz-Signature=6e7d1fcba4db6d42b6fc183527fdc75cce02134fa3707467d9ba831d4395c542)[0m
Redirected to https://sofaboarding-dev.s3.us-west-1.amazonaws.com/iHBkPDhCSx3koTvw5j2amoMJ?response-content-disposition=inline%3B%20filename%3D%22image0.jpg%22%3B%20filename%2A%3DUTF-8%27%27image0.jpg&response-content-type=image%2Fjpeg&X-Amz-Algorithm=AWS4-HMAC-SHA256&X-Amz-Credential=AKIATR56K5PO3QXEEEGI%2F20210601%2Fus-west-1%2Fs3%2Faws4_request&X-Amz-Date=20210601T201530Z&X-Amz-Expires=300&X-Amz-SignedHeaders=host&X-Amz-Signature=6e7d1fcba4db6d42b6fc183527fdc75cce02134fa3707467d9ba831d4395c542
Completed 302 Found in 8ms (ActiveRecord: 0.7ms)


Started GET "/rails/active_storage/blobs/eyJfcmFpbHMiOnsibWVzc2FnZSI6IkJBaHBGZz09IiwiZXhwIjpudWxsLCJwdXIiOiJibG9iX2lkIn19--e58dc80e9f46050f66e4bf75616431ad2941b979/default_user.jpg" for ::1 at 2021-06-01 13:15:30 -0700
Processing by ActiveStorage::BlobsController#show as JPEG
  Parameters: {"signed_id"=>"eyJfcmFpbHMiOnsibWVzc2FnZSI6IkJBaHBGZz09IiwiZXhwIjpudWxsLCJwdXIiOiJibG9iX2lkIn19--e58dc80e9f46050f66e4bf75616431ad2941b979", "filename"=>"default_user"}
  [1m[36mActiveStorage::Blob Load (0.3ms)[0m  [1m[34mSELECT  "active_storage_blobs".* FROM "active_storage_blobs" WHERE "active_storage_blobs"."id" = $1 LIMIT $2[0m  [["id", 17], ["LIMIT", 1]]
  ↳ /Users/Eyal/.rbenv/versions/2.5.1/lib/ruby/gems/2.5.0/gems/activerecord-5.2.4.2/lib/active_record/log_subscriber.rb:98
[36m  S3 Storage (1.9ms) [0m[34mGenerated URL for file at key: MbjYVsbtDunEYKZYcxXveUyJ (https://sofaboarding-dev.s3.us-west-1.amazonaws.com/MbjYVsbtDunEYKZYcxXveUyJ?response-content-disposition=inline%3B%20filename%3D%22default_user.jpg%22%3B%20filename%2A%3DUTF-8%27%27default_user.jpg&response-content-type=image%2Fjpeg&X-Amz-Algorithm=AWS4-HMAC-SHA256&X-Amz-Credential=AKIATR56K5PO3QXEEEGI%2F20210601%2Fus-west-1%2Fs3%2Faws4_request&X-Amz-Date=20210601T201530Z&X-Amz-Expires=300&X-Amz-SignedHeaders=host&X-Amz-Signature=1985b9a624babaeeda4114c0138088612fd9449bf38b8b902e4f30f73b6f098d)[0m
Redirected to https://sofaboarding-dev.s3.us-west-1.amazonaws.com/MbjYVsbtDunEYKZYcxXveUyJ?response-content-disposition=inline%3B%20filename%3D%22default_user.jpg%22%3B%20filename%2A%3DUTF-8%27%27default_user.jpg&response-content-type=image%2Fjpeg&X-Amz-Algorithm=AWS4-HMAC-SHA256&X-Amz-Credential=AKIATR56K5PO3QXEEEGI%2F20210601%2Fus-west-1%2Fs3%2Faws4_request&X-Amz-Date=20210601T201530Z&X-Amz-Expires=300&X-Amz-SignedHeaders=host&X-Amz-Signature=1985b9a624babaeeda4114c0138088612fd9449bf38b8b902e4f30f73b6f098d
Completed 302 Found in 5ms (ActiveRecord: 0.3ms)


Started GET "/rails/active_storage/blobs/eyJfcmFpbHMiOnsibWVzc2FnZSI6IkJBaHBDZz09IiwiZXhwIjpudWxsLCJwdXIiOiJibG9iX2lkIn19--34926795c3babba12ca9d659be0d5ae4f75ee101/image0.jpg" for ::1 at 2021-06-01 13:15:30 -0700
Processing by ActiveStorage::BlobsController#show as JPEG
  Parameters: {"signed_id"=>"eyJfcmFpbHMiOnsibWVzc2FnZSI6IkJBaHBDZz09IiwiZXhwIjpudWxsLCJwdXIiOiJibG9iX2lkIn19--34926795c3babba12ca9d659be0d5ae4f75ee101", "filename"=>"image0"}
  [1m[36mActiveStorage::Blob Load (0.3ms)[0m  [1m[34mSELECT  "active_storage_blobs".* FROM "active_storage_blobs" WHERE "active_storage_blobs"."id" = $1 LIMIT $2[0m  [["id", 5], ["LIMIT", 1]]
  ↳ /Users/Eyal/.rbenv/versions/2.5.1/lib/ruby/gems/2.5.0/gems/activerecord-5.2.4.2/lib/active_record/log_subscriber.rb:98
[36m  S3 Storage (1.2ms) [0m[34mGenerated URL for file at key: 6GBdY3BWA9Gi9nNnuzBWVbcL (https://sofaboarding-dev.s3.us-west-1.amazonaws.com/6GBdY3BWA9Gi9nNnuzBWVbcL?response-content-disposition=inline%3B%20filename%3D%22image0.jpg%22%3B%20filename%2A%3DUTF-8%27%27image0.jpg&response-content-type=image%2Fjpeg&X-Amz-Algorithm=AWS4-HMAC-SHA256&X-Amz-Credential=AKIATR56K5PO3QXEEEGI%2F20210601%2Fus-west-1%2Fs3%2Faws4_request&X-Amz-Date=20210601T201530Z&X-Amz-Expires=300&X-Amz-SignedHeaders=host&X-Amz-Signature=4852bfb5da6bfdc97b7b0a4e997fe5e2db54fa0cfc86ddefef3dd645fb360406)[0m
Redirected to https://sofaboarding-dev.s3.us-west-1.amazonaws.com/6GBdY3BWA9Gi9nNnuzBWVbcL?response-content-disposition=inline%3B%20filename%3D%22image0.jpg%22%3B%20filename%2A%3DUTF-8%27%27image0.jpg&response-content-type=image%2Fjpeg&X-Amz-Algorithm=AWS4-HMAC-SHA256&X-Amz-Credential=AKIATR56K5PO3QXEEEGI%2F20210601%2Fus-west-1%2Fs3%2Faws4_request&X-Amz-Date=20210601T201530Z&X-Amz-Expires=300&X-Amz-SignedHeaders=host&X-Amz-Signature=4852bfb5da6bfdc97b7b0a4e997fe5e2db54fa0cfc86ddefef3dd645fb360406
Completed 302 Found in 3ms (ActiveRecord: 0.3ms)


Started GET "/rails/active_storage/blobs/eyJfcmFpbHMiOnsibWVzc2FnZSI6IkJBaHBDQT09IiwiZXhwIjpudWxsLCJwdXIiOiJibG9iX2lkIn19--92b42a27a152c4ca81e104dd8c590a1e30d1f884/PHOTO-2019-01-20-09-13-22%204.jpg" for ::1 at 2021-06-01 13:15:30 -0700
Processing by ActiveStorage::BlobsController#show as JPEG
  Parameters: {"signed_id"=>"eyJfcmFpbHMiOnsibWVzc2FnZSI6IkJBaHBDQT09IiwiZXhwIjpudWxsLCJwdXIiOiJibG9iX2lkIn19--92b42a27a152c4ca81e104dd8c590a1e30d1f884", "filename"=>"PHOTO-2019-01-20-09-13-22 4"}
  [1m[36mActiveStorage::Blob Load (0.3ms)[0m  [1m[34mSELECT  "active_storage_blobs".* FROM "active_storage_blobs" WHERE "active_storage_blobs"."id" = $1 LIMIT $2[0m  [["id", 3], ["LIMIT", 1]]
  ↳ /Users/Eyal/.rbenv/versions/2.5.1/lib/ruby/gems/2.5.0/gems/activerecord-5.2.4.2/lib/active_record/log_subscriber.rb:98
[36m  S3 Storage (3.5ms) [0m[34mGenerated URL for file at key: UerYxeppzqCv6oV1EgQh3crB (https://sofaboarding-dev.s3.us-west-1.amazonaws.com/UerYxeppzqCv6oV1EgQh3crB?response-content-disposition=inline%3B%20filename%3D%22PHOTO-2019-01-20-09-13-22%204.jpg%22%3B%20filename%2A%3DUTF-8%27%27PHOTO-2019-01-20-09-13-22%25204.jpg&response-content-type=image%2Fjpeg&X-Amz-Algorithm=AWS4-HMAC-SHA256&X-Amz-Credential=AKIATR56K5PO3QXEEEGI%2F20210601%2Fus-west-1%2Fs3%2Faws4_request&X-Amz-Date=20210601T201530Z&X-Amz-Expires=300&X-Amz-SignedHeaders=host&X-Amz-Signature=59b7e98a7a9e08398c63e058c19cd8cdfee94f6d66a5d9f7eabea46eb18268ed)[0m
Redirected to https://sofaboarding-dev.s3.us-west-1.amazonaws.com/UerYxeppzqCv6oV1EgQh3crB?response-content-disposition=inline%3B%20filename%3D%22PHOTO-2019-01-20-09-13-22%204.jpg%22%3B%20filename%2A%3DUTF-8%27%27PHOTO-2019-01-20-09-13-22%25204.jpg&response-content-type=image%2Fjpeg&X-Amz-Algorithm=AWS4-HMAC-SHA256&X-Amz-Credential=AKIATR56K5PO3QXEEEGI%2F20210601%2Fus-west-1%2Fs3%2Faws4_request&X-Amz-Date=20210601T201530Z&X-Amz-Expires=300&X-Amz-SignedHeaders=host&X-Amz-Signature=59b7e98a7a9e08398c63e058c19cd8cdfee94f6d66a5d9f7eabea46eb18268ed
Completed 302 Found in 7ms (ActiveRecord: 0.3ms)


