Started GET "/" for ::1 at 2021-05-21 13:47:11 -0700
  [1m[35m (1.2ms)[0m  [1m[34mSELECT "schema_migrations"."version" FROM "schema_migrations" ORDER BY "schema_migrations"."version" ASC[0m
  ↳ /Users/Eyal/.rbenv/versions/2.5.1/lib/ruby/gems/2.5.0/gems/activerecord-5.2.4.2/lib/active_record/log_subscriber.rb:98
Processing by StaticPagesController#root as HTML
  Rendering static_pages/root.html.erb within layouts/application
  Rendered static_pages/root.html.erb within layouts/application (1.2ms)
  [1m[36mUser Load (1.4ms)[0m  [1m[34mSELECT  "users".* FROM "users" WHERE "users"."session_token" = $1 LIMIT $2[0m  [["session_token", "KfzP52LWQu2ZcCgbI_BCLA"], ["LIMIT", 1]]
  ↳ app/controllers/application_controller.rb:11
  Rendered api/users/_user.json.jbuilder (0.8ms)
Completed 200 OK in 1496ms (Views: 1477.3ms | ActiveRecord: 18.3ms)


Started GET "/api/profilebio" for ::1 at 2021-05-21 13:47:13 -0700
Started GET "/api/friendrequests" for ::1 at 2021-05-21 13:47:13 -0700
Processing by Api::ProfilebioController#index as JSON
Started GET "/api/users" for ::1 at 2021-05-21 13:47:13 -0700
Started GET "/api/friendships" for ::1 at 2021-05-21 13:47:13 -0700
  Rendering api/profilebio/index.json.jbuilder
  [1m[36mProfileBio Load (3.4ms)[0m  [1m[34mSELECT "profile_bios".* FROM "profile_bios"[0m
  ↳ app/views/api/profilebio/index.json.jbuilder:1
Processing by Api::FriendrequestsController#index as JSON
  Rendering api/friendrequests/index.json.jbuilder
  Rendered api/profilebio/index.json.jbuilder (74.3ms)
  [1m[36mFriendRequest Load (9.6ms)[0m  [1m[34mSELECT "friend_requests".* FROM "friend_requests"[0m
Completed 200 OK in 114ms (Views: 30.4ms | ActiveRecord: 60.9ms)


  ↳ app/views/api/friendrequests/index.json.jbuilder:1
Processing by Api::UsersController#index as JSON
Processing by Api::FriendshipsController#index as JSON
  Rendering api/users/index.json.jbuilder
  Rendered api/friendrequests/index.json.jbuilder (79.7ms)
Completed 200 OK in 100ms (Views: 35.8ms | ActiveRecord: 59.1ms)


  Rendering api/friendships/index.json.jbuilder
  [1m[36mUser Load (28.8ms)[0m  [1m[34mSELECT "users".* FROM "users"[0m
  ↳ app/views/api/users/index.json.jbuilder:1
  [1m[36mFriendship Load (3.4ms)[0m  [1m[34mSELECT "friendships".* FROM "friendships"[0m
  ↳ app/views/api/friendships/index.json.jbuilder:1
  Rendered api/friendships/index.json.jbuilder (28.5ms)
Completed 200 OK in 68ms (Views: 32.9ms | ActiveRecord: 22.5ms)


  [1m[36mActiveStorage::Attachment Load (1.2ms)[0m  [1m[34mSELECT  "active_storage_attachments".* FROM "active_storage_attachments" WHERE "active_storage_attachments"."record_id" = $1 AND "active_storage_attachments"."record_type" = $2 AND "active_storage_attachments"."name" = $3 LIMIT $4[0m  [["record_id", 18], ["record_type", "User"], ["name", "profile_picture"], ["LIMIT", 1]]
  ↳ app/views/api/users/index.json.jbuilder:4
  [1m[36mActiveStorage::Blob Load (1.9ms)[0m  [1m[34mSELECT  "active_storage_blobs".* FROM "active_storage_blobs" WHERE "active_storage_blobs"."id" = $1 LIMIT $2[0m  [["id", 14], ["LIMIT", 1]]
  ↳ app/views/api/users/index.json.jbuilder:4
  [1m[36mActiveStorage::Attachment Load (0.6ms)[0m  [1m[34mSELECT  "active_storage_attachments".* FROM "active_storage_attachments" WHERE "active_storage_attachments"."record_id" = $1 AND "active_storage_attachments"."record_type" = $2 AND "active_storage_attachments"."name" = $3 LIMIT $4[0m  [["record_id", 1], ["record_type", "User"], ["name", "profile_picture"], ["LIMIT", 1]]
  ↳ app/views/api/users/index.json.jbuilder:4
  [1m[36mActiveStorage::Blob Load (0.5ms)[0m  [1m[34mSELECT  "active_storage_blobs".* FROM "active_storage_blobs" WHERE "active_storage_blobs"."id" = $1 LIMIT $2[0m  [["id", 1], ["LIMIT", 1]]
  ↳ app/views/api/users/index.json.jbuilder:4
  [1m[36mActiveStorage::Attachment Load (0.4ms)[0m  [1m[34mSELECT  "active_storage_attachments".* FROM "active_storage_attachments" WHERE "active_storage_attachments"."record_id" = $1 AND "active_storage_attachments"."record_type" = $2 AND "active_storage_attachments"."name" = $3 LIMIT $4[0m  [["record_id", 3], ["record_type", "User"], ["name", "profile_picture"], ["LIMIT", 1]]
  ↳ app/views/api/users/index.json.jbuilder:4
  [1m[36mActiveStorage::Attachment Load (0.7ms)[0m  [1m[34mSELECT  "active_storage_attachments".* FROM "active_storage_attachments" WHERE "active_storage_attachments"."record_id" = $1 AND "active_storage_attachments"."record_type" = $2 AND "active_storage_attachments"."name" = $3 LIMIT $4[0m  [["record_id", 4], ["record_type", "User"], ["name", "profile_picture"], ["LIMIT", 1]]
  ↳ app/views/api/users/index.json.jbuilder:4
  [1m[36mActiveStorage::Attachment Load (0.8ms)[0m  [1m[34mSELECT  "active_storage_attachments".* FROM "active_storage_attachments" WHERE "active_storage_attachments"."record_id" = $1 AND "active_storage_attachments"."record_type" = $2 AND "active_storage_attachments"."name" = $3 LIMIT $4[0m  [["record_id", 2], ["record_type", "User"], ["name", "profile_picture"], ["LIMIT", 1]]
  ↳ app/views/api/users/index.json.jbuilder:4
  [1m[36mActiveStorage::Blob Load (0.4ms)[0m  [1m[34mSELECT  "active_storage_blobs".* FROM "active_storage_blobs" WHERE "active_storage_blobs"."id" = $1 LIMIT $2[0m  [["id", 3], ["LIMIT", 1]]
  ↳ app/views/api/users/index.json.jbuilder:4
  [1m[36mActiveStorage::Attachment Load (0.4ms)[0m  [1m[34mSELECT  "active_storage_attachments".* FROM "active_storage_attachments" WHERE "active_storage_attachments"."record_id" = $1 AND "active_storage_attachments"."record_type" = $2 AND "active_storage_attachments"."name" = $3 LIMIT $4[0m  [["record_id", 5], ["record_type", "User"], ["name", "profile_picture"], ["LIMIT", 1]]
  ↳ app/views/api/users/index.json.jbuilder:4
  [1m[36mActiveStorage::Attachment Load (0.3ms)[0m  [1m[34mSELECT  "active_storage_attachments".* FROM "active_storage_attachments" WHERE "active_storage_attachments"."record_id" = $1 AND "active_storage_attachments"."record_type" = $2 AND "active_storage_attachments"."name" = $3 LIMIT $4[0m  [["record_id", 20], ["record_type", "User"], ["name", "profile_picture"], ["LIMIT", 1]]
  ↳ app/views/api/users/index.json.jbuilder:4
  [1m[36mActiveStorage::Blob Load (0.5ms)[0m  [1m[34mSELECT  "active_storage_blobs".* FROM "active_storage_blobs" WHERE "active_storage_blobs"."id" = $1 LIMIT $2[0m  [["id", 17], ["LIMIT", 1]]
  ↳ app/views/api/users/index.json.jbuilder:4
  [1m[36mActiveStorage::Attachment Load (0.9ms)[0m  [1m[34mSELECT  "active_storage_attachments".* FROM "active_storage_attachments" WHERE "active_storage_attachments"."record_id" = $1 AND "active_storage_attachments"."record_type" = $2 AND "active_storage_attachments"."name" = $3 LIMIT $4[0m  [["record_id", 6], ["record_type", "User"], ["name", "profile_picture"], ["LIMIT", 1]]
  ↳ app/views/api/users/index.json.jbuilder:4
  [1m[36mActiveStorage::Attachment Load (0.5ms)[0m  [1m[34mSELECT  "active_storage_attachments".* FROM "active_storage_attachments" WHERE "active_storage_attachments"."record_id" = $1 AND "active_storage_attachments"."record_type" = $2 AND "active_storage_attachments"."name" = $3 LIMIT $4[0m  [["record_id", 8], ["record_type", "User"], ["name", "profile_picture"], ["LIMIT", 1]]
  ↳ app/views/api/users/index.json.jbuilder:4
  [1m[36mActiveStorage::Blob Load (0.4ms)[0m  [1m[34mSELECT  "active_storage_blobs".* FROM "active_storage_blobs" WHERE "active_storage_blobs"."id" = $1 LIMIT $2[0m  [["id", 2], ["LIMIT", 1]]
  ↳ app/views/api/users/index.json.jbuilder:4
  [1m[36mActiveStorage::Attachment Load (0.4ms)[0m  [1m[34mSELECT  "active_storage_attachments".* FROM "active_storage_attachments" WHERE "active_storage_attachments"."record_id" = $1 AND "active_storage_attachments"."record_type" = $2 AND "active_storage_attachments"."name" = $3 LIMIT $4[0m  [["record_id", 7], ["record_type", "User"], ["name", "profile_picture"], ["LIMIT", 1]]
  ↳ app/views/api/users/index.json.jbuilder:4
  [1m[36mActiveStorage::Attachment Load (0.4ms)[0m  [1m[34mSELECT  "active_storage_attachments".* FROM "active_storage_attachments" WHERE "active_storage_attachments"."record_id" = $1 AND "active_storage_attachments"."record_type" = $2 AND "active_storage_attachments"."name" = $3 LIMIT $4[0m  [["record_id", 21], ["record_type", "User"], ["name", "profile_picture"], ["LIMIT", 1]]
  ↳ app/views/api/users/index.json.jbuilder:4
  [1m[36mActiveStorage::Blob Load (0.9ms)[0m  [1m[34mSELECT  "active_storage_blobs".* FROM "active_storage_blobs" WHERE "active_storage_blobs"."id" = $1 LIMIT $2[0m  [["id", 18], ["LIMIT", 1]]
  ↳ app/views/api/users/index.json.jbuilder:4
  [1m[36mActiveStorage::Attachment Load (0.3ms)[0m  [1m[34mSELECT  "active_storage_attachments".* FROM "active_storage_attachments" WHERE "active_storage_attachments"."record_id" = $1 AND "active_storage_attachments"."record_type" = $2 AND "active_storage_attachments"."name" = $3 LIMIT $4[0m  [["record_id", 22], ["record_type", "User"], ["name", "profile_picture"], ["LIMIT", 1]]
  ↳ app/views/api/users/index.json.jbuilder:4
  [1m[36mActiveStorage::Blob Load (0.3ms)[0m  [1m[34mSELECT  "active_storage_blobs".* FROM "active_storage_blobs" WHERE "active_storage_blobs"."id" = $1 LIMIT $2[0m  [["id", 19], ["LIMIT", 1]]
  ↳ app/views/api/users/index.json.jbuilder:4
  [1m[36mActiveStorage::Attachment Load (0.3ms)[0m  [1m[34mSELECT  "active_storage_attachments".* FROM "active_storage_attachments" WHERE "active_storage_attachments"."record_id" = $1 AND "active_storage_attachments"."record_type" = $2 AND "active_storage_attachments"."name" = $3 LIMIT $4[0m  [["record_id", 26], ["record_type", "User"], ["name", "profile_picture"], ["LIMIT", 1]]
  ↳ app/views/api/users/index.json.jbuilder:4
  [1m[36mActiveStorage::Blob Load (0.5ms)[0m  [1m[34mSELECT  "active_storage_blobs".* FROM "active_storage_blobs" WHERE "active_storage_blobs"."id" = $1 LIMIT $2[0m  [["id", 25], ["LIMIT", 1]]
  ↳ app/views/api/users/index.json.jbuilder:4
  [1m[36mActiveStorage::Attachment Load (0.4ms)[0m  [1m[34mSELECT  "active_storage_attachments".* FROM "active_storage_attachments" WHERE "active_storage_attachments"."record_id" = $1 AND "active_storage_attachments"."record_type" = $2 AND "active_storage_attachments"."name" = $3 LIMIT $4[0m  [["record_id", 25], ["record_type", "User"], ["name", "profile_picture"], ["LIMIT", 1]]
  ↳ app/views/api/users/index.json.jbuilder:4
  [1m[36mActiveStorage::Blob Load (0.6ms)[0m  [1m[34mSELECT  "active_storage_blobs".* FROM "active_storage_blobs" WHERE "active_storage_blobs"."id" = $1 LIMIT $2[0m  [["id", 23], ["LIMIT", 1]]
  ↳ app/views/api/users/index.json.jbuilder:4
  [1m[36mActiveStorage::Attachment Load (0.3ms)[0m  [1m[34mSELECT  "active_storage_attachments".* FROM "active_storage_attachments" WHERE "active_storage_attachments"."record_id" = $1 AND "active_storage_attachments"."record_type" = $2 AND "active_storage_attachments"."name" = $3 LIMIT $4[0m  [["record_id", 14], ["record_type", "User"], ["name", "profile_picture"], ["LIMIT", 1]]
  ↳ app/views/api/users/index.json.jbuilder:4
  [1m[36mActiveStorage::Blob Load (0.3ms)[0m  [1m[34mSELECT  "active_storage_blobs".* FROM "active_storage_blobs" WHERE "active_storage_blobs"."id" = $1 LIMIT $2[0m  [["id", 6], ["LIMIT", 1]]
  ↳ app/views/api/users/index.json.jbuilder:4
  [1m[36mActiveStorage::Attachment Load (0.4ms)[0m  [1m[34mSELECT  "active_storage_attachments".* FROM "active_storage_attachments" WHERE "active_storage_attachments"."record_id" = $1 AND "active_storage_attachments"."record_type" = $2 AND "active_storage_attachments"."name" = $3 LIMIT $4[0m  [["record_id", 15], ["record_type", "User"], ["name", "profile_picture"], ["LIMIT", 1]]
  ↳ app/views/api/users/index.json.jbuilder:4
  [1m[36mActiveStorage::Blob Load (0.4ms)[0m  [1m[34mSELECT  "active_storage_blobs".* FROM "active_storage_blobs" WHERE "active_storage_blobs"."id" = $1 LIMIT $2[0m  [["id", 7], ["LIMIT", 1]]
  ↳ app/views/api/users/index.json.jbuilder:4
  [1m[36mActiveStorage::Attachment Load (0.3ms)[0m  [1m[34mSELECT  "active_storage_attachments".* FROM "active_storage_attachments" WHERE "active_storage_attachments"."record_id" = $1 AND "active_storage_attachments"."record_type" = $2 AND "active_storage_attachments"."name" = $3 LIMIT $4[0m  [["record_id", 17], ["record_type", "User"], ["name", "profile_picture"], ["LIMIT", 1]]
  ↳ app/views/api/users/index.json.jbuilder:4
  [1m[36mActiveStorage::Blob Load (1.1ms)[0m  [1m[34mSELECT  "active_storage_blobs".* FROM "active_storage_blobs" WHERE "active_storage_blobs"."id" = $1 LIMIT $2[0m  [["id", 13], ["LIMIT", 1]]
  ↳ app/views/api/users/index.json.jbuilder:4
  [1m[36mActiveStorage::Attachment Load (0.3ms)[0m  [1m[34mSELECT  "active_storage_attachments".* FROM "active_storage_attachments" WHERE "active_storage_attachments"."record_id" = $1 AND "active_storage_attachments"."record_type" = $2 AND "active_storage_attachments"."name" = $3 LIMIT $4[0m  [["record_id", 16], ["record_type", "User"], ["name", "profile_picture"], ["LIMIT", 1]]
  ↳ app/views/api/users/index.json.jbuilder:4
  [1m[36mActiveStorage::Blob Load (0.2ms)[0m  [1m[34mSELECT  "active_storage_blobs".* FROM "active_storage_blobs" WHERE "active_storage_blobs"."id" = $1 LIMIT $2[0m  [["id", 8], ["LIMIT", 1]]
  ↳ app/views/api/users/index.json.jbuilder:4
  [1m[36mActiveStorage::Attachment Load (0.3ms)[0m  [1m[34mSELECT  "active_storage_attachments".* FROM "active_storage_attachments" WHERE "active_storage_attachments"."record_id" = $1 AND "active_storage_attachments"."record_type" = $2 AND "active_storage_attachments"."name" = $3 LIMIT $4[0m  [["record_id", 19], ["record_type", "User"], ["name", "profile_picture"], ["LIMIT", 1]]
  ↳ app/views/api/users/index.json.jbuilder:4
  [1m[36mActiveStorage::Blob Load (0.3ms)[0m  [1m[34mSELECT  "active_storage_blobs".* FROM "active_storage_blobs" WHERE "active_storage_blobs"."id" = $1 LIMIT $2[0m  [["id", 16], ["LIMIT", 1]]
  ↳ app/views/api/users/index.json.jbuilder:4
  [1m[36mActiveStorage::Attachment Load (0.3ms)[0m  [1m[34mSELECT  "active_storage_attachments".* FROM "active_storage_attachments" WHERE "active_storage_attachments"."record_id" = $1 AND "active_storage_attachments"."record_type" = $2 AND "active_storage_attachments"."name" = $3 LIMIT $4[0m  [["record_id", 24], ["record_type", "User"], ["name", "profile_picture"], ["LIMIT", 1]]
  ↳ app/views/api/users/index.json.jbuilder:4
  [1m[36mActiveStorage::Blob Load (0.3ms)[0m  [1m[34mSELECT  "active_storage_blobs".* FROM "active_storage_blobs" WHERE "active_storage_blobs"."id" = $1 LIMIT $2[0m  [["id", 21], ["LIMIT", 1]]
  ↳ app/views/api/users/index.json.jbuilder:4
  [1m[36mActiveStorage::Attachment Load (0.3ms)[0m  [1m[34mSELECT  "active_storage_attachments".* FROM "active_storage_attachments" WHERE "active_storage_attachments"."record_id" = $1 AND "active_storage_attachments"."record_type" = $2 AND "active_storage_attachments"."name" = $3 LIMIT $4[0m  [["record_id", 23], ["record_type", "User"], ["name", "profile_picture"], ["LIMIT", 1]]
  ↳ app/views/api/users/index.json.jbuilder:4
  [1m[36mActiveStorage::Blob Load (0.2ms)[0m  [1m[34mSELECT  "active_storage_blobs".* FROM "active_storage_blobs" WHERE "active_storage_blobs"."id" = $1 LIMIT $2[0m  [["id", 20], ["LIMIT", 1]]
  ↳ app/views/api/users/index.json.jbuilder:4
  [1m[36mActiveStorage::Attachment Load (0.3ms)[0m  [1m[34mSELECT  "active_storage_attachments".* FROM "active_storage_attachments" WHERE "active_storage_attachments"."record_id" = $1 AND "active_storage_attachments"."record_type" = $2 AND "active_storage_attachments"."name" = $3 LIMIT $4[0m  [["record_id", 9], ["record_type", "User"], ["name", "profile_picture"], ["LIMIT", 1]]
  ↳ app/views/api/users/index.json.jbuilder:4
  [1m[36mActiveStorage::Attachment Load (0.4ms)[0m  [1m[34mSELECT  "active_storage_attachments".* FROM "active_storage_attachments" WHERE "active_storage_attachments"."record_id" = $1 AND "active_storage_attachments"."record_type" = $2 AND "active_storage_attachments"."name" = $3 LIMIT $4[0m  [["record_id", 13], ["record_type", "User"], ["name", "profile_picture"], ["LIMIT", 1]]
  ↳ app/views/api/users/index.json.jbuilder:4
  [1m[36mActiveStorage::Blob Load (0.3ms)[0m  [1m[34mSELECT  "active_storage_blobs".* FROM "active_storage_blobs" WHERE "active_storage_blobs"."id" = $1 LIMIT $2[0m  [["id", 5], ["LIMIT", 1]]
  ↳ app/views/api/users/index.json.jbuilder:4
  [1m[36mActiveStorage::Attachment Load (0.3ms)[0m  [1m[34mSELECT  "active_storage_attachments".* FROM "active_storage_attachments" WHERE "active_storage_attachments"."record_id" = $1 AND "active_storage_attachments"."record_type" = $2 AND "active_storage_attachments"."name" = $3 LIMIT $4[0m  [["record_id", 11], ["record_type", "User"], ["name", "profile_picture"], ["LIMIT", 1]]
  ↳ app/views/api/users/index.json.jbuilder:4
  [1m[36mActiveStorage::Attachment Load (0.4ms)[0m  [1m[34mSELECT  "active_storage_attachments".* FROM "active_storage_attachments" WHERE "active_storage_attachments"."record_id" = $1 AND "active_storage_attachments"."record_type" = $2 AND "active_storage_attachments"."name" = $3 LIMIT $4[0m  [["record_id", 12], ["record_type", "User"], ["name", "profile_picture"], ["LIMIT", 1]]
  ↳ app/views/api/users/index.json.jbuilder:4
  [1m[36mActiveStorage::Attachment Load (0.3ms)[0m  [1m[34mSELECT  "active_storage_attachments".* FROM "active_storage_attachments" WHERE "active_storage_attachments"."record_id" = $1 AND "active_storage_attachments"."record_type" = $2 AND "active_storage_attachments"."name" = $3 LIMIT $4[0m  [["record_id", 10], ["record_type", "User"], ["name", "profile_picture"], ["LIMIT", 1]]
  ↳ app/views/api/users/index.json.jbuilder:4
  Rendered api/users/index.json.jbuilder (313.1ms)
Completed 200 OK in 325ms (Views: 247.4ms | ActiveRecord: 77.2ms)


Started GET "/rails/active_storage/blobs/eyJfcmFpbHMiOnsibWVzc2FnZSI6IkJBaHBDdz09IiwiZXhwIjpudWxsLCJwdXIiOiJibG9iX2lkIn19--0273dc55521e56d398aef7c3aee2932301a2f7a9/default_user.jpg" for ::1 at 2021-05-21 13:47:14 -0700
Started GET "/rails/active_storage/blobs/eyJfcmFpbHMiOnsibWVzc2FnZSI6IkJBaHBCdz09IiwiZXhwIjpudWxsLCJwdXIiOiJibG9iX2lkIn19--07291faff38798668d306c8bd004f59da2888bdb/image0.jpg" for ::1 at 2021-05-21 13:47:14 -0700
Started GET "/rails/active_storage/blobs/eyJfcmFpbHMiOnsibWVzc2FnZSI6IkJBaHBEUT09IiwiZXhwIjpudWxsLCJwdXIiOiJibG9iX2lkIn19--fca081367be7a01e27f2c53d61eed514690ebb36/default_user.jpg" for ::1 at 2021-05-21 13:47:14 -0700
Started GET "/rails/active_storage/blobs/eyJfcmFpbHMiOnsibWVzc2FnZSI6IkJBaHBFdz09IiwiZXhwIjpudWxsLCJwdXIiOiJibG9iX2lkIn19--ef98d351fb0e4d62be2f481a587456543e45cc96/default_user.jpg" for ::1 at 2021-05-21 13:47:14 -0700
Started GET "/rails/active_storage/blobs/eyJfcmFpbHMiOnsibWVzc2FnZSI6IkJBaHBGdz09IiwiZXhwIjpudWxsLCJwdXIiOiJibG9iX2lkIn19--e5de393ca8824e6b30ea11a35c89c7ec3799e2fb/default_user.jpg" for ::1 at 2021-05-21 13:47:14 -0700
Processing by ActiveStorage::BlobsController#show as JPEG
  Parameters: {"signed_id"=>"eyJfcmFpbHMiOnsibWVzc2FnZSI6IkJBaHBCdz09IiwiZXhwIjpudWxsLCJwdXIiOiJibG9iX2lkIn19--07291faff38798668d306c8bd004f59da2888bdb", "filename"=>"image0"}
Processing by ActiveStorage::BlobsController#show as JPEG
  Parameters: {"signed_id"=>"eyJfcmFpbHMiOnsibWVzc2FnZSI6IkJBaHBDdz09IiwiZXhwIjpudWxsLCJwdXIiOiJibG9iX2lkIn19--0273dc55521e56d398aef7c3aee2932301a2f7a9", "filename"=>"default_user"}
Processing by ActiveStorage::BlobsController#show as JPEG
  Parameters: {"signed_id"=>"eyJfcmFpbHMiOnsibWVzc2FnZSI6IkJBaHBFdz09IiwiZXhwIjpudWxsLCJwdXIiOiJibG9iX2lkIn19--ef98d351fb0e4d62be2f481a587456543e45cc96", "filename"=>"default_user"}
Processing by ActiveStorage::BlobsController#show as JPEG
  [1m[36mActiveStorage::Blob Load (5.6ms)[0m  [1m[34mSELECT  "active_storage_blobs".* FROM "active_storage_blobs" WHERE "active_storage_blobs"."id" = $1 LIMIT $2[0m  [["id", 6], ["LIMIT", 1]]
  ↳ /Users/Eyal/.rbenv/versions/2.5.1/lib/ruby/gems/2.5.0/gems/activerecord-5.2.4.2/lib/active_record/log_subscriber.rb:98
[36m  S3 Storage (7.6ms) [0m[34mGenerated URL for file at key: Ecp8yKB2Nne87okfpvUbPDL7 (https://sofaboarding-dev.s3.us-west-1.amazonaws.com/Ecp8yKB2Nne87okfpvUbPDL7?response-content-disposition=inline%3B%20filename%3D%22default_user.jpg%22%3B%20filename%2A%3DUTF-8%27%27default_user.jpg&response-content-type=image%2Fjpeg&X-Amz-Algorithm=AWS4-HMAC-SHA256&X-Amz-Credential=AKIATR56K5PO3QXEEEGI%2F20210521%2Fus-west-1%2Fs3%2Faws4_request&X-Amz-Date=20210521T204714Z&X-Amz-Expires=300&X-Amz-SignedHeaders=host&X-Amz-Signature=7f00da277ddb7bc0d396c4ab26787fbf5bde65fcbc29a5a02676a87b5f034e8a)[0m
Redirected to https://sofaboarding-dev.s3.us-west-1.amazonaws.com/Ecp8yKB2Nne87okfpvUbPDL7?response-content-disposition=inline%3B%20filename%3D%22default_user.jpg%22%3B%20filename%2A%3DUTF-8%27%27default_user.jpg&response-content-type=image%2Fjpeg&X-Amz-Algorithm=AWS4-HMAC-SHA256&X-Amz-Credential=AKIATR56K5PO3QXEEEGI%2F20210521%2Fus-west-1%2Fs3%2Faws4_request&X-Amz-Date=20210521T204714Z&X-Amz-Expires=300&X-Amz-SignedHeaders=host&X-Amz-Signature=7f00da277ddb7bc0d396c4ab26787fbf5bde65fcbc29a5a02676a87b5f034e8a
Completed 302 Found in 26ms (ActiveRecord: 5.6ms)


  [1m[36mActiveStorage::Blob Load (9.5ms)[0m  [1m[34mSELECT  "active_storage_blobs".* FROM "active_storage_blobs" WHERE "active_storage_blobs"."id" = $1 LIMIT $2[0m  [["id", 14], ["LIMIT", 1]]
  ↳ /Users/Eyal/.rbenv/versions/2.5.1/lib/ruby/gems/2.5.0/gems/activerecord-5.2.4.2/lib/active_record/log_subscriber.rb:98
[36m  S3 Storage (2.2ms) [0m[34mGenerated URL for file at key: 4LztbWd5A43LsfWQ5jJEdMZi (https://sofaboarding-dev.s3.us-west-1.amazonaws.com/4LztbWd5A43LsfWQ5jJEdMZi?response-content-disposition=inline%3B%20filename%3D%22default_user.jpg%22%3B%20filename%2A%3DUTF-8%27%27default_user.jpg&response-content-type=image%2Fjpeg&X-Amz-Algorithm=AWS4-HMAC-SHA256&X-Amz-Credential=AKIATR56K5PO3QXEEEGI%2F20210521%2Fus-west-1%2Fs3%2Faws4_request&X-Amz-Date=20210521T204714Z&X-Amz-Expires=300&X-Amz-SignedHeaders=host&X-Amz-Signature=ee87cf2cb916c90a437cd33af506c0d78f77fa1d3c3daedeca52685ecfab8a9c)[0m
Redirected to https://sofaboarding-dev.s3.us-west-1.amazonaws.com/4LztbWd5A43LsfWQ5jJEdMZi?response-content-disposition=inline%3B%20filename%3D%22default_user.jpg%22%3B%20filename%2A%3DUTF-8%27%27default_user.jpg&response-content-type=image%2Fjpeg&X-Amz-Algorithm=AWS4-HMAC-SHA256&X-Amz-Credential=AKIATR56K5PO3QXEEEGI%2F20210521%2Fus-west-1%2Fs3%2Faws4_request&X-Amz-Date=20210521T204714Z&X-Amz-Expires=300&X-Amz-SignedHeaders=host&X-Amz-Signature=ee87cf2cb916c90a437cd33af506c0d78f77fa1d3c3daedeca52685ecfab8a9c
Completed 302 Found in 29ms (ActiveRecord: 16.0ms)


  Parameters: {"signed_id"=>"eyJfcmFpbHMiOnsibWVzc2FnZSI6IkJBaHBEUT09IiwiZXhwIjpudWxsLCJwdXIiOiJibG9iX2lkIn19--fca081367be7a01e27f2c53d61eed514690ebb36", "filename"=>"default_user"}
  [1m[36mActiveStorage::Blob Load (36.4ms)[0m  [1m[34mSELECT  "active_storage_blobs".* FROM "active_storage_blobs" WHERE "active_storage_blobs"."id" = $1 LIMIT $2[0m  [["id", 2], ["LIMIT", 1]]
  ↳ /Users/Eyal/.rbenv/versions/2.5.1/lib/ruby/gems/2.5.0/gems/activerecord-5.2.4.2/lib/active_record/log_subscriber.rb:98
[36m  S3 Storage (2.6ms) [0m[34mGenerated URL for file at key: rCoptZFYKQfd8s1Ycrdvqose (https://sofaboarding-dev.s3.us-west-1.amazonaws.com/rCoptZFYKQfd8s1Ycrdvqose?response-content-disposition=inline%3B%20filename%3D%22image0.jpg%22%3B%20filename%2A%3DUTF-8%27%27image0.jpg&response-content-type=image%2Fjpeg&X-Amz-Algorithm=AWS4-HMAC-SHA256&X-Amz-Credential=AKIATR56K5PO3QXEEEGI%2F20210521%2Fus-west-1%2Fs3%2Faws4_request&X-Amz-Date=20210521T204714Z&X-Amz-Expires=300&X-Amz-SignedHeaders=host&X-Amz-Signature=f01f25e7d1356cd381bab6b85074d9024d4240b1aa754066929b8c1c9068fd17)[0m
Redirected to https://sofaboarding-dev.s3.us-west-1.amazonaws.com/rCoptZFYKQfd8s1Ycrdvqose?response-content-disposition=inline%3B%20filename%3D%22image0.jpg%22%3B%20filename%2A%3DUTF-8%27%27image0.jpg&response-content-type=image%2Fjpeg&X-Amz-Algorithm=AWS4-HMAC-SHA256&X-Amz-Credential=AKIATR56K5PO3QXEEEGI%2F20210521%2Fus-west-1%2Fs3%2Faws4_request&X-Amz-Date=20210521T204714Z&X-Amz-Expires=300&X-Amz-SignedHeaders=host&X-Amz-Signature=f01f25e7d1356cd381bab6b85074d9024d4240b1aa754066929b8c1c9068fd17
Completed 302 Found in 69ms (ActiveRecord: 44.2ms)


  [1m[36mActiveStorage::Blob Load (2.3ms)[0m  [1m[34mSELECT  "active_storage_blobs".* FROM "active_storage_blobs" WHERE "active_storage_blobs"."id" = $1 LIMIT $2[0m  [["id", 8], ["LIMIT", 1]]
  ↳ /Users/Eyal/.rbenv/versions/2.5.1/lib/ruby/gems/2.5.0/gems/activerecord-5.2.4.2/lib/active_record/log_subscriber.rb:98
[36m  S3 Storage (7.4ms) [0m[34mGenerated URL for file at key: PLzAu6KD8x9odhELZ7TamRkg (https://sofaboarding-dev.s3.us-west-1.amazonaws.com/PLzAu6KD8x9odhELZ7TamRkg?response-content-disposition=inline%3B%20filename%3D%22default_user.jpg%22%3B%20filename%2A%3DUTF-8%27%27default_user.jpg&response-content-type=image%2Fjpeg&X-Amz-Algorithm=AWS4-HMAC-SHA256&X-Amz-Credential=AKIATR56K5PO3QXEEEGI%2F20210521%2Fus-west-1%2Fs3%2Faws4_request&X-Amz-Date=20210521T204714Z&X-Amz-Expires=300&X-Amz-SignedHeaders=host&X-Amz-Signature=bcc866e0976e5117b6471ac1f1e4d0ff5563cea74f06622a509303a0d4958c59)[0m
Redirected to https://sofaboarding-dev.s3.us-west-1.amazonaws.com/PLzAu6KD8x9odhELZ7TamRkg?response-content-disposition=inline%3B%20filename%3D%22default_user.jpg%22%3B%20filename%2A%3DUTF-8%27%27default_user.jpg&response-content-type=image%2Fjpeg&X-Amz-Algorithm=AWS4-HMAC-SHA256&X-Amz-Credential=AKIATR56K5PO3QXEEEGI%2F20210521%2Fus-west-1%2Fs3%2Faws4_request&X-Amz-Date=20210521T204714Z&X-Amz-Expires=300&X-Amz-SignedHeaders=host&X-Amz-Signature=bcc866e0976e5117b6471ac1f1e4d0ff5563cea74f06622a509303a0d4958c59
Completed 302 Found in 54ms (ActiveRecord: 2.3ms)


Processing by ActiveStorage::BlobsController#show as JPEG
  Parameters: {"signed_id"=>"eyJfcmFpbHMiOnsibWVzc2FnZSI6IkJBaHBGdz09IiwiZXhwIjpudWxsLCJwdXIiOiJibG9iX2lkIn19--e5de393ca8824e6b30ea11a35c89c7ec3799e2fb", "filename"=>"default_user"}
  [1m[36mActiveStorage::Blob Load (2.9ms)[0m  [1m[34mSELECT  "active_storage_blobs".* FROM "active_storage_blobs" WHERE "active_storage_blobs"."id" = $1 LIMIT $2[0m  [["id", 18], ["LIMIT", 1]]
  ↳ /Users/Eyal/.rbenv/versions/2.5.1/lib/ruby/gems/2.5.0/gems/activerecord-5.2.4.2/lib/active_record/log_subscriber.rb:98
[36m  S3 Storage (3.1ms) [0m[34mGenerated URL for file at key: ZoKaZUDA8Bva9S6kNKqDJNH8 (https://sofaboarding-dev.s3.us-west-1.amazonaws.com/ZoKaZUDA8Bva9S6kNKqDJNH8?response-content-disposition=inline%3B%20filename%3D%22default_user.jpg%22%3B%20filename%2A%3DUTF-8%27%27default_user.jpg&response-content-type=image%2Fjpeg&X-Amz-Algorithm=AWS4-HMAC-SHA256&X-Amz-Credential=AKIATR56K5PO3QXEEEGI%2F20210521%2Fus-west-1%2Fs3%2Faws4_request&X-Amz-Date=20210521T204714Z&X-Amz-Expires=300&X-Amz-SignedHeaders=host&X-Amz-Signature=5bbccd4866b298dcdfbc630d0e42b48f008c713697ad6b55c4b433bfb199ff1a)[0m
Redirected to https://sofaboarding-dev.s3.us-west-1.amazonaws.com/ZoKaZUDA8Bva9S6kNKqDJNH8?response-content-disposition=inline%3B%20filename%3D%22default_user.jpg%22%3B%20filename%2A%3DUTF-8%27%27default_user.jpg&response-content-type=image%2Fjpeg&X-Amz-Algorithm=AWS4-HMAC-SHA256&X-Amz-Credential=AKIATR56K5PO3QXEEEGI%2F20210521%2Fus-west-1%2Fs3%2Faws4_request&X-Amz-Date=20210521T204714Z&X-Amz-Expires=300&X-Amz-SignedHeaders=host&X-Amz-Signature=5bbccd4866b298dcdfbc630d0e42b48f008c713697ad6b55c4b433bfb199ff1a
Completed 302 Found in 14ms (ActiveRecord: 3.5ms)


Started GET "/rails/active_storage/blobs/eyJfcmFpbHMiOnsibWVzc2FnZSI6IkJBaHBHQT09IiwiZXhwIjpudWxsLCJwdXIiOiJibG9iX2lkIn19--b8731c142d28f58b06b315226fbaea794e341003/default_user.jpg" for ::1 at 2021-05-21 13:47:14 -0700
Processing by ActiveStorage::BlobsController#show as JPEG
  Parameters: {"signed_id"=>"eyJfcmFpbHMiOnsibWVzc2FnZSI6IkJBaHBHQT09IiwiZXhwIjpudWxsLCJwdXIiOiJibG9iX2lkIn19--b8731c142d28f58b06b315226fbaea794e341003", "filename"=>"default_user"}
  [1m[36mActiveStorage::Blob Load (0.4ms)[0m  [1m[34mSELECT  "active_storage_blobs".* FROM "active_storage_blobs" WHERE "active_storage_blobs"."id" = $1 LIMIT $2[0m  [["id", 19], ["LIMIT", 1]]
  ↳ /Users/Eyal/.rbenv/versions/2.5.1/lib/ruby/gems/2.5.0/gems/activerecord-5.2.4.2/lib/active_record/log_subscriber.rb:98
[36m  S3 Storage (3.3ms) [0m[34mGenerated URL for file at key: Uv91UZyoQ9ZSJpGkrH8dnTDv (https://sofaboarding-dev.s3.us-west-1.amazonaws.com/Uv91UZyoQ9ZSJpGkrH8dnTDv?response-content-disposition=inline%3B%20filename%3D%22default_user.jpg%22%3B%20filename%2A%3DUTF-8%27%27default_user.jpg&response-content-type=image%2Fjpeg&X-Amz-Algorithm=AWS4-HMAC-SHA256&X-Amz-Credential=AKIATR56K5PO3QXEEEGI%2F20210521%2Fus-west-1%2Fs3%2Faws4_request&X-Amz-Date=20210521T204714Z&X-Amz-Expires=300&X-Amz-SignedHeaders=host&X-Amz-Signature=d919cce0c07e69a2f48e6e2cb26a92a1a0424fd42ef5435a60d0291c09050f2b)[0m
Redirected to https://sofaboarding-dev.s3.us-west-1.amazonaws.com/Uv91UZyoQ9ZSJpGkrH8dnTDv?response-content-disposition=inline%3B%20filename%3D%22default_user.jpg%22%3B%20filename%2A%3DUTF-8%27%27default_user.jpg&response-content-type=image%2Fjpeg&X-Amz-Algorithm=AWS4-HMAC-SHA256&X-Amz-Credential=AKIATR56K5PO3QXEEEGI%2F20210521%2Fus-west-1%2Fs3%2Faws4_request&X-Amz-Date=20210521T204714Z&X-Amz-Expires=300&X-Amz-SignedHeaders=host&X-Amz-Signature=d919cce0c07e69a2f48e6e2cb26a92a1a0424fd42ef5435a60d0291c09050f2b
Completed 302 Found in 6ms (ActiveRecord: 0.4ms)


Started GET "/rails/active_storage/blobs/eyJfcmFpbHMiOnsibWVzc2FnZSI6IkJBaHBHUT09IiwiZXhwIjpudWxsLCJwdXIiOiJibG9iX2lkIn19--a0c41fffb5e5c8b3bbce908d9460056f425d90ba/default_user.jpg" for ::1 at 2021-05-21 13:47:14 -0700
Processing by ActiveStorage::BlobsController#show as JPEG
  Parameters: {"signed_id"=>"eyJfcmFpbHMiOnsibWVzc2FnZSI6IkJBaHBHUT09IiwiZXhwIjpudWxsLCJwdXIiOiJibG9iX2lkIn19--a0c41fffb5e5c8b3bbce908d9460056f425d90ba", "filename"=>"default_user"}
  [1m[36mActiveStorage::Blob Load (0.5ms)[0m  [1m[34mSELECT  "active_storage_blobs".* FROM "active_storage_blobs" WHERE "active_storage_blobs"."id" = $1 LIMIT $2[0m  [["id", 20], ["LIMIT", 1]]
  ↳ /Users/Eyal/.rbenv/versions/2.5.1/lib/ruby/gems/2.5.0/gems/activerecord-5.2.4.2/lib/active_record/log_subscriber.rb:98
[36m  S3 Storage (1.9ms) [0m[34mGenerated URL for file at key: bdsLEvNw2x8Nomg75ZjJZyA2 (https://sofaboarding-dev.s3.us-west-1.amazonaws.com/bdsLEvNw2x8Nomg75ZjJZyA2?response-content-disposition=inline%3B%20filename%3D%22default_user.jpg%22%3B%20filename%2A%3DUTF-8%27%27default_user.jpg&response-content-type=image%2Fjpeg&X-Amz-Algorithm=AWS4-HMAC-SHA256&X-Amz-Credential=AKIATR56K5PO3QXEEEGI%2F20210521%2Fus-west-1%2Fs3%2Faws4_request&X-Amz-Date=20210521T204714Z&X-Amz-Expires=300&X-Amz-SignedHeaders=host&X-Amz-Signature=ff60020c8d90cbdcab049831d1bb55c2040a1f86c4c4ce9c857cf61728f8b07a)[0m
Redirected to https://sofaboarding-dev.s3.us-west-1.amazonaws.com/bdsLEvNw2x8Nomg75ZjJZyA2?response-content-disposition=inline%3B%20filename%3D%22default_user.jpg%22%3B%20filename%2A%3DUTF-8%27%27default_user.jpg&response-content-type=image%2Fjpeg&X-Amz-Algorithm=AWS4-HMAC-SHA256&X-Amz-Credential=AKIATR56K5PO3QXEEEGI%2F20210521%2Fus-west-1%2Fs3%2Faws4_request&X-Amz-Date=20210521T204714Z&X-Amz-Expires=300&X-Amz-SignedHeaders=host&X-Amz-Signature=ff60020c8d90cbdcab049831d1bb55c2040a1f86c4c4ce9c857cf61728f8b07a
Completed 302 Found in 4ms (ActiveRecord: 0.5ms)


Started GET "/rails/active_storage/blobs/eyJfcmFpbHMiOnsibWVzc2FnZSI6IkJBaHBHZz09IiwiZXhwIjpudWxsLCJwdXIiOiJibG9iX2lkIn19--c8a1cce05fd7ad21d187a31f1eb2babbe88bc3d2/default_user.jpg" for ::1 at 2021-05-21 13:47:14 -0700
Processing by ActiveStorage::BlobsController#show as JPEG
  Parameters: {"signed_id"=>"eyJfcmFpbHMiOnsibWVzc2FnZSI6IkJBaHBHZz09IiwiZXhwIjpudWxsLCJwdXIiOiJibG9iX2lkIn19--c8a1cce05fd7ad21d187a31f1eb2babbe88bc3d2", "filename"=>"default_user"}
Started GET "/rails/active_storage/blobs/eyJfcmFpbHMiOnsibWVzc2FnZSI6IkJBaHBIQT09IiwiZXhwIjpudWxsLCJwdXIiOiJibG9iX2lkIn19--9ff8e5559ddffeaa24ed725dd8beb15946ce5806/PHOTO-2019-01-20-09-15-18.jpg" for ::1 at 2021-05-21 13:47:14 -0700
Started GET "/rails/active_storage/blobs/eyJfcmFpbHMiOnsibWVzc2FnZSI6IkJBaHBIZz09IiwiZXhwIjpudWxsLCJwdXIiOiJibG9iX2lkIn19--79f34e26637d6a7486b4b79c4f4f71bac2aaa849/default_user.jpg" for ::1 at 2021-05-21 13:47:14 -0700
Processing by ActiveStorage::BlobsController#show as JPEG
  Parameters: {"signed_id"=>"eyJfcmFpbHMiOnsibWVzc2FnZSI6IkJBaHBIQT09IiwiZXhwIjpudWxsLCJwdXIiOiJibG9iX2lkIn19--9ff8e5559ddffeaa24ed725dd8beb15946ce5806", "filename"=>"PHOTO-2019-01-20-09-15-18"}
  [1m[36mActiveStorage::Blob Load (21.3ms)[0m  [1m[34mSELECT  "active_storage_blobs".* FROM "active_storage_blobs" WHERE "active_storage_blobs"."id" = $1 LIMIT $2[0m  [["id", 21], ["LIMIT", 1]]
  ↳ /Users/Eyal/.rbenv/versions/2.5.1/lib/ruby/gems/2.5.0/gems/activerecord-5.2.4.2/lib/active_record/log_subscriber.rb:98
Processing by ActiveStorage::BlobsController#show as JPEG
[36m  S3 Storage (6.9ms) [0m[34mGenerated URL for file at key: vtgT5BxA1FLG4bkxHirZeaLf (https://sofaboarding-dev.s3.us-west-1.amazonaws.com/vtgT5BxA1FLG4bkxHirZeaLf?response-content-disposition=inline%3B%20filename%3D%22default_user.jpg%22%3B%20filename%2A%3DUTF-8%27%27default_user.jpg&response-content-type=image%2Fjpeg&X-Amz-Algorithm=AWS4-HMAC-SHA256&X-Amz-Credential=AKIATR56K5PO3QXEEEGI%2F20210521%2Fus-west-1%2Fs3%2Faws4_request&X-Amz-Date=20210521T204714Z&X-Amz-Expires=300&X-Amz-SignedHeaders=host&X-Amz-Signature=81473115bb5cbf82fb7704cd504b9a944180d3932ce56f09c374b64f63dfe524)[0m
Redirected to https://sofaboarding-dev.s3.us-west-1.amazonaws.com/vtgT5BxA1FLG4bkxHirZeaLf?response-content-disposition=inline%3B%20filename%3D%22default_user.jpg%22%3B%20filename%2A%3DUTF-8%27%27default_user.jpg&response-content-type=image%2Fjpeg&X-Amz-Algorithm=AWS4-HMAC-SHA256&X-Amz-Credential=AKIATR56K5PO3QXEEEGI%2F20210521%2Fus-west-1%2Fs3%2Faws4_request&X-Amz-Date=20210521T204714Z&X-Amz-Expires=300&X-Amz-SignedHeaders=host&X-Amz-Signature=81473115bb5cbf82fb7704cd504b9a944180d3932ce56f09c374b64f63dfe524
Started GET "/rails/active_storage/blobs/eyJfcmFpbHMiOnsibWVzc2FnZSI6IkJBaHBCZz09IiwiZXhwIjpudWxsLCJwdXIiOiJibG9iX2lkIn19--50c94a5f5d1a40bd838deb96165aca3eca0c1da4/image0.jpg" for ::1 at 2021-05-21 13:47:14 -0700
Completed 302 Found in 35ms (ActiveRecord: 21.3ms)


  Parameters: {"signed_id"=>"eyJfcmFpbHMiOnsibWVzc2FnZSI6IkJBaHBIZz09IiwiZXhwIjpudWxsLCJwdXIiOiJibG9iX2lkIn19--79f34e26637d6a7486b4b79c4f4f71bac2aaa849", "filename"=>"default_user"}
  [1m[36mActiveStorage::Blob Load (10.5ms)[0m  [1m[34mSELECT  "active_storage_blobs".* FROM "active_storage_blobs" WHERE "active_storage_blobs"."id" = $1 LIMIT $2[0m  [["id", 23], ["LIMIT", 1]]
  ↳ /Users/Eyal/.rbenv/versions/2.5.1/lib/ruby/gems/2.5.0/gems/activerecord-5.2.4.2/lib/active_record/log_subscriber.rb:98
  [1m[36mActiveStorage::Blob Load (1.5ms)[0m  [1m[34mSELECT  "active_storage_blobs".* FROM "active_storage_blobs" WHERE "active_storage_blobs"."id" = $1 LIMIT $2[0m  [["id", 25], ["LIMIT", 1]]
[36m  S3 Storage (3.6ms) [0m[34mGenerated URL for file at key: hCT6v5nPJbETjjy2So41V6sM (https://sofaboarding-dev.s3.us-west-1.amazonaws.com/hCT6v5nPJbETjjy2So41V6sM?response-content-disposition=inline%3B%20filename%3D%22PHOTO-2019-01-20-09-15-18.jpg%22%3B%20filename%2A%3DUTF-8%27%27PHOTO-2019-01-20-09-15-18.jpg&response-content-type=image%2Fjpeg&X-Amz-Algorithm=AWS4-HMAC-SHA256&X-Amz-Credential=AKIATR56K5PO3QXEEEGI%2F20210521%2Fus-west-1%2Fs3%2Faws4_request&X-Amz-Date=20210521T204714Z&X-Amz-Expires=300&X-Amz-SignedHeaders=host&X-Amz-Signature=e8652d4b91b7d82c1ba07eda937794cb9a89763759878fa75b3dfa7c69f38b51)[0m
Redirected to https://sofaboarding-dev.s3.us-west-1.amazonaws.com/hCT6v5nPJbETjjy2So41V6sM?response-content-disposition=inline%3B%20filename%3D%22PHOTO-2019-01-20-09-15-18.jpg%22%3B%20filename%2A%3DUTF-8%27%27PHOTO-2019-01-20-09-15-18.jpg&response-content-type=image%2Fjpeg&X-Amz-Algorithm=AWS4-HMAC-SHA256&X-Amz-Credential=AKIATR56K5PO3QXEEEGI%2F20210521%2Fus-west-1%2Fs3%2Faws4_request&X-Amz-Date=20210521T204714Z&X-Amz-Expires=300&X-Amz-SignedHeaders=host&X-Amz-Signature=e8652d4b91b7d82c1ba07eda937794cb9a89763759878fa75b3dfa7c69f38b51
Completed 302 Found in 24ms (ActiveRecord: 10.5ms)


  ↳ /Users/Eyal/.rbenv/versions/2.5.1/lib/ruby/gems/2.5.0/gems/activerecord-5.2.4.2/lib/active_record/log_subscriber.rb:98
[36m  S3 Storage (3.7ms) [0m[34mGenerated URL for file at key: QyQdK23usq2UxbFhZn7hXS8X (https://sofaboarding-dev.s3.us-west-1.amazonaws.com/QyQdK23usq2UxbFhZn7hXS8X?response-content-disposition=inline%3B%20filename%3D%22default_user.jpg%22%3B%20filename%2A%3DUTF-8%27%27default_user.jpg&response-content-type=image%2Fjpeg&X-Amz-Algorithm=AWS4-HMAC-SHA256&X-Amz-Credential=AKIATR56K5PO3QXEEEGI%2F20210521%2Fus-west-1%2Fs3%2Faws4_request&X-Amz-Date=20210521T204714Z&X-Amz-Expires=300&X-Amz-SignedHeaders=host&X-Amz-Signature=83ce2fa71a40a737ea0112ce7c028c33035472919552cd48bcce7c7163fa971f)[0m
Redirected to https://sofaboarding-dev.s3.us-west-1.amazonaws.com/QyQdK23usq2UxbFhZn7hXS8X?response-content-disposition=inline%3B%20filename%3D%22default_user.jpg%22%3B%20filename%2A%3DUTF-8%27%27default_user.jpg&response-content-type=image%2Fjpeg&X-Amz-Algorithm=AWS4-HMAC-SHA256&X-Amz-Credential=AKIATR56K5PO3QXEEEGI%2F20210521%2Fus-west-1%2Fs3%2Faws4_request&X-Amz-Date=20210521T204714Z&X-Amz-Expires=300&X-Amz-SignedHeaders=host&X-Amz-Signature=83ce2fa71a40a737ea0112ce7c028c33035472919552cd48bcce7c7163fa971f
Completed 302 Found in 21ms (ActiveRecord: 1.5ms)


Processing by ActiveStorage::BlobsController#show as JPEG
  Parameters: {"signed_id"=>"eyJfcmFpbHMiOnsibWVzc2FnZSI6IkJBaHBCZz09IiwiZXhwIjpudWxsLCJwdXIiOiJibG9iX2lkIn19--50c94a5f5d1a40bd838deb96165aca3eca0c1da4", "filename"=>"image0"}
  [1m[36mActiveStorage::Blob Load (5.8ms)[0m  [1m[34mSELECT  "active_storage_blobs".* FROM "active_storage_blobs" WHERE "active_storage_blobs"."id" = $1 LIMIT $2[0m  [["id", 1], ["LIMIT", 1]]
  ↳ /Users/Eyal/.rbenv/versions/2.5.1/lib/ruby/gems/2.5.0/gems/activerecord-5.2.4.2/lib/active_record/log_subscriber.rb:98
[36m  S3 Storage (4.0ms) [0m[34mGenerated URL for file at key: 7Gqh5vrqi7EFo2zF1wHiLjLv (https://sofaboarding-dev.s3.us-west-1.amazonaws.com/7Gqh5vrqi7EFo2zF1wHiLjLv?response-content-disposition=inline%3B%20filename%3D%22image0.jpg%22%3B%20filename%2A%3DUTF-8%27%27image0.jpg&response-content-type=image%2Fjpeg&X-Amz-Algorithm=AWS4-HMAC-SHA256&X-Amz-Credential=AKIATR56K5PO3QXEEEGI%2F20210521%2Fus-west-1%2Fs3%2Faws4_request&X-Amz-Date=20210521T204714Z&X-Amz-Expires=300&X-Amz-SignedHeaders=host&X-Amz-Signature=d0bbc3db194ac8d2388fcbe5bbe30457a4ba1da29f9344af9163bd91ce38c3c5)[0m
Redirected to https://sofaboarding-dev.s3.us-west-1.amazonaws.com/7Gqh5vrqi7EFo2zF1wHiLjLv?response-content-disposition=inline%3B%20filename%3D%22image0.jpg%22%3B%20filename%2A%3DUTF-8%27%27image0.jpg&response-content-type=image%2Fjpeg&X-Amz-Algorithm=AWS4-HMAC-SHA256&X-Amz-Credential=AKIATR56K5PO3QXEEEGI%2F20210521%2Fus-west-1%2Fs3%2Faws4_request&X-Amz-Date=20210521T204714Z&X-Amz-Expires=300&X-Amz-SignedHeaders=host&X-Amz-Signature=d0bbc3db194ac8d2388fcbe5bbe30457a4ba1da29f9344af9163bd91ce38c3c5
Completed 302 Found in 13ms (ActiveRecord: 5.8ms)


Started GET "/rails/active_storage/blobs/eyJfcmFpbHMiOnsibWVzc2FnZSI6IkJBaHBEQT09IiwiZXhwIjpudWxsLCJwdXIiOiJibG9iX2lkIn19--9256198b641ee2dcfcad5cf86884acb451e02640/default_user.jpg" for ::1 at 2021-05-21 13:47:14 -0700
Processing by ActiveStorage::BlobsController#show as JPEG
  Parameters: {"signed_id"=>"eyJfcmFpbHMiOnsibWVzc2FnZSI6IkJBaHBEQT09IiwiZXhwIjpudWxsLCJwdXIiOiJibG9iX2lkIn19--9256198b641ee2dcfcad5cf86884acb451e02640", "filename"=>"default_user"}
  [1m[36mActiveStorage::Blob Load (0.4ms)[0m  [1m[34mSELECT  "active_storage_blobs".* FROM "active_storage_blobs" WHERE "active_storage_blobs"."id" = $1 LIMIT $2[0m  [["id", 7], ["LIMIT", 1]]
  ↳ /Users/Eyal/.rbenv/versions/2.5.1/lib/ruby/gems/2.5.0/gems/activerecord-5.2.4.2/lib/active_record/log_subscriber.rb:98
[36m  S3 Storage (2.1ms) [0m[34mGenerated URL for file at key: tou4iki5nhEChhSboi7dPMDW (https://sofaboarding-dev.s3.us-west-1.amazonaws.com/tou4iki5nhEChhSboi7dPMDW?response-content-disposition=inline%3B%20filename%3D%22default_user.jpg%22%3B%20filename%2A%3DUTF-8%27%27default_user.jpg&response-content-type=image%2Fjpeg&X-Amz-Algorithm=AWS4-HMAC-SHA256&X-Amz-Credential=AKIATR56K5PO3QXEEEGI%2F20210521%2Fus-west-1%2Fs3%2Faws4_request&X-Amz-Date=20210521T204714Z&X-Amz-Expires=300&X-Amz-SignedHeaders=host&X-Amz-Signature=d3f5bc979ae429f0fc14f06ed1e173e1f5fd38f4781a51b3a9efc9cba8d13a26)[0m
Redirected to https://sofaboarding-dev.s3.us-west-1.amazonaws.com/tou4iki5nhEChhSboi7dPMDW?response-content-disposition=inline%3B%20filename%3D%22default_user.jpg%22%3B%20filename%2A%3DUTF-8%27%27default_user.jpg&response-content-type=image%2Fjpeg&X-Amz-Algorithm=AWS4-HMAC-SHA256&X-Amz-Credential=AKIATR56K5PO3QXEEEGI%2F20210521%2Fus-west-1%2Fs3%2Faws4_request&X-Amz-Date=20210521T204714Z&X-Amz-Expires=300&X-Amz-SignedHeaders=host&X-Amz-Signature=d3f5bc979ae429f0fc14f06ed1e173e1f5fd38f4781a51b3a9efc9cba8d13a26
Completed 302 Found in 5ms (ActiveRecord: 0.4ms)


Started GET "/rails/active_storage/blobs/eyJfcmFpbHMiOnsibWVzc2FnZSI6IkJBaHBFZz09IiwiZXhwIjpudWxsLCJwdXIiOiJibG9iX2lkIn19--1f26e195c6d638e4af2df5aae500716bc3ef8022/default_user.jpg" for ::1 at 2021-05-21 13:47:14 -0700
Processing by ActiveStorage::BlobsController#show as JPEG
  Parameters: {"signed_id"=>"eyJfcmFpbHMiOnsibWVzc2FnZSI6IkJBaHBFZz09IiwiZXhwIjpudWxsLCJwdXIiOiJibG9iX2lkIn19--1f26e195c6d638e4af2df5aae500716bc3ef8022", "filename"=>"default_user"}
  [1m[36mActiveStorage::Blob Load (0.4ms)[0m  [1m[34mSELECT  "active_storage_blobs".* FROM "active_storage_blobs" WHERE "active_storage_blobs"."id" = $1 LIMIT $2[0m  [["id", 13], ["LIMIT", 1]]
  ↳ /Users/Eyal/.rbenv/versions/2.5.1/lib/ruby/gems/2.5.0/gems/activerecord-5.2.4.2/lib/active_record/log_subscriber.rb:98
[36m  S3 Storage (4.1ms) [0m[34mGenerated URL for file at key: 9iJjAdL4oB5nVEGVzzogZ8pH (https://sofaboarding-dev.s3.us-west-1.amazonaws.com/9iJjAdL4oB5nVEGVzzogZ8pH?response-content-disposition=inline%3B%20filename%3D%22default_user.jpg%22%3B%20filename%2A%3DUTF-8%27%27default_user.jpg&response-content-type=image%2Fjpeg&X-Amz-Algorithm=AWS4-HMAC-SHA256&X-Amz-Credential=AKIATR56K5PO3QXEEEGI%2F20210521%2Fus-west-1%2Fs3%2Faws4_request&X-Amz-Date=20210521T204714Z&X-Amz-Expires=300&X-Amz-SignedHeaders=host&X-Amz-Signature=bd8a941d4399a2f67f7abb8adf2f18672f7de218991446d194eeb6f3bd75dbcc)[0m
Redirected to https://sofaboarding-dev.s3.us-west-1.amazonaws.com/9iJjAdL4oB5nVEGVzzogZ8pH?response-content-disposition=inline%3B%20filename%3D%22default_user.jpg%22%3B%20filename%2A%3DUTF-8%27%27default_user.jpg&response-content-type=image%2Fjpeg&X-Amz-Algorithm=AWS4-HMAC-SHA256&X-Amz-Credential=AKIATR56K5PO3QXEEEGI%2F20210521%2Fus-west-1%2Fs3%2Faws4_request&X-Amz-Date=20210521T204714Z&X-Amz-Expires=300&X-Amz-SignedHeaders=host&X-Amz-Signature=bd8a941d4399a2f67f7abb8adf2f18672f7de218991446d194eeb6f3bd75dbcc
Completed 302 Found in 7ms (ActiveRecord: 0.4ms)


Started GET "/rails/active_storage/blobs/eyJfcmFpbHMiOnsibWVzc2FnZSI6IkJBaHBGUT09IiwiZXhwIjpudWxsLCJwdXIiOiJibG9iX2lkIn19--bd28fecceae74c20677939e1f8559868452495b3/image0.jpg" for ::1 at 2021-05-21 13:47:14 -0700
Processing by ActiveStorage::BlobsController#show as JPEG
  Parameters: {"signed_id"=>"eyJfcmFpbHMiOnsibWVzc2FnZSI6IkJBaHBGUT09IiwiZXhwIjpudWxsLCJwdXIiOiJibG9iX2lkIn19--bd28fecceae74c20677939e1f8559868452495b3", "filename"=>"image0"}
  [1m[36mActiveStorage::Blob Load (0.4ms)[0m  [1m[34mSELECT  "active_storage_blobs".* FROM "active_storage_blobs" WHERE "active_storage_blobs"."id" = $1 LIMIT $2[0m  [["id", 16], ["LIMIT", 1]]
  ↳ /Users/Eyal/.rbenv/versions/2.5.1/lib/ruby/gems/2.5.0/gems/activerecord-5.2.4.2/lib/active_record/log_subscriber.rb:98
[36m  S3 Storage (2.7ms) [0m[34mGenerated URL for file at key: iHBkPDhCSx3koTvw5j2amoMJ (https://sofaboarding-dev.s3.us-west-1.amazonaws.com/iHBkPDhCSx3koTvw5j2amoMJ?response-content-disposition=inline%3B%20filename%3D%22image0.jpg%22%3B%20filename%2A%3DUTF-8%27%27image0.jpg&response-content-type=image%2Fjpeg&X-Amz-Algorithm=AWS4-HMAC-SHA256&X-Amz-Credential=AKIATR56K5PO3QXEEEGI%2F20210521%2Fus-west-1%2Fs3%2Faws4_request&X-Amz-Date=20210521T204714Z&X-Amz-Expires=300&X-Amz-SignedHeaders=host&X-Amz-Signature=8f95c48820a6f03a2a98eca2d787bb61b783636cf4059605f6c0f19912c13577)[0m
Redirected to https://sofaboarding-dev.s3.us-west-1.amazonaws.com/iHBkPDhCSx3koTvw5j2amoMJ?response-content-disposition=inline%3B%20filename%3D%22image0.jpg%22%3B%20filename%2A%3DUTF-8%27%27image0.jpg&response-content-type=image%2Fjpeg&X-Amz-Algorithm=AWS4-HMAC-SHA256&X-Amz-Credential=AKIATR56K5PO3QXEEEGI%2F20210521%2Fus-west-1%2Fs3%2Faws4_request&X-Amz-Date=20210521T204714Z&X-Amz-Expires=300&X-Amz-SignedHeaders=host&X-Amz-Signature=8f95c48820a6f03a2a98eca2d787bb61b783636cf4059605f6c0f19912c13577
Completed 302 Found in 5ms (ActiveRecord: 0.4ms)


Started GET "/rails/active_storage/blobs/eyJfcmFpbHMiOnsibWVzc2FnZSI6IkJBaHBGZz09IiwiZXhwIjpudWxsLCJwdXIiOiJibG9iX2lkIn19--e58dc80e9f46050f66e4bf75616431ad2941b979/default_user.jpg" for ::1 at 2021-05-21 13:47:14 -0700
Processing by ActiveStorage::BlobsController#show as JPEG
  Parameters: {"signed_id"=>"eyJfcmFpbHMiOnsibWVzc2FnZSI6IkJBaHBGZz09IiwiZXhwIjpudWxsLCJwdXIiOiJibG9iX2lkIn19--e58dc80e9f46050f66e4bf75616431ad2941b979", "filename"=>"default_user"}
  [1m[36mActiveStorage::Blob Load (0.6ms)[0m  [1m[34mSELECT  "active_storage_blobs".* FROM "active_storage_blobs" WHERE "active_storage_blobs"."id" = $1 LIMIT $2[0m  [["id", 17], ["LIMIT", 1]]
  ↳ /Users/Eyal/.rbenv/versions/2.5.1/lib/ruby/gems/2.5.0/gems/activerecord-5.2.4.2/lib/active_record/log_subscriber.rb:98
[36m  S3 Storage (4.7ms) [0m[34mGenerated URL for file at key: MbjYVsbtDunEYKZYcxXveUyJ (https://sofaboarding-dev.s3.us-west-1.amazonaws.com/MbjYVsbtDunEYKZYcxXveUyJ?response-content-disposition=inline%3B%20filename%3D%22default_user.jpg%22%3B%20filename%2A%3DUTF-8%27%27default_user.jpg&response-content-type=image%2Fjpeg&X-Amz-Algorithm=AWS4-HMAC-SHA256&X-Amz-Credential=AKIATR56K5PO3QXEEEGI%2F20210521%2Fus-west-1%2Fs3%2Faws4_request&X-Amz-Date=20210521T204714Z&X-Amz-Expires=300&X-Amz-SignedHeaders=host&X-Amz-Signature=4b5d29f663613ec385477f18eb98cbf7c1e231d064a0e3b18fe77b5e76cbccf3)[0m
Redirected to https://sofaboarding-dev.s3.us-west-1.amazonaws.com/MbjYVsbtDunEYKZYcxXveUyJ?response-content-disposition=inline%3B%20filename%3D%22default_user.jpg%22%3B%20filename%2A%3DUTF-8%27%27default_user.jpg&response-content-type=image%2Fjpeg&X-Amz-Algorithm=AWS4-HMAC-SHA256&X-Amz-Credential=AKIATR56K5PO3QXEEEGI%2F20210521%2Fus-west-1%2Fs3%2Faws4_request&X-Amz-Date=20210521T204714Z&X-Amz-Expires=300&X-Amz-SignedHeaders=host&X-Amz-Signature=4b5d29f663613ec385477f18eb98cbf7c1e231d064a0e3b18fe77b5e76cbccf3
Completed 302 Found in 9ms (ActiveRecord: 0.6ms)


Started GET "/rails/active_storage/blobs/eyJfcmFpbHMiOnsibWVzc2FnZSI6IkJBaHBDZz09IiwiZXhwIjpudWxsLCJwdXIiOiJibG9iX2lkIn19--34926795c3babba12ca9d659be0d5ae4f75ee101/image0.jpg" for ::1 at 2021-05-21 13:47:14 -0700
Processing by ActiveStorage::BlobsController#show as JPEG
  Parameters: {"signed_id"=>"eyJfcmFpbHMiOnsibWVzc2FnZSI6IkJBaHBDZz09IiwiZXhwIjpudWxsLCJwdXIiOiJibG9iX2lkIn19--34926795c3babba12ca9d659be0d5ae4f75ee101", "filename"=>"image0"}
  [1m[36mActiveStorage::Blob Load (0.3ms)[0m  [1m[34mSELECT  "active_storage_blobs".* FROM "active_storage_blobs" WHERE "active_storage_blobs"."id" = $1 LIMIT $2[0m  [["id", 5], ["LIMIT", 1]]
  ↳ /Users/Eyal/.rbenv/versions/2.5.1/lib/ruby/gems/2.5.0/gems/activerecord-5.2.4.2/lib/active_record/log_subscriber.rb:98
[36m  S3 Storage (5.5ms) [0m[34mGenerated URL for file at key: 6GBdY3BWA9Gi9nNnuzBWVbcL (https://sofaboarding-dev.s3.us-west-1.amazonaws.com/6GBdY3BWA9Gi9nNnuzBWVbcL?response-content-disposition=inline%3B%20filename%3D%22image0.jpg%22%3B%20filename%2A%3DUTF-8%27%27image0.jpg&response-content-type=image%2Fjpeg&X-Amz-Algorithm=AWS4-HMAC-SHA256&X-Amz-Credential=AKIATR56K5PO3QXEEEGI%2F20210521%2Fus-west-1%2Fs3%2Faws4_request&X-Amz-Date=20210521T204714Z&X-Amz-Expires=300&X-Amz-SignedHeaders=host&X-Amz-Signature=e6fc2f4fbee81defaa77edffdab248e8d43bb8546e731caa4fbcfc1b7f21cdf4)[0m
Redirected to https://sofaboarding-dev.s3.us-west-1.amazonaws.com/6GBdY3BWA9Gi9nNnuzBWVbcL?response-content-disposition=inline%3B%20filename%3D%22image0.jpg%22%3B%20filename%2A%3DUTF-8%27%27image0.jpg&response-content-type=image%2Fjpeg&X-Amz-Algorithm=AWS4-HMAC-SHA256&X-Amz-Credential=AKIATR56K5PO3QXEEEGI%2F20210521%2Fus-west-1%2Fs3%2Faws4_request&X-Amz-Date=20210521T204714Z&X-Amz-Expires=300&X-Amz-SignedHeaders=host&X-Amz-Signature=e6fc2f4fbee81defaa77edffdab248e8d43bb8546e731caa4fbcfc1b7f21cdf4
Completed 302 Found in 8ms (ActiveRecord: 0.3ms)


Started GET "/rails/active_storage/blobs/eyJfcmFpbHMiOnsibWVzc2FnZSI6IkJBaHBDQT09IiwiZXhwIjpudWxsLCJwdXIiOiJibG9iX2lkIn19--92b42a27a152c4ca81e104dd8c590a1e30d1f884/PHOTO-2019-01-20-09-13-22%204.jpg" for ::1 at 2021-05-21 13:47:14 -0700
Processing by ActiveStorage::BlobsController#show as JPEG
  Parameters: {"signed_id"=>"eyJfcmFpbHMiOnsibWVzc2FnZSI6IkJBaHBDQT09IiwiZXhwIjpudWxsLCJwdXIiOiJibG9iX2lkIn19--92b42a27a152c4ca81e104dd8c590a1e30d1f884", "filename"=>"PHOTO-2019-01-20-09-13-22 4"}
  [1m[36mActiveStorage::Blob Load (10.6ms)[0m  [1m[34mSELECT  "active_storage_blobs".* FROM "active_storage_blobs" WHERE "active_storage_blobs"."id" = $1 LIMIT $2[0m  [["id", 3], ["LIMIT", 1]]
  ↳ /Users/Eyal/.rbenv/versions/2.5.1/lib/ruby/gems/2.5.0/gems/activerecord-5.2.4.2/lib/active_record/log_subscriber.rb:98
[36m  S3 Storage (2.7ms) [0m[34mGenerated URL for file at key: UerYxeppzqCv6oV1EgQh3crB (https://sofaboarding-dev.s3.us-west-1.amazonaws.com/UerYxeppzqCv6oV1EgQh3crB?response-content-disposition=inline%3B%20filename%3D%22PHOTO-2019-01-20-09-13-22%204.jpg%22%3B%20filename%2A%3DUTF-8%27%27PHOTO-2019-01-20-09-13-22%25204.jpg&response-content-type=image%2Fjpeg&X-Amz-Algorithm=AWS4-HMAC-SHA256&X-Amz-Credential=AKIATR56K5PO3QXEEEGI%2F20210521%2Fus-west-1%2Fs3%2Faws4_request&X-Amz-Date=20210521T204714Z&X-Amz-Expires=300&X-Amz-SignedHeaders=host&X-Amz-Signature=7c1e37d3da9c579104711612d0df35f9edbe4fd55f5b6444bf502e0c6955dba5)[0m
Redirected to https://sofaboarding-dev.s3.us-west-1.amazonaws.com/UerYxeppzqCv6oV1EgQh3crB?response-content-disposition=inline%3B%20filename%3D%22PHOTO-2019-01-20-09-13-22%204.jpg%22%3B%20filename%2A%3DUTF-8%27%27PHOTO-2019-01-20-09-13-22%25204.jpg&response-content-type=image%2Fjpeg&X-Amz-Algorithm=AWS4-HMAC-SHA256&X-Amz-Credential=AKIATR56K5PO3QXEEEGI%2F20210521%2Fus-west-1%2Fs3%2Faws4_request&X-Amz-Date=20210521T204714Z&X-Amz-Expires=300&X-Amz-SignedHeaders=host&X-Amz-Signature=7c1e37d3da9c579104711612d0df35f9edbe4fd55f5b6444bf502e0c6955dba5
Completed 302 Found in 18ms (ActiveRecord: 10.6ms)


Started PATCH "/api/profilebio/3" for ::1 at 2021-05-21 13:47:18 -0700
Started GET "/api/profilebio" for ::1 at 2021-05-21 13:47:18 -0700
Processing by Api::ProfilebioController#index as JSON
  Rendering api/profilebio/index.json.jbuilder
  [1m[36mProfileBio Load (1.9ms)[0m  [1m[34mSELECT "profile_bios".* FROM "profile_bios"[0m
  ↳ app/views/api/profilebio/index.json.jbuilder:1
  Rendered api/profilebio/index.json.jbuilder (4.3ms)
Completed 200 OK in 14ms (Views: 12.0ms | ActiveRecord: 1.9ms)


Processing by Api::ProfilebioController#update as JSON
  Parameters: {"data"=>{"user_id"=>"8", "user_bio"=>"again!", "id"=>"3"}, "id"=>"3"}
Started POST "/api/profilebio" for ::1 at 2021-05-21 13:47:18 -0700
  [1m[36mProfileBio Load (1.8ms)[0m  [1m[34mSELECT  "profile_bios".* FROM "profile_bios" WHERE "profile_bios"."id" = $1 LIMIT $2[0m  [["id", 3], ["LIMIT", 1]]
Processing by Api::ProfilebioController#create as JSON
  ↳ app/controllers/api/profilebio_controller.rb:12
  Parameters: {"profilebio"=>{"user_id"=>"8", "user_bio"=>"again!", "id"=>"3"}}
Completed 400 Bad Request in 7ms (ActiveRecord: 1.8ms)


Unpermitted parameter: :id
  
ActionController::ParameterMissing (param is missing or the value is empty: profilebio):
  
app/controllers/api/profilebio_controller.rb:37:in `bio_params'
app/controllers/api/profilebio_controller.rb:14:in `update'
  [1m[35m (67.7ms)[0m  [1m[35mBEGIN[0m
  ↳ app/controllers/api/profilebio_controller.rb:4
  [1m[36mUser Load (1.2ms)[0m  [1m[34mSELECT  "users".* FROM "users" WHERE "users"."id" = $1 LIMIT $2[0m  [["id", 8], ["LIMIT", 1]]
  ↳ app/controllers/api/profilebio_controller.rb:4
  [1m[36mProfileBio Create (1.2ms)[0m  [1m[32mINSERT INTO "profile_bios" ("user_bio", "user_id", "created_at", "updated_at") VALUES ($1, $2, $3, $4) RETURNING "id"[0m  [["user_bio", "again!"], ["user_id", 8], ["created_at", "2021-05-21 20:47:18.613746"], ["updated_at", "2021-05-21 20:47:18.613746"]]
  ↳ app/controllers/api/profilebio_controller.rb:4
  [1m[35m (5.6ms)[0m  [1m[35mCOMMIT[0m
  ↳ app/controllers/api/profilebio_controller.rb:4
  Rendering api/profilebio/show.json.jbuilder
  Rendered api/profilebio/show.json.jbuilder (0.6ms)
Completed 200 OK in 114ms (Views: 11.4ms | ActiveRecord: 75.8ms)


Started GET "/" for ::1 at 2021-05-21 13:48:43 -0700
Processing by StaticPagesController#root as HTML
  Rendering static_pages/root.html.erb within layouts/application
  Rendered static_pages/root.html.erb within layouts/application (1.2ms)
  [1m[36mUser Load (3.3ms)[0m  [1m[34mSELECT  "users".* FROM "users" WHERE "users"."session_token" = $1 LIMIT $2[0m  [["session_token", "KfzP52LWQu2ZcCgbI_BCLA"], ["LIMIT", 1]]
  ↳ app/controllers/application_controller.rb:11
  Rendered api/users/_user.json.jbuilder (0.7ms)
Completed 200 OK in 107ms (Views: 103.7ms | ActiveRecord: 3.3ms)


Started GET "/api/profilebio" for ::1 at 2021-05-21 13:48:44 -0700
Processing by Api::ProfilebioController#index as JSON
Started GET "/api/friendrequests" for ::1 at 2021-05-21 13:48:44 -0700
  Rendering api/profilebio/index.json.jbuilder
Started GET "/api/friendships" for ::1 at 2021-05-21 13:48:44 -0700
  [1m[36mProfileBio Load (3.7ms)[0m  [1m[34mSELECT "profile_bios".* FROM "profile_bios"[0m
  ↳ app/views/api/profilebio/index.json.jbuilder:1
  Rendered api/profilebio/index.json.jbuilder (6.8ms)
Completed 200 OK in 22ms (Views: 17.5ms | ActiveRecord: 3.7ms)


Started GET "/api/users" for ::1 at 2021-05-21 13:48:44 -0700
Processing by Api::UsersController#index as JSON
Processing by Api::FriendrequestsController#index as JSON
Processing by Api::FriendshipsController#index as JSON
  Rendering api/friendrequests/index.json.jbuilder
  Rendering api/friendships/index.json.jbuilder
  [1m[36mFriendRequest Load (8.9ms)[0m  [1m[34mSELECT "friend_requests".* FROM "friend_requests"[0m
  ↳ app/views/api/friendrequests/index.json.jbuilder:1
  Rendering api/users/index.json.jbuilder
  [1m[36mFriendship Load (16.3ms)[0m  [1m[34mSELECT "friendships".* FROM "friendships"[0m
  Rendered api/friendrequests/index.json.jbuilder (51.1ms)
  ↳ app/views/api/friendships/index.json.jbuilder:1
  Rendered api/friendships/index.json.jbuilder (46.3ms)
Completed 200 OK in 70ms (Views: 53.2ms | ActiveRecord: 16.3ms)


Completed 200 OK in 73ms (Views: 63.3ms | ActiveRecord: 8.9ms)


  [1m[36mUser Load (0.6ms)[0m  [1m[34mSELECT "users".* FROM "users"[0m
  ↳ app/views/api/users/index.json.jbuilder:1
  [1m[36mActiveStorage::Attachment Load (1.6ms)[0m  [1m[34mSELECT  "active_storage_attachments".* FROM "active_storage_attachments" WHERE "active_storage_attachments"."record_id" = $1 AND "active_storage_attachments"."record_type" = $2 AND "active_storage_attachments"."name" = $3 LIMIT $4[0m  [["record_id", 18], ["record_type", "User"], ["name", "profile_picture"], ["LIMIT", 1]]
  ↳ app/views/api/users/index.json.jbuilder:4
  [1m[36mActiveStorage::Blob Load (1.3ms)[0m  [1m[34mSELECT  "active_storage_blobs".* FROM "active_storage_blobs" WHERE "active_storage_blobs"."id" = $1 LIMIT $2[0m  [["id", 14], ["LIMIT", 1]]
  ↳ app/views/api/users/index.json.jbuilder:4
  [1m[36mActiveStorage::Attachment Load (0.9ms)[0m  [1m[34mSELECT  "active_storage_attachments".* FROM "active_storage_attachments" WHERE "active_storage_attachments"."record_id" = $1 AND "active_storage_attachments"."record_type" = $2 AND "active_storage_attachments"."name" = $3 LIMIT $4[0m  [["record_id", 1], ["record_type", "User"], ["name", "profile_picture"], ["LIMIT", 1]]
  ↳ app/views/api/users/index.json.jbuilder:4
  [1m[36mActiveStorage::Blob Load (0.4ms)[0m  [1m[34mSELECT  "active_storage_blobs".* FROM "active_storage_blobs" WHERE "active_storage_blobs"."id" = $1 LIMIT $2[0m  [["id", 1], ["LIMIT", 1]]
  ↳ app/views/api/users/index.json.jbuilder:4
  [1m[36mActiveStorage::Attachment Load (32.6ms)[0m  [1m[34mSELECT  "active_storage_attachments".* FROM "active_storage_attachments" WHERE "active_storage_attachments"."record_id" = $1 AND "active_storage_attachments"."record_type" = $2 AND "active_storage_attachments"."name" = $3 LIMIT $4[0m  [["record_id", 3], ["record_type", "User"], ["name", "profile_picture"], ["LIMIT", 1]]
  ↳ app/views/api/users/index.json.jbuilder:4
  [1m[36mActiveStorage::Attachment Load (0.9ms)[0m  [1m[34mSELECT  "active_storage_attachments".* FROM "active_storage_attachments" WHERE "active_storage_attachments"."record_id" = $1 AND "active_storage_attachments"."record_type" = $2 AND "active_storage_attachments"."name" = $3 LIMIT $4[0m  [["record_id", 4], ["record_type", "User"], ["name", "profile_picture"], ["LIMIT", 1]]
  ↳ app/views/api/users/index.json.jbuilder:4
  [1m[36mActiveStorage::Attachment Load (1.3ms)[0m  [1m[34mSELECT  "active_storage_attachments".* FROM "active_storage_attachments" WHERE "active_storage_attachments"."record_id" = $1 AND "active_storage_attachments"."record_type" = $2 AND "active_storage_attachments"."name" = $3 LIMIT $4[0m  [["record_id", 2], ["record_type", "User"], ["name", "profile_picture"], ["LIMIT", 1]]
  ↳ app/views/api/users/index.json.jbuilder:4
  [1m[36mActiveStorage::Blob Load (0.4ms)[0m  [1m[34mSELECT  "active_storage_blobs".* FROM "active_storage_blobs" WHERE "active_storage_blobs"."id" = $1 LIMIT $2[0m  [["id", 3], ["LIMIT", 1]]
  ↳ app/views/api/users/index.json.jbuilder:4
  [1m[36mActiveStorage::Attachment Load (0.5ms)[0m  [1m[34mSELECT  "active_storage_attachments".* FROM "active_storage_attachments" WHERE "active_storage_attachments"."record_id" = $1 AND "active_storage_attachments"."record_type" = $2 AND "active_storage_attachments"."name" = $3 LIMIT $4[0m  [["record_id", 5], ["record_type", "User"], ["name", "profile_picture"], ["LIMIT", 1]]
  ↳ app/views/api/users/index.json.jbuilder:4
  [1m[36mActiveStorage::Attachment Load (0.5ms)[0m  [1m[34mSELECT  "active_storage_attachments".* FROM "active_storage_attachments" WHERE "active_storage_attachments"."record_id" = $1 AND "active_storage_attachments"."record_type" = $2 AND "active_storage_attachments"."name" = $3 LIMIT $4[0m  [["record_id", 20], ["record_type", "User"], ["name", "profile_picture"], ["LIMIT", 1]]
  ↳ app/views/api/users/index.json.jbuilder:4
  [1m[36mActiveStorage::Blob Load (0.3ms)[0m  [1m[34mSELECT  "active_storage_blobs".* FROM "active_storage_blobs" WHERE "active_storage_blobs"."id" = $1 LIMIT $2[0m  [["id", 17], ["LIMIT", 1]]
  ↳ app/views/api/users/index.json.jbuilder:4
  [1m[36mActiveStorage::Attachment Load (0.3ms)[0m  [1m[34mSELECT  "active_storage_attachments".* FROM "active_storage_attachments" WHERE "active_storage_attachments"."record_id" = $1 AND "active_storage_attachments"."record_type" = $2 AND "active_storage_attachments"."name" = $3 LIMIT $4[0m  [["record_id", 6], ["record_type", "User"], ["name", "profile_picture"], ["LIMIT", 1]]
  ↳ app/views/api/users/index.json.jbuilder:4
  [1m[36mActiveStorage::Attachment Load (0.4ms)[0m  [1m[34mSELECT  "active_storage_attachments".* FROM "active_storage_attachments" WHERE "active_storage_attachments"."record_id" = $1 AND "active_storage_attachments"."record_type" = $2 AND "active_storage_attachments"."name" = $3 LIMIT $4[0m  [["record_id", 8], ["record_type", "User"], ["name", "profile_picture"], ["LIMIT", 1]]
  ↳ app/views/api/users/index.json.jbuilder:4
  [1m[36mActiveStorage::Blob Load (0.4ms)[0m  [1m[34mSELECT  "active_storage_blobs".* FROM "active_storage_blobs" WHERE "active_storage_blobs"."id" = $1 LIMIT $2[0m  [["id", 2], ["LIMIT", 1]]
  ↳ app/views/api/users/index.json.jbuilder:4
  [1m[36mActiveStorage::Attachment Load (0.4ms)[0m  [1m[34mSELECT  "active_storage_attachments".* FROM "active_storage_attachments" WHERE "active_storage_attachments"."record_id" = $1 AND "active_storage_attachments"."record_type" = $2 AND "active_storage_attachments"."name" = $3 LIMIT $4[0m  [["record_id", 7], ["record_type", "User"], ["name", "profile_picture"], ["LIMIT", 1]]
  ↳ app/views/api/users/index.json.jbuilder:4
  [1m[36mActiveStorage::Attachment Load (4.5ms)[0m  [1m[34mSELECT  "active_storage_attachments".* FROM "active_storage_attachments" WHERE "active_storage_attachments"."record_id" = $1 AND "active_storage_attachments"."record_type" = $2 AND "active_storage_attachments"."name" = $3 LIMIT $4[0m  [["record_id", 21], ["record_type", "User"], ["name", "profile_picture"], ["LIMIT", 1]]
  ↳ app/views/api/users/index.json.jbuilder:4
  [1m[36mActiveStorage::Blob Load (0.4ms)[0m  [1m[34mSELECT  "active_storage_blobs".* FROM "active_storage_blobs" WHERE "active_storage_blobs"."id" = $1 LIMIT $2[0m  [["id", 18], ["LIMIT", 1]]
  ↳ app/views/api/users/index.json.jbuilder:4
  [1m[36mActiveStorage::Attachment Load (1.2ms)[0m  [1m[34mSELECT  "active_storage_attachments".* FROM "active_storage_attachments" WHERE "active_storage_attachments"."record_id" = $1 AND "active_storage_attachments"."record_type" = $2 AND "active_storage_attachments"."name" = $3 LIMIT $4[0m  [["record_id", 22], ["record_type", "User"], ["name", "profile_picture"], ["LIMIT", 1]]
  ↳ app/views/api/users/index.json.jbuilder:4
  [1m[36mActiveStorage::Blob Load (0.6ms)[0m  [1m[34mSELECT  "active_storage_blobs".* FROM "active_storage_blobs" WHERE "active_storage_blobs"."id" = $1 LIMIT $2[0m  [["id", 19], ["LIMIT", 1]]
  ↳ app/views/api/users/index.json.jbuilder:4
  [1m[36mActiveStorage::Attachment Load (1.4ms)[0m  [1m[34mSELECT  "active_storage_attachments".* FROM "active_storage_attachments" WHERE "active_storage_attachments"."record_id" = $1 AND "active_storage_attachments"."record_type" = $2 AND "active_storage_attachments"."name" = $3 LIMIT $4[0m  [["record_id", 26], ["record_type", "User"], ["name", "profile_picture"], ["LIMIT", 1]]
  ↳ app/views/api/users/index.json.jbuilder:4
  [1m[36mActiveStorage::Blob Load (0.4ms)[0m  [1m[34mSELECT  "active_storage_blobs".* FROM "active_storage_blobs" WHERE "active_storage_blobs"."id" = $1 LIMIT $2[0m  [["id", 25], ["LIMIT", 1]]
  ↳ app/views/api/users/index.json.jbuilder:4
  [1m[36mActiveStorage::Attachment Load (0.5ms)[0m  [1m[34mSELECT  "active_storage_attachments".* FROM "active_storage_attachments" WHERE "active_storage_attachments"."record_id" = $1 AND "active_storage_attachments"."record_type" = $2 AND "active_storage_attachments"."name" = $3 LIMIT $4[0m  [["record_id", 25], ["record_type", "User"], ["name", "profile_picture"], ["LIMIT", 1]]
  ↳ app/views/api/users/index.json.jbuilder:4
  [1m[36mActiveStorage::Blob Load (0.3ms)[0m  [1m[34mSELECT  "active_storage_blobs".* FROM "active_storage_blobs" WHERE "active_storage_blobs"."id" = $1 LIMIT $2[0m  [["id", 23], ["LIMIT", 1]]
  ↳ app/views/api/users/index.json.jbuilder:4
  [1m[36mActiveStorage::Attachment Load (0.4ms)[0m  [1m[34mSELECT  "active_storage_attachments".* FROM "active_storage_attachments" WHERE "active_storage_attachments"."record_id" = $1 AND "active_storage_attachments"."record_type" = $2 AND "active_storage_attachments"."name" = $3 LIMIT $4[0m  [["record_id", 14], ["record_type", "User"], ["name", "profile_picture"], ["LIMIT", 1]]
  ↳ app/views/api/users/index.json.jbuilder:4
  [1m[36mActiveStorage::Blob Load (0.3ms)[0m  [1m[34mSELECT  "active_storage_blobs".* FROM "active_storage_blobs" WHERE "active_storage_blobs"."id" = $1 LIMIT $2[0m  [["id", 6], ["LIMIT", 1]]
  ↳ app/views/api/users/index.json.jbuilder:4
  [1m[36mActiveStorage::Attachment Load (0.4ms)[0m  [1m[34mSELECT  "active_storage_attachments".* FROM "active_storage_attachments" WHERE "active_storage_attachments"."record_id" = $1 AND "active_storage_attachments"."record_type" = $2 AND "active_storage_attachments"."name" = $3 LIMIT $4[0m  [["record_id", 15], ["record_type", "User"], ["name", "profile_picture"], ["LIMIT", 1]]
  ↳ app/views/api/users/index.json.jbuilder:4
  [1m[36mActiveStorage::Blob Load (0.4ms)[0m  [1m[34mSELECT  "active_storage_blobs".* FROM "active_storage_blobs" WHERE "active_storage_blobs"."id" = $1 LIMIT $2[0m  [["id", 7], ["LIMIT", 1]]
  ↳ app/views/api/users/index.json.jbuilder:4
  [1m[36mActiveStorage::Attachment Load (0.4ms)[0m  [1m[34mSELECT  "active_storage_attachments".* FROM "active_storage_attachments" WHERE "active_storage_attachments"."record_id" = $1 AND "active_storage_attachments"."record_type" = $2 AND "active_storage_attachments"."name" = $3 LIMIT $4[0m  [["record_id", 17], ["record_type", "User"], ["name", "profile_picture"], ["LIMIT", 1]]
  ↳ app/views/api/users/index.json.jbuilder:4
  [1m[36mActiveStorage::Blob Load (0.3ms)[0m  [1m[34mSELECT  "active_storage_blobs".* FROM "active_storage_blobs" WHERE "active_storage_blobs"."id" = $1 LIMIT $2[0m  [["id", 13], ["LIMIT", 1]]
  ↳ app/views/api/users/index.json.jbuilder:4
  [1m[36mActiveStorage::Attachment Load (0.4ms)[0m  [1m[34mSELECT  "active_storage_attachments".* FROM "active_storage_attachments" WHERE "active_storage_attachments"."record_id" = $1 AND "active_storage_attachments"."record_type" = $2 AND "active_storage_attachments"."name" = $3 LIMIT $4[0m  [["record_id", 16], ["record_type", "User"], ["name", "profile_picture"], ["LIMIT", 1]]
  ↳ app/views/api/users/index.json.jbuilder:4
  [1m[36mActiveStorage::Blob Load (0.4ms)[0m  [1m[34mSELECT  "active_storage_blobs".* FROM "active_storage_blobs" WHERE "active_storage_blobs"."id" = $1 LIMIT $2[0m  [["id", 8], ["LIMIT", 1]]
  ↳ app/views/api/users/index.json.jbuilder:4
  [1m[36mActiveStorage::Attachment Load (0.4ms)[0m  [1m[34mSELECT  "active_storage_attachments".* FROM "active_storage_attachments" WHERE "active_storage_attachments"."record_id" = $1 AND "active_storage_attachments"."record_type" = $2 AND "active_storage_attachments"."name" = $3 LIMIT $4[0m  [["record_id", 19], ["record_type", "User"], ["name", "profile_picture"], ["LIMIT", 1]]
  ↳ app/views/api/users/index.json.jbuilder:4
  [1m[36mActiveStorage::Blob Load (0.6ms)[0m  [1m[34mSELECT  "active_storage_blobs".* FROM "active_storage_blobs" WHERE "active_storage_blobs"."id" = $1 LIMIT $2[0m  [["id", 16], ["LIMIT", 1]]
  ↳ app/views/api/users/index.json.jbuilder:4
  [1m[36mActiveStorage::Attachment Load (0.8ms)[0m  [1m[34mSELECT  "active_storage_attachments".* FROM "active_storage_attachments" WHERE "active_storage_attachments"."record_id" = $1 AND "active_storage_attachments"."record_type" = $2 AND "active_storage_attachments"."name" = $3 LIMIT $4[0m  [["record_id", 24], ["record_type", "User"], ["name", "profile_picture"], ["LIMIT", 1]]
  ↳ app/views/api/users/index.json.jbuilder:4
  [1m[36mActiveStorage::Blob Load (0.4ms)[0m  [1m[34mSELECT  "active_storage_blobs".* FROM "active_storage_blobs" WHERE "active_storage_blobs"."id" = $1 LIMIT $2[0m  [["id", 21], ["LIMIT", 1]]
  ↳ app/views/api/users/index.json.jbuilder:4
  [1m[36mActiveStorage::Attachment Load (0.5ms)[0m  [1m[34mSELECT  "active_storage_attachments".* FROM "active_storage_attachments" WHERE "active_storage_attachments"."record_id" = $1 AND "active_storage_attachments"."record_type" = $2 AND "active_storage_attachments"."name" = $3 LIMIT $4[0m  [["record_id", 23], ["record_type", "User"], ["name", "profile_picture"], ["LIMIT", 1]]
  ↳ app/views/api/users/index.json.jbuilder:4
  [1m[36mActiveStorage::Blob Load (0.4ms)[0m  [1m[34mSELECT  "active_storage_blobs".* FROM "active_storage_blobs" WHERE "active_storage_blobs"."id" = $1 LIMIT $2[0m  [["id", 20], ["LIMIT", 1]]
  ↳ app/views/api/users/index.json.jbuilder:4
  [1m[36mActiveStorage::Attachment Load (0.3ms)[0m  [1m[34mSELECT  "active_storage_attachments".* FROM "active_storage_attachments" WHERE "active_storage_attachments"."record_id" = $1 AND "active_storage_attachments"."record_type" = $2 AND "active_storage_attachments"."name" = $3 LIMIT $4[0m  [["record_id", 9], ["record_type", "User"], ["name", "profile_picture"], ["LIMIT", 1]]
  ↳ app/views/api/users/index.json.jbuilder:4
  [1m[36mActiveStorage::Attachment Load (0.3ms)[0m  [1m[34mSELECT  "active_storage_attachments".* FROM "active_storage_attachments" WHERE "active_storage_attachments"."record_id" = $1 AND "active_storage_attachments"."record_type" = $2 AND "active_storage_attachments"."name" = $3 LIMIT $4[0m  [["record_id", 13], ["record_type", "User"], ["name", "profile_picture"], ["LIMIT", 1]]
  ↳ app/views/api/users/index.json.jbuilder:4
  [1m[36mActiveStorage::Blob Load (0.4ms)[0m  [1m[34mSELECT  "active_storage_blobs".* FROM "active_storage_blobs" WHERE "active_storage_blobs"."id" = $1 LIMIT $2[0m  [["id", 5], ["LIMIT", 1]]
  ↳ app/views/api/users/index.json.jbuilder:4
  [1m[36mActiveStorage::Attachment Load (0.5ms)[0m  [1m[34mSELECT  "active_storage_attachments".* FROM "active_storage_attachments" WHERE "active_storage_attachments"."record_id" = $1 AND "active_storage_attachments"."record_type" = $2 AND "active_storage_attachments"."name" = $3 LIMIT $4[0m  [["record_id", 11], ["record_type", "User"], ["name", "profile_picture"], ["LIMIT", 1]]
  ↳ app/views/api/users/index.json.jbuilder:4
  [1m[36mActiveStorage::Attachment Load (0.3ms)[0m  [1m[34mSELECT  "active_storage_attachments".* FROM "active_storage_attachments" WHERE "active_storage_attachments"."record_id" = $1 AND "active_storage_attachments"."record_type" = $2 AND "active_storage_attachments"."name" = $3 LIMIT $4[0m  [["record_id", 12], ["record_type", "User"], ["name", "profile_picture"], ["LIMIT", 1]]
  ↳ app/views/api/users/index.json.jbuilder:4
  [1m[36mActiveStorage::Attachment Load (0.4ms)[0m  [1m[34mSELECT  "active_storage_attachments".* FROM "active_storage_attachments" WHERE "active_storage_attachments"."record_id" = $1 AND "active_storage_attachments"."record_type" = $2 AND "active_storage_attachments"."name" = $3 LIMIT $4[0m  [["record_id", 10], ["record_type", "User"], ["name", "profile_picture"], ["LIMIT", 1]]
  ↳ app/views/api/users/index.json.jbuilder:4
  Rendered api/users/index.json.jbuilder (291.1ms)
Completed 200 OK in 364ms (Views: 303.5ms | ActiveRecord: 60.5ms)


