Started GET "/" for ::1 at 2021-05-20 17:57:16 -0700
  [1m[35m (1.1ms)[0m  [1m[34mSELECT "schema_migrations"."version" FROM "schema_migrations" ORDER BY "schema_migrations"."version" ASC[0m
  ↳ /Users/Eyal/.rbenv/versions/2.5.1/lib/ruby/gems/2.5.0/gems/activerecord-5.2.4.2/lib/active_record/log_subscriber.rb:98
Processing by StaticPagesController#root as HTML
  Rendering static_pages/root.html.erb within layouts/application
  Rendered static_pages/root.html.erb within layouts/application (1.5ms)
  [1m[36mUser Load (2.6ms)[0m  [1m[34mSELECT  "users".* FROM "users" WHERE "users"."session_token" = $1 LIMIT $2[0m  [["session_token", "KfzP52LWQu2ZcCgbI_BCLA"], ["LIMIT", 1]]
  ↳ app/controllers/application_controller.rb:11
  Rendered api/users/_user.json.jbuilder (0.9ms)
Completed 200 OK in 2526ms (Views: 2510.3ms | ActiveRecord: 15.5ms)


Started GET "/api/profilebio?profilebio%5Buser_id%5D=8" for ::1 at 2021-05-20 17:57:20 -0700
Started GET "/api/friendrequests" for ::1 at 2021-05-20 17:57:20 -0700
Processing by Api::ProfilebioController#index as JSON
Started GET "/api/users" for ::1 at 2021-05-20 17:57:20 -0700
Started GET "/api/friendships" for ::1 at 2021-05-20 17:57:20 -0700
  Parameters: {"profilebio"=>{"user_id"=>"8"}}
Processing by Api::FriendshipsController#index as JSON
  Rendering api/profilebio/index.json.jbuilder
  [1m[36mProfileBio Load (10.4ms)[0m  [1m[34mSELECT "profile_bios".* FROM "profile_bios"[0m
  ↳ app/views/api/profilebio/index.json.jbuilder:1
Processing by Api::FriendrequestsController#index as JSON
Processing by Api::UsersController#index as JSON
  Rendering api/friendships/index.json.jbuilder
  Rendered api/profilebio/index.json.jbuilder (47.5ms)
Completed 200 OK in 119ms (Views: 40.0ms | ActiveRecord: 35.8ms)


  Rendering api/users/index.json.jbuilder
  [1m[36mFriendship Load (20.7ms)[0m  [1m[34mSELECT "friendships".* FROM "friendships"[0m
  ↳ app/views/api/friendships/index.json.jbuilder:1
  Rendering api/friendrequests/index.json.jbuilder
  [1m[36mUser Load (27.2ms)[0m  [1m[34mSELECT "users".* FROM "users"[0m
  ↳ app/views/api/users/index.json.jbuilder:1
  [1m[36mFriendRequest Load (40.7ms)[0m  [1m[34mSELECT "friend_requests".* FROM "friend_requests"[0m
  ↳ app/views/api/friendrequests/index.json.jbuilder:1
  Rendered api/friendships/index.json.jbuilder (132.8ms)
Completed 200 OK in 186ms (Views: 35.4ms | ActiveRecord: 119.7ms)


  Rendered api/friendrequests/index.json.jbuilder (110.7ms)
Completed 200 OK in 176ms (Views: 43.8ms | ActiveRecord: 82.3ms)


  [1m[36mActiveStorage::Attachment Load (1.4ms)[0m  [1m[34mSELECT  "active_storage_attachments".* FROM "active_storage_attachments" WHERE "active_storage_attachments"."record_id" = $1 AND "active_storage_attachments"."record_type" = $2 AND "active_storage_attachments"."name" = $3 LIMIT $4[0m  [["record_id", 18], ["record_type", "User"], ["name", "profile_picture"], ["LIMIT", 1]]
  ↳ app/views/api/users/index.json.jbuilder:4
  [1m[36mActiveStorage::Blob Load (1.9ms)[0m  [1m[34mSELECT  "active_storage_blobs".* FROM "active_storage_blobs" WHERE "active_storage_blobs"."id" = $1 LIMIT $2[0m  [["id", 14], ["LIMIT", 1]]
  ↳ app/views/api/users/index.json.jbuilder:4
  [1m[36mActiveStorage::Attachment Load (0.6ms)[0m  [1m[34mSELECT  "active_storage_attachments".* FROM "active_storage_attachments" WHERE "active_storage_attachments"."record_id" = $1 AND "active_storage_attachments"."record_type" = $2 AND "active_storage_attachments"."name" = $3 LIMIT $4[0m  [["record_id", 1], ["record_type", "User"], ["name", "profile_picture"], ["LIMIT", 1]]
  ↳ app/views/api/users/index.json.jbuilder:4
  [1m[36mActiveStorage::Blob Load (0.7ms)[0m  [1m[34mSELECT  "active_storage_blobs".* FROM "active_storage_blobs" WHERE "active_storage_blobs"."id" = $1 LIMIT $2[0m  [["id", 1], ["LIMIT", 1]]
  ↳ app/views/api/users/index.json.jbuilder:4
  [1m[36mActiveStorage::Attachment Load (0.6ms)[0m  [1m[34mSELECT  "active_storage_attachments".* FROM "active_storage_attachments" WHERE "active_storage_attachments"."record_id" = $1 AND "active_storage_attachments"."record_type" = $2 AND "active_storage_attachments"."name" = $3 LIMIT $4[0m  [["record_id", 3], ["record_type", "User"], ["name", "profile_picture"], ["LIMIT", 1]]
  ↳ app/views/api/users/index.json.jbuilder:4
  [1m[36mActiveStorage::Attachment Load (0.5ms)[0m  [1m[34mSELECT  "active_storage_attachments".* FROM "active_storage_attachments" WHERE "active_storage_attachments"."record_id" = $1 AND "active_storage_attachments"."record_type" = $2 AND "active_storage_attachments"."name" = $3 LIMIT $4[0m  [["record_id", 4], ["record_type", "User"], ["name", "profile_picture"], ["LIMIT", 1]]
  ↳ app/views/api/users/index.json.jbuilder:4
  [1m[36mActiveStorage::Attachment Load (0.9ms)[0m  [1m[34mSELECT  "active_storage_attachments".* FROM "active_storage_attachments" WHERE "active_storage_attachments"."record_id" = $1 AND "active_storage_attachments"."record_type" = $2 AND "active_storage_attachments"."name" = $3 LIMIT $4[0m  [["record_id", 2], ["record_type", "User"], ["name", "profile_picture"], ["LIMIT", 1]]
  ↳ app/views/api/users/index.json.jbuilder:4
  [1m[36mActiveStorage::Blob Load (0.7ms)[0m  [1m[34mSELECT  "active_storage_blobs".* FROM "active_storage_blobs" WHERE "active_storage_blobs"."id" = $1 LIMIT $2[0m  [["id", 3], ["LIMIT", 1]]
  ↳ app/views/api/users/index.json.jbuilder:4
  [1m[36mActiveStorage::Attachment Load (2.8ms)[0m  [1m[34mSELECT  "active_storage_attachments".* FROM "active_storage_attachments" WHERE "active_storage_attachments"."record_id" = $1 AND "active_storage_attachments"."record_type" = $2 AND "active_storage_attachments"."name" = $3 LIMIT $4[0m  [["record_id", 5], ["record_type", "User"], ["name", "profile_picture"], ["LIMIT", 1]]
  ↳ app/views/api/users/index.json.jbuilder:4
  [1m[36mActiveStorage::Attachment Load (0.8ms)[0m  [1m[34mSELECT  "active_storage_attachments".* FROM "active_storage_attachments" WHERE "active_storage_attachments"."record_id" = $1 AND "active_storage_attachments"."record_type" = $2 AND "active_storage_attachments"."name" = $3 LIMIT $4[0m  [["record_id", 20], ["record_type", "User"], ["name", "profile_picture"], ["LIMIT", 1]]
  ↳ app/views/api/users/index.json.jbuilder:4
  [1m[36mActiveStorage::Blob Load (4.5ms)[0m  [1m[34mSELECT  "active_storage_blobs".* FROM "active_storage_blobs" WHERE "active_storage_blobs"."id" = $1 LIMIT $2[0m  [["id", 17], ["LIMIT", 1]]
  ↳ app/views/api/users/index.json.jbuilder:4
  [1m[36mActiveStorage::Attachment Load (14.8ms)[0m  [1m[34mSELECT  "active_storage_attachments".* FROM "active_storage_attachments" WHERE "active_storage_attachments"."record_id" = $1 AND "active_storage_attachments"."record_type" = $2 AND "active_storage_attachments"."name" = $3 LIMIT $4[0m  [["record_id", 6], ["record_type", "User"], ["name", "profile_picture"], ["LIMIT", 1]]
  ↳ app/views/api/users/index.json.jbuilder:4
  [1m[36mActiveStorage::Attachment Load (0.4ms)[0m  [1m[34mSELECT  "active_storage_attachments".* FROM "active_storage_attachments" WHERE "active_storage_attachments"."record_id" = $1 AND "active_storage_attachments"."record_type" = $2 AND "active_storage_attachments"."name" = $3 LIMIT $4[0m  [["record_id", 8], ["record_type", "User"], ["name", "profile_picture"], ["LIMIT", 1]]
  ↳ app/views/api/users/index.json.jbuilder:4
  [1m[36mActiveStorage::Blob Load (2.2ms)[0m  [1m[34mSELECT  "active_storage_blobs".* FROM "active_storage_blobs" WHERE "active_storage_blobs"."id" = $1 LIMIT $2[0m  [["id", 2], ["LIMIT", 1]]
  ↳ app/views/api/users/index.json.jbuilder:4
  [1m[36mActiveStorage::Attachment Load (0.8ms)[0m  [1m[34mSELECT  "active_storage_attachments".* FROM "active_storage_attachments" WHERE "active_storage_attachments"."record_id" = $1 AND "active_storage_attachments"."record_type" = $2 AND "active_storage_attachments"."name" = $3 LIMIT $4[0m  [["record_id", 7], ["record_type", "User"], ["name", "profile_picture"], ["LIMIT", 1]]
  ↳ app/views/api/users/index.json.jbuilder:4
  [1m[36mActiveStorage::Attachment Load (0.4ms)[0m  [1m[34mSELECT  "active_storage_attachments".* FROM "active_storage_attachments" WHERE "active_storage_attachments"."record_id" = $1 AND "active_storage_attachments"."record_type" = $2 AND "active_storage_attachments"."name" = $3 LIMIT $4[0m  [["record_id", 21], ["record_type", "User"], ["name", "profile_picture"], ["LIMIT", 1]]
  ↳ app/views/api/users/index.json.jbuilder:4
  [1m[36mActiveStorage::Blob Load (3.7ms)[0m  [1m[34mSELECT  "active_storage_blobs".* FROM "active_storage_blobs" WHERE "active_storage_blobs"."id" = $1 LIMIT $2[0m  [["id", 18], ["LIMIT", 1]]
  ↳ app/views/api/users/index.json.jbuilder:4
  [1m[36mActiveStorage::Attachment Load (0.5ms)[0m  [1m[34mSELECT  "active_storage_attachments".* FROM "active_storage_attachments" WHERE "active_storage_attachments"."record_id" = $1 AND "active_storage_attachments"."record_type" = $2 AND "active_storage_attachments"."name" = $3 LIMIT $4[0m  [["record_id", 22], ["record_type", "User"], ["name", "profile_picture"], ["LIMIT", 1]]
  ↳ app/views/api/users/index.json.jbuilder:4
  [1m[36mActiveStorage::Blob Load (0.3ms)[0m  [1m[34mSELECT  "active_storage_blobs".* FROM "active_storage_blobs" WHERE "active_storage_blobs"."id" = $1 LIMIT $2[0m  [["id", 19], ["LIMIT", 1]]
  ↳ app/views/api/users/index.json.jbuilder:4
  [1m[36mActiveStorage::Attachment Load (10.3ms)[0m  [1m[34mSELECT  "active_storage_attachments".* FROM "active_storage_attachments" WHERE "active_storage_attachments"."record_id" = $1 AND "active_storage_attachments"."record_type" = $2 AND "active_storage_attachments"."name" = $3 LIMIT $4[0m  [["record_id", 26], ["record_type", "User"], ["name", "profile_picture"], ["LIMIT", 1]]
  ↳ app/views/api/users/index.json.jbuilder:4
  [1m[36mActiveStorage::Blob Load (16.0ms)[0m  [1m[34mSELECT  "active_storage_blobs".* FROM "active_storage_blobs" WHERE "active_storage_blobs"."id" = $1 LIMIT $2[0m  [["id", 25], ["LIMIT", 1]]
  ↳ app/views/api/users/index.json.jbuilder:4
  [1m[36mActiveStorage::Attachment Load (10.2ms)[0m  [1m[34mSELECT  "active_storage_attachments".* FROM "active_storage_attachments" WHERE "active_storage_attachments"."record_id" = $1 AND "active_storage_attachments"."record_type" = $2 AND "active_storage_attachments"."name" = $3 LIMIT $4[0m  [["record_id", 25], ["record_type", "User"], ["name", "profile_picture"], ["LIMIT", 1]]
  ↳ app/views/api/users/index.json.jbuilder:4
  [1m[36mActiveStorage::Blob Load (2.3ms)[0m  [1m[34mSELECT  "active_storage_blobs".* FROM "active_storage_blobs" WHERE "active_storage_blobs"."id" = $1 LIMIT $2[0m  [["id", 23], ["LIMIT", 1]]
  ↳ app/views/api/users/index.json.jbuilder:4
  [1m[36mActiveStorage::Attachment Load (0.6ms)[0m  [1m[34mSELECT  "active_storage_attachments".* FROM "active_storage_attachments" WHERE "active_storage_attachments"."record_id" = $1 AND "active_storage_attachments"."record_type" = $2 AND "active_storage_attachments"."name" = $3 LIMIT $4[0m  [["record_id", 14], ["record_type", "User"], ["name", "profile_picture"], ["LIMIT", 1]]
  ↳ app/views/api/users/index.json.jbuilder:4
  [1m[36mActiveStorage::Blob Load (0.4ms)[0m  [1m[34mSELECT  "active_storage_blobs".* FROM "active_storage_blobs" WHERE "active_storage_blobs"."id" = $1 LIMIT $2[0m  [["id", 6], ["LIMIT", 1]]
  ↳ app/views/api/users/index.json.jbuilder:4
  [1m[36mActiveStorage::Attachment Load (0.4ms)[0m  [1m[34mSELECT  "active_storage_attachments".* FROM "active_storage_attachments" WHERE "active_storage_attachments"."record_id" = $1 AND "active_storage_attachments"."record_type" = $2 AND "active_storage_attachments"."name" = $3 LIMIT $4[0m  [["record_id", 15], ["record_type", "User"], ["name", "profile_picture"], ["LIMIT", 1]]
  ↳ app/views/api/users/index.json.jbuilder:4
  [1m[36mActiveStorage::Blob Load (0.9ms)[0m  [1m[34mSELECT  "active_storage_blobs".* FROM "active_storage_blobs" WHERE "active_storage_blobs"."id" = $1 LIMIT $2[0m  [["id", 7], ["LIMIT", 1]]
  ↳ app/views/api/users/index.json.jbuilder:4
  [1m[36mActiveStorage::Attachment Load (0.4ms)[0m  [1m[34mSELECT  "active_storage_attachments".* FROM "active_storage_attachments" WHERE "active_storage_attachments"."record_id" = $1 AND "active_storage_attachments"."record_type" = $2 AND "active_storage_attachments"."name" = $3 LIMIT $4[0m  [["record_id", 17], ["record_type", "User"], ["name", "profile_picture"], ["LIMIT", 1]]
  ↳ app/views/api/users/index.json.jbuilder:4
  [1m[36mActiveStorage::Blob Load (0.6ms)[0m  [1m[34mSELECT  "active_storage_blobs".* FROM "active_storage_blobs" WHERE "active_storage_blobs"."id" = $1 LIMIT $2[0m  [["id", 13], ["LIMIT", 1]]
  ↳ app/views/api/users/index.json.jbuilder:4
  [1m[36mActiveStorage::Attachment Load (2.3ms)[0m  [1m[34mSELECT  "active_storage_attachments".* FROM "active_storage_attachments" WHERE "active_storage_attachments"."record_id" = $1 AND "active_storage_attachments"."record_type" = $2 AND "active_storage_attachments"."name" = $3 LIMIT $4[0m  [["record_id", 16], ["record_type", "User"], ["name", "profile_picture"], ["LIMIT", 1]]
  ↳ app/views/api/users/index.json.jbuilder:4
  [1m[36mActiveStorage::Blob Load (0.4ms)[0m  [1m[34mSELECT  "active_storage_blobs".* FROM "active_storage_blobs" WHERE "active_storage_blobs"."id" = $1 LIMIT $2[0m  [["id", 8], ["LIMIT", 1]]
  ↳ app/views/api/users/index.json.jbuilder:4
  [1m[36mActiveStorage::Attachment Load (1.2ms)[0m  [1m[34mSELECT  "active_storage_attachments".* FROM "active_storage_attachments" WHERE "active_storage_attachments"."record_id" = $1 AND "active_storage_attachments"."record_type" = $2 AND "active_storage_attachments"."name" = $3 LIMIT $4[0m  [["record_id", 19], ["record_type", "User"], ["name", "profile_picture"], ["LIMIT", 1]]
  ↳ app/views/api/users/index.json.jbuilder:4
  [1m[36mActiveStorage::Blob Load (0.3ms)[0m  [1m[34mSELECT  "active_storage_blobs".* FROM "active_storage_blobs" WHERE "active_storage_blobs"."id" = $1 LIMIT $2[0m  [["id", 16], ["LIMIT", 1]]
  ↳ app/views/api/users/index.json.jbuilder:4
  [1m[36mActiveStorage::Attachment Load (0.3ms)[0m  [1m[34mSELECT  "active_storage_attachments".* FROM "active_storage_attachments" WHERE "active_storage_attachments"."record_id" = $1 AND "active_storage_attachments"."record_type" = $2 AND "active_storage_attachments"."name" = $3 LIMIT $4[0m  [["record_id", 24], ["record_type", "User"], ["name", "profile_picture"], ["LIMIT", 1]]
  ↳ app/views/api/users/index.json.jbuilder:4
  [1m[36mActiveStorage::Blob Load (0.3ms)[0m  [1m[34mSELECT  "active_storage_blobs".* FROM "active_storage_blobs" WHERE "active_storage_blobs"."id" = $1 LIMIT $2[0m  [["id", 21], ["LIMIT", 1]]
  ↳ app/views/api/users/index.json.jbuilder:4
  [1m[36mActiveStorage::Attachment Load (0.4ms)[0m  [1m[34mSELECT  "active_storage_attachments".* FROM "active_storage_attachments" WHERE "active_storage_attachments"."record_id" = $1 AND "active_storage_attachments"."record_type" = $2 AND "active_storage_attachments"."name" = $3 LIMIT $4[0m  [["record_id", 23], ["record_type", "User"], ["name", "profile_picture"], ["LIMIT", 1]]
  ↳ app/views/api/users/index.json.jbuilder:4
  [1m[36mActiveStorage::Blob Load (1.0ms)[0m  [1m[34mSELECT  "active_storage_blobs".* FROM "active_storage_blobs" WHERE "active_storage_blobs"."id" = $1 LIMIT $2[0m  [["id", 20], ["LIMIT", 1]]
  ↳ app/views/api/users/index.json.jbuilder:4
  [1m[36mActiveStorage::Attachment Load (0.5ms)[0m  [1m[34mSELECT  "active_storage_attachments".* FROM "active_storage_attachments" WHERE "active_storage_attachments"."record_id" = $1 AND "active_storage_attachments"."record_type" = $2 AND "active_storage_attachments"."name" = $3 LIMIT $4[0m  [["record_id", 9], ["record_type", "User"], ["name", "profile_picture"], ["LIMIT", 1]]
  ↳ app/views/api/users/index.json.jbuilder:4
  [1m[36mActiveStorage::Attachment Load (0.4ms)[0m  [1m[34mSELECT  "active_storage_attachments".* FROM "active_storage_attachments" WHERE "active_storage_attachments"."record_id" = $1 AND "active_storage_attachments"."record_type" = $2 AND "active_storage_attachments"."name" = $3 LIMIT $4[0m  [["record_id", 13], ["record_type", "User"], ["name", "profile_picture"], ["LIMIT", 1]]
  ↳ app/views/api/users/index.json.jbuilder:4
  [1m[36mActiveStorage::Blob Load (0.4ms)[0m  [1m[34mSELECT  "active_storage_blobs".* FROM "active_storage_blobs" WHERE "active_storage_blobs"."id" = $1 LIMIT $2[0m  [["id", 5], ["LIMIT", 1]]
  ↳ app/views/api/users/index.json.jbuilder:4
  [1m[36mActiveStorage::Attachment Load (0.3ms)[0m  [1m[34mSELECT  "active_storage_attachments".* FROM "active_storage_attachments" WHERE "active_storage_attachments"."record_id" = $1 AND "active_storage_attachments"."record_type" = $2 AND "active_storage_attachments"."name" = $3 LIMIT $4[0m  [["record_id", 11], ["record_type", "User"], ["name", "profile_picture"], ["LIMIT", 1]]
  ↳ app/views/api/users/index.json.jbuilder:4
  [1m[36mActiveStorage::Attachment Load (0.5ms)[0m  [1m[34mSELECT  "active_storage_attachments".* FROM "active_storage_attachments" WHERE "active_storage_attachments"."record_id" = $1 AND "active_storage_attachments"."record_type" = $2 AND "active_storage_attachments"."name" = $3 LIMIT $4[0m  [["record_id", 12], ["record_type", "User"], ["name", "profile_picture"], ["LIMIT", 1]]
  ↳ app/views/api/users/index.json.jbuilder:4
  [1m[36mActiveStorage::Attachment Load (4.2ms)[0m  [1m[34mSELECT  "active_storage_attachments".* FROM "active_storage_attachments" WHERE "active_storage_attachments"."record_id" = $1 AND "active_storage_attachments"."record_type" = $2 AND "active_storage_attachments"."name" = $3 LIMIT $4[0m  [["record_id", 10], ["record_type", "User"], ["name", "profile_picture"], ["LIMIT", 1]]
  ↳ app/views/api/users/index.json.jbuilder:4
  Rendered api/users/index.json.jbuilder (620.1ms)
Completed 200 OK in 658ms (Views: 449.9ms | ActiveRecord: 207.7ms)


Started GET "/rails/active_storage/blobs/eyJfcmFpbHMiOnsibWVzc2FnZSI6IkJBaHBCdz09IiwiZXhwIjpudWxsLCJwdXIiOiJibG9iX2lkIn19--07291faff38798668d306c8bd004f59da2888bdb/image0.jpg" for ::1 at 2021-05-20 17:57:22 -0700
Processing by ActiveStorage::BlobsController#show as JPEG
Started GET "/rails/active_storage/blobs/eyJfcmFpbHMiOnsibWVzc2FnZSI6IkJBaHBEUT09IiwiZXhwIjpudWxsLCJwdXIiOiJibG9iX2lkIn19--fca081367be7a01e27f2c53d61eed514690ebb36/default_user.jpg" for ::1 at 2021-05-20 17:57:22 -0700
Started GET "/rails/active_storage/blobs/eyJfcmFpbHMiOnsibWVzc2FnZSI6IkJBaHBFdz09IiwiZXhwIjpudWxsLCJwdXIiOiJibG9iX2lkIn19--ef98d351fb0e4d62be2f481a587456543e45cc96/default_user.jpg" for ::1 at 2021-05-20 17:57:22 -0700
  Parameters: {"signed_id"=>"eyJfcmFpbHMiOnsibWVzc2FnZSI6IkJBaHBCdz09IiwiZXhwIjpudWxsLCJwdXIiOiJibG9iX2lkIn19--07291faff38798668d306c8bd004f59da2888bdb", "filename"=>"image0"}
Started GET "/rails/active_storage/blobs/eyJfcmFpbHMiOnsibWVzc2FnZSI6IkJBaHBDdz09IiwiZXhwIjpudWxsLCJwdXIiOiJibG9iX2lkIn19--0273dc55521e56d398aef7c3aee2932301a2f7a9/default_user.jpg" for ::1 at 2021-05-20 17:57:22 -0700
Processing by ActiveStorage::BlobsController#show as JPEG
  Parameters: {"signed_id"=>"eyJfcmFpbHMiOnsibWVzc2FnZSI6IkJBaHBEUT09IiwiZXhwIjpudWxsLCJwdXIiOiJibG9iX2lkIn19--fca081367be7a01e27f2c53d61eed514690ebb36", "filename"=>"default_user"}
Processing by ActiveStorage::BlobsController#show as JPEG
  Parameters: {"signed_id"=>"eyJfcmFpbHMiOnsibWVzc2FnZSI6IkJBaHBFdz09IiwiZXhwIjpudWxsLCJwdXIiOiJibG9iX2lkIn19--ef98d351fb0e4d62be2f481a587456543e45cc96", "filename"=>"default_user"}
Processing by ActiveStorage::BlobsController#show as JPEG
  Parameters: {"signed_id"=>"eyJfcmFpbHMiOnsibWVzc2FnZSI6IkJBaHBDdz09IiwiZXhwIjpudWxsLCJwdXIiOiJibG9iX2lkIn19--0273dc55521e56d398aef7c3aee2932301a2f7a9", "filename"=>"default_user"}
Started GET "/rails/active_storage/blobs/eyJfcmFpbHMiOnsibWVzc2FnZSI6IkJBaHBGdz09IiwiZXhwIjpudWxsLCJwdXIiOiJibG9iX2lkIn19--e5de393ca8824e6b30ea11a35c89c7ec3799e2fb/default_user.jpg" for ::1 at 2021-05-20 17:57:22 -0700
  [1m[36mActiveStorage::Blob Load (5.8ms)[0m  [1m[34mSELECT  "active_storage_blobs".* FROM "active_storage_blobs" WHERE "active_storage_blobs"."id" = $1 LIMIT $2[0m  [["id", 2], ["LIMIT", 1]]
  [1m[36mActiveStorage::Blob Load (3.2ms)[0m  [1m[34mSELECT  "active_storage_blobs".* FROM "active_storage_blobs" WHERE "active_storage_blobs"."id" = $1 LIMIT $2[0m  [["id", 6], ["LIMIT", 1]]
  ↳ /Users/Eyal/.rbenv/versions/2.5.1/lib/ruby/gems/2.5.0/gems/activerecord-5.2.4.2/lib/active_record/log_subscriber.rb:98
[36m  S3 Storage (10.0ms) [0m[34mGenerated URL for file at key: Ecp8yKB2Nne87okfpvUbPDL7 (https://sofaboarding-dev.s3.us-west-1.amazonaws.com/Ecp8yKB2Nne87okfpvUbPDL7?response-content-disposition=inline%3B%20filename%3D%22default_user.jpg%22%3B%20filename%2A%3DUTF-8%27%27default_user.jpg&response-content-type=image%2Fjpeg&X-Amz-Algorithm=AWS4-HMAC-SHA256&X-Amz-Credential=AKIATR56K5PO3QXEEEGI%2F20210521%2Fus-west-1%2Fs3%2Faws4_request&X-Amz-Date=20210521T005722Z&X-Amz-Expires=300&X-Amz-SignedHeaders=host&X-Amz-Signature=c57530d05773e758a7a37c682b3974e254351fc5eb2c53986155d9fb528926da)[0m
Redirected to https://sofaboarding-dev.s3.us-west-1.amazonaws.com/Ecp8yKB2Nne87okfpvUbPDL7?response-content-disposition=inline%3B%20filename%3D%22default_user.jpg%22%3B%20filename%2A%3DUTF-8%27%27default_user.jpg&response-content-type=image%2Fjpeg&X-Amz-Algorithm=AWS4-HMAC-SHA256&X-Amz-Credential=AKIATR56K5PO3QXEEEGI%2F20210521%2Fus-west-1%2Fs3%2Faws4_request&X-Amz-Date=20210521T005722Z&X-Amz-Expires=300&X-Amz-SignedHeaders=host&X-Amz-Signature=c57530d05773e758a7a37c682b3974e254351fc5eb2c53986155d9fb528926da
  [1m[36mActiveStorage::Blob Load (4.0ms)[0m  [1m[34mSELECT  "active_storage_blobs".* FROM "active_storage_blobs" WHERE "active_storage_blobs"."id" = $1 LIMIT $2[0m  [["id", 8], ["LIMIT", 1]]
  ↳ /Users/Eyal/.rbenv/versions/2.5.1/lib/ruby/gems/2.5.0/gems/activerecord-5.2.4.2/lib/active_record/log_subscriber.rb:98
Completed 302 Found in 25ms (ActiveRecord: 5.0ms)


  ↳ /Users/Eyal/.rbenv/versions/2.5.1/lib/ruby/gems/2.5.0/gems/activerecord-5.2.4.2/lib/active_record/log_subscriber.rb:98
[36m  S3 Storage (4.4ms) [0m[34mGenerated URL for file at key: rCoptZFYKQfd8s1Ycrdvqose (https://sofaboarding-dev.s3.us-west-1.amazonaws.com/rCoptZFYKQfd8s1Ycrdvqose?response-content-disposition=inline%3B%20filename%3D%22image0.jpg%22%3B%20filename%2A%3DUTF-8%27%27image0.jpg&response-content-type=image%2Fjpeg&X-Amz-Algorithm=AWS4-HMAC-SHA256&X-Amz-Credential=AKIATR56K5PO3QXEEEGI%2F20210521%2Fus-west-1%2Fs3%2Faws4_request&X-Amz-Date=20210521T005722Z&X-Amz-Expires=300&X-Amz-SignedHeaders=host&X-Amz-Signature=a9b23093114669267ba3a9efb5c885624db2c71189e412b095379a27239422ff)[0m
Redirected to https://sofaboarding-dev.s3.us-west-1.amazonaws.com/rCoptZFYKQfd8s1Ycrdvqose?response-content-disposition=inline%3B%20filename%3D%22image0.jpg%22%3B%20filename%2A%3DUTF-8%27%27image0.jpg&response-content-type=image%2Fjpeg&X-Amz-Algorithm=AWS4-HMAC-SHA256&X-Amz-Credential=AKIATR56K5PO3QXEEEGI%2F20210521%2Fus-west-1%2Fs3%2Faws4_request&X-Amz-Date=20210521T005722Z&X-Amz-Expires=300&X-Amz-SignedHeaders=host&X-Amz-Signature=a9b23093114669267ba3a9efb5c885624db2c71189e412b095379a27239422ff
[36m  S3 Storage (2.6ms) [0m[34mGenerated URL for file at key: PLzAu6KD8x9odhELZ7TamRkg (https://sofaboarding-dev.s3.us-west-1.amazonaws.com/PLzAu6KD8x9odhELZ7TamRkg?response-content-disposition=inline%3B%20filename%3D%22default_user.jpg%22%3B%20filename%2A%3DUTF-8%27%27default_user.jpg&response-content-type=image%2Fjpeg&X-Amz-Algorithm=AWS4-HMAC-SHA256&X-Amz-Credential=AKIATR56K5PO3QXEEEGI%2F20210521%2Fus-west-1%2Fs3%2Faws4_request&X-Amz-Date=20210521T005722Z&X-Amz-Expires=300&X-Amz-SignedHeaders=host&X-Amz-Signature=3755ef4def5afd75fba689b584bae78bcc090df53caf535f490c4fe0ae262b78)[0m
  [1m[36mActiveStorage::Blob Load (4.7ms)[0m  [1m[34mSELECT  "active_storage_blobs".* FROM "active_storage_blobs" WHERE "active_storage_blobs"."id" = $1 LIMIT $2[0m  [["id", 14], ["LIMIT", 1]]
Completed 302 Found in 56ms (ActiveRecord: 5.8ms)


Redirected to https://sofaboarding-dev.s3.us-west-1.amazonaws.com/PLzAu6KD8x9odhELZ7TamRkg?response-content-disposition=inline%3B%20filename%3D%22default_user.jpg%22%3B%20filename%2A%3DUTF-8%27%27default_user.jpg&response-content-type=image%2Fjpeg&X-Amz-Algorithm=AWS4-HMAC-SHA256&X-Amz-Credential=AKIATR56K5PO3QXEEEGI%2F20210521%2Fus-west-1%2Fs3%2Faws4_request&X-Amz-Date=20210521T005722Z&X-Amz-Expires=300&X-Amz-SignedHeaders=host&X-Amz-Signature=3755ef4def5afd75fba689b584bae78bcc090df53caf535f490c4fe0ae262b78
  ↳ /Users/Eyal/.rbenv/versions/2.5.1/lib/ruby/gems/2.5.0/gems/activerecord-5.2.4.2/lib/active_record/log_subscriber.rb:98
[36m  S3 Storage (2.0ms) [0m[34mGenerated URL for file at key: 4LztbWd5A43LsfWQ5jJEdMZi (https://sofaboarding-dev.s3.us-west-1.amazonaws.com/4LztbWd5A43LsfWQ5jJEdMZi?response-content-disposition=inline%3B%20filename%3D%22default_user.jpg%22%3B%20filename%2A%3DUTF-8%27%27default_user.jpg&response-content-type=image%2Fjpeg&X-Amz-Algorithm=AWS4-HMAC-SHA256&X-Amz-Credential=AKIATR56K5PO3QXEEEGI%2F20210521%2Fus-west-1%2Fs3%2Faws4_request&X-Amz-Date=20210521T005722Z&X-Amz-Expires=300&X-Amz-SignedHeaders=host&X-Amz-Signature=0734fce350b03384818a77a567a04ec98ba05e299f0d4063df46b478e95cdeed)[0m
Redirected to https://sofaboarding-dev.s3.us-west-1.amazonaws.com/4LztbWd5A43LsfWQ5jJEdMZi?response-content-disposition=inline%3B%20filename%3D%22default_user.jpg%22%3B%20filename%2A%3DUTF-8%27%27default_user.jpg&response-content-type=image%2Fjpeg&X-Amz-Algorithm=AWS4-HMAC-SHA256&X-Amz-Credential=AKIATR56K5PO3QXEEEGI%2F20210521%2Fus-west-1%2Fs3%2Faws4_request&X-Amz-Date=20210521T005722Z&X-Amz-Expires=300&X-Amz-SignedHeaders=host&X-Amz-Signature=0734fce350b03384818a77a567a04ec98ba05e299f0d4063df46b478e95cdeed
Completed 302 Found in 41ms (ActiveRecord: 6.6ms)


Completed 302 Found in 44ms (ActiveRecord: 4.7ms)


Processing by ActiveStorage::BlobsController#show as JPEG
  Parameters: {"signed_id"=>"eyJfcmFpbHMiOnsibWVzc2FnZSI6IkJBaHBGdz09IiwiZXhwIjpudWxsLCJwdXIiOiJibG9iX2lkIn19--e5de393ca8824e6b30ea11a35c89c7ec3799e2fb", "filename"=>"default_user"}
  [1m[36mActiveStorage::Blob Load (2.1ms)[0m  [1m[34mSELECT  "active_storage_blobs".* FROM "active_storage_blobs" WHERE "active_storage_blobs"."id" = $1 LIMIT $2[0m  [["id", 18], ["LIMIT", 1]]
  ↳ /Users/Eyal/.rbenv/versions/2.5.1/lib/ruby/gems/2.5.0/gems/activerecord-5.2.4.2/lib/active_record/log_subscriber.rb:98
[36m  S3 Storage (2.8ms) [0m[34mGenerated URL for file at key: ZoKaZUDA8Bva9S6kNKqDJNH8 (https://sofaboarding-dev.s3.us-west-1.amazonaws.com/ZoKaZUDA8Bva9S6kNKqDJNH8?response-content-disposition=inline%3B%20filename%3D%22default_user.jpg%22%3B%20filename%2A%3DUTF-8%27%27default_user.jpg&response-content-type=image%2Fjpeg&X-Amz-Algorithm=AWS4-HMAC-SHA256&X-Amz-Credential=AKIATR56K5PO3QXEEEGI%2F20210521%2Fus-west-1%2Fs3%2Faws4_request&X-Amz-Date=20210521T005722Z&X-Amz-Expires=300&X-Amz-SignedHeaders=host&X-Amz-Signature=5b5839d09c48e6c007fb70ec9844706d1a18bdd29480b0898bd4ffd74350dbe5)[0m
Redirected to https://sofaboarding-dev.s3.us-west-1.amazonaws.com/ZoKaZUDA8Bva9S6kNKqDJNH8?response-content-disposition=inline%3B%20filename%3D%22default_user.jpg%22%3B%20filename%2A%3DUTF-8%27%27default_user.jpg&response-content-type=image%2Fjpeg&X-Amz-Algorithm=AWS4-HMAC-SHA256&X-Amz-Credential=AKIATR56K5PO3QXEEEGI%2F20210521%2Fus-west-1%2Fs3%2Faws4_request&X-Amz-Date=20210521T005722Z&X-Amz-Expires=300&X-Amz-SignedHeaders=host&X-Amz-Signature=5b5839d09c48e6c007fb70ec9844706d1a18bdd29480b0898bd4ffd74350dbe5
Completed 302 Found in 22ms (ActiveRecord: 2.7ms)


Started GET "/rails/active_storage/blobs/eyJfcmFpbHMiOnsibWVzc2FnZSI6IkJBaHBHQT09IiwiZXhwIjpudWxsLCJwdXIiOiJibG9iX2lkIn19--b8731c142d28f58b06b315226fbaea794e341003/default_user.jpg" for ::1 at 2021-05-20 17:57:22 -0700
Processing by ActiveStorage::BlobsController#show as JPEG
  Parameters: {"signed_id"=>"eyJfcmFpbHMiOnsibWVzc2FnZSI6IkJBaHBHQT09IiwiZXhwIjpudWxsLCJwdXIiOiJibG9iX2lkIn19--b8731c142d28f58b06b315226fbaea794e341003", "filename"=>"default_user"}
  [1m[36mActiveStorage::Blob Load (4.0ms)[0m  [1m[34mSELECT  "active_storage_blobs".* FROM "active_storage_blobs" WHERE "active_storage_blobs"."id" = $1 LIMIT $2[0m  [["id", 19], ["LIMIT", 1]]
  ↳ /Users/Eyal/.rbenv/versions/2.5.1/lib/ruby/gems/2.5.0/gems/activerecord-5.2.4.2/lib/active_record/log_subscriber.rb:98
[36m  S3 Storage (14.7ms) [0m[34mGenerated URL for file at key: Uv91UZyoQ9ZSJpGkrH8dnTDv (https://sofaboarding-dev.s3.us-west-1.amazonaws.com/Uv91UZyoQ9ZSJpGkrH8dnTDv?response-content-disposition=inline%3B%20filename%3D%22default_user.jpg%22%3B%20filename%2A%3DUTF-8%27%27default_user.jpg&response-content-type=image%2Fjpeg&X-Amz-Algorithm=AWS4-HMAC-SHA256&X-Amz-Credential=AKIATR56K5PO3QXEEEGI%2F20210521%2Fus-west-1%2Fs3%2Faws4_request&X-Amz-Date=20210521T005722Z&X-Amz-Expires=300&X-Amz-SignedHeaders=host&X-Amz-Signature=50366182b8f3a6dc6f165ff96ec0f4233b7d468f84cfcb8759f4e4e27915bfb9)[0m
Redirected to https://sofaboarding-dev.s3.us-west-1.amazonaws.com/Uv91UZyoQ9ZSJpGkrH8dnTDv?response-content-disposition=inline%3B%20filename%3D%22default_user.jpg%22%3B%20filename%2A%3DUTF-8%27%27default_user.jpg&response-content-type=image%2Fjpeg&X-Amz-Algorithm=AWS4-HMAC-SHA256&X-Amz-Credential=AKIATR56K5PO3QXEEEGI%2F20210521%2Fus-west-1%2Fs3%2Faws4_request&X-Amz-Date=20210521T005722Z&X-Amz-Expires=300&X-Amz-SignedHeaders=host&X-Amz-Signature=50366182b8f3a6dc6f165ff96ec0f4233b7d468f84cfcb8759f4e4e27915bfb9
Completed 302 Found in 22ms (ActiveRecord: 4.0ms)


Started GET "/rails/active_storage/blobs/eyJfcmFpbHMiOnsibWVzc2FnZSI6IkJBaHBHUT09IiwiZXhwIjpudWxsLCJwdXIiOiJibG9iX2lkIn19--a0c41fffb5e5c8b3bbce908d9460056f425d90ba/default_user.jpg" for ::1 at 2021-05-20 17:57:23 -0700
Started GET "/rails/active_storage/blobs/eyJfcmFpbHMiOnsibWVzc2FnZSI6IkJBaHBHZz09IiwiZXhwIjpudWxsLCJwdXIiOiJibG9iX2lkIn19--c8a1cce05fd7ad21d187a31f1eb2babbe88bc3d2/default_user.jpg" for ::1 at 2021-05-20 17:57:23 -0700
Started GET "/rails/active_storage/blobs/eyJfcmFpbHMiOnsibWVzc2FnZSI6IkJBaHBIQT09IiwiZXhwIjpudWxsLCJwdXIiOiJibG9iX2lkIn19--9ff8e5559ddffeaa24ed725dd8beb15946ce5806/PHOTO-2019-01-20-09-15-18.jpg" for ::1 at 2021-05-20 17:57:23 -0700
Started GET "/rails/active_storage/blobs/eyJfcmFpbHMiOnsibWVzc2FnZSI6IkJBaHBIZz09IiwiZXhwIjpudWxsLCJwdXIiOiJibG9iX2lkIn19--79f34e26637d6a7486b4b79c4f4f71bac2aaa849/default_user.jpg" for ::1 at 2021-05-20 17:57:23 -0700
Started GET "/rails/active_storage/blobs/eyJfcmFpbHMiOnsibWVzc2FnZSI6IkJBaHBCZz09IiwiZXhwIjpudWxsLCJwdXIiOiJibG9iX2lkIn19--50c94a5f5d1a40bd838deb96165aca3eca0c1da4/image0.jpg" for ::1 at 2021-05-20 17:57:23 -0700
Processing by ActiveStorage::BlobsController#show as JPEG
  Parameters: {"signed_id"=>"eyJfcmFpbHMiOnsibWVzc2FnZSI6IkJBaHBIQT09IiwiZXhwIjpudWxsLCJwdXIiOiJibG9iX2lkIn19--9ff8e5559ddffeaa24ed725dd8beb15946ce5806", "filename"=>"PHOTO-2019-01-20-09-15-18"}
Processing by ActiveStorage::BlobsController#show as JPEG
  Parameters: {"signed_id"=>"eyJfcmFpbHMiOnsibWVzc2FnZSI6IkJBaHBHUT09IiwiZXhwIjpudWxsLCJwdXIiOiJibG9iX2lkIn19--a0c41fffb5e5c8b3bbce908d9460056f425d90ba", "filename"=>"default_user"}
  [1m[36mActiveStorage::Blob Load (2.5ms)[0m  [1m[34mSELECT  "active_storage_blobs".* FROM "active_storage_blobs" WHERE "active_storage_blobs"."id" = $1 LIMIT $2[0m  [["id", 23], ["LIMIT", 1]]
  ↳ /Users/Eyal/.rbenv/versions/2.5.1/lib/ruby/gems/2.5.0/gems/activerecord-5.2.4.2/lib/active_record/log_subscriber.rb:98
Processing by ActiveStorage::BlobsController#show as JPEG
[36m  S3 Storage (5.8ms) [0m[34mGenerated URL for file at key: hCT6v5nPJbETjjy2So41V6sM (https://sofaboarding-dev.s3.us-west-1.amazonaws.com/hCT6v5nPJbETjjy2So41V6sM?response-content-disposition=inline%3B%20filename%3D%22PHOTO-2019-01-20-09-15-18.jpg%22%3B%20filename%2A%3DUTF-8%27%27PHOTO-2019-01-20-09-15-18.jpg&response-content-type=image%2Fjpeg&X-Amz-Algorithm=AWS4-HMAC-SHA256&X-Amz-Credential=AKIATR56K5PO3QXEEEGI%2F20210521%2Fus-west-1%2Fs3%2Faws4_request&X-Amz-Date=20210521T005723Z&X-Amz-Expires=300&X-Amz-SignedHeaders=host&X-Amz-Signature=61167292d86b660fa43e136755fb0cf1e7ffa1e0a552008b2ed7a3867997c6e4)[0m
Redirected to https://sofaboarding-dev.s3.us-west-1.amazonaws.com/hCT6v5nPJbETjjy2So41V6sM?response-content-disposition=inline%3B%20filename%3D%22PHOTO-2019-01-20-09-15-18.jpg%22%3B%20filename%2A%3DUTF-8%27%27PHOTO-2019-01-20-09-15-18.jpg&response-content-type=image%2Fjpeg&X-Amz-Algorithm=AWS4-HMAC-SHA256&X-Amz-Credential=AKIATR56K5PO3QXEEEGI%2F20210521%2Fus-west-1%2Fs3%2Faws4_request&X-Amz-Date=20210521T005723Z&X-Amz-Expires=300&X-Amz-SignedHeaders=host&X-Amz-Signature=61167292d86b660fa43e136755fb0cf1e7ffa1e0a552008b2ed7a3867997c6e4
Processing by ActiveStorage::BlobsController#show as JPEG
Completed 302 Found in 15ms (ActiveRecord: 2.5ms)


  Parameters: {"signed_id"=>"eyJfcmFpbHMiOnsibWVzc2FnZSI6IkJBaHBHZz09IiwiZXhwIjpudWxsLCJwdXIiOiJibG9iX2lkIn19--c8a1cce05fd7ad21d187a31f1eb2babbe88bc3d2", "filename"=>"default_user"}
Processing by ActiveStorage::BlobsController#show as JPEG
  Parameters: {"signed_id"=>"eyJfcmFpbHMiOnsibWVzc2FnZSI6IkJBaHBCZz09IiwiZXhwIjpudWxsLCJwdXIiOiJibG9iX2lkIn19--50c94a5f5d1a40bd838deb96165aca3eca0c1da4", "filename"=>"image0"}
  Parameters: {"signed_id"=>"eyJfcmFpbHMiOnsibWVzc2FnZSI6IkJBaHBIZz09IiwiZXhwIjpudWxsLCJwdXIiOiJibG9iX2lkIn19--79f34e26637d6a7486b4b79c4f4f71bac2aaa849", "filename"=>"default_user"}
  [1m[36mActiveStorage::Blob Load (1.0ms)[0m  [1m[34mSELECT  "active_storage_blobs".* FROM "active_storage_blobs" WHERE "active_storage_blobs"."id" = $1 LIMIT $2[0m  [["id", 21], ["LIMIT", 1]]
  [1m[36mActiveStorage::Blob Load (9.2ms)[0m  [1m[34mSELECT  "active_storage_blobs".* FROM "active_storage_blobs" WHERE "active_storage_blobs"."id" = $1 LIMIT $2[0m  [["id", 20], ["LIMIT", 1]]
  ↳ /Users/Eyal/.rbenv/versions/2.5.1/lib/ruby/gems/2.5.0/gems/activerecord-5.2.4.2/lib/active_record/log_subscriber.rb:98
  ↳ /Users/Eyal/.rbenv/versions/2.5.1/lib/ruby/gems/2.5.0/gems/activerecord-5.2.4.2/lib/active_record/log_subscriber.rb:98
[36m  S3 Storage (4.9ms) [0m[34mGenerated URL for file at key: bdsLEvNw2x8Nomg75ZjJZyA2 (https://sofaboarding-dev.s3.us-west-1.amazonaws.com/bdsLEvNw2x8Nomg75ZjJZyA2?response-content-disposition=inline%3B%20filename%3D%22default_user.jpg%22%3B%20filename%2A%3DUTF-8%27%27default_user.jpg&response-content-type=image%2Fjpeg&X-Amz-Algorithm=AWS4-HMAC-SHA256&X-Amz-Credential=AKIATR56K5PO3QXEEEGI%2F20210521%2Fus-west-1%2Fs3%2Faws4_request&X-Amz-Date=20210521T005723Z&X-Amz-Expires=300&X-Amz-SignedHeaders=host&X-Amz-Signature=5b7dc6c91e41dddb3a87e9e078dde78e52fcc2541b453140dc1e1cf8f0c91b90)[0m
Redirected to https://sofaboarding-dev.s3.us-west-1.amazonaws.com/bdsLEvNw2x8Nomg75ZjJZyA2?response-content-disposition=inline%3B%20filename%3D%22default_user.jpg%22%3B%20filename%2A%3DUTF-8%27%27default_user.jpg&response-content-type=image%2Fjpeg&X-Amz-Algorithm=AWS4-HMAC-SHA256&X-Amz-Credential=AKIATR56K5PO3QXEEEGI%2F20210521%2Fus-west-1%2Fs3%2Faws4_request&X-Amz-Date=20210521T005723Z&X-Amz-Expires=300&X-Amz-SignedHeaders=host&X-Amz-Signature=5b7dc6c91e41dddb3a87e9e078dde78e52fcc2541b453140dc1e1cf8f0c91b90
Completed 302 Found in 36ms (ActiveRecord: 9.2ms)


[36m  S3 Storage (3.4ms) [0m[34mGenerated URL for file at key: vtgT5BxA1FLG4bkxHirZeaLf (https://sofaboarding-dev.s3.us-west-1.amazonaws.com/vtgT5BxA1FLG4bkxHirZeaLf?response-content-disposition=inline%3B%20filename%3D%22default_user.jpg%22%3B%20filename%2A%3DUTF-8%27%27default_user.jpg&response-content-type=image%2Fjpeg&X-Amz-Algorithm=AWS4-HMAC-SHA256&X-Amz-Credential=AKIATR56K5PO3QXEEEGI%2F20210521%2Fus-west-1%2Fs3%2Faws4_request&X-Amz-Date=20210521T005723Z&X-Amz-Expires=300&X-Amz-SignedHeaders=host&X-Amz-Signature=529114e6ef1c120988f35231345610360371db90915086dd66802f74acce5eeb)[0m
Redirected to https://sofaboarding-dev.s3.us-west-1.amazonaws.com/vtgT5BxA1FLG4bkxHirZeaLf?response-content-disposition=inline%3B%20filename%3D%22default_user.jpg%22%3B%20filename%2A%3DUTF-8%27%27default_user.jpg&response-content-type=image%2Fjpeg&X-Amz-Algorithm=AWS4-HMAC-SHA256&X-Amz-Credential=AKIATR56K5PO3QXEEEGI%2F20210521%2Fus-west-1%2Fs3%2Faws4_request&X-Amz-Date=20210521T005723Z&X-Amz-Expires=300&X-Amz-SignedHeaders=host&X-Amz-Signature=529114e6ef1c120988f35231345610360371db90915086dd66802f74acce5eeb
Completed 302 Found in 23ms (ActiveRecord: 1.0ms)


  [1m[36mActiveStorage::Blob Load (18.8ms)[0m  [1m[34mSELECT  "active_storage_blobs".* FROM "active_storage_blobs" WHERE "active_storage_blobs"."id" = $1 LIMIT $2[0m  [["id", 25], ["LIMIT", 1]]
  ↳ /Users/Eyal/.rbenv/versions/2.5.1/lib/ruby/gems/2.5.0/gems/activerecord-5.2.4.2/lib/active_record/log_subscriber.rb:98
[36m  S3 Storage (3.7ms) [0m[34mGenerated URL for file at key: QyQdK23usq2UxbFhZn7hXS8X (https://sofaboarding-dev.s3.us-west-1.amazonaws.com/QyQdK23usq2UxbFhZn7hXS8X?response-content-disposition=inline%3B%20filename%3D%22default_user.jpg%22%3B%20filename%2A%3DUTF-8%27%27default_user.jpg&response-content-type=image%2Fjpeg&X-Amz-Algorithm=AWS4-HMAC-SHA256&X-Amz-Credential=AKIATR56K5PO3QXEEEGI%2F20210521%2Fus-west-1%2Fs3%2Faws4_request&X-Amz-Date=20210521T005723Z&X-Amz-Expires=300&X-Amz-SignedHeaders=host&X-Amz-Signature=921fff7d9d8ffabb8c8ff27a69fabc232f3b020830ae60c89121af3d57823235)[0m
Redirected to https://sofaboarding-dev.s3.us-west-1.amazonaws.com/QyQdK23usq2UxbFhZn7hXS8X?response-content-disposition=inline%3B%20filename%3D%22default_user.jpg%22%3B%20filename%2A%3DUTF-8%27%27default_user.jpg&response-content-type=image%2Fjpeg&X-Amz-Algorithm=AWS4-HMAC-SHA256&X-Amz-Credential=AKIATR56K5PO3QXEEEGI%2F20210521%2Fus-west-1%2Fs3%2Faws4_request&X-Amz-Date=20210521T005723Z&X-Amz-Expires=300&X-Amz-SignedHeaders=host&X-Amz-Signature=921fff7d9d8ffabb8c8ff27a69fabc232f3b020830ae60c89121af3d57823235
Completed 302 Found in 28ms (ActiveRecord: 18.8ms)


  [1m[36mActiveStorage::Blob Load (30.0ms)[0m  [1m[34mSELECT  "active_storage_blobs".* FROM "active_storage_blobs" WHERE "active_storage_blobs"."id" = $1 LIMIT $2[0m  [["id", 1], ["LIMIT", 1]]
  ↳ /Users/Eyal/.rbenv/versions/2.5.1/lib/ruby/gems/2.5.0/gems/activerecord-5.2.4.2/lib/active_record/log_subscriber.rb:98
[36m  S3 Storage (3.4ms) [0m[34mGenerated URL for file at key: 7Gqh5vrqi7EFo2zF1wHiLjLv (https://sofaboarding-dev.s3.us-west-1.amazonaws.com/7Gqh5vrqi7EFo2zF1wHiLjLv?response-content-disposition=inline%3B%20filename%3D%22image0.jpg%22%3B%20filename%2A%3DUTF-8%27%27image0.jpg&response-content-type=image%2Fjpeg&X-Amz-Algorithm=AWS4-HMAC-SHA256&X-Amz-Credential=AKIATR56K5PO3QXEEEGI%2F20210521%2Fus-west-1%2Fs3%2Faws4_request&X-Amz-Date=20210521T005723Z&X-Amz-Expires=300&X-Amz-SignedHeaders=host&X-Amz-Signature=5ae29c2087c44bf98dab94ffe90313b266e3a8d3775575f7a3cd00704a4a9d7a)[0m
Redirected to https://sofaboarding-dev.s3.us-west-1.amazonaws.com/7Gqh5vrqi7EFo2zF1wHiLjLv?response-content-disposition=inline%3B%20filename%3D%22image0.jpg%22%3B%20filename%2A%3DUTF-8%27%27image0.jpg&response-content-type=image%2Fjpeg&X-Amz-Algorithm=AWS4-HMAC-SHA256&X-Amz-Credential=AKIATR56K5PO3QXEEEGI%2F20210521%2Fus-west-1%2Fs3%2Faws4_request&X-Amz-Date=20210521T005723Z&X-Amz-Expires=300&X-Amz-SignedHeaders=host&X-Amz-Signature=5ae29c2087c44bf98dab94ffe90313b266e3a8d3775575f7a3cd00704a4a9d7a
Completed 302 Found in 40ms (ActiveRecord: 30.0ms)


Started GET "/rails/active_storage/blobs/eyJfcmFpbHMiOnsibWVzc2FnZSI6IkJBaHBFZz09IiwiZXhwIjpudWxsLCJwdXIiOiJibG9iX2lkIn19--1f26e195c6d638e4af2df5aae500716bc3ef8022/default_user.jpg" for ::1 at 2021-05-20 17:57:23 -0700
Started GET "/rails/active_storage/blobs/eyJfcmFpbHMiOnsibWVzc2FnZSI6IkJBaHBEQT09IiwiZXhwIjpudWxsLCJwdXIiOiJibG9iX2lkIn19--9256198b641ee2dcfcad5cf86884acb451e02640/default_user.jpg" for ::1 at 2021-05-20 17:57:23 -0700
Started GET "/rails/active_storage/blobs/eyJfcmFpbHMiOnsibWVzc2FnZSI6IkJBaHBGUT09IiwiZXhwIjpudWxsLCJwdXIiOiJibG9iX2lkIn19--bd28fecceae74c20677939e1f8559868452495b3/image0.jpg" for ::1 at 2021-05-20 17:57:23 -0700
Started GET "/rails/active_storage/blobs/eyJfcmFpbHMiOnsibWVzc2FnZSI6IkJBaHBGZz09IiwiZXhwIjpudWxsLCJwdXIiOiJibG9iX2lkIn19--e58dc80e9f46050f66e4bf75616431ad2941b979/default_user.jpg" for ::1 at 2021-05-20 17:57:23 -0700
Started GET "/rails/active_storage/blobs/eyJfcmFpbHMiOnsibWVzc2FnZSI6IkJBaHBDZz09IiwiZXhwIjpudWxsLCJwdXIiOiJibG9iX2lkIn19--34926795c3babba12ca9d659be0d5ae4f75ee101/image0.jpg" for ::1 at 2021-05-20 17:57:23 -0700
Processing by ActiveStorage::BlobsController#show as JPEG
  Parameters: {"signed_id"=>"eyJfcmFpbHMiOnsibWVzc2FnZSI6IkJBaHBFZz09IiwiZXhwIjpudWxsLCJwdXIiOiJibG9iX2lkIn19--1f26e195c6d638e4af2df5aae500716bc3ef8022", "filename"=>"default_user"}
Processing by ActiveStorage::BlobsController#show as JPEG
  Parameters: {"signed_id"=>"eyJfcmFpbHMiOnsibWVzc2FnZSI6IkJBaHBEQT09IiwiZXhwIjpudWxsLCJwdXIiOiJibG9iX2lkIn19--9256198b641ee2dcfcad5cf86884acb451e02640", "filename"=>"default_user"}
Processing by ActiveStorage::BlobsController#show as JPEG
  Parameters: {"signed_id"=>"eyJfcmFpbHMiOnsibWVzc2FnZSI6IkJBaHBGUT09IiwiZXhwIjpudWxsLCJwdXIiOiJibG9iX2lkIn19--bd28fecceae74c20677939e1f8559868452495b3", "filename"=>"image0"}
Processing by ActiveStorage::BlobsController#show as JPEG
  [1m[36mActiveStorage::Blob Load (10.8ms)[0m  [1m[34mSELECT  "active_storage_blobs".* FROM "active_storage_blobs" WHERE "active_storage_blobs"."id" = $1 LIMIT $2[0m  [["id", 13], ["LIMIT", 1]]
  Parameters: {"signed_id"=>"eyJfcmFpbHMiOnsibWVzc2FnZSI6IkJBaHBDZz09IiwiZXhwIjpudWxsLCJwdXIiOiJibG9iX2lkIn19--34926795c3babba12ca9d659be0d5ae4f75ee101", "filename"=>"image0"}
  [1m[36mActiveStorage::Blob Load (4.8ms)[0m  [1m[34mSELECT  "active_storage_blobs".* FROM "active_storage_blobs" WHERE "active_storage_blobs"."id" = $1 LIMIT $2[0m  [["id", 16], ["LIMIT", 1]]
  ↳ /Users/Eyal/.rbenv/versions/2.5.1/lib/ruby/gems/2.5.0/gems/activerecord-5.2.4.2/lib/active_record/log_subscriber.rb:98
  [1m[36mActiveStorage::Blob Load (1.8ms)[0m  [1m[34mSELECT  "active_storage_blobs".* FROM "active_storage_blobs" WHERE "active_storage_blobs"."id" = $1 LIMIT $2[0m  [["id", 5], ["LIMIT", 1]]
  ↳ /Users/Eyal/.rbenv/versions/2.5.1/lib/ruby/gems/2.5.0/gems/activerecord-5.2.4.2/lib/active_record/log_subscriber.rb:98
  [1m[36mActiveStorage::Blob Load (17.5ms)[0m  [1m[34mSELECT  "active_storage_blobs".* FROM "active_storage_blobs" WHERE "active_storage_blobs"."id" = $1 LIMIT $2[0m  [["id", 7], ["LIMIT", 1]]
Processing by ActiveStorage::BlobsController#show as JPEG
  Parameters: {"signed_id"=>"eyJfcmFpbHMiOnsibWVzc2FnZSI6IkJBaHBGZz09IiwiZXhwIjpudWxsLCJwdXIiOiJibG9iX2lkIn19--e58dc80e9f46050f66e4bf75616431ad2941b979", "filename"=>"default_user"}
[36m  S3 Storage (3.4ms) [0m[34mGenerated URL for file at key: 6GBdY3BWA9Gi9nNnuzBWVbcL (https://sofaboarding-dev.s3.us-west-1.amazonaws.com/6GBdY3BWA9Gi9nNnuzBWVbcL?response-content-disposition=inline%3B%20filename%3D%22image0.jpg%22%3B%20filename%2A%3DUTF-8%27%27image0.jpg&response-content-type=image%2Fjpeg&X-Amz-Algorithm=AWS4-HMAC-SHA256&X-Amz-Credential=AKIATR56K5PO3QXEEEGI%2F20210521%2Fus-west-1%2Fs3%2Faws4_request&X-Amz-Date=20210521T005723Z&X-Amz-Expires=300&X-Amz-SignedHeaders=host&X-Amz-Signature=2e467daaaa8720c238868b588fbea82f494c5cd48feb1d1821b6b3a051ddbb77)[0m
Redirected to https://sofaboarding-dev.s3.us-west-1.amazonaws.com/6GBdY3BWA9Gi9nNnuzBWVbcL?response-content-disposition=inline%3B%20filename%3D%22image0.jpg%22%3B%20filename%2A%3DUTF-8%27%27image0.jpg&response-content-type=image%2Fjpeg&X-Amz-Algorithm=AWS4-HMAC-SHA256&X-Amz-Credential=AKIATR56K5PO3QXEEEGI%2F20210521%2Fus-west-1%2Fs3%2Faws4_request&X-Amz-Date=20210521T005723Z&X-Amz-Expires=300&X-Amz-SignedHeaders=host&X-Amz-Signature=2e467daaaa8720c238868b588fbea82f494c5cd48feb1d1821b6b3a051ddbb77
Completed 302 Found in 18ms (ActiveRecord: 1.8ms)


  ↳ /Users/Eyal/.rbenv/versions/2.5.1/lib/ruby/gems/2.5.0/gems/activerecord-5.2.4.2/lib/active_record/log_subscriber.rb:98
[36m  S3 Storage (2.6ms) [0m[34mGenerated URL for file at key: 9iJjAdL4oB5nVEGVzzogZ8pH (https://sofaboarding-dev.s3.us-west-1.amazonaws.com/9iJjAdL4oB5nVEGVzzogZ8pH?response-content-disposition=inline%3B%20filename%3D%22default_user.jpg%22%3B%20filename%2A%3DUTF-8%27%27default_user.jpg&response-content-type=image%2Fjpeg&X-Amz-Algorithm=AWS4-HMAC-SHA256&X-Amz-Credential=AKIATR56K5PO3QXEEEGI%2F20210521%2Fus-west-1%2Fs3%2Faws4_request&X-Amz-Date=20210521T005723Z&X-Amz-Expires=300&X-Amz-SignedHeaders=host&X-Amz-Signature=b996f7cbd63781366c87c0f4f76c1a532a2be1817e902a264add95e87f82c2c7)[0m
Redirected to https://sofaboarding-dev.s3.us-west-1.amazonaws.com/9iJjAdL4oB5nVEGVzzogZ8pH?response-content-disposition=inline%3B%20filename%3D%22default_user.jpg%22%3B%20filename%2A%3DUTF-8%27%27default_user.jpg&response-content-type=image%2Fjpeg&X-Amz-Algorithm=AWS4-HMAC-SHA256&X-Amz-Credential=AKIATR56K5PO3QXEEEGI%2F20210521%2Fus-west-1%2Fs3%2Faws4_request&X-Amz-Date=20210521T005723Z&X-Amz-Expires=300&X-Amz-SignedHeaders=host&X-Amz-Signature=b996f7cbd63781366c87c0f4f76c1a532a2be1817e902a264add95e87f82c2c7
Completed 302 Found in 69ms (ActiveRecord: 10.8ms)


  [1m[36mActiveStorage::Blob Load (17.8ms)[0m  [1m[34mSELECT  "active_storage_blobs".* FROM "active_storage_blobs" WHERE "active_storage_blobs"."id" = $1 LIMIT $2[0m  [["id", 17], ["LIMIT", 1]]
  ↳ /Users/Eyal/.rbenv/versions/2.5.1/lib/ruby/gems/2.5.0/gems/activerecord-5.2.4.2/lib/active_record/log_subscriber.rb:98
[36m  S3 Storage (1.8ms) [0m[34mGenerated URL for file at key: MbjYVsbtDunEYKZYcxXveUyJ (https://sofaboarding-dev.s3.us-west-1.amazonaws.com/MbjYVsbtDunEYKZYcxXveUyJ?response-content-disposition=inline%3B%20filename%3D%22default_user.jpg%22%3B%20filename%2A%3DUTF-8%27%27default_user.jpg&response-content-type=image%2Fjpeg&X-Amz-Algorithm=AWS4-HMAC-SHA256&X-Amz-Credential=AKIATR56K5PO3QXEEEGI%2F20210521%2Fus-west-1%2Fs3%2Faws4_request&X-Amz-Date=20210521T005723Z&X-Amz-Expires=300&X-Amz-SignedHeaders=host&X-Amz-Signature=ce8c68da386d3fd979954e29484cb54a369a78eda44800aa402e31db71d9e220)[0m
  ↳ /Users/Eyal/.rbenv/versions/2.5.1/lib/ruby/gems/2.5.0/gems/activerecord-5.2.4.2/lib/active_record/log_subscriber.rb:98
[36m  S3 Storage (3.9ms) [0m[34mGenerated URL for file at key: iHBkPDhCSx3koTvw5j2amoMJ (https://sofaboarding-dev.s3.us-west-1.amazonaws.com/iHBkPDhCSx3koTvw5j2amoMJ?response-content-disposition=inline%3B%20filename%3D%22image0.jpg%22%3B%20filename%2A%3DUTF-8%27%27image0.jpg&response-content-type=image%2Fjpeg&X-Amz-Algorithm=AWS4-HMAC-SHA256&X-Amz-Credential=AKIATR56K5PO3QXEEEGI%2F20210521%2Fus-west-1%2Fs3%2Faws4_request&X-Amz-Date=20210521T005723Z&X-Amz-Expires=300&X-Amz-SignedHeaders=host&X-Amz-Signature=36309a902745eebb547f4bbe522b31510ecea253e06f44f4ded40ca8ee5b1564)[0m
Redirected to https://sofaboarding-dev.s3.us-west-1.amazonaws.com/iHBkPDhCSx3koTvw5j2amoMJ?response-content-disposition=inline%3B%20filename%3D%22image0.jpg%22%3B%20filename%2A%3DUTF-8%27%27image0.jpg&response-content-type=image%2Fjpeg&X-Amz-Algorithm=AWS4-HMAC-SHA256&X-Amz-Credential=AKIATR56K5PO3QXEEEGI%2F20210521%2Fus-west-1%2Fs3%2Faws4_request&X-Amz-Date=20210521T005723Z&X-Amz-Expires=300&X-Amz-SignedHeaders=host&X-Amz-Signature=36309a902745eebb547f4bbe522b31510ecea253e06f44f4ded40ca8ee5b1564
Completed 302 Found in 62ms (ActiveRecord: 4.8ms)


Redirected to https://sofaboarding-dev.s3.us-west-1.amazonaws.com/MbjYVsbtDunEYKZYcxXveUyJ?response-content-disposition=inline%3B%20filename%3D%22default_user.jpg%22%3B%20filename%2A%3DUTF-8%27%27default_user.jpg&response-content-type=image%2Fjpeg&X-Amz-Algorithm=AWS4-HMAC-SHA256&X-Amz-Credential=AKIATR56K5PO3QXEEEGI%2F20210521%2Fus-west-1%2Fs3%2Faws4_request&X-Amz-Date=20210521T005723Z&X-Amz-Expires=300&X-Amz-SignedHeaders=host&X-Amz-Signature=ce8c68da386d3fd979954e29484cb54a369a78eda44800aa402e31db71d9e220
[36m  S3 Storage (2.0ms) [0m[34mGenerated URL for file at key: tou4iki5nhEChhSboi7dPMDW (https://sofaboarding-dev.s3.us-west-1.amazonaws.com/tou4iki5nhEChhSboi7dPMDW?response-content-disposition=inline%3B%20filename%3D%22default_user.jpg%22%3B%20filename%2A%3DUTF-8%27%27default_user.jpg&response-content-type=image%2Fjpeg&X-Amz-Algorithm=AWS4-HMAC-SHA256&X-Amz-Credential=AKIATR56K5PO3QXEEEGI%2F20210521%2Fus-west-1%2Fs3%2Faws4_request&X-Amz-Date=20210521T005723Z&X-Amz-Expires=300&X-Amz-SignedHeaders=host&X-Amz-Signature=230d9f13894203af17d0ca6df44d882e01ad377182d12fcd3516248a716615c0)[0m
Completed 302 Found in 45ms (ActiveRecord: 17.8ms)


Redirected to https://sofaboarding-dev.s3.us-west-1.amazonaws.com/tou4iki5nhEChhSboi7dPMDW?response-content-disposition=inline%3B%20filename%3D%22default_user.jpg%22%3B%20filename%2A%3DUTF-8%27%27default_user.jpg&response-content-type=image%2Fjpeg&X-Amz-Algorithm=AWS4-HMAC-SHA256&X-Amz-Credential=AKIATR56K5PO3QXEEEGI%2F20210521%2Fus-west-1%2Fs3%2Faws4_request&X-Amz-Date=20210521T005723Z&X-Amz-Expires=300&X-Amz-SignedHeaders=host&X-Amz-Signature=230d9f13894203af17d0ca6df44d882e01ad377182d12fcd3516248a716615c0
Completed 302 Found in 77ms (ActiveRecord: 17.5ms)


Started GET "/rails/active_storage/blobs/eyJfcmFpbHMiOnsibWVzc2FnZSI6IkJBaHBDQT09IiwiZXhwIjpudWxsLCJwdXIiOiJibG9iX2lkIn19--92b42a27a152c4ca81e104dd8c590a1e30d1f884/PHOTO-2019-01-20-09-13-22%204.jpg" for ::1 at 2021-05-20 17:57:23 -0700
Processing by ActiveStorage::BlobsController#show as JPEG
  Parameters: {"signed_id"=>"eyJfcmFpbHMiOnsibWVzc2FnZSI6IkJBaHBDQT09IiwiZXhwIjpudWxsLCJwdXIiOiJibG9iX2lkIn19--92b42a27a152c4ca81e104dd8c590a1e30d1f884", "filename"=>"PHOTO-2019-01-20-09-13-22 4"}
  [1m[36mActiveStorage::Blob Load (7.0ms)[0m  [1m[34mSELECT  "active_storage_blobs".* FROM "active_storage_blobs" WHERE "active_storage_blobs"."id" = $1 LIMIT $2[0m  [["id", 3], ["LIMIT", 1]]
  ↳ /Users/Eyal/.rbenv/versions/2.5.1/lib/ruby/gems/2.5.0/gems/activerecord-5.2.4.2/lib/active_record/log_subscriber.rb:98
[36m  S3 Storage (2.0ms) [0m[34mGenerated URL for file at key: UerYxeppzqCv6oV1EgQh3crB (https://sofaboarding-dev.s3.us-west-1.amazonaws.com/UerYxeppzqCv6oV1EgQh3crB?response-content-disposition=inline%3B%20filename%3D%22PHOTO-2019-01-20-09-13-22%204.jpg%22%3B%20filename%2A%3DUTF-8%27%27PHOTO-2019-01-20-09-13-22%25204.jpg&response-content-type=image%2Fjpeg&X-Amz-Algorithm=AWS4-HMAC-SHA256&X-Amz-Credential=AKIATR56K5PO3QXEEEGI%2F20210521%2Fus-west-1%2Fs3%2Faws4_request&X-Amz-Date=20210521T005723Z&X-Amz-Expires=300&X-Amz-SignedHeaders=host&X-Amz-Signature=2b5cc26faaec85eb984f734815a9f82dfcf573f369d1a8054df4bab1b6cc727d)[0m
Redirected to https://sofaboarding-dev.s3.us-west-1.amazonaws.com/UerYxeppzqCv6oV1EgQh3crB?response-content-disposition=inline%3B%20filename%3D%22PHOTO-2019-01-20-09-13-22%204.jpg%22%3B%20filename%2A%3DUTF-8%27%27PHOTO-2019-01-20-09-13-22%25204.jpg&response-content-type=image%2Fjpeg&X-Amz-Algorithm=AWS4-HMAC-SHA256&X-Amz-Credential=AKIATR56K5PO3QXEEEGI%2F20210521%2Fus-west-1%2Fs3%2Faws4_request&X-Amz-Date=20210521T005723Z&X-Amz-Expires=300&X-Amz-SignedHeaders=host&X-Amz-Signature=2b5cc26faaec85eb984f734815a9f82dfcf573f369d1a8054df4bab1b6cc727d
Completed 302 Found in 12ms (ActiveRecord: 7.0ms)


