Started GET "/" for ::1 at 2022-02-17 14:11:25 -0800
  [1m[35m (5.1ms)[0m  [1m[34mSELECT "schema_migrations"."version" FROM "schema_migrations" ORDER BY "schema_migrations"."version" ASC[0m
  ↳ /Users/Eyal/.rbenv/versions/2.5.1/lib/ruby/gems/2.5.0/gems/activerecord-5.2.4.2/lib/active_record/log_subscriber.rb:98
Processing by StaticPagesController#root as HTML
  Rendering static_pages/root.html.erb within layouts/application
  Rendered static_pages/root.html.erb within layouts/application (1.2ms)
  [1m[36mUser Load (1.3ms)[0m  [1m[34mSELECT  "users".* FROM "users" WHERE "users"."session_token" = $1 LIMIT $2[0m  [["session_token", "LaP1cVFE40qJwzb_EUdXbA"], ["LIMIT", 1]]
  ↳ app/controllers/application_controller.rb:11
  Rendered api/users/_user.json.jbuilder (1.4ms)
Completed 200 OK in 1746ms (Views: 1727.1ms | ActiveRecord: 18.5ms)


Started GET "/api/profilebio" for ::1 at 2022-02-17 14:11:27 -0800
Processing by Api::ProfilebioController#index as JSON
Started GET "/api/roommemberships" for ::1 at 2022-02-17 14:11:28 -0800
Started GET "/api/users" for ::1 at 2022-02-17 14:11:28 -0800
Started GET "/api/events" for ::1 at 2022-02-17 14:11:28 -0800
Started GET "/api/eventmemberships" for ::1 at 2022-02-17 14:11:28 -0800
  Rendering api/profilebio/index.json.jbuilder
  [1m[36mProfileBio Load (2.6ms)[0m  [1m[34mSELECT "profile_bios".* FROM "profile_bios"[0m
  ↳ app/views/api/profilebio/index.json.jbuilder:1
Processing by Api::RoommembershipsController#index as JSON
  Rendering api/roommemberships/index.json.jbuilder
  [1m[36mRoomMembership Load (2.7ms)[0m  [1m[34mSELECT "room_memberships".* FROM "room_memberships"[0m
  ↳ app/views/api/roommemberships/index.json.jbuilder:1
Processing by Api::UsersController#index as JSON
  Rendered api/profilebio/index.json.jbuilder (62.7ms)
Completed 200 OK in 107ms (Views: 35.5ms | ActiveRecord: 50.2ms)


  Rendered api/roommemberships/index.json.jbuilder (55.4ms)
  Rendering api/users/index.json.jbuilder
Completed 200 OK in 78ms (Views: 34.5ms | ActiveRecord: 38.6ms)


Processing by Api::EventmembershipsController#index as JSON
  [1m[36mUser Load (18.9ms)[0m  [1m[34mSELECT "users".* FROM "users"[0m
  ↳ app/views/api/users/index.json.jbuilder:1
Processing by Api::EventsController#index as JSON
Started GET "/api/friendships" for ::1 at 2022-02-17 14:11:28 -0800
Started GET "/api/friendrequests" for ::1 at 2022-02-17 14:11:28 -0800
Processing by Api::FriendrequestsController#index as JSON
Processing by Api::FriendshipsController#index as JSON
  Rendering api/friendrequests/index.json.jbuilder
  Rendering api/events/index.json.jbuilder
  [1m[36mFriendRequest Load (3.0ms)[0m  [1m[34mSELECT "friend_requests".* FROM "friend_requests"[0m
  ↳ app/views/api/friendrequests/index.json.jbuilder:1
  [1m[36mEvent Load (2.5ms)[0m  [1m[34mSELECT "events".* FROM "events"[0m
  ↳ app/views/api/events/index.json.jbuilder:1
  Rendering api/eventmemberships/index.json.jbuilder
  [1m[36mEventMembership Load (6.0ms)[0m  [1m[34mSELECT "event_memberships".* FROM "event_memberships"[0m
  ↳ app/views/api/eventmemberships/index.json.jbuilder:1
  [1m[36mActiveStorage::Attachment Load (2.5ms)[0m  [1m[34mSELECT  "active_storage_attachments".* FROM "active_storage_attachments" WHERE "active_storage_attachments"."record_id" = $1 AND "active_storage_attachments"."record_type" = $2 AND "active_storage_attachments"."name" = $3 LIMIT $4[0m  [["record_id", 18], ["record_type", "User"], ["name", "profile_picture"], ["LIMIT", 1]]
  ↳ app/views/api/users/index.json.jbuilder:4
  Rendered api/friendrequests/index.json.jbuilder (49.7ms)
Completed 200 OK in 95ms (Views: 52.6ms | ActiveRecord: 32.6ms)


  Rendered api/events/index.json.jbuilder (61.0ms)
Completed 200 OK in 136ms (Views: 43.4ms | ActiveRecord: 49.1ms)


  Rendering api/friendships/index.json.jbuilder
Started GET "/api/events" for ::1 at 2022-02-17 14:11:28 -0800
Processing by Api::EventsController#index as JSON
  Rendered api/eventmemberships/index.json.jbuilder (79.9ms)
  Rendering api/events/index.json.jbuilder
Completed 200 OK in 185ms (Views: 41.0ms | ActiveRecord: 56.2ms)


  [1m[36mFriendship Load (31.9ms)[0m  [1m[34mSELECT "friendships".* FROM "friendships"[0m
  [1m[36mEvent Load (3.2ms)[0m  [1m[34mSELECT "events".* FROM "events"[0m
  ↳ app/views/api/friendships/index.json.jbuilder:1
  ↳ app/views/api/events/index.json.jbuilder:1
  Rendered api/friendships/index.json.jbuilder (56.4ms)
  Rendered api/events/index.json.jbuilder (20.2ms)
Completed 200 OK in 57ms (Views: 53.6ms | ActiveRecord: 3.2ms)


Completed 200 OK in 134ms (Views: 82.6ms | ActiveRecord: 38.2ms)


  [1m[36mActiveStorage::Blob Load (1.2ms)[0m  [1m[34mSELECT  "active_storage_blobs".* FROM "active_storage_blobs" WHERE "active_storage_blobs"."id" = $1 LIMIT $2[0m  [["id", 14], ["LIMIT", 1]]
  ↳ app/views/api/users/index.json.jbuilder:4
  [1m[36mActiveStorage::Attachment Load (0.4ms)[0m  [1m[34mSELECT  "active_storage_attachments".* FROM "active_storage_attachments" WHERE "active_storage_attachments"."record_id" = $1 AND "active_storage_attachments"."record_type" = $2 AND "active_storage_attachments"."name" = $3 LIMIT $4[0m  [["record_id", 1], ["record_type", "User"], ["name", "profile_picture"], ["LIMIT", 1]]
  ↳ app/views/api/users/index.json.jbuilder:4
  [1m[36mActiveStorage::Blob Load (0.3ms)[0m  [1m[34mSELECT  "active_storage_blobs".* FROM "active_storage_blobs" WHERE "active_storage_blobs"."id" = $1 LIMIT $2[0m  [["id", 1], ["LIMIT", 1]]
  ↳ app/views/api/users/index.json.jbuilder:4
  [1m[36mActiveStorage::Attachment Load (0.6ms)[0m  [1m[34mSELECT  "active_storage_attachments".* FROM "active_storage_attachments" WHERE "active_storage_attachments"."record_id" = $1 AND "active_storage_attachments"."record_type" = $2 AND "active_storage_attachments"."name" = $3 LIMIT $4[0m  [["record_id", 3], ["record_type", "User"], ["name", "profile_picture"], ["LIMIT", 1]]
  ↳ app/views/api/users/index.json.jbuilder:4
  [1m[36mActiveStorage::Attachment Load (0.5ms)[0m  [1m[34mSELECT  "active_storage_attachments".* FROM "active_storage_attachments" WHERE "active_storage_attachments"."record_id" = $1 AND "active_storage_attachments"."record_type" = $2 AND "active_storage_attachments"."name" = $3 LIMIT $4[0m  [["record_id", 4], ["record_type", "User"], ["name", "profile_picture"], ["LIMIT", 1]]
  ↳ app/views/api/users/index.json.jbuilder:4
  [1m[36mActiveStorage::Attachment Load (0.6ms)[0m  [1m[34mSELECT  "active_storage_attachments".* FROM "active_storage_attachments" WHERE "active_storage_attachments"."record_id" = $1 AND "active_storage_attachments"."record_type" = $2 AND "active_storage_attachments"."name" = $3 LIMIT $4[0m  [["record_id", 5], ["record_type", "User"], ["name", "profile_picture"], ["LIMIT", 1]]
  ↳ app/views/api/users/index.json.jbuilder:4
  [1m[36mActiveStorage::Attachment Load (0.6ms)[0m  [1m[34mSELECT  "active_storage_attachments".* FROM "active_storage_attachments" WHERE "active_storage_attachments"."record_id" = $1 AND "active_storage_attachments"."record_type" = $2 AND "active_storage_attachments"."name" = $3 LIMIT $4[0m  [["record_id", 20], ["record_type", "User"], ["name", "profile_picture"], ["LIMIT", 1]]
  ↳ app/views/api/users/index.json.jbuilder:4
  [1m[36mActiveStorage::Blob Load (0.5ms)[0m  [1m[34mSELECT  "active_storage_blobs".* FROM "active_storage_blobs" WHERE "active_storage_blobs"."id" = $1 LIMIT $2[0m  [["id", 17], ["LIMIT", 1]]
  ↳ app/views/api/users/index.json.jbuilder:4
  [1m[36mActiveStorage::Attachment Load (0.3ms)[0m  [1m[34mSELECT  "active_storage_attachments".* FROM "active_storage_attachments" WHERE "active_storage_attachments"."record_id" = $1 AND "active_storage_attachments"."record_type" = $2 AND "active_storage_attachments"."name" = $3 LIMIT $4[0m  [["record_id", 6], ["record_type", "User"], ["name", "profile_picture"], ["LIMIT", 1]]
  ↳ app/views/api/users/index.json.jbuilder:4
  [1m[36mActiveStorage::Attachment Load (0.2ms)[0m  [1m[34mSELECT  "active_storage_attachments".* FROM "active_storage_attachments" WHERE "active_storage_attachments"."record_id" = $1 AND "active_storage_attachments"."record_type" = $2 AND "active_storage_attachments"."name" = $3 LIMIT $4[0m  [["record_id", 33], ["record_type", "User"], ["name", "profile_picture"], ["LIMIT", 1]]
  ↳ app/views/api/users/index.json.jbuilder:4
  [1m[36mActiveStorage::Blob Load (0.4ms)[0m  [1m[34mSELECT  "active_storage_blobs".* FROM "active_storage_blobs" WHERE "active_storage_blobs"."id" = $1 LIMIT $2[0m  [["id", 39], ["LIMIT", 1]]
  ↳ app/views/api/users/index.json.jbuilder:4
  [1m[36mActiveStorage::Attachment Load (0.6ms)[0m  [1m[34mSELECT  "active_storage_attachments".* FROM "active_storage_attachments" WHERE "active_storage_attachments"."record_id" = $1 AND "active_storage_attachments"."record_type" = $2 AND "active_storage_attachments"."name" = $3 LIMIT $4[0m  [["record_id", 7], ["record_type", "User"], ["name", "profile_picture"], ["LIMIT", 1]]
  ↳ app/views/api/users/index.json.jbuilder:4
  [1m[36mActiveStorage::Attachment Load (0.3ms)[0m  [1m[34mSELECT  "active_storage_attachments".* FROM "active_storage_attachments" WHERE "active_storage_attachments"."record_id" = $1 AND "active_storage_attachments"."record_type" = $2 AND "active_storage_attachments"."name" = $3 LIMIT $4[0m  [["record_id", 21], ["record_type", "User"], ["name", "profile_picture"], ["LIMIT", 1]]
  ↳ app/views/api/users/index.json.jbuilder:4
  [1m[36mActiveStorage::Blob Load (0.4ms)[0m  [1m[34mSELECT  "active_storage_blobs".* FROM "active_storage_blobs" WHERE "active_storage_blobs"."id" = $1 LIMIT $2[0m  [["id", 18], ["LIMIT", 1]]
  ↳ app/views/api/users/index.json.jbuilder:4
  [1m[36mActiveStorage::Attachment Load (0.3ms)[0m  [1m[34mSELECT  "active_storage_attachments".* FROM "active_storage_attachments" WHERE "active_storage_attachments"."record_id" = $1 AND "active_storage_attachments"."record_type" = $2 AND "active_storage_attachments"."name" = $3 LIMIT $4[0m  [["record_id", 22], ["record_type", "User"], ["name", "profile_picture"], ["LIMIT", 1]]
  ↳ app/views/api/users/index.json.jbuilder:4
  [1m[36mActiveStorage::Blob Load (0.4ms)[0m  [1m[34mSELECT  "active_storage_blobs".* FROM "active_storage_blobs" WHERE "active_storage_blobs"."id" = $1 LIMIT $2[0m  [["id", 19], ["LIMIT", 1]]
  ↳ app/views/api/users/index.json.jbuilder:4
  [1m[36mActiveStorage::Attachment Load (0.2ms)[0m  [1m[34mSELECT  "active_storage_attachments".* FROM "active_storage_attachments" WHERE "active_storage_attachments"."record_id" = $1 AND "active_storage_attachments"."record_type" = $2 AND "active_storage_attachments"."name" = $3 LIMIT $4[0m  [["record_id", 27], ["record_type", "User"], ["name", "profile_picture"], ["LIMIT", 1]]
  ↳ app/views/api/users/index.json.jbuilder:4
  [1m[36mActiveStorage::Blob Load (0.2ms)[0m  [1m[34mSELECT  "active_storage_blobs".* FROM "active_storage_blobs" WHERE "active_storage_blobs"."id" = $1 LIMIT $2[0m  [["id", 30], ["LIMIT", 1]]
  ↳ app/views/api/users/index.json.jbuilder:4
  [1m[36mActiveStorage::Attachment Load (0.2ms)[0m  [1m[34mSELECT  "active_storage_attachments".* FROM "active_storage_attachments" WHERE "active_storage_attachments"."record_id" = $1 AND "active_storage_attachments"."record_type" = $2 AND "active_storage_attachments"."name" = $3 LIMIT $4[0m  [["record_id", 28], ["record_type", "User"], ["name", "profile_picture"], ["LIMIT", 1]]
  ↳ app/views/api/users/index.json.jbuilder:4
  [1m[36mActiveStorage::Blob Load (0.3ms)[0m  [1m[34mSELECT  "active_storage_blobs".* FROM "active_storage_blobs" WHERE "active_storage_blobs"."id" = $1 LIMIT $2[0m  [["id", 31], ["LIMIT", 1]]
  ↳ app/views/api/users/index.json.jbuilder:4
  [1m[36mActiveStorage::Attachment Load (0.3ms)[0m  [1m[34mSELECT  "active_storage_attachments".* FROM "active_storage_attachments" WHERE "active_storage_attachments"."record_id" = $1 AND "active_storage_attachments"."record_type" = $2 AND "active_storage_attachments"."name" = $3 LIMIT $4[0m  [["record_id", 26], ["record_type", "User"], ["name", "profile_picture"], ["LIMIT", 1]]
  ↳ app/views/api/users/index.json.jbuilder:4
  [1m[36mActiveStorage::Blob Load (0.3ms)[0m  [1m[34mSELECT  "active_storage_blobs".* FROM "active_storage_blobs" WHERE "active_storage_blobs"."id" = $1 LIMIT $2[0m  [["id", 25], ["LIMIT", 1]]
  ↳ app/views/api/users/index.json.jbuilder:4
  [1m[36mActiveStorage::Attachment Load (0.3ms)[0m  [1m[34mSELECT  "active_storage_attachments".* FROM "active_storage_attachments" WHERE "active_storage_attachments"."record_id" = $1 AND "active_storage_attachments"."record_type" = $2 AND "active_storage_attachments"."name" = $3 LIMIT $4[0m  [["record_id", 25], ["record_type", "User"], ["name", "profile_picture"], ["LIMIT", 1]]
  ↳ app/views/api/users/index.json.jbuilder:4
  [1m[36mActiveStorage::Blob Load (0.4ms)[0m  [1m[34mSELECT  "active_storage_blobs".* FROM "active_storage_blobs" WHERE "active_storage_blobs"."id" = $1 LIMIT $2[0m  [["id", 23], ["LIMIT", 1]]
  ↳ app/views/api/users/index.json.jbuilder:4
  [1m[36mActiveStorage::Attachment Load (0.4ms)[0m  [1m[34mSELECT  "active_storage_attachments".* FROM "active_storage_attachments" WHERE "active_storage_attachments"."record_id" = $1 AND "active_storage_attachments"."record_type" = $2 AND "active_storage_attachments"."name" = $3 LIMIT $4[0m  [["record_id", 14], ["record_type", "User"], ["name", "profile_picture"], ["LIMIT", 1]]
  ↳ app/views/api/users/index.json.jbuilder:4
  [1m[36mActiveStorage::Blob Load (0.3ms)[0m  [1m[34mSELECT  "active_storage_blobs".* FROM "active_storage_blobs" WHERE "active_storage_blobs"."id" = $1 LIMIT $2[0m  [["id", 6], ["LIMIT", 1]]
  ↳ app/views/api/users/index.json.jbuilder:4
  [1m[36mActiveStorage::Attachment Load (0.3ms)[0m  [1m[34mSELECT  "active_storage_attachments".* FROM "active_storage_attachments" WHERE "active_storage_attachments"."record_id" = $1 AND "active_storage_attachments"."record_type" = $2 AND "active_storage_attachments"."name" = $3 LIMIT $4[0m  [["record_id", 15], ["record_type", "User"], ["name", "profile_picture"], ["LIMIT", 1]]
  ↳ app/views/api/users/index.json.jbuilder:4
  [1m[36mActiveStorage::Blob Load (1.1ms)[0m  [1m[34mSELECT  "active_storage_blobs".* FROM "active_storage_blobs" WHERE "active_storage_blobs"."id" = $1 LIMIT $2[0m  [["id", 7], ["LIMIT", 1]]
  ↳ app/views/api/users/index.json.jbuilder:4
  [1m[36mActiveStorage::Attachment Load (0.4ms)[0m  [1m[34mSELECT  "active_storage_attachments".* FROM "active_storage_attachments" WHERE "active_storage_attachments"."record_id" = $1 AND "active_storage_attachments"."record_type" = $2 AND "active_storage_attachments"."name" = $3 LIMIT $4[0m  [["record_id", 17], ["record_type", "User"], ["name", "profile_picture"], ["LIMIT", 1]]
  ↳ app/views/api/users/index.json.jbuilder:4
  [1m[36mActiveStorage::Blob Load (0.3ms)[0m  [1m[34mSELECT  "active_storage_blobs".* FROM "active_storage_blobs" WHERE "active_storage_blobs"."id" = $1 LIMIT $2[0m  [["id", 13], ["LIMIT", 1]]
  ↳ app/views/api/users/index.json.jbuilder:4
  [1m[36mActiveStorage::Attachment Load (0.5ms)[0m  [1m[34mSELECT  "active_storage_attachments".* FROM "active_storage_attachments" WHERE "active_storage_attachments"."record_id" = $1 AND "active_storage_attachments"."record_type" = $2 AND "active_storage_attachments"."name" = $3 LIMIT $4[0m  [["record_id", 16], ["record_type", "User"], ["name", "profile_picture"], ["LIMIT", 1]]
  ↳ app/views/api/users/index.json.jbuilder:4
Started GET "/api/rooms" for ::1 at 2022-02-17 14:11:28 -0800
  [1m[36mActiveStorage::Blob Load (0.7ms)[0m  [1m[34mSELECT  "active_storage_blobs".* FROM "active_storage_blobs" WHERE "active_storage_blobs"."id" = $1 LIMIT $2[0m  [["id", 8], ["LIMIT", 1]]
  ↳ app/views/api/users/index.json.jbuilder:4
Processing by Api::RoomsController#index as JSON
  [1m[36mActiveStorage::Attachment Load (10.0ms)[0m  [1m[34mSELECT  "active_storage_attachments".* FROM "active_storage_attachments" WHERE "active_storage_attachments"."record_id" = $1 AND "active_storage_attachments"."record_type" = $2 AND "active_storage_attachments"."name" = $3 LIMIT $4[0m  [["record_id", 19], ["record_type", "User"], ["name", "profile_picture"], ["LIMIT", 1]]
  ↳ app/views/api/users/index.json.jbuilder:4
  [1m[36mActiveStorage::Blob Load (7.5ms)[0m  [1m[34mSELECT  "active_storage_blobs".* FROM "active_storage_blobs" WHERE "active_storage_blobs"."id" = $1 LIMIT $2[0m  [["id", 16], ["LIMIT", 1]]
  ↳ app/views/api/users/index.json.jbuilder:4
  Rendering api/rooms/index.json.jbuilder
  [1m[36mActiveStorage::Attachment Load (1.2ms)[0m  [1m[34mSELECT  "active_storage_attachments".* FROM "active_storage_attachments" WHERE "active_storage_attachments"."record_id" = $1 AND "active_storage_attachments"."record_type" = $2 AND "active_storage_attachments"."name" = $3 LIMIT $4[0m  [["record_id", 29], ["record_type", "User"], ["name", "profile_picture"], ["LIMIT", 1]]
  ↳ app/views/api/users/index.json.jbuilder:4
  [1m[36mRooms Load (2.0ms)[0m  [1m[34mSELECT "rooms".* FROM "rooms"[0m
  [1m[36mActiveStorage::Blob Load (0.9ms)[0m  [1m[34mSELECT  "active_storage_blobs".* FROM "active_storage_blobs" WHERE "active_storage_blobs"."id" = $1 LIMIT $2[0m  [["id", 33], ["LIMIT", 1]]
  ↳ app/views/api/users/index.json.jbuilder:4
  ↳ app/views/api/rooms/index.json.jbuilder:1
  [1m[36mActiveStorage::Attachment Load (0.4ms)[0m  [1m[34mSELECT  "active_storage_attachments".* FROM "active_storage_attachments" WHERE "active_storage_attachments"."record_id" = $1 AND "active_storage_attachments"."record_type" = $2 AND "active_storage_attachments"."name" = $3 LIMIT $4[0m  [["record_id", 32], ["record_type", "User"], ["name", "profile_picture"], ["LIMIT", 1]]
  ↳ app/views/api/users/index.json.jbuilder:4
  [1m[36mActiveStorage::Blob Load (0.9ms)[0m  [1m[34mSELECT  "active_storage_blobs".* FROM "active_storage_blobs" WHERE "active_storage_blobs"."id" = $1 LIMIT $2[0m  [["id", 38], ["LIMIT", 1]]
  ↳ app/views/api/users/index.json.jbuilder:4
  Rendered api/rooms/index.json.jbuilder (31.3ms)
Completed 200 OK in 57ms (Views: 39.0ms | ActiveRecord: 11.4ms)


  [1m[36mActiveStorage::Attachment Load (12.1ms)[0m  [1m[34mSELECT  "active_storage_attachments".* FROM "active_storage_attachments" WHERE "active_storage_attachments"."record_id" = $1 AND "active_storage_attachments"."record_type" = $2 AND "active_storage_attachments"."name" = $3 LIMIT $4[0m  [["record_id", 30], ["record_type", "User"], ["name", "profile_picture"], ["LIMIT", 1]]
  ↳ app/views/api/users/index.json.jbuilder:4
  [1m[36mActiveStorage::Blob Load (0.8ms)[0m  [1m[34mSELECT  "active_storage_blobs".* FROM "active_storage_blobs" WHERE "active_storage_blobs"."id" = $1 LIMIT $2[0m  [["id", 35], ["LIMIT", 1]]
  ↳ app/views/api/users/index.json.jbuilder:4
  [1m[36mActiveStorage::Attachment Load (0.5ms)[0m  [1m[34mSELECT  "active_storage_attachments".* FROM "active_storage_attachments" WHERE "active_storage_attachments"."record_id" = $1 AND "active_storage_attachments"."record_type" = $2 AND "active_storage_attachments"."name" = $3 LIMIT $4[0m  [["record_id", 24], ["record_type", "User"], ["name", "profile_picture"], ["LIMIT", 1]]
  ↳ app/views/api/users/index.json.jbuilder:4
  [1m[36mActiveStorage::Blob Load (0.3ms)[0m  [1m[34mSELECT  "active_storage_blobs".* FROM "active_storage_blobs" WHERE "active_storage_blobs"."id" = $1 LIMIT $2[0m  [["id", 21], ["LIMIT", 1]]
  ↳ app/views/api/users/index.json.jbuilder:4
  [1m[36mActiveStorage::Attachment Load (0.5ms)[0m  [1m[34mSELECT  "active_storage_attachments".* FROM "active_storage_attachments" WHERE "active_storage_attachments"."record_id" = $1 AND "active_storage_attachments"."record_type" = $2 AND "active_storage_attachments"."name" = $3 LIMIT $4[0m  [["record_id", 23], ["record_type", "User"], ["name", "profile_picture"], ["LIMIT", 1]]
  ↳ app/views/api/users/index.json.jbuilder:4
  [1m[36mActiveStorage::Blob Load (0.4ms)[0m  [1m[34mSELECT  "active_storage_blobs".* FROM "active_storage_blobs" WHERE "active_storage_blobs"."id" = $1 LIMIT $2[0m  [["id", 20], ["LIMIT", 1]]
  ↳ app/views/api/users/index.json.jbuilder:4
  [1m[36mActiveStorage::Attachment Load (0.3ms)[0m  [1m[34mSELECT  "active_storage_attachments".* FROM "active_storage_attachments" WHERE "active_storage_attachments"."record_id" = $1 AND "active_storage_attachments"."record_type" = $2 AND "active_storage_attachments"."name" = $3 LIMIT $4[0m  [["record_id", 9], ["record_type", "User"], ["name", "profile_picture"], ["LIMIT", 1]]
  ↳ app/views/api/users/index.json.jbuilder:4
  [1m[36mActiveStorage::Attachment Load (0.3ms)[0m  [1m[34mSELECT  "active_storage_attachments".* FROM "active_storage_attachments" WHERE "active_storage_attachments"."record_id" = $1 AND "active_storage_attachments"."record_type" = $2 AND "active_storage_attachments"."name" = $3 LIMIT $4[0m  [["record_id", 34], ["record_type", "User"], ["name", "profile_picture"], ["LIMIT", 1]]
  ↳ app/views/api/users/index.json.jbuilder:4
  [1m[36mActiveStorage::Blob Load (0.3ms)[0m  [1m[34mSELECT  "active_storage_blobs".* FROM "active_storage_blobs" WHERE "active_storage_blobs"."id" = $1 LIMIT $2[0m  [["id", 40], ["LIMIT", 1]]
  ↳ app/views/api/users/index.json.jbuilder:4
  [1m[36mActiveStorage::Attachment Load (0.4ms)[0m  [1m[34mSELECT  "active_storage_attachments".* FROM "active_storage_attachments" WHERE "active_storage_attachments"."record_id" = $1 AND "active_storage_attachments"."record_type" = $2 AND "active_storage_attachments"."name" = $3 LIMIT $4[0m  [["record_id", 35], ["record_type", "User"], ["name", "profile_picture"], ["LIMIT", 1]]
  ↳ app/views/api/users/index.json.jbuilder:4
  [1m[36mActiveStorage::Blob Load (0.4ms)[0m  [1m[34mSELECT  "active_storage_blobs".* FROM "active_storage_blobs" WHERE "active_storage_blobs"."id" = $1 LIMIT $2[0m  [["id", 41], ["LIMIT", 1]]
  ↳ app/views/api/users/index.json.jbuilder:4
  [1m[36mActiveStorage::Attachment Load (0.3ms)[0m  [1m[34mSELECT  "active_storage_attachments".* FROM "active_storage_attachments" WHERE "active_storage_attachments"."record_id" = $1 AND "active_storage_attachments"."record_type" = $2 AND "active_storage_attachments"."name" = $3 LIMIT $4[0m  [["record_id", 11], ["record_type", "User"], ["name", "profile_picture"], ["LIMIT", 1]]
  ↳ app/views/api/users/index.json.jbuilder:4
  [1m[36mActiveStorage::Attachment Load (0.5ms)[0m  [1m[34mSELECT  "active_storage_attachments".* FROM "active_storage_attachments" WHERE "active_storage_attachments"."record_id" = $1 AND "active_storage_attachments"."record_type" = $2 AND "active_storage_attachments"."name" = $3 LIMIT $4[0m  [["record_id", 8], ["record_type", "User"], ["name", "profile_picture"], ["LIMIT", 1]]
  ↳ app/views/api/users/index.json.jbuilder:4
  [1m[36mActiveStorage::Blob Load (0.3ms)[0m  [1m[34mSELECT  "active_storage_blobs".* FROM "active_storage_blobs" WHERE "active_storage_blobs"."id" = $1 LIMIT $2[0m  [["id", 28], ["LIMIT", 1]]
  ↳ app/views/api/users/index.json.jbuilder:4
  [1m[36mActiveStorage::Attachment Load (0.3ms)[0m  [1m[34mSELECT  "active_storage_attachments".* FROM "active_storage_attachments" WHERE "active_storage_attachments"."record_id" = $1 AND "active_storage_attachments"."record_type" = $2 AND "active_storage_attachments"."name" = $3 LIMIT $4[0m  [["record_id", 12], ["record_type", "User"], ["name", "profile_picture"], ["LIMIT", 1]]
  ↳ app/views/api/users/index.json.jbuilder:4
  [1m[36mActiveStorage::Attachment Load (0.3ms)[0m  [1m[34mSELECT  "active_storage_attachments".* FROM "active_storage_attachments" WHERE "active_storage_attachments"."record_id" = $1 AND "active_storage_attachments"."record_type" = $2 AND "active_storage_attachments"."name" = $3 LIMIT $4[0m  [["record_id", 10], ["record_type", "User"], ["name", "profile_picture"], ["LIMIT", 1]]
  ↳ app/views/api/users/index.json.jbuilder:4
  [1m[36mActiveStorage::Attachment Load (0.4ms)[0m  [1m[34mSELECT  "active_storage_attachments".* FROM "active_storage_attachments" WHERE "active_storage_attachments"."record_id" = $1 AND "active_storage_attachments"."record_type" = $2 AND "active_storage_attachments"."name" = $3 LIMIT $4[0m  [["record_id", 2], ["record_type", "User"], ["name", "profile_picture"], ["LIMIT", 1]]
  ↳ app/views/api/users/index.json.jbuilder:4
  [1m[36mActiveStorage::Blob Load (0.2ms)[0m  [1m[34mSELECT  "active_storage_blobs".* FROM "active_storage_blobs" WHERE "active_storage_blobs"."id" = $1 LIMIT $2[0m  [["id", 3], ["LIMIT", 1]]
  ↳ app/views/api/users/index.json.jbuilder:4
  [1m[36mActiveStorage::Attachment Load (0.3ms)[0m  [1m[34mSELECT  "active_storage_attachments".* FROM "active_storage_attachments" WHERE "active_storage_attachments"."record_id" = $1 AND "active_storage_attachments"."record_type" = $2 AND "active_storage_attachments"."name" = $3 LIMIT $4[0m  [["record_id", 13], ["record_type", "User"], ["name", "profile_picture"], ["LIMIT", 1]]
  ↳ app/views/api/users/index.json.jbuilder:4
  [1m[36mActiveStorage::Blob Load (0.3ms)[0m  [1m[34mSELECT  "active_storage_blobs".* FROM "active_storage_blobs" WHERE "active_storage_blobs"."id" = $1 LIMIT $2[0m  [["id", 5], ["LIMIT", 1]]
  ↳ app/views/api/users/index.json.jbuilder:4
  [1m[36mActiveStorage::Attachment Load (0.3ms)[0m  [1m[34mSELECT  "active_storage_attachments".* FROM "active_storage_attachments" WHERE "active_storage_attachments"."record_id" = $1 AND "active_storage_attachments"."record_type" = $2 AND "active_storage_attachments"."name" = $3 LIMIT $4[0m  [["record_id", 31], ["record_type", "User"], ["name", "profile_picture"], ["LIMIT", 1]]
  ↳ app/views/api/users/index.json.jbuilder:4
  [1m[36mActiveStorage::Blob Load (0.2ms)[0m  [1m[34mSELECT  "active_storage_blobs".* FROM "active_storage_blobs" WHERE "active_storage_blobs"."id" = $1 LIMIT $2[0m  [["id", 37], ["LIMIT", 1]]
  ↳ app/views/api/users/index.json.jbuilder:4
  Rendered api/users/index.json.jbuilder (521.9ms)
Completed 200 OK in 561ms (Views: 401.1ms | ActiveRecord: 148.3ms)


Started GET "/api/users" for ::1 at 2022-02-17 14:11:28 -0800
Processing by Api::UsersController#index as JSON
  Rendering api/users/index.json.jbuilder
  [1m[36mUser Load (0.6ms)[0m  [1m[34mSELECT "users".* FROM "users"[0m
  ↳ app/views/api/users/index.json.jbuilder:1
  [1m[36mActiveStorage::Attachment Load (0.3ms)[0m  [1m[34mSELECT  "active_storage_attachments".* FROM "active_storage_attachments" WHERE "active_storage_attachments"."record_id" = $1 AND "active_storage_attachments"."record_type" = $2 AND "active_storage_attachments"."name" = $3 LIMIT $4[0m  [["record_id", 18], ["record_type", "User"], ["name", "profile_picture"], ["LIMIT", 1]]
  ↳ app/views/api/users/index.json.jbuilder:4
  [1m[36mActiveStorage::Blob Load (0.3ms)[0m  [1m[34mSELECT  "active_storage_blobs".* FROM "active_storage_blobs" WHERE "active_storage_blobs"."id" = $1 LIMIT $2[0m  [["id", 14], ["LIMIT", 1]]
  ↳ app/views/api/users/index.json.jbuilder:4
  [1m[36mActiveStorage::Attachment Load (0.3ms)[0m  [1m[34mSELECT  "active_storage_attachments".* FROM "active_storage_attachments" WHERE "active_storage_attachments"."record_id" = $1 AND "active_storage_attachments"."record_type" = $2 AND "active_storage_attachments"."name" = $3 LIMIT $4[0m  [["record_id", 1], ["record_type", "User"], ["name", "profile_picture"], ["LIMIT", 1]]
  ↳ app/views/api/users/index.json.jbuilder:4
  [1m[36mActiveStorage::Blob Load (0.4ms)[0m  [1m[34mSELECT  "active_storage_blobs".* FROM "active_storage_blobs" WHERE "active_storage_blobs"."id" = $1 LIMIT $2[0m  [["id", 1], ["LIMIT", 1]]
  ↳ app/views/api/users/index.json.jbuilder:4
  [1m[36mActiveStorage::Attachment Load (0.4ms)[0m  [1m[34mSELECT  "active_storage_attachments".* FROM "active_storage_attachments" WHERE "active_storage_attachments"."record_id" = $1 AND "active_storage_attachments"."record_type" = $2 AND "active_storage_attachments"."name" = $3 LIMIT $4[0m  [["record_id", 3], ["record_type", "User"], ["name", "profile_picture"], ["LIMIT", 1]]
  ↳ app/views/api/users/index.json.jbuilder:4
  [1m[36mActiveStorage::Attachment Load (0.6ms)[0m  [1m[34mSELECT  "active_storage_attachments".* FROM "active_storage_attachments" WHERE "active_storage_attachments"."record_id" = $1 AND "active_storage_attachments"."record_type" = $2 AND "active_storage_attachments"."name" = $3 LIMIT $4[0m  [["record_id", 4], ["record_type", "User"], ["name", "profile_picture"], ["LIMIT", 1]]
  ↳ app/views/api/users/index.json.jbuilder:4
  [1m[36mActiveStorage::Attachment Load (0.3ms)[0m  [1m[34mSELECT  "active_storage_attachments".* FROM "active_storage_attachments" WHERE "active_storage_attachments"."record_id" = $1 AND "active_storage_attachments"."record_type" = $2 AND "active_storage_attachments"."name" = $3 LIMIT $4[0m  [["record_id", 5], ["record_type", "User"], ["name", "profile_picture"], ["LIMIT", 1]]
  ↳ app/views/api/users/index.json.jbuilder:4
  [1m[36mActiveStorage::Attachment Load (0.3ms)[0m  [1m[34mSELECT  "active_storage_attachments".* FROM "active_storage_attachments" WHERE "active_storage_attachments"."record_id" = $1 AND "active_storage_attachments"."record_type" = $2 AND "active_storage_attachments"."name" = $3 LIMIT $4[0m  [["record_id", 20], ["record_type", "User"], ["name", "profile_picture"], ["LIMIT", 1]]
  ↳ app/views/api/users/index.json.jbuilder:4
  [1m[36mActiveStorage::Blob Load (0.3ms)[0m  [1m[34mSELECT  "active_storage_blobs".* FROM "active_storage_blobs" WHERE "active_storage_blobs"."id" = $1 LIMIT $2[0m  [["id", 17], ["LIMIT", 1]]
  ↳ app/views/api/users/index.json.jbuilder:4
  [1m[36mActiveStorage::Attachment Load (0.3ms)[0m  [1m[34mSELECT  "active_storage_attachments".* FROM "active_storage_attachments" WHERE "active_storage_attachments"."record_id" = $1 AND "active_storage_attachments"."record_type" = $2 AND "active_storage_attachments"."name" = $3 LIMIT $4[0m  [["record_id", 6], ["record_type", "User"], ["name", "profile_picture"], ["LIMIT", 1]]
  ↳ app/views/api/users/index.json.jbuilder:4
  [1m[36mActiveStorage::Attachment Load (0.3ms)[0m  [1m[34mSELECT  "active_storage_attachments".* FROM "active_storage_attachments" WHERE "active_storage_attachments"."record_id" = $1 AND "active_storage_attachments"."record_type" = $2 AND "active_storage_attachments"."name" = $3 LIMIT $4[0m  [["record_id", 33], ["record_type", "User"], ["name", "profile_picture"], ["LIMIT", 1]]
  ↳ app/views/api/users/index.json.jbuilder:4
  [1m[36mActiveStorage::Blob Load (0.3ms)[0m  [1m[34mSELECT  "active_storage_blobs".* FROM "active_storage_blobs" WHERE "active_storage_blobs"."id" = $1 LIMIT $2[0m  [["id", 39], ["LIMIT", 1]]
  ↳ app/views/api/users/index.json.jbuilder:4
  [1m[36mActiveStorage::Attachment Load (0.2ms)[0m  [1m[34mSELECT  "active_storage_attachments".* FROM "active_storage_attachments" WHERE "active_storage_attachments"."record_id" = $1 AND "active_storage_attachments"."record_type" = $2 AND "active_storage_attachments"."name" = $3 LIMIT $4[0m  [["record_id", 7], ["record_type", "User"], ["name", "profile_picture"], ["LIMIT", 1]]
  ↳ app/views/api/users/index.json.jbuilder:4
  [1m[36mActiveStorage::Attachment Load (0.3ms)[0m  [1m[34mSELECT  "active_storage_attachments".* FROM "active_storage_attachments" WHERE "active_storage_attachments"."record_id" = $1 AND "active_storage_attachments"."record_type" = $2 AND "active_storage_attachments"."name" = $3 LIMIT $4[0m  [["record_id", 21], ["record_type", "User"], ["name", "profile_picture"], ["LIMIT", 1]]
  ↳ app/views/api/users/index.json.jbuilder:4
  [1m[36mActiveStorage::Blob Load (0.3ms)[0m  [1m[34mSELECT  "active_storage_blobs".* FROM "active_storage_blobs" WHERE "active_storage_blobs"."id" = $1 LIMIT $2[0m  [["id", 18], ["LIMIT", 1]]
  ↳ app/views/api/users/index.json.jbuilder:4
  [1m[36mActiveStorage::Attachment Load (0.3ms)[0m  [1m[34mSELECT  "active_storage_attachments".* FROM "active_storage_attachments" WHERE "active_storage_attachments"."record_id" = $1 AND "active_storage_attachments"."record_type" = $2 AND "active_storage_attachments"."name" = $3 LIMIT $4[0m  [["record_id", 22], ["record_type", "User"], ["name", "profile_picture"], ["LIMIT", 1]]
  ↳ app/views/api/users/index.json.jbuilder:4
  [1m[36mActiveStorage::Blob Load (0.3ms)[0m  [1m[34mSELECT  "active_storage_blobs".* FROM "active_storage_blobs" WHERE "active_storage_blobs"."id" = $1 LIMIT $2[0m  [["id", 19], ["LIMIT", 1]]
  ↳ app/views/api/users/index.json.jbuilder:4
  [1m[36mActiveStorage::Attachment Load (0.4ms)[0m  [1m[34mSELECT  "active_storage_attachments".* FROM "active_storage_attachments" WHERE "active_storage_attachments"."record_id" = $1 AND "active_storage_attachments"."record_type" = $2 AND "active_storage_attachments"."name" = $3 LIMIT $4[0m  [["record_id", 27], ["record_type", "User"], ["name", "profile_picture"], ["LIMIT", 1]]
  ↳ app/views/api/users/index.json.jbuilder:4
  [1m[36mActiveStorage::Blob Load (0.3ms)[0m  [1m[34mSELECT  "active_storage_blobs".* FROM "active_storage_blobs" WHERE "active_storage_blobs"."id" = $1 LIMIT $2[0m  [["id", 30], ["LIMIT", 1]]
  ↳ app/views/api/users/index.json.jbuilder:4
  [1m[36mActiveStorage::Attachment Load (0.3ms)[0m  [1m[34mSELECT  "active_storage_attachments".* FROM "active_storage_attachments" WHERE "active_storage_attachments"."record_id" = $1 AND "active_storage_attachments"."record_type" = $2 AND "active_storage_attachments"."name" = $3 LIMIT $4[0m  [["record_id", 28], ["record_type", "User"], ["name", "profile_picture"], ["LIMIT", 1]]
  ↳ app/views/api/users/index.json.jbuilder:4
  [1m[36mActiveStorage::Blob Load (0.2ms)[0m  [1m[34mSELECT  "active_storage_blobs".* FROM "active_storage_blobs" WHERE "active_storage_blobs"."id" = $1 LIMIT $2[0m  [["id", 31], ["LIMIT", 1]]
  ↳ app/views/api/users/index.json.jbuilder:4
  [1m[36mActiveStorage::Attachment Load (0.4ms)[0m  [1m[34mSELECT  "active_storage_attachments".* FROM "active_storage_attachments" WHERE "active_storage_attachments"."record_id" = $1 AND "active_storage_attachments"."record_type" = $2 AND "active_storage_attachments"."name" = $3 LIMIT $4[0m  [["record_id", 26], ["record_type", "User"], ["name", "profile_picture"], ["LIMIT", 1]]
  ↳ app/views/api/users/index.json.jbuilder:4
  [1m[36mActiveStorage::Blob Load (0.3ms)[0m  [1m[34mSELECT  "active_storage_blobs".* FROM "active_storage_blobs" WHERE "active_storage_blobs"."id" = $1 LIMIT $2[0m  [["id", 25], ["LIMIT", 1]]
  ↳ app/views/api/users/index.json.jbuilder:4
  [1m[36mActiveStorage::Attachment Load (0.3ms)[0m  [1m[34mSELECT  "active_storage_attachments".* FROM "active_storage_attachments" WHERE "active_storage_attachments"."record_id" = $1 AND "active_storage_attachments"."record_type" = $2 AND "active_storage_attachments"."name" = $3 LIMIT $4[0m  [["record_id", 25], ["record_type", "User"], ["name", "profile_picture"], ["LIMIT", 1]]
  ↳ app/views/api/users/index.json.jbuilder:4
  [1m[36mActiveStorage::Blob Load (0.3ms)[0m  [1m[34mSELECT  "active_storage_blobs".* FROM "active_storage_blobs" WHERE "active_storage_blobs"."id" = $1 LIMIT $2[0m  [["id", 23], ["LIMIT", 1]]
  ↳ app/views/api/users/index.json.jbuilder:4
  [1m[36mActiveStorage::Attachment Load (0.4ms)[0m  [1m[34mSELECT  "active_storage_attachments".* FROM "active_storage_attachments" WHERE "active_storage_attachments"."record_id" = $1 AND "active_storage_attachments"."record_type" = $2 AND "active_storage_attachments"."name" = $3 LIMIT $4[0m  [["record_id", 14], ["record_type", "User"], ["name", "profile_picture"], ["LIMIT", 1]]
  ↳ app/views/api/users/index.json.jbuilder:4
  [1m[36mActiveStorage::Blob Load (0.3ms)[0m  [1m[34mSELECT  "active_storage_blobs".* FROM "active_storage_blobs" WHERE "active_storage_blobs"."id" = $1 LIMIT $2[0m  [["id", 6], ["LIMIT", 1]]
  ↳ app/views/api/users/index.json.jbuilder:4
  [1m[36mActiveStorage::Attachment Load (0.3ms)[0m  [1m[34mSELECT  "active_storage_attachments".* FROM "active_storage_attachments" WHERE "active_storage_attachments"."record_id" = $1 AND "active_storage_attachments"."record_type" = $2 AND "active_storage_attachments"."name" = $3 LIMIT $4[0m  [["record_id", 15], ["record_type", "User"], ["name", "profile_picture"], ["LIMIT", 1]]
  ↳ app/views/api/users/index.json.jbuilder:4
  [1m[36mActiveStorage::Blob Load (0.4ms)[0m  [1m[34mSELECT  "active_storage_blobs".* FROM "active_storage_blobs" WHERE "active_storage_blobs"."id" = $1 LIMIT $2[0m  [["id", 7], ["LIMIT", 1]]
  ↳ app/views/api/users/index.json.jbuilder:4
  [1m[36mActiveStorage::Attachment Load (0.3ms)[0m  [1m[34mSELECT  "active_storage_attachments".* FROM "active_storage_attachments" WHERE "active_storage_attachments"."record_id" = $1 AND "active_storage_attachments"."record_type" = $2 AND "active_storage_attachments"."name" = $3 LIMIT $4[0m  [["record_id", 17], ["record_type", "User"], ["name", "profile_picture"], ["LIMIT", 1]]
  ↳ app/views/api/users/index.json.jbuilder:4
  [1m[36mActiveStorage::Blob Load (0.6ms)[0m  [1m[34mSELECT  "active_storage_blobs".* FROM "active_storage_blobs" WHERE "active_storage_blobs"."id" = $1 LIMIT $2[0m  [["id", 13], ["LIMIT", 1]]
  ↳ app/views/api/users/index.json.jbuilder:4
  [1m[36mActiveStorage::Attachment Load (0.4ms)[0m  [1m[34mSELECT  "active_storage_attachments".* FROM "active_storage_attachments" WHERE "active_storage_attachments"."record_id" = $1 AND "active_storage_attachments"."record_type" = $2 AND "active_storage_attachments"."name" = $3 LIMIT $4[0m  [["record_id", 16], ["record_type", "User"], ["name", "profile_picture"], ["LIMIT", 1]]
  ↳ app/views/api/users/index.json.jbuilder:4
  [1m[36mActiveStorage::Blob Load (0.3ms)[0m  [1m[34mSELECT  "active_storage_blobs".* FROM "active_storage_blobs" WHERE "active_storage_blobs"."id" = $1 LIMIT $2[0m  [["id", 8], ["LIMIT", 1]]
  ↳ app/views/api/users/index.json.jbuilder:4
  [1m[36mActiveStorage::Attachment Load (0.4ms)[0m  [1m[34mSELECT  "active_storage_attachments".* FROM "active_storage_attachments" WHERE "active_storage_attachments"."record_id" = $1 AND "active_storage_attachments"."record_type" = $2 AND "active_storage_attachments"."name" = $3 LIMIT $4[0m  [["record_id", 19], ["record_type", "User"], ["name", "profile_picture"], ["LIMIT", 1]]
  ↳ app/views/api/users/index.json.jbuilder:4
  [1m[36mActiveStorage::Blob Load (0.3ms)[0m  [1m[34mSELECT  "active_storage_blobs".* FROM "active_storage_blobs" WHERE "active_storage_blobs"."id" = $1 LIMIT $2[0m  [["id", 16], ["LIMIT", 1]]
  ↳ app/views/api/users/index.json.jbuilder:4
  [1m[36mActiveStorage::Attachment Load (0.5ms)[0m  [1m[34mSELECT  "active_storage_attachments".* FROM "active_storage_attachments" WHERE "active_storage_attachments"."record_id" = $1 AND "active_storage_attachments"."record_type" = $2 AND "active_storage_attachments"."name" = $3 LIMIT $4[0m  [["record_id", 29], ["record_type", "User"], ["name", "profile_picture"], ["LIMIT", 1]]
  ↳ app/views/api/users/index.json.jbuilder:4
  [1m[36mActiveStorage::Blob Load (0.3ms)[0m  [1m[34mSELECT  "active_storage_blobs".* FROM "active_storage_blobs" WHERE "active_storage_blobs"."id" = $1 LIMIT $2[0m  [["id", 33], ["LIMIT", 1]]
  ↳ app/views/api/users/index.json.jbuilder:4
  [1m[36mActiveStorage::Attachment Load (0.4ms)[0m  [1m[34mSELECT  "active_storage_attachments".* FROM "active_storage_attachments" WHERE "active_storage_attachments"."record_id" = $1 AND "active_storage_attachments"."record_type" = $2 AND "active_storage_attachments"."name" = $3 LIMIT $4[0m  [["record_id", 32], ["record_type", "User"], ["name", "profile_picture"], ["LIMIT", 1]]
  ↳ app/views/api/users/index.json.jbuilder:4
  [1m[36mActiveStorage::Blob Load (0.3ms)[0m  [1m[34mSELECT  "active_storage_blobs".* FROM "active_storage_blobs" WHERE "active_storage_blobs"."id" = $1 LIMIT $2[0m  [["id", 38], ["LIMIT", 1]]
  ↳ app/views/api/users/index.json.jbuilder:4
  [1m[36mActiveStorage::Attachment Load (0.5ms)[0m  [1m[34mSELECT  "active_storage_attachments".* FROM "active_storage_attachments" WHERE "active_storage_attachments"."record_id" = $1 AND "active_storage_attachments"."record_type" = $2 AND "active_storage_attachments"."name" = $3 LIMIT $4[0m  [["record_id", 30], ["record_type", "User"], ["name", "profile_picture"], ["LIMIT", 1]]
  ↳ app/views/api/users/index.json.jbuilder:4
  [1m[36mActiveStorage::Blob Load (0.4ms)[0m  [1m[34mSELECT  "active_storage_blobs".* FROM "active_storage_blobs" WHERE "active_storage_blobs"."id" = $1 LIMIT $2[0m  [["id", 35], ["LIMIT", 1]]
  ↳ app/views/api/users/index.json.jbuilder:4
  [1m[36mActiveStorage::Attachment Load (0.4ms)[0m  [1m[34mSELECT  "active_storage_attachments".* FROM "active_storage_attachments" WHERE "active_storage_attachments"."record_id" = $1 AND "active_storage_attachments"."record_type" = $2 AND "active_storage_attachments"."name" = $3 LIMIT $4[0m  [["record_id", 24], ["record_type", "User"], ["name", "profile_picture"], ["LIMIT", 1]]
  ↳ app/views/api/users/index.json.jbuilder:4
  [1m[36mActiveStorage::Blob Load (0.3ms)[0m  [1m[34mSELECT  "active_storage_blobs".* FROM "active_storage_blobs" WHERE "active_storage_blobs"."id" = $1 LIMIT $2[0m  [["id", 21], ["LIMIT", 1]]
  ↳ app/views/api/users/index.json.jbuilder:4
  [1m[36mActiveStorage::Attachment Load (0.3ms)[0m  [1m[34mSELECT  "active_storage_attachments".* FROM "active_storage_attachments" WHERE "active_storage_attachments"."record_id" = $1 AND "active_storage_attachments"."record_type" = $2 AND "active_storage_attachments"."name" = $3 LIMIT $4[0m  [["record_id", 23], ["record_type", "User"], ["name", "profile_picture"], ["LIMIT", 1]]
  ↳ app/views/api/users/index.json.jbuilder:4
  [1m[36mActiveStorage::Blob Load (0.5ms)[0m  [1m[34mSELECT  "active_storage_blobs".* FROM "active_storage_blobs" WHERE "active_storage_blobs"."id" = $1 LIMIT $2[0m  [["id", 20], ["LIMIT", 1]]
  ↳ app/views/api/users/index.json.jbuilder:4
  [1m[36mActiveStorage::Attachment Load (0.4ms)[0m  [1m[34mSELECT  "active_storage_attachments".* FROM "active_storage_attachments" WHERE "active_storage_attachments"."record_id" = $1 AND "active_storage_attachments"."record_type" = $2 AND "active_storage_attachments"."name" = $3 LIMIT $4[0m  [["record_id", 9], ["record_type", "User"], ["name", "profile_picture"], ["LIMIT", 1]]
  ↳ app/views/api/users/index.json.jbuilder:4
  [1m[36mActiveStorage::Attachment Load (0.4ms)[0m  [1m[34mSELECT  "active_storage_attachments".* FROM "active_storage_attachments" WHERE "active_storage_attachments"."record_id" = $1 AND "active_storage_attachments"."record_type" = $2 AND "active_storage_attachments"."name" = $3 LIMIT $4[0m  [["record_id", 34], ["record_type", "User"], ["name", "profile_picture"], ["LIMIT", 1]]
  ↳ app/views/api/users/index.json.jbuilder:4
  [1m[36mActiveStorage::Blob Load (0.3ms)[0m  [1m[34mSELECT  "active_storage_blobs".* FROM "active_storage_blobs" WHERE "active_storage_blobs"."id" = $1 LIMIT $2[0m  [["id", 40], ["LIMIT", 1]]
  ↳ app/views/api/users/index.json.jbuilder:4
  [1m[36mActiveStorage::Attachment Load (0.3ms)[0m  [1m[34mSELECT  "active_storage_attachments".* FROM "active_storage_attachments" WHERE "active_storage_attachments"."record_id" = $1 AND "active_storage_attachments"."record_type" = $2 AND "active_storage_attachments"."name" = $3 LIMIT $4[0m  [["record_id", 35], ["record_type", "User"], ["name", "profile_picture"], ["LIMIT", 1]]
  ↳ app/views/api/users/index.json.jbuilder:4
  [1m[36mActiveStorage::Blob Load (0.6ms)[0m  [1m[34mSELECT  "active_storage_blobs".* FROM "active_storage_blobs" WHERE "active_storage_blobs"."id" = $1 LIMIT $2[0m  [["id", 41], ["LIMIT", 1]]
  ↳ app/views/api/users/index.json.jbuilder:4
  [1m[36mActiveStorage::Attachment Load (0.5ms)[0m  [1m[34mSELECT  "active_storage_attachments".* FROM "active_storage_attachments" WHERE "active_storage_attachments"."record_id" = $1 AND "active_storage_attachments"."record_type" = $2 AND "active_storage_attachments"."name" = $3 LIMIT $4[0m  [["record_id", 11], ["record_type", "User"], ["name", "profile_picture"], ["LIMIT", 1]]
  ↳ app/views/api/users/index.json.jbuilder:4
  [1m[36mActiveStorage::Attachment Load (0.3ms)[0m  [1m[34mSELECT  "active_storage_attachments".* FROM "active_storage_attachments" WHERE "active_storage_attachments"."record_id" = $1 AND "active_storage_attachments"."record_type" = $2 AND "active_storage_attachments"."name" = $3 LIMIT $4[0m  [["record_id", 8], ["record_type", "User"], ["name", "profile_picture"], ["LIMIT", 1]]
  ↳ app/views/api/users/index.json.jbuilder:4
  [1m[36mActiveStorage::Blob Load (0.4ms)[0m  [1m[34mSELECT  "active_storage_blobs".* FROM "active_storage_blobs" WHERE "active_storage_blobs"."id" = $1 LIMIT $2[0m  [["id", 28], ["LIMIT", 1]]
  ↳ app/views/api/users/index.json.jbuilder:4
  [1m[36mActiveStorage::Attachment Load (0.9ms)[0m  [1m[34mSELECT  "active_storage_attachments".* FROM "active_storage_attachments" WHERE "active_storage_attachments"."record_id" = $1 AND "active_storage_attachments"."record_type" = $2 AND "active_storage_attachments"."name" = $3 LIMIT $4[0m  [["record_id", 12], ["record_type", "User"], ["name", "profile_picture"], ["LIMIT", 1]]
  ↳ app/views/api/users/index.json.jbuilder:4
  [1m[36mActiveStorage::Attachment Load (3.8ms)[0m  [1m[34mSELECT  "active_storage_attachments".* FROM "active_storage_attachments" WHERE "active_storage_attachments"."record_id" = $1 AND "active_storage_attachments"."record_type" = $2 AND "active_storage_attachments"."name" = $3 LIMIT $4[0m  [["record_id", 10], ["record_type", "User"], ["name", "profile_picture"], ["LIMIT", 1]]
  ↳ app/views/api/users/index.json.jbuilder:4
  [1m[36mActiveStorage::Attachment Load (0.9ms)[0m  [1m[34mSELECT  "active_storage_attachments".* FROM "active_storage_attachments" WHERE "active_storage_attachments"."record_id" = $1 AND "active_storage_attachments"."record_type" = $2 AND "active_storage_attachments"."name" = $3 LIMIT $4[0m  [["record_id", 2], ["record_type", "User"], ["name", "profile_picture"], ["LIMIT", 1]]
  ↳ app/views/api/users/index.json.jbuilder:4
  [1m[36mActiveStorage::Blob Load (0.3ms)[0m  [1m[34mSELECT  "active_storage_blobs".* FROM "active_storage_blobs" WHERE "active_storage_blobs"."id" = $1 LIMIT $2[0m  [["id", 3], ["LIMIT", 1]]
  ↳ app/views/api/users/index.json.jbuilder:4
  [1m[36mActiveStorage::Attachment Load (0.3ms)[0m  [1m[34mSELECT  "active_storage_attachments".* FROM "active_storage_attachments" WHERE "active_storage_attachments"."record_id" = $1 AND "active_storage_attachments"."record_type" = $2 AND "active_storage_attachments"."name" = $3 LIMIT $4[0m  [["record_id", 13], ["record_type", "User"], ["name", "profile_picture"], ["LIMIT", 1]]
  ↳ app/views/api/users/index.json.jbuilder:4
  [1m[36mActiveStorage::Blob Load (0.4ms)[0m  [1m[34mSELECT  "active_storage_blobs".* FROM "active_storage_blobs" WHERE "active_storage_blobs"."id" = $1 LIMIT $2[0m  [["id", 5], ["LIMIT", 1]]
  ↳ app/views/api/users/index.json.jbuilder:4
  [1m[36mActiveStorage::Attachment Load (0.4ms)[0m  [1m[34mSELECT  "active_storage_attachments".* FROM "active_storage_attachments" WHERE "active_storage_attachments"."record_id" = $1 AND "active_storage_attachments"."record_type" = $2 AND "active_storage_attachments"."name" = $3 LIMIT $4[0m  [["record_id", 31], ["record_type", "User"], ["name", "profile_picture"], ["LIMIT", 1]]
  ↳ app/views/api/users/index.json.jbuilder:4
  [1m[36mActiveStorage::Blob Load (0.3ms)[0m  [1m[34mSELECT  "active_storage_blobs".* FROM "active_storage_blobs" WHERE "active_storage_blobs"."id" = $1 LIMIT $2[0m  [["id", 37], ["LIMIT", 1]]
  ↳ app/views/api/users/index.json.jbuilder:4
  Rendered api/users/index.json.jbuilder (210.7ms)
Completed 200 OK in 222ms (Views: 195.5ms | ActiveRecord: 25.9ms)


Started GET "/rails/active_storage/blobs/eyJfcmFpbHMiOnsibWVzc2FnZSI6IkJBaHBDQT09IiwiZXhwIjpudWxsLCJwdXIiOiJibG9iX2lkIn19--cf4b6f8addbda2c7db15a9d5948209fda8fd4924/PHOTO-2019-01-20-09-13-22%204.jpg" for ::1 at 2022-02-17 14:11:28 -0800
Started GET "/rails/active_storage/blobs/eyJfcmFpbHMiOnsibWVzc2FnZSI6IkJBaHBEUT09IiwiZXhwIjpudWxsLCJwdXIiOiJibG9iX2lkIn19--0d37a171271ac28b17a738675804057d25f18719/default_user.jpg" for ::1 at 2022-02-17 14:11:28 -0800
Started GET "/rails/active_storage/blobs/eyJfcmFpbHMiOnsibWVzc2FnZSI6IkJBaHBDdz09IiwiZXhwIjpudWxsLCJwdXIiOiJibG9iX2lkIn19--0b605f942919ca81fd8da192a0d86d447baba588/default_user.jpg" for ::1 at 2022-02-17 14:11:28 -0800
Processing by ActiveStorage::BlobsController#show as JPEG
  Parameters: {"signed_id"=>"eyJfcmFpbHMiOnsibWVzc2FnZSI6IkJBaHBDQT09IiwiZXhwIjpudWxsLCJwdXIiOiJibG9iX2lkIn19--cf4b6f8addbda2c7db15a9d5948209fda8fd4924", "filename"=>"PHOTO-2019-01-20-09-13-22 4"}
Processing by ActiveStorage::BlobsController#show as JPEG
  Parameters: {"signed_id"=>"eyJfcmFpbHMiOnsibWVzc2FnZSI6IkJBaHBEUT09IiwiZXhwIjpudWxsLCJwdXIiOiJibG9iX2lkIn19--0d37a171271ac28b17a738675804057d25f18719", "filename"=>"default_user"}
Processing by ActiveStorage::BlobsController#show as JPEG
  Parameters: {"signed_id"=>"eyJfcmFpbHMiOnsibWVzc2FnZSI6IkJBaHBDdz09IiwiZXhwIjpudWxsLCJwdXIiOiJibG9iX2lkIn19--0b605f942919ca81fd8da192a0d86d447baba588", "filename"=>"default_user"}
  [1m[36mActiveStorage::Blob Load (4.4ms)[0m  [1m[34mSELECT  "active_storage_blobs".* FROM "active_storage_blobs" WHERE "active_storage_blobs"."id" = $1 LIMIT $2[0m  [["id", 3], ["LIMIT", 1]]
  ↳ /Users/Eyal/.rbenv/versions/2.5.1/lib/ruby/gems/2.5.0/gems/activerecord-5.2.4.2/lib/active_record/log_subscriber.rb:98
[36m  S3 Storage (6.0ms) [0m[34mGenerated URL for file at key: UerYxeppzqCv6oV1EgQh3crB (https://sofaboarding-dev.s3.us-west-1.amazonaws.com/UerYxeppzqCv6oV1EgQh3crB?response-content-disposition=inline%3B%20filename%3D%22PHOTO-2019-01-20-09-13-22%204.jpg%22%3B%20filename%2A%3DUTF-8%27%27PHOTO-2019-01-20-09-13-22%25204.jpg&response-content-type=image%2Fjpeg&X-Amz-Algorithm=AWS4-HMAC-SHA256&X-Amz-Credential=AKIATR56K5PO3QXEEEGI%2F20220217%2Fus-west-1%2Fs3%2Faws4_request&X-Amz-Date=20220217T221128Z&X-Amz-Expires=300&X-Amz-SignedHeaders=host&X-Amz-Signature=d5d23862b81f3a4ab735ca2a02880b927ababf7ec59fd2c125e7635ba526e9f5)[0m
Redirected to https://sofaboarding-dev.s3.us-west-1.amazonaws.com/UerYxeppzqCv6oV1EgQh3crB?response-content-disposition=inline%3B%20filename%3D%22PHOTO-2019-01-20-09-13-22%204.jpg%22%3B%20filename%2A%3DUTF-8%27%27PHOTO-2019-01-20-09-13-22%25204.jpg&response-content-type=image%2Fjpeg&X-Amz-Algorithm=AWS4-HMAC-SHA256&X-Amz-Credential=AKIATR56K5PO3QXEEEGI%2F20220217%2Fus-west-1%2Fs3%2Faws4_request&X-Amz-Date=20220217T221128Z&X-Amz-Expires=300&X-Amz-SignedHeaders=host&X-Amz-Signature=d5d23862b81f3a4ab735ca2a02880b927ababf7ec59fd2c125e7635ba526e9f5
Completed 302 Found in 20ms (ActiveRecord: 4.4ms)


  [1m[36mActiveStorage::Blob Load (7.8ms)[0m  [1m[34mSELECT  "active_storage_blobs".* FROM "active_storage_blobs" WHERE "active_storage_blobs"."id" = $1 LIMIT $2[0m  [["id", 8], ["LIMIT", 1]]
  ↳ /Users/Eyal/.rbenv/versions/2.5.1/lib/ruby/gems/2.5.0/gems/activerecord-5.2.4.2/lib/active_record/log_subscriber.rb:98
[36m  S3 Storage (3.0ms) [0m[34mGenerated URL for file at key: PLzAu6KD8x9odhELZ7TamRkg (https://sofaboarding-dev.s3.us-west-1.amazonaws.com/PLzAu6KD8x9odhELZ7TamRkg?response-content-disposition=inline%3B%20filename%3D%22default_user.jpg%22%3B%20filename%2A%3DUTF-8%27%27default_user.jpg&response-content-type=image%2Fjpeg&X-Amz-Algorithm=AWS4-HMAC-SHA256&X-Amz-Credential=AKIATR56K5PO3QXEEEGI%2F20220217%2Fus-west-1%2Fs3%2Faws4_request&X-Amz-Date=20220217T221128Z&X-Amz-Expires=300&X-Amz-SignedHeaders=host&X-Amz-Signature=2a0f118b3c70b2a6bb56454ebb9bbfd9a0cf9b27f452d46906646d64d3301eaa)[0m
Redirected to https://sofaboarding-dev.s3.us-west-1.amazonaws.com/PLzAu6KD8x9odhELZ7TamRkg?response-content-disposition=inline%3B%20filename%3D%22default_user.jpg%22%3B%20filename%2A%3DUTF-8%27%27default_user.jpg&response-content-type=image%2Fjpeg&X-Amz-Algorithm=AWS4-HMAC-SHA256&X-Amz-Credential=AKIATR56K5PO3QXEEEGI%2F20220217%2Fus-west-1%2Fs3%2Faws4_request&X-Amz-Date=20220217T221128Z&X-Amz-Expires=300&X-Amz-SignedHeaders=host&X-Amz-Signature=2a0f118b3c70b2a6bb56454ebb9bbfd9a0cf9b27f452d46906646d64d3301eaa
Completed 302 Found in 24ms (ActiveRecord: 11.3ms)


  [1m[36mActiveStorage::Blob Load (1.1ms)[0m  [1m[34mSELECT  "active_storage_blobs".* FROM "active_storage_blobs" WHERE "active_storage_blobs"."id" = $1 LIMIT $2[0m  [["id", 6], ["LIMIT", 1]]
  ↳ /Users/Eyal/.rbenv/versions/2.5.1/lib/ruby/gems/2.5.0/gems/activerecord-5.2.4.2/lib/active_record/log_subscriber.rb:98
[36m  S3 Storage (2.8ms) [0m[34mGenerated URL for file at key: Ecp8yKB2Nne87okfpvUbPDL7 (https://sofaboarding-dev.s3.us-west-1.amazonaws.com/Ecp8yKB2Nne87okfpvUbPDL7?response-content-disposition=inline%3B%20filename%3D%22default_user.jpg%22%3B%20filename%2A%3DUTF-8%27%27default_user.jpg&response-content-type=image%2Fjpeg&X-Amz-Algorithm=AWS4-HMAC-SHA256&X-Amz-Credential=AKIATR56K5PO3QXEEEGI%2F20220217%2Fus-west-1%2Fs3%2Faws4_request&X-Amz-Date=20220217T221128Z&X-Amz-Expires=300&X-Amz-SignedHeaders=host&X-Amz-Signature=0654ec1f387035c969764ef7e9a2388639ca950073c35337b5711e272dea287e)[0m
Redirected to https://sofaboarding-dev.s3.us-west-1.amazonaws.com/Ecp8yKB2Nne87okfpvUbPDL7?response-content-disposition=inline%3B%20filename%3D%22default_user.jpg%22%3B%20filename%2A%3DUTF-8%27%27default_user.jpg&response-content-type=image%2Fjpeg&X-Amz-Algorithm=AWS4-HMAC-SHA256&X-Amz-Credential=AKIATR56K5PO3QXEEEGI%2F20220217%2Fus-west-1%2Fs3%2Faws4_request&X-Amz-Date=20220217T221128Z&X-Amz-Expires=300&X-Amz-SignedHeaders=host&X-Amz-Signature=0654ec1f387035c969764ef7e9a2388639ca950073c35337b5711e272dea287e
Completed 302 Found in 31ms (ActiveRecord: 11.2ms)


